<?xml version="1.0" encoding="UTF-8" standalone="yes"?>
<testsuites name="list_dashboard" time="587" tests="0" failures="2" errors="0">
    <testsuite name="list_dashboard" tests="0" failures="2" errors="0" time="587" timestamp="2019-07-19 13:03:23" hostname="\uFFFD\u03E5\u03AA\uFFFD - DESKTOP-P450BIH" id="Test Suites/list_dashboard">
        <properties>
            <property name="deviceName" value=""/>
            <property name="devicePlatform" value=""/>
            <property name="logFolder" value="C:\\final_merge\\Reports\\list_dashboard\\20190719_130311"/>
            <property name="logFiles" value="C:\\final_merge\\Reports\\list_dashboard\\20190719_130311\\execution0.log"/>
            <property name="attachments" value="C:\\final_merge\\Reports\\list_dashboard\\20190719_130311\\1563512659503.png, C:\\final_merge\\Reports\\list_dashboard\\20190719_130311\\1563513095662.png, C:\\final_merge\\Reports\\list_dashboard\\20190719_130311\\1563513098005.png, C:\\final_merge\\Reports\\list_dashboard\\20190719_130311\\1563513099561.png, C:\\final_merge\\Reports\\list_dashboard\\20190719_130311\\1563513101146.png, C:\\final_merge\\Reports\\list_dashboard\\20190719_130311\\1563513102847.png, C:\\final_merge\\Reports\\list_dashboard\\20190719_130311\\1563513104525.png, C:\\final_merge\\Reports\\list_dashboard\\20190719_130311\\1563513106486.png, C:\\final_merge\\Reports\\list_dashboard\\20190719_130311\\1563513108030.png, C:\\final_merge\\Reports\\list_dashboard\\20190719_130311\\1563513109538.png, C:\\final_merge\\Reports\\list_dashboard\\20190719_130311\\1563513111379.png, C:\\final_merge\\Reports\\list_dashboard\\20190719_130311\\1563513113414.png, C:\\final_merge\\Reports\\list_dashboard\\20190719_130311\\1563513114986.png, C:\\final_merge\\Reports\\list_dashboard\\20190719_130311\\1563513116512.png, C:\\final_merge\\Reports\\list_dashboard\\20190719_130311\\1563513118168.png, C:\\final_merge\\Reports\\list_dashboard\\20190719_130311\\1563513119761.png, C:\\final_merge\\Reports\\list_dashboard\\20190719_130311\\1563513121311.png, C:\\final_merge\\Reports\\list_dashboard\\20190719_130311\\1563513122990.png, C:\\final_merge\\Reports\\list_dashboard\\20190719_130311\\1563513124684.png, C:\\final_merge\\Reports\\list_dashboard\\20190719_130311\\1563513126314.png, C:\\final_merge\\Reports\\list_dashboard\\20190719_130311\\1563513127955.png, C:\\final_merge\\Reports\\list_dashboard\\20190719_130311\\1563513129680.png, C:\\final_merge\\Reports\\list_dashboard\\20190719_130311\\1563513160399.png, C:\\final_merge\\Reports\\list_dashboard\\20190719_130311\\1563513190051.png"/>
            <property name="hostName" value="\uFFFD\u03E5\u03AA\uFFFD - DESKTOP-P450BIH"/>
            <property name="os" value="Windows 10 64bit"/>
            <property name="katalonVersion" value="6.2.1.2"/>
            <property name="browser" value="Chrome 75.0.3770.142"/>
            <property name="hostAddress" value="169.254.89.171"/>
            <property name="sessionId" value="c1ed5fc569c8f6888f364d67bccfc36d"/>
            <property name="seleniumVersion" value="3.141.59"/>
            <property name="proxyInformation" value="ProxyInformation{proxyOption=NO_PROXY, proxyServerType=HTTP, password=, proxyServerAddress=, proxyServerPort=0}"/>
            <property name="platform" value="Windows 10"/>
        </properties>
        <testcase name="Test Cases/ARMORConfiguration" classname="Test Cases/ARMORConfiguration" status="FAILED">
            <failure type="FAILED" message="Test Cases/ARMORConfiguration FAILED.&#xA;Reason:&#xA;com.kms.katalon.core.exception.StepFailedException: Unable to click on object 'Object Repository/ARMORConfiguration/Page_ARMOR/a_Configuration'&#xD;&#xA;&#x9;at com.kms.katalon.core.webui.keyword.internal.WebUIKeywordMain.stepFailed(WebUIKeywordMain.groovy:64)&#xD;&#xA;&#x9;at com.kms.katalon.core.webui.keyword.internal.WebUIKeywordMain.runKeyword(WebUIKeywordMain.groovy:26)&#xD;&#xA;&#x9;at com.kms.katalon.core.webui.keyword.builtin.ClickKeyword.click(ClickKeyword.groovy:86)&#xD;&#xA;&#x9;at com.kms.katalon.core.webui.keyword.builtin.ClickKeyword.execute(ClickKeyword.groovy:67)&#xD;&#xA;&#x9;at com.kms.katalon.core.keyword.internal.KeywordExecutor.executeKeywordForPlatform(KeywordExecutor.groovy:56)&#xD;&#xA;&#x9;at com.kms.katalon.core.webui.keyword.WebUiBuiltInKeywords.click(WebUiBuiltInKeywords.groovy:616)&#xD;&#xA;&#x9;at com.kms.katalon.core.webui.keyword.WebUiBuiltInKeywords$click$11.call(Unknown Source)&#xD;&#xA;&#x9;at ARMORConfiguration.smartWaitClickableAndClick(ARMORConfiguration:509)&#xD;&#xA;&#x9;at Script1562811792162$smartWaitClickableAndClick.callCurrent(Unknown Source)&#xD;&#xA;&#x9;at ARMORConfiguration.run(ARMORConfiguration:61)&#xD;&#xA;&#x9;at com.kms.katalon.core.main.ScriptEngine.run(ScriptEngine.java:194)&#xD;&#xA;&#x9;at com.kms.katalon.core.main.ScriptEngine.runScriptAsRawText(ScriptEngine.java:119)&#xD;&#xA;&#x9;at com.kms.katalon.core.main.TestCaseExecutor.runScript(TestCaseExecutor.java:337)&#xD;&#xA;&#x9;at com.kms.katalon.core.main.TestCaseExecutor.doExecute(TestCaseExecutor.java:328)&#xD;&#xA;&#x9;at com.kms.katalon.core.main.TestCaseExecutor.processExecutionPhase(TestCaseExecutor.java:307)&#xD;&#xA;&#x9;at com.kms.katalon.core.main.TestCaseExecutor.accessMainPhase(TestCaseExecutor.java:299)&#xD;&#xA;&#x9;at com.kms.katalon.core.main.TestCaseExecutor.execute(TestCaseExecutor.java:233)&#xD;&#xA;&#x9;at com.kms.katalon.core.main.TestSuiteExecutor.accessTestCaseMainPhase(TestSuiteExecutor.java:133)&#xD;&#xA;&#x9;at com.kms.katalon.core.main.TestSuiteExecutor.accessTestSuiteMainPhase(TestSuiteExecutor.java:116)&#xD;&#xA;&#x9;at com.kms.katalon.core.main.TestSuiteExecutor.execute(TestSuiteExecutor.java:83)&#xD;&#xA;&#x9;at com.kms.katalon.core.main.TestCaseMain.startTestSuite(TestCaseMain.java:157)&#xD;&#xA;&#x9;at com.kms.katalon.core.main.TestCaseMain$startTestSuite$0.call(Unknown Source)&#xD;&#xA;&#x9;at TempTestSuite1563512592090.run(TempTestSuite1563512592090.groovy:35)&#xD;&#xA;Caused by: org.openqa.selenium.ElementClickInterceptedException: element click intercepted: Element &lt;a class=&quot;dropdown-toggle&quot; data-toggle=&quot;dropdown&quot; href=&quot;#&quot; aria-expanded=&quot;false&quot;&gt;...&lt;/a&gt; is not clickable at point (1835, 27). Other element would receive the click: &lt;div class=&quot;modal-backdrop fade&quot;&gt;&lt;/div&gt;&#xA;  (Session info: chrome=75.0.3770.142)&#xA;  (Driver info: chromedriver=74.0.3729.6 (255758eccf3d244491b8a1317aa76e1ce10d57e9-refs/branch-heads/3729@{#29}),platform=Windows NT 10.0.17763 x86_64) (WARNING: The server did not provide any stacktrace information)&#xA;Command duration or timeout: 0 milliseconds&#xA;Build info: version: '3.141.59', revision: 'e82be7d358', time: '2018-11-14T08:25:53'&#xA;System info: host: 'DESKTOP-P450BIH', ip: '169.254.89.171', os.name: 'Windows 10', os.arch: 'amd64', os.version: '10.0', java.version: '1.8.0_181'&#xA;Driver info: com.kms.katalon.selenium.driver.CChromeDriver&#xA;Capabilities {acceptInsecureCerts: false, acceptSslCerts: false, applicationCacheEnabled: false, browserConnectionEnabled: false, browserName: chrome, chrome: {chromedriverVersion: 74.0.3729.6 (255758eccf3d24..., userDataDir: C:\Users\使用者\AppData\Local\...}, cssSelectorsEnabled: true, databaseEnabled: false, goog:chromeOptions: {debuggerAddress: localhost:63853}, handlesAlerts: true, hasTouchScreen: false, javascriptEnabled: true, locationContextEnabled: true, mobileEmulationEnabled: false, nativeEvents: true, networkConnectionEnabled: false, pageLoadStrategy: normal, platform: XP, platformName: XP, proxy: Proxy(), rotatable: false, setWindowRect: true, strictFileInteractability: false, takesHeapSnapshot: true, takesScreenshot: true, timeouts: {implicit: 0, pageLoad: 300000, script: 30000}, unexpectedAlertBehaviour: ignore, unhandledPromptBehavior: ignore, version: 75.0.3770.142, webStorageEnabled: true}&#xA;Session ID: 11382e8801d9907cf335309fa4162933&#xD;&#xA;&#x9;at org.openqa.selenium.remote.ErrorHandler.createThrowable(ErrorHandler.java:214)&#xD;&#xA;&#x9;at org.openqa.selenium.remote.ErrorHandler.throwIfResponseFailed(ErrorHandler.java:166)&#xD;&#xA;&#x9;at org.openqa.selenium.remote.http.JsonHttpResponseCodec.reconstructValue(JsonHttpResponseCodec.java:40)&#xD;&#xA;&#x9;at org.openqa.selenium.remote.http.AbstractHttpResponseCodec.decode(AbstractHttpResponseCodec.java:80)&#xD;&#xA;&#x9;at org.openqa.selenium.remote.http.AbstractHttpResponseCodec.decode(AbstractHttpResponseCodec.java:44)&#xD;&#xA;&#x9;at org.openqa.selenium.remote.HttpCommandExecutor.execute(HttpCommandExecutor.java:158)&#xD;&#xA;&#x9;at org.openqa.selenium.remote.service.DriverCommandExecutor.execute(DriverCommandExecutor.java:83)&#xD;&#xA;&#x9;at org.openqa.selenium.remote.RemoteWebDriver.execute(RemoteWebDriver.java:552)&#xD;&#xA;&#x9;at com.kms.katalon.selenium.driver.CChromeDriver.execute(CChromeDriver.java:20)&#xD;&#xA;&#x9;at org.openqa.selenium.remote.RemoteWebElement.execute(RemoteWebElement.java:285)&#xD;&#xA;&#x9;at org.openqa.selenium.remote.RemoteWebElement.click(RemoteWebElement.java:84)&#xD;&#xA;&#x9;at com.kms.katalon.core.webui.keyword.builtin.ClickKeyword$_click_closure1.doCall(ClickKeyword.groovy:79)&#xD;&#xA;&#x9;at com.kms.katalon.core.webui.keyword.builtin.ClickKeyword$_click_closure1.call(ClickKeyword.groovy)&#xD;&#xA;&#x9;at com.kms.katalon.core.webui.keyword.internal.WebUIKeywordMain.runKeyword(WebUIKeywordMain.groovy:20)&#xD;&#xA;&#x9;... 21 more&#xD;&#xA;"/>
            <system-out>2019-07-19 13:03:23 - [TEST_CASE][FAILED] - Test Cases/ARMORConfiguration: Test Cases/ARMORConfiguration FAILED.
Reason:
com.kms.katalon.core.exception.StepFailedException: Unable to click on object 'Object Repository/ARMORConfiguration/Page_ARMOR/a_Configuration'&#xD;
	at com.kms.katalon.core.webui.keyword.internal.WebUIKeywordMain.stepFailed(WebUIKeywordMain.groovy:64)&#xD;
	at com.kms.katalon.core.webui.keyword.internal.WebUIKeywordMain.runKeyword(WebUIKeywordMain.groovy:26)&#xD;
	at com.kms.katalon.core.webui.keyword.builtin.ClickKeyword.click(ClickKeyword.groovy:86)&#xD;
	at com.kms.katalon.core.webui.keyword.builtin.ClickKeyword.execute(ClickKeyword.groovy:67)&#xD;
	at com.kms.katalon.core.keyword.internal.KeywordExecutor.executeKeywordForPlatform(KeywordExecutor.groovy:56)&#xD;
	at com.kms.katalon.core.webui.keyword.WebUiBuiltInKeywords.click(WebUiBuiltInKeywords.groovy:616)&#xD;
	at com.kms.katalon.core.webui.keyword.WebUiBuiltInKeywords$click$11.call(Unknown Source)&#xD;
	at ARMORConfiguration.smartWaitClickableAndClick(ARMORConfiguration:509)&#xD;
	at Script1562811792162$smartWaitClickableAndClick.callCurrent(Unknown Source)&#xD;
	at ARMORConfiguration.run(ARMORConfiguration:61)&#xD;
	at com.kms.katalon.core.main.ScriptEngine.run(ScriptEngine.java:194)&#xD;
	at com.kms.katalon.core.main.ScriptEngine.runScriptAsRawText(ScriptEngine.java:119)&#xD;
	at com.kms.katalon.core.main.TestCaseExecutor.runScript(TestCaseExecutor.java:337)&#xD;
	at com.kms.katalon.core.main.TestCaseExecutor.doExecute(TestCaseExecutor.java:328)&#xD;
	at com.kms.katalon.core.main.TestCaseExecutor.processExecutionPhase(TestCaseExecutor.java:307)&#xD;
	at com.kms.katalon.core.main.TestCaseExecutor.accessMainPhase(TestCaseExecutor.java:299)&#xD;
	at com.kms.katalon.core.main.TestCaseExecutor.execute(TestCaseExecutor.java:233)&#xD;
	at com.kms.katalon.core.main.TestSuiteExecutor.accessTestCaseMainPhase(TestSuiteExecutor.java:133)&#xD;
	at com.kms.katalon.core.main.TestSuiteExecutor.accessTestSuiteMainPhase(TestSuiteExecutor.java:116)&#xD;
	at com.kms.katalon.core.main.TestSuiteExecutor.execute(TestSuiteExecutor.java:83)&#xD;
	at com.kms.katalon.core.main.TestCaseMain.startTestSuite(TestCaseMain.java:157)&#xD;
	at com.kms.katalon.core.main.TestCaseMain$startTestSuite$0.call(Unknown Source)&#xD;
	at TempTestSuite1563512592090.run(TempTestSuite1563512592090.groovy:35)&#xD;
Caused by: org.openqa.selenium.ElementClickInterceptedException: element click intercepted: Element &lt;a class="dropdown-toggle" data-toggle="dropdown" href="#" aria-expanded="false"&gt;...&lt;/a&gt; is not clickable at point (1835, 27). Other element would receive the click: &lt;div class="modal-backdrop fade"&gt;&lt;/div&gt;
  (Session info: chrome=75.0.3770.142)
  (Driver info: chromedriver=74.0.3729.6 (255758eccf3d244491b8a1317aa76e1ce10d57e9-refs/branch-heads/3729@{#29}),platform=Windows NT 10.0.17763 x86_64) (WARNING: The server did not provide any stacktrace information)
Command duration or timeout: 0 milliseconds
Build info: version: '3.141.59', revision: 'e82be7d358', time: '2018-11-14T08:25:53'
System info: host: 'DESKTOP-P450BIH', ip: '169.254.89.171', os.name: 'Windows 10', os.arch: 'amd64', os.version: '10.0', java.version: '1.8.0_181'
Driver info: com.kms.katalon.selenium.driver.CChromeDriver
Capabilities {acceptInsecureCerts: false, acceptSslCerts: false, applicationCacheEnabled: false, browserConnectionEnabled: false, browserName: chrome, chrome: {chromedriverVersion: 74.0.3729.6 (255758eccf3d24..., userDataDir: C:\Users\使用者\AppData\Local\...}, cssSelectorsEnabled: true, databaseEnabled: false, goog:chromeOptions: {debuggerAddress: localhost:63853}, handlesAlerts: true, hasTouchScreen: false, javascriptEnabled: true, locationContextEnabled: true, mobileEmulationEnabled: false, nativeEvents: true, networkConnectionEnabled: false, pageLoadStrategy: normal, platform: XP, platformName: XP, proxy: Proxy(), rotatable: false, setWindowRect: true, strictFileInteractability: false, takesHeapSnapshot: true, takesScreenshot: true, timeouts: {implicit: 0, pageLoad: 300000, script: 30000}, unexpectedAlertBehaviour: ignore, unhandledPromptBehavior: ignore, version: 75.0.3770.142, webStorageEnabled: true}
Session ID: 11382e8801d9907cf335309fa4162933&#xD;
	at org.openqa.selenium.remote.ErrorHandler.createThrowable(ErrorHandler.java:214)&#xD;
	at org.openqa.selenium.remote.ErrorHandler.throwIfResponseFailed(ErrorHandler.java:166)&#xD;
	at org.openqa.selenium.remote.http.JsonHttpResponseCodec.reconstructValue(JsonHttpResponseCodec.java:40)&#xD;
	at org.openqa.selenium.remote.http.AbstractHttpResponseCodec.decode(AbstractHttpResponseCodec.java:80)&#xD;
	at org.openqa.selenium.remote.http.AbstractHttpResponseCodec.decode(AbstractHttpResponseCodec.java:44)&#xD;
	at org.openqa.selenium.remote.HttpCommandExecutor.execute(HttpCommandExecutor.java:158)&#xD;
	at org.openqa.selenium.remote.service.DriverCommandExecutor.execute(DriverCommandExecutor.java:83)&#xD;
	at org.openqa.selenium.remote.RemoteWebDriver.execute(RemoteWebDriver.java:552)&#xD;
	at com.kms.katalon.selenium.driver.CChromeDriver.execute(CChromeDriver.java:20)&#xD;
	at org.openqa.selenium.remote.RemoteWebElement.execute(RemoteWebElement.java:285)&#xD;
	at org.openqa.selenium.remote.RemoteWebElement.click(RemoteWebElement.java:84)&#xD;
	at com.kms.katalon.core.webui.keyword.builtin.ClickKeyword$_click_closure1.doCall(ClickKeyword.groovy:79)&#xD;
	at com.kms.katalon.core.webui.keyword.builtin.ClickKeyword$_click_closure1.call(ClickKeyword.groovy)&#xD;
	at com.kms.katalon.core.webui.keyword.internal.WebUIKeywordMain.runKeyword(WebUIKeywordMain.groovy:20)&#xD;
	... 21 more&#xD;
&#xD;
&#xD;
2019-07-19 13:03:26 - [TEST_STEP][PASSED] - openBrowser(""): Browser is opened with url: ''&#xD;
&#xD;
2019-07-19 13:03:26 - [MESSAGE][INFO] - Starting 'Chrome' driver&#xD;
&#xD;
2019-07-19 13:03:26 - [MESSAGE][INFO] - Action delay is set to 0 seconds&#xD;
&#xD;
2019-07-19 13:03:38 - [MESSAGE][PASSED] - Browser is opened with url: ''&#xD;
&#xD;
2019-07-19 13:03:38 - [TEST_STEP][PASSED] - maximizeWindow(): Current window maximized&#xD;
&#xD;
2019-07-19 13:03:39 - [MESSAGE][PASSED] - Current window maximized&#xD;
&#xD;
2019-07-19 13:03:39 - [TEST_STEP][PASSED] - navigateToUrl("http://192.168.42.162/en-us/login/"): Navigate to 'http://192.168.42.162/en-us/login/' successfully&#xD;
&#xD;
2019-07-19 13:03:41 - [MESSAGE][PASSED] - Navigate to 'http://192.168.42.162/en-us/login/' successfully&#xD;
&#xD;
2019-07-19 13:03:41 - [TEST_STEP][PASSED] - setText(findTestObject("Object Repository/ARMORConfiguration/Page_ ARMOR/input_Login_username"), "admin"): Text 'admin' is set on object 'Object Repository/ARMORConfiguration/Page_ ARMOR/input_Login_username'&#xD;
&#xD;
2019-07-19 13:03:41 - [MESSAGE][PASSED] - Text 'admin' is set on object 'Object Repository/ARMORConfiguration/Page_ ARMOR/input_Login_username'&#xD;
&#xD;
2019-07-19 13:03:41 - [TEST_STEP][PASSED] - setEncryptedText(findTestObject("Object Repository/ARMORConfiguration/Page_ ARMOR/input_Login_password"), "8SQVv/p9jVScEs4/2CZsLw=="): Text ****** has been set on object 'Object Repository/ARMORConfiguration/Page_ ARMOR/input_Login_password'&#xD;
&#xD;
2019-07-19 13:03:42 - [MESSAGE][PASSED] - Text ****** has been set on object 'Object Repository/ARMORConfiguration/Page_ ARMOR/input_Login_password'&#xD;
&#xD;
2019-07-19 13:03:42 - [TEST_STEP][PASSED] - smartWaitClickableAndClick(findTestObject("Object Repository/ARMORConfiguration/Page_ ARMOR/button_Login"), 20): null&#xD;
&#xD;
2019-07-19 13:03:42 - [TEST_STEP][PASSED] - for ([j = 0, j &lt;= waitTime, (j++)]): null&#xD;
&#xD;
2019-07-19 13:03:42 - [TEST_STEP][PASSED] - if (!(verifyElementClickable(testObject, OPTIONAL) &amp;&amp; verifyElementVisible(testObject, OPTIONAL) &amp;&amp; verifyElementPresent(testObject, 5, OPTIONAL))): Object 'Object Repository/ARMORConfiguration/Page_ ARMOR/button_Login' is present&#xD;
&#xD;
2019-07-19 13:03:42 - [MESSAGE][PASSED] - Object 'Object Repository/ARMORConfiguration/Page_ ARMOR/button_Login' is clickable&#xD;
&#xD;
2019-07-19 13:03:42 - [MESSAGE][PASSED] - Object 'Object Repository/ARMORConfiguration/Page_ ARMOR/button_Login' is visible&#xD;
&#xD;
2019-07-19 13:03:42 - [MESSAGE][PASSED] - Object 'Object Repository/ARMORConfiguration/Page_ ARMOR/button_Login' is present&#xD;
&#xD;
2019-07-19 13:03:42 - [TEST_STEP][PASSED] - else: null&#xD;
&#xD;
2019-07-19 13:03:42 - [TEST_STEP][PASSED] - comment(testObject.toString() + " is ready"): TestObject - 'Object Repository/ARMORConfiguration/Page_ ARMOR/button_Login' is ready&#xD;
&#xD;
2019-07-19 13:03:42 - [MESSAGE][INFO] - TestObject - 'Object Repository/ARMORConfiguration/Page_ ARMOR/button_Login' is ready&#xD;
&#xD;
2019-07-19 13:03:42 - [TEST_STEP][PASSED] - waitForElementPresent(testObject, 20): Object 'Object Repository/ARMORConfiguration/Page_ ARMOR/button_Login' is present&#xD;
&#xD;
2019-07-19 13:03:42 - [MESSAGE][PASSED] - Object 'Object Repository/ARMORConfiguration/Page_ ARMOR/button_Login' is present&#xD;
&#xD;
2019-07-19 13:03:42 - [TEST_STEP][PASSED] - waitForElementVisible(testObject, 20): Object 'Object Repository/ARMORConfiguration/Page_ ARMOR/button_Login' is visible&#xD;
&#xD;
2019-07-19 13:03:42 - [MESSAGE][PASSED] - Object 'Object Repository/ARMORConfiguration/Page_ ARMOR/button_Login' is visible&#xD;
&#xD;
2019-07-19 13:03:42 - [TEST_STEP][PASSED] - waitForElementClickable(testObject, 20): Object 'Object Repository/ARMORConfiguration/Page_ ARMOR/button_Login' is clickable&#xD;
&#xD;
2019-07-19 13:03:42 - [MESSAGE][PASSED] - Object 'Object Repository/ARMORConfiguration/Page_ ARMOR/button_Login' is clickable&#xD;
&#xD;
2019-07-19 13:03:42 - [TEST_STEP][PASSED] - waitForJQueryLoad(10, OPTIONAL): jQuery is ready.&#xD;
&#xD;
2019-07-19 13:03:42 - [MESSAGE][PASSED] - jQuery is ready.&#xD;
&#xD;
2019-07-19 13:03:42 - [TEST_STEP][PASSED] - click(testObject): Object: 'Object Repository/ARMORConfiguration/Page_ ARMOR/button_Login' is clicked on&#xD;
&#xD;
2019-07-19 13:03:56 - [MESSAGE][PASSED] - Object: 'Object Repository/ARMORConfiguration/Page_ ARMOR/button_Login' is clicked on&#xD;
&#xD;
2019-07-19 13:03:56 - [TEST_STEP][PASSED] - break: null&#xD;
&#xD;
2019-07-19 13:03:56 - [TEST_STEP][PASSED] - smartWaitClickableAndClick(findTestObject("Object Repository/ARMORConfiguration/Page_ARMOR/a_Configuration"), 20): null&#xD;
&#xD;
2019-07-19 13:03:56 - [TEST_STEP][PASSED] - for ([j = 0, j &lt;= waitTime, (j++)]): null&#xD;
&#xD;
2019-07-19 13:03:56 - [TEST_STEP][PASSED] - if (!(verifyElementClickable(testObject, OPTIONAL) &amp;&amp; verifyElementVisible(testObject, OPTIONAL) &amp;&amp; verifyElementPresent(testObject, 5, OPTIONAL))): Object 'Object Repository/ARMORConfiguration/Page_ARMOR/a_Configuration' is present&#xD;
&#xD;
2019-07-19 13:03:56 - [MESSAGE][PASSED] - Object 'Object Repository/ARMORConfiguration/Page_ARMOR/a_Configuration' is clickable&#xD;
&#xD;
2019-07-19 13:03:56 - [MESSAGE][PASSED] - Object 'Object Repository/ARMORConfiguration/Page_ARMOR/a_Configuration' is visible&#xD;
&#xD;
2019-07-19 13:03:56 - [MESSAGE][PASSED] - Object 'Object Repository/ARMORConfiguration/Page_ARMOR/a_Configuration' is present&#xD;
&#xD;
2019-07-19 13:03:56 - [TEST_STEP][PASSED] - else: null&#xD;
&#xD;
2019-07-19 13:03:56 - [TEST_STEP][PASSED] - comment(testObject.toString() + " is ready"): TestObject - 'Object Repository/ARMORConfiguration/Page_ARMOR/a_Configuration' is ready&#xD;
&#xD;
2019-07-19 13:03:56 - [MESSAGE][INFO] - TestObject - 'Object Repository/ARMORConfiguration/Page_ARMOR/a_Configuration' is ready&#xD;
&#xD;
2019-07-19 13:03:56 - [TEST_STEP][PASSED] - waitForElementPresent(testObject, 20): Object 'Object Repository/ARMORConfiguration/Page_ARMOR/a_Configuration' is present&#xD;
&#xD;
2019-07-19 13:03:56 - [MESSAGE][PASSED] - Object 'Object Repository/ARMORConfiguration/Page_ARMOR/a_Configuration' is present&#xD;
&#xD;
2019-07-19 13:03:56 - [TEST_STEP][PASSED] - waitForElementVisible(testObject, 20): Object 'Object Repository/ARMORConfiguration/Page_ARMOR/a_Configuration' is visible&#xD;
&#xD;
2019-07-19 13:03:56 - [MESSAGE][PASSED] - Object 'Object Repository/ARMORConfiguration/Page_ARMOR/a_Configuration' is visible&#xD;
&#xD;
2019-07-19 13:03:56 - [TEST_STEP][PASSED] - waitForElementClickable(testObject, 20): Object 'Object Repository/ARMORConfiguration/Page_ARMOR/a_Configuration' is clickable&#xD;
&#xD;
2019-07-19 13:03:56 - [MESSAGE][PASSED] - Object 'Object Repository/ARMORConfiguration/Page_ARMOR/a_Configuration' is clickable&#xD;
&#xD;
2019-07-19 13:03:56 - [TEST_STEP][PASSED] - waitForJQueryLoad(10, OPTIONAL): jQuery is ready.&#xD;
&#xD;
2019-07-19 13:03:57 - [MESSAGE][PASSED] - jQuery is ready.&#xD;
&#xD;
2019-07-19 13:03:57 - [TEST_STEP][PASSED] - click(testObject): Object: 'Object Repository/ARMORConfiguration/Page_ARMOR/a_Configuration' is clicked on&#xD;
&#xD;
2019-07-19 13:03:57 - [MESSAGE][PASSED] - Object: 'Object Repository/ARMORConfiguration/Page_ARMOR/a_Configuration' is clicked on&#xD;
&#xD;
2019-07-19 13:03:57 - [TEST_STEP][PASSED] - break: null&#xD;
&#xD;
2019-07-19 13:03:57 - [TEST_STEP][PASSED] - smartWaitClickableAndClick(findTestObject("Object Repository/ARMORConfiguration/Page_ARMOR/a_Host Server Configurations"), 20): null&#xD;
&#xD;
2019-07-19 13:03:57 - [TEST_STEP][PASSED] - for ([j = 0, j &lt;= waitTime, (j++)]): null&#xD;
&#xD;
2019-07-19 13:03:57 - [TEST_STEP][PASSED] - if (!(verifyElementClickable(testObject, OPTIONAL) &amp;&amp; verifyElementVisible(testObject, OPTIONAL) &amp;&amp; verifyElementPresent(testObject, 5, OPTIONAL))): Object 'Object Repository/ARMORConfiguration/Page_ARMOR/a_Host Server Configurations' is present&#xD;
&#xD;
2019-07-19 13:03:57 - [MESSAGE][PASSED] - Object 'Object Repository/ARMORConfiguration/Page_ARMOR/a_Host Server Configurations' is clickable&#xD;
&#xD;
2019-07-19 13:03:57 - [MESSAGE][PASSED] - Object 'Object Repository/ARMORConfiguration/Page_ARMOR/a_Host Server Configurations' is visible&#xD;
&#xD;
2019-07-19 13:03:57 - [MESSAGE][PASSED] - Object 'Object Repository/ARMORConfiguration/Page_ARMOR/a_Host Server Configurations' is present&#xD;
&#xD;
2019-07-19 13:03:57 - [TEST_STEP][PASSED] - else: null&#xD;
&#xD;
2019-07-19 13:03:57 - [TEST_STEP][PASSED] - comment(testObject.toString() + " is ready"): TestObject - 'Object Repository/ARMORConfiguration/Page_ARMOR/a_Host Server Configurations' is ready&#xD;
&#xD;
2019-07-19 13:03:57 - [MESSAGE][INFO] - TestObject - 'Object Repository/ARMORConfiguration/Page_ARMOR/a_Host Server Configurations' is ready&#xD;
&#xD;
2019-07-19 13:03:57 - [TEST_STEP][PASSED] - waitForElementPresent(testObject, 20): Object 'Object Repository/ARMORConfiguration/Page_ARMOR/a_Host Server Configurations' is present&#xD;
&#xD;
2019-07-19 13:03:57 - [MESSAGE][PASSED] - Object 'Object Repository/ARMORConfiguration/Page_ARMOR/a_Host Server Configurations' is present&#xD;
&#xD;
2019-07-19 13:03:57 - [TEST_STEP][PASSED] - waitForElementVisible(testObject, 20): Object 'Object Repository/ARMORConfiguration/Page_ARMOR/a_Host Server Configurations' is visible&#xD;
&#xD;
2019-07-19 13:03:57 - [MESSAGE][PASSED] - Object 'Object Repository/ARMORConfiguration/Page_ARMOR/a_Host Server Configurations' is visible&#xD;
&#xD;
2019-07-19 13:03:57 - [TEST_STEP][PASSED] - waitForElementClickable(testObject, 20): Object 'Object Repository/ARMORConfiguration/Page_ARMOR/a_Host Server Configurations' is clickable&#xD;
&#xD;
2019-07-19 13:03:57 - [MESSAGE][PASSED] - Object 'Object Repository/ARMORConfiguration/Page_ARMOR/a_Host Server Configurations' is clickable&#xD;
&#xD;
2019-07-19 13:03:57 - [TEST_STEP][PASSED] - waitForJQueryLoad(10, OPTIONAL): jQuery is ready.&#xD;
&#xD;
2019-07-19 13:03:57 - [MESSAGE][PASSED] - jQuery is ready.&#xD;
&#xD;
2019-07-19 13:03:57 - [TEST_STEP][PASSED] - click(testObject): Object: 'Object Repository/ARMORConfiguration/Page_ARMOR/a_Host Server Configurations' is clicked on&#xD;
&#xD;
2019-07-19 13:03:57 - [MESSAGE][PASSED] - Object: 'Object Repository/ARMORConfiguration/Page_ARMOR/a_Host Server Configurations' is clicked on&#xD;
&#xD;
2019-07-19 13:03:57 - [TEST_STEP][PASSED] - break: null&#xD;
&#xD;
2019-07-19 13:03:57 - [TEST_STEP][PASSED] - waitForJQueryLoad(20): jQuery is ready.&#xD;
&#xD;
2019-07-19 13:03:57 - [MESSAGE][PASSED] - jQuery is ready.&#xD;
&#xD;
2019-07-19 13:03:57 - [TEST_STEP][PASSED] - delay(1): Delayed 1 second(s)&#xD;
&#xD;
2019-07-19 13:03:58 - [MESSAGE][PASSED] - Delayed 1 second(s)&#xD;
&#xD;
2019-07-19 13:03:58 - [TEST_STEP][PASSED] - setText(findTestObject("Object Repository/ARMORConfiguration/Page_ARMOR/input_Hostname_hostname"), "armor-computex1"): Text 'armor-computex1' is set on object 'Object Repository/ARMORConfiguration/Page_ARMOR/input_Hostname_hostname'&#xD;
&#xD;
2019-07-19 13:03:59 - [MESSAGE][PASSED] - Text 'armor-computex1' is set on object 'Object Repository/ARMORConfiguration/Page_ARMOR/input_Hostname_hostname'&#xD;
&#xD;
2019-07-19 13:03:59 - [TEST_STEP][PASSED] - smartWaitClickableAndClick(findTestObject("Object Repository/ARMORConfiguration/Page_ARMOR/a_Upload Logo"), 20): null&#xD;
&#xD;
2019-07-19 13:03:59 - [TEST_STEP][PASSED] - for ([j = 0, j &lt;= waitTime, (j++)]): null&#xD;
&#xD;
2019-07-19 13:03:59 - [TEST_STEP][PASSED] - if (!(verifyElementClickable(testObject, OPTIONAL) &amp;&amp; verifyElementVisible(testObject, OPTIONAL) &amp;&amp; verifyElementPresent(testObject, 5, OPTIONAL))): Object 'Object Repository/ARMORConfiguration/Page_ARMOR/a_Upload Logo' is present&#xD;
&#xD;
2019-07-19 13:03:59 - [MESSAGE][PASSED] - Object 'Object Repository/ARMORConfiguration/Page_ARMOR/a_Upload Logo' is clickable&#xD;
&#xD;
2019-07-19 13:03:59 - [MESSAGE][PASSED] - Object 'Object Repository/ARMORConfiguration/Page_ARMOR/a_Upload Logo' is visible&#xD;
&#xD;
2019-07-19 13:03:59 - [MESSAGE][PASSED] - Object 'Object Repository/ARMORConfiguration/Page_ARMOR/a_Upload Logo' is present&#xD;
&#xD;
2019-07-19 13:03:59 - [TEST_STEP][PASSED] - else: null&#xD;
&#xD;
2019-07-19 13:03:59 - [TEST_STEP][PASSED] - comment(testObject.toString() + " is ready"): TestObject - 'Object Repository/ARMORConfiguration/Page_ARMOR/a_Upload Logo' is ready&#xD;
&#xD;
2019-07-19 13:03:59 - [MESSAGE][INFO] - TestObject - 'Object Repository/ARMORConfiguration/Page_ARMOR/a_Upload Logo' is ready&#xD;
&#xD;
2019-07-19 13:03:59 - [TEST_STEP][PASSED] - waitForElementPresent(testObject, 20): Object 'Object Repository/ARMORConfiguration/Page_ARMOR/a_Upload Logo' is present&#xD;
&#xD;
2019-07-19 13:03:59 - [MESSAGE][PASSED] - Object 'Object Repository/ARMORConfiguration/Page_ARMOR/a_Upload Logo' is present&#xD;
&#xD;
2019-07-19 13:03:59 - [TEST_STEP][PASSED] - waitForElementVisible(testObject, 20): Object 'Object Repository/ARMORConfiguration/Page_ARMOR/a_Upload Logo' is visible&#xD;
&#xD;
2019-07-19 13:03:59 - [MESSAGE][PASSED] - Object 'Object Repository/ARMORConfiguration/Page_ARMOR/a_Upload Logo' is visible&#xD;
&#xD;
2019-07-19 13:03:59 - [TEST_STEP][PASSED] - waitForElementClickable(testObject, 20): Object 'Object Repository/ARMORConfiguration/Page_ARMOR/a_Upload Logo' is clickable&#xD;
&#xD;
2019-07-19 13:03:59 - [MESSAGE][PASSED] - Object 'Object Repository/ARMORConfiguration/Page_ARMOR/a_Upload Logo' is clickable&#xD;
&#xD;
2019-07-19 13:03:59 - [TEST_STEP][PASSED] - waitForJQueryLoad(10, OPTIONAL): jQuery is ready.&#xD;
&#xD;
2019-07-19 13:03:59 - [MESSAGE][PASSED] - jQuery is ready.&#xD;
&#xD;
2019-07-19 13:03:59 - [TEST_STEP][PASSED] - click(testObject): Object: 'Object Repository/ARMORConfiguration/Page_ARMOR/a_Upload Logo' is clicked on&#xD;
&#xD;
2019-07-19 13:03:59 - [MESSAGE][PASSED] - Object: 'Object Repository/ARMORConfiguration/Page_ARMOR/a_Upload Logo' is clicked on&#xD;
&#xD;
2019-07-19 13:03:59 - [TEST_STEP][PASSED] - break: null&#xD;
&#xD;
2019-07-19 13:03:59 - [TEST_STEP][PASSED] - waitForJQueryLoad(20): jQuery is ready.&#xD;
&#xD;
2019-07-19 13:03:59 - [MESSAGE][PASSED] - jQuery is ready.&#xD;
&#xD;
2019-07-19 13:03:59 - [TEST_STEP][PASSED] - delay(1): Delayed 1 second(s)&#xD;
&#xD;
2019-07-19 13:04:00 - [MESSAGE][PASSED] - Delayed 1 second(s)&#xD;
&#xD;
2019-07-19 13:04:00 - [TEST_STEP][PASSED] - sendKeys(findTestObject("Object Repository/ARMORConfiguration/HostServer/input_Browse _uploadfp"), "C:\myWork\logo\test.png"): Keys 'C:\myWork\logo\test.png' sent to object: 'Object Repository/ARMORConfiguration/HostServer/input_Browse _uploadfp'&#xD;
&#xD;
2019-07-19 13:04:01 - [MESSAGE][PASSED] - Keys 'C:\myWork\logo\test.png' sent to object: 'Object Repository/ARMORConfiguration/HostServer/input_Browse _uploadfp'&#xD;
&#xD;
2019-07-19 13:04:01 - [TEST_STEP][PASSED] - smartWaitClickableAndClick(findTestObject("Object Repository/ARMORConfiguration/Page_ARMOR/a_Upload"), 20): null&#xD;
&#xD;
2019-07-19 13:04:01 - [TEST_STEP][PASSED] - for ([j = 0, j &lt;= waitTime, (j++)]): null&#xD;
&#xD;
2019-07-19 13:04:01 - [TEST_STEP][PASSED] - if (!(verifyElementClickable(testObject, OPTIONAL) &amp;&amp; verifyElementVisible(testObject, OPTIONAL) &amp;&amp; verifyElementPresent(testObject, 5, OPTIONAL))): Object 'Object Repository/ARMORConfiguration/Page_ARMOR/a_Upload' is present&#xD;
&#xD;
2019-07-19 13:04:01 - [MESSAGE][PASSED] - Object 'Object Repository/ARMORConfiguration/Page_ARMOR/a_Upload' is clickable&#xD;
&#xD;
2019-07-19 13:04:01 - [MESSAGE][PASSED] - Object 'Object Repository/ARMORConfiguration/Page_ARMOR/a_Upload' is visible&#xD;
&#xD;
2019-07-19 13:04:01 - [MESSAGE][PASSED] - Object 'Object Repository/ARMORConfiguration/Page_ARMOR/a_Upload' is present&#xD;
&#xD;
2019-07-19 13:04:01 - [TEST_STEP][PASSED] - else: null&#xD;
&#xD;
2019-07-19 13:04:01 - [TEST_STEP][PASSED] - comment(testObject.toString() + " is ready"): TestObject - 'Object Repository/ARMORConfiguration/Page_ARMOR/a_Upload' is ready&#xD;
&#xD;
2019-07-19 13:04:01 - [MESSAGE][INFO] - TestObject - 'Object Repository/ARMORConfiguration/Page_ARMOR/a_Upload' is ready&#xD;
&#xD;
2019-07-19 13:04:01 - [TEST_STEP][PASSED] - waitForElementPresent(testObject, 20): Object 'Object Repository/ARMORConfiguration/Page_ARMOR/a_Upload' is present&#xD;
&#xD;
2019-07-19 13:04:01 - [MESSAGE][PASSED] - Object 'Object Repository/ARMORConfiguration/Page_ARMOR/a_Upload' is present&#xD;
&#xD;
2019-07-19 13:04:01 - [TEST_STEP][PASSED] - waitForElementVisible(testObject, 20): Object 'Object Repository/ARMORConfiguration/Page_ARMOR/a_Upload' is visible&#xD;
&#xD;
2019-07-19 13:04:01 - [MESSAGE][PASSED] - Object 'Object Repository/ARMORConfiguration/Page_ARMOR/a_Upload' is visible&#xD;
&#xD;
2019-07-19 13:04:01 - [TEST_STEP][PASSED] - waitForElementClickable(testObject, 20): Object 'Object Repository/ARMORConfiguration/Page_ARMOR/a_Upload' is clickable&#xD;
&#xD;
2019-07-19 13:04:02 - [MESSAGE][PASSED] - Object 'Object Repository/ARMORConfiguration/Page_ARMOR/a_Upload' is clickable&#xD;
&#xD;
2019-07-19 13:04:02 - [TEST_STEP][PASSED] - waitForJQueryLoad(10, OPTIONAL): jQuery is ready.&#xD;
&#xD;
2019-07-19 13:04:02 - [MESSAGE][PASSED] - jQuery is ready.&#xD;
&#xD;
2019-07-19 13:04:02 - [TEST_STEP][PASSED] - click(testObject): Object: 'Object Repository/ARMORConfiguration/Page_ARMOR/a_Upload' is clicked on&#xD;
&#xD;
2019-07-19 13:04:02 - [MESSAGE][PASSED] - Object: 'Object Repository/ARMORConfiguration/Page_ARMOR/a_Upload' is clicked on&#xD;
&#xD;
2019-07-19 13:04:02 - [TEST_STEP][PASSED] - break: null&#xD;
&#xD;
2019-07-19 13:04:02 - [TEST_STEP][PASSED] - delay(3): Delayed 3 second(s)&#xD;
&#xD;
2019-07-19 13:04:05 - [MESSAGE][PASSED] - Delayed 3 second(s)&#xD;
&#xD;
2019-07-19 13:04:05 - [TEST_STEP][PASSED] - smartWaitClickableAndClick(findTestObject("Object Repository/ARMORConfiguration/Page_ARMOR/button_Close"), 20): null&#xD;
&#xD;
2019-07-19 13:04:05 - [TEST_STEP][PASSED] - for ([j = 0, j &lt;= waitTime, (j++)]): null&#xD;
&#xD;
2019-07-19 13:04:05 - [TEST_STEP][PASSED] - if (!(verifyElementClickable(testObject, OPTIONAL) &amp;&amp; verifyElementVisible(testObject, OPTIONAL) &amp;&amp; verifyElementPresent(testObject, 5, OPTIONAL))): Object 'Object Repository/ARMORConfiguration/Page_ARMOR/button_Close' is present&#xD;
&#xD;
2019-07-19 13:04:05 - [MESSAGE][PASSED] - Object 'Object Repository/ARMORConfiguration/Page_ARMOR/button_Close' is clickable&#xD;
&#xD;
2019-07-19 13:04:06 - [MESSAGE][PASSED] - Object 'Object Repository/ARMORConfiguration/Page_ARMOR/button_Close' is visible&#xD;
&#xD;
2019-07-19 13:04:06 - [MESSAGE][PASSED] - Object 'Object Repository/ARMORConfiguration/Page_ARMOR/button_Close' is present&#xD;
&#xD;
2019-07-19 13:04:06 - [TEST_STEP][PASSED] - else: null&#xD;
&#xD;
2019-07-19 13:04:06 - [TEST_STEP][PASSED] - comment(testObject.toString() + " is ready"): TestObject - 'Object Repository/ARMORConfiguration/Page_ARMOR/button_Close' is ready&#xD;
&#xD;
2019-07-19 13:04:06 - [MESSAGE][INFO] - TestObject - 'Object Repository/ARMORConfiguration/Page_ARMOR/button_Close' is ready&#xD;
&#xD;
2019-07-19 13:04:06 - [TEST_STEP][PASSED] - waitForElementPresent(testObject, 20): Object 'Object Repository/ARMORConfiguration/Page_ARMOR/button_Close' is present&#xD;
&#xD;
2019-07-19 13:04:06 - [MESSAGE][PASSED] - Object 'Object Repository/ARMORConfiguration/Page_ARMOR/button_Close' is present&#xD;
&#xD;
2019-07-19 13:04:06 - [TEST_STEP][PASSED] - waitForElementVisible(testObject, 20): Object 'Object Repository/ARMORConfiguration/Page_ARMOR/button_Close' is visible&#xD;
&#xD;
2019-07-19 13:04:07 - [MESSAGE][PASSED] - Object 'Object Repository/ARMORConfiguration/Page_ARMOR/button_Close' is visible&#xD;
&#xD;
2019-07-19 13:04:07 - [TEST_STEP][PASSED] - waitForElementClickable(testObject, 20): Object 'Object Repository/ARMORConfiguration/Page_ARMOR/button_Close' is clickable&#xD;
&#xD;
2019-07-19 13:04:07 - [MESSAGE][PASSED] - Object 'Object Repository/ARMORConfiguration/Page_ARMOR/button_Close' is clickable&#xD;
&#xD;
2019-07-19 13:04:07 - [TEST_STEP][PASSED] - waitForJQueryLoad(10, OPTIONAL): jQuery is ready.&#xD;
&#xD;
2019-07-19 13:04:07 - [MESSAGE][PASSED] - jQuery is ready.&#xD;
&#xD;
2019-07-19 13:04:07 - [TEST_STEP][PASSED] - click(testObject): Object: 'Object Repository/ARMORConfiguration/Page_ARMOR/button_Close' is clicked on&#xD;
&#xD;
2019-07-19 13:04:13 - [MESSAGE][PASSED] - Object: 'Object Repository/ARMORConfiguration/Page_ARMOR/button_Close' is clicked on&#xD;
&#xD;
2019-07-19 13:04:13 - [TEST_STEP][PASSED] - break: null&#xD;
&#xD;
2019-07-19 13:04:13 - [TEST_STEP][PASSED] - smartWaitClickableAndClick(findTestObject("Object Repository/ARMORConfiguration/HostServer/close"), 20): null&#xD;
&#xD;
2019-07-19 13:04:13 - [TEST_STEP][PASSED] - for ([j = 0, j &lt;= waitTime, (j++)]): null&#xD;
&#xD;
2019-07-19 13:04:13 - [TEST_STEP][PASSED] - if (!(verifyElementClickable(testObject, OPTIONAL) &amp;&amp; verifyElementVisible(testObject, OPTIONAL) &amp;&amp; verifyElementPresent(testObject, 5, OPTIONAL))): Object 'Object Repository/ARMORConfiguration/HostServer/close' is present&#xD;
&#xD;
2019-07-19 13:04:13 - [MESSAGE][PASSED] - Object 'Object Repository/ARMORConfiguration/HostServer/close' is clickable&#xD;
&#xD;
2019-07-19 13:04:13 - [MESSAGE][PASSED] - Object 'Object Repository/ARMORConfiguration/HostServer/close' is visible&#xD;
&#xD;
2019-07-19 13:04:13 - [MESSAGE][PASSED] - Object 'Object Repository/ARMORConfiguration/HostServer/close' is present&#xD;
&#xD;
2019-07-19 13:04:13 - [TEST_STEP][PASSED] - else: null&#xD;
&#xD;
2019-07-19 13:04:13 - [TEST_STEP][PASSED] - comment(testObject.toString() + " is ready"): TestObject - 'Object Repository/ARMORConfiguration/HostServer/close' is ready&#xD;
&#xD;
2019-07-19 13:04:13 - [MESSAGE][INFO] - TestObject - 'Object Repository/ARMORConfiguration/HostServer/close' is ready&#xD;
&#xD;
2019-07-19 13:04:13 - [TEST_STEP][PASSED] - waitForElementPresent(testObject, 20): Object 'Object Repository/ARMORConfiguration/HostServer/close' is present&#xD;
&#xD;
2019-07-19 13:04:13 - [MESSAGE][PASSED] - Object 'Object Repository/ARMORConfiguration/HostServer/close' is present&#xD;
&#xD;
2019-07-19 13:04:13 - [TEST_STEP][PASSED] - waitForElementVisible(testObject, 20): Object 'Object Repository/ARMORConfiguration/HostServer/close' is visible&#xD;
&#xD;
2019-07-19 13:04:13 - [MESSAGE][PASSED] - Object 'Object Repository/ARMORConfiguration/HostServer/close' is visible&#xD;
&#xD;
2019-07-19 13:04:13 - [TEST_STEP][PASSED] - waitForElementClickable(testObject, 20): Object 'Object Repository/ARMORConfiguration/HostServer/close' is clickable&#xD;
&#xD;
2019-07-19 13:04:13 - [MESSAGE][PASSED] - Object 'Object Repository/ARMORConfiguration/HostServer/close' is clickable&#xD;
&#xD;
2019-07-19 13:04:13 - [TEST_STEP][PASSED] - waitForJQueryLoad(10, OPTIONAL): jQuery is ready.&#xD;
&#xD;
2019-07-19 13:04:14 - [MESSAGE][PASSED] - jQuery is ready.&#xD;
&#xD;
2019-07-19 13:04:14 - [TEST_STEP][PASSED] - click(testObject): Object: 'Object Repository/ARMORConfiguration/HostServer/close' is clicked on&#xD;
&#xD;
2019-07-19 13:04:18 - [MESSAGE][PASSED] - Object: 'Object Repository/ARMORConfiguration/HostServer/close' is clicked on&#xD;
&#xD;
2019-07-19 13:04:18 - [TEST_STEP][PASSED] - break: null&#xD;
&#xD;
2019-07-19 13:04:18 - [TEST_STEP][PASSED] - smartWaitClickableAndClick(findTestObject("Object Repository/ARMORConfiguration/Page_ARMOR/a_Configuration"), 20): null&#xD;
&#xD;
2019-07-19 13:04:18 - [TEST_STEP][FAILED] - for ([j = 0, j &lt;= waitTime, (j++)]): Unable to click on object 'Object Repository/ARMORConfiguration/Page_ARMOR/a_Configuration' (Root cause: com.kms.katalon.core.exception.StepFailedException: Unable to click on object 'Object Repository/ARMORConfiguration/Page_ARMOR/a_Configuration'&#xD;
	at com.kms.katalon.core.webui.keyword.internal.WebUIKeywordMain.stepFailed(WebUIKeywordMain.groovy:64)&#xD;
	at com.kms.katalon.core.webui.keyword.internal.WebUIKeywordMain.runKeyword(WebUIKeywordMain.groovy:26)&#xD;
	at com.kms.katalon.core.webui.keyword.builtin.ClickKeyword.click(ClickKeyword.groovy:86)&#xD;
	at com.kms.katalon.core.webui.keyword.builtin.ClickKeyword.execute(ClickKeyword.groovy:67)&#xD;
	at com.kms.katalon.core.keyword.internal.KeywordExecutor.executeKeywordForPlatform(KeywordExecutor.groovy:56)&#xD;
	at com.kms.katalon.core.webui.keyword.WebUiBuiltInKeywords.click(WebUiBuiltInKeywords.groovy:616)&#xD;
	at com.kms.katalon.core.webui.keyword.WebUiBuiltInKeywords$click$11.call(Unknown Source)&#xD;
	at ARMORConfiguration.smartWaitClickableAndClick(ARMORConfiguration:509)&#xD;
	at Script1562811792162$smartWaitClickableAndClick.callCurrent(Unknown Source)&#xD;
	at ARMORConfiguration.run(ARMORConfiguration:61)&#xD;
	at com.kms.katalon.core.main.ScriptEngine.run(ScriptEngine.java:194)&#xD;
	at com.kms.katalon.core.main.ScriptEngine.runScriptAsRawText(ScriptEngine.java:119)&#xD;
	at com.kms.katalon.core.main.TestCaseExecutor.runScript(TestCaseExecutor.java:337)&#xD;
	at com.kms.katalon.core.main.TestCaseExecutor.doExecute(TestCaseExecutor.java:328)&#xD;
	at com.kms.katalon.core.main.TestCaseExecutor.processExecutionPhase(TestCaseExecutor.java:307)&#xD;
	at com.kms.katalon.core.main.TestCaseExecutor.accessMainPhase(TestCaseExecutor.java:299)&#xD;
	at com.kms.katalon.core.main.TestCaseExecutor.execute(TestCaseExecutor.java:233)&#xD;
	at com.kms.katalon.core.main.TestSuiteExecutor.accessTestCaseMainPhase(TestSuiteExecutor.java:133)&#xD;
	at com.kms.katalon.core.main.TestSuiteExecutor.accessTestSuiteMainPhase(TestSuiteExecutor.java:116)&#xD;
	at com.kms.katalon.core.main.TestSuiteExecutor.execute(TestSuiteExecutor.java:83)&#xD;
	at com.kms.katalon.core.main.TestCaseMain.startTestSuite(TestCaseMain.java:157)&#xD;
	at com.kms.katalon.core.main.TestCaseMain$startTestSuite$0.call(Unknown Source)&#xD;
	at TempTestSuite1563512592090.run(TempTestSuite1563512592090.groovy:35)&#xD;
Caused by: org.openqa.selenium.ElementClickInterceptedException: element click intercepted: Element &lt;a class="dropdown-toggle" data-toggle="dropdown" href="#" aria-expanded="false"&gt;...&lt;/a&gt; is not clickable at point (1835, 27). Other element would receive the click: &lt;div class="modal-backdrop fade"&gt;&lt;/div&gt;
  (Session info: chrome=75.0.3770.142)
  (Driver info: chromedriver=74.0.3729.6 (255758eccf3d244491b8a1317aa76e1ce10d57e9-refs/branch-heads/3729@{#29}),platform=Windows NT 10.0.17763 x86_64) (WARNING: The server did not provide any stacktrace information)
Command duration or timeout: 0 milliseconds
Build info: version: '3.141.59', revision: 'e82be7d358', time: '2018-11-14T08:25:53'
System info: host: 'DESKTOP-P450BIH', ip: '169.254.89.171', os.name: 'Windows 10', os.arch: 'amd64', os.version: '10.0', java.version: '1.8.0_181'
Driver info: com.kms.katalon.selenium.driver.CChromeDriver
Capabilities {acceptInsecureCerts: false, acceptSslCerts: false, applicationCacheEnabled: false, browserConnectionEnabled: false, browserName: chrome, chrome: {chromedriverVersion: 74.0.3729.6 (255758eccf3d24..., userDataDir: C:\Users\使用者\AppData\Local\...}, cssSelectorsEnabled: true, databaseEnabled: false, goog:chromeOptions: {debuggerAddress: localhost:63853}, handlesAlerts: true, hasTouchScreen: false, javascriptEnabled: true, locationContextEnabled: true, mobileEmulationEnabled: false, nativeEvents: true, networkConnectionEnabled: false, pageLoadStrategy: normal, platform: XP, platformName: XP, proxy: Proxy(), rotatable: false, setWindowRect: true, strictFileInteractability: false, takesHeapSnapshot: true, takesScreenshot: true, timeouts: {implicit: 0, pageLoad: 300000, script: 30000}, unexpectedAlertBehaviour: ignore, unhandledPromptBehavior: ignore, version: 75.0.3770.142, webStorageEnabled: true}
Session ID: 11382e8801d9907cf335309fa4162933&#xD;
	at org.openqa.selenium.remote.ErrorHandler.createThrowable(ErrorHandler.java:214)&#xD;
	at org.openqa.selenium.remote.ErrorHandler.throwIfResponseFailed(ErrorHandler.java:166)&#xD;
	at org.openqa.selenium.remote.http.JsonHttpResponseCodec.reconstructValue(JsonHttpResponseCodec.java:40)&#xD;
	at org.openqa.selenium.remote.http.AbstractHttpResponseCodec.decode(AbstractHttpResponseCodec.java:80)&#xD;
	at org.openqa.selenium.remote.http.AbstractHttpResponseCodec.decode(AbstractHttpResponseCodec.java:44)&#xD;
	at org.openqa.selenium.remote.HttpCommandExecutor.execute(HttpCommandExecutor.java:158)&#xD;
	at org.openqa.selenium.remote.service.DriverCommandExecutor.execute(DriverCommandExecutor.java:83)&#xD;
	at org.openqa.selenium.remote.RemoteWebDriver.execute(RemoteWebDriver.java:552)&#xD;
	at com.kms.katalon.selenium.driver.CChromeDriver.execute(CChromeDriver.java:20)&#xD;
	at org.openqa.selenium.remote.RemoteWebElement.execute(RemoteWebElement.java:285)&#xD;
	at org.openqa.selenium.remote.RemoteWebElement.click(RemoteWebElement.java:84)&#xD;
	at com.kms.katalon.core.webui.keyword.builtin.ClickKeyword$_click_closure1.doCall(ClickKeyword.groovy:79)&#xD;
	at com.kms.katalon.core.webui.keyword.builtin.ClickKeyword$_click_closure1.call(ClickKeyword.groovy)&#xD;
	at com.kms.katalon.core.webui.keyword.internal.WebUIKeywordMain.runKeyword(WebUIKeywordMain.groovy:20)&#xD;
	at com.kms.katalon.core.webui.keyword.builtin.ClickKeyword.click(ClickKeyword.groovy:86)&#xD;
	at com.kms.katalon.core.webui.keyword.builtin.ClickKeyword.execute(ClickKeyword.groovy:67)&#xD;
	at com.kms.katalon.core.keyword.internal.KeywordExecutor.executeKeywordForPlatform(KeywordExecutor.groovy:56)&#xD;
	at com.kms.katalon.core.webui.keyword.WebUiBuiltInKeywords.click(WebUiBuiltInKeywords.groovy:616)&#xD;
	at com.kms.katalon.core.webui.keyword.WebUiBuiltInKeywords$click$11.call(Unknown Source)&#xD;
	at Script1562811792162.smartWaitClickableAndClick(Script1562811792162.groovy:509)&#xD;
	at Script1562811792162$smartWaitClickableAndClick.callCurrent(Unknown Source)&#xD;
	at Script1562811792162.run(Script1562811792162.groovy:61)&#xD;
	... 13 more&#xD;
)&#xD;
&#xD;
2019-07-19 13:04:18 - [TEST_STEP][PASSED] - if (!(verifyElementClickable(testObject, OPTIONAL) &amp;&amp; verifyElementVisible(testObject, OPTIONAL) &amp;&amp; verifyElementPresent(testObject, 5, OPTIONAL))): Object 'Object Repository/ARMORConfiguration/Page_ARMOR/a_Configuration' is present&#xD;
&#xD;
2019-07-19 13:04:18 - [MESSAGE][PASSED] - Object 'Object Repository/ARMORConfiguration/Page_ARMOR/a_Configuration' is clickable&#xD;
&#xD;
2019-07-19 13:04:19 - [MESSAGE][PASSED] - Object 'Object Repository/ARMORConfiguration/Page_ARMOR/a_Configuration' is visible&#xD;
&#xD;
2019-07-19 13:04:19 - [MESSAGE][PASSED] - Object 'Object Repository/ARMORConfiguration/Page_ARMOR/a_Configuration' is present&#xD;
&#xD;
2019-07-19 13:04:19 - [TEST_STEP][FAILED] - else: Unable to click on object 'Object Repository/ARMORConfiguration/Page_ARMOR/a_Configuration' (Root cause: com.kms.katalon.core.exception.StepFailedException: Unable to click on object 'Object Repository/ARMORConfiguration/Page_ARMOR/a_Configuration'&#xD;
	at com.kms.katalon.core.webui.keyword.internal.WebUIKeywordMain.stepFailed(WebUIKeywordMain.groovy:64)&#xD;
	at com.kms.katalon.core.webui.keyword.internal.WebUIKeywordMain.runKeyword(WebUIKeywordMain.groovy:26)&#xD;
	at com.kms.katalon.core.webui.keyword.builtin.ClickKeyword.click(ClickKeyword.groovy:86)&#xD;
	at com.kms.katalon.core.webui.keyword.builtin.ClickKeyword.execute(ClickKeyword.groovy:67)&#xD;
	at com.kms.katalon.core.keyword.internal.KeywordExecutor.executeKeywordForPlatform(KeywordExecutor.groovy:56)&#xD;
	at com.kms.katalon.core.webui.keyword.WebUiBuiltInKeywords.click(WebUiBuiltInKeywords.groovy:616)&#xD;
	at com.kms.katalon.core.webui.keyword.WebUiBuiltInKeywords$click$11.call(Unknown Source)&#xD;
	at ARMORConfiguration.smartWaitClickableAndClick(ARMORConfiguration:509)&#xD;
	at Script1562811792162$smartWaitClickableAndClick.callCurrent(Unknown Source)&#xD;
	at ARMORConfiguration.run(ARMORConfiguration:61)&#xD;
	at com.kms.katalon.core.main.ScriptEngine.run(ScriptEngine.java:194)&#xD;
	at com.kms.katalon.core.main.ScriptEngine.runScriptAsRawText(ScriptEngine.java:119)&#xD;
	at com.kms.katalon.core.main.TestCaseExecutor.runScript(TestCaseExecutor.java:337)&#xD;
	at com.kms.katalon.core.main.TestCaseExecutor.doExecute(TestCaseExecutor.java:328)&#xD;
	at com.kms.katalon.core.main.TestCaseExecutor.processExecutionPhase(TestCaseExecutor.java:307)&#xD;
	at com.kms.katalon.core.main.TestCaseExecutor.accessMainPhase(TestCaseExecutor.java:299)&#xD;
	at com.kms.katalon.core.main.TestCaseExecutor.execute(TestCaseExecutor.java:233)&#xD;
	at com.kms.katalon.core.main.TestSuiteExecutor.accessTestCaseMainPhase(TestSuiteExecutor.java:133)&#xD;
	at com.kms.katalon.core.main.TestSuiteExecutor.accessTestSuiteMainPhase(TestSuiteExecutor.java:116)&#xD;
	at com.kms.katalon.core.main.TestSuiteExecutor.execute(TestSuiteExecutor.java:83)&#xD;
	at com.kms.katalon.core.main.TestCaseMain.startTestSuite(TestCaseMain.java:157)&#xD;
	at com.kms.katalon.core.main.TestCaseMain$startTestSuite$0.call(Unknown Source)&#xD;
	at TempTestSuite1563512592090.run(TempTestSuite1563512592090.groovy:35)&#xD;
Caused by: org.openqa.selenium.ElementClickInterceptedException: element click intercepted: Element &lt;a class="dropdown-toggle" data-toggle="dropdown" href="#" aria-expanded="false"&gt;...&lt;/a&gt; is not clickable at point (1835, 27). Other element would receive the click: &lt;div class="modal-backdrop fade"&gt;&lt;/div&gt;
  (Session info: chrome=75.0.3770.142)
  (Driver info: chromedriver=74.0.3729.6 (255758eccf3d244491b8a1317aa76e1ce10d57e9-refs/branch-heads/3729@{#29}),platform=Windows NT 10.0.17763 x86_64) (WARNING: The server did not provide any stacktrace information)
Command duration or timeout: 0 milliseconds
Build info: version: '3.141.59', revision: 'e82be7d358', time: '2018-11-14T08:25:53'
System info: host: 'DESKTOP-P450BIH', ip: '169.254.89.171', os.name: 'Windows 10', os.arch: 'amd64', os.version: '10.0', java.version: '1.8.0_181'
Driver info: com.kms.katalon.selenium.driver.CChromeDriver
Capabilities {acceptInsecureCerts: false, acceptSslCerts: false, applicationCacheEnabled: false, browserConnectionEnabled: false, browserName: chrome, chrome: {chromedriverVersion: 74.0.3729.6 (255758eccf3d24..., userDataDir: C:\Users\使用者\AppData\Local\...}, cssSelectorsEnabled: true, databaseEnabled: false, goog:chromeOptions: {debuggerAddress: localhost:63853}, handlesAlerts: true, hasTouchScreen: false, javascriptEnabled: true, locationContextEnabled: true, mobileEmulationEnabled: false, nativeEvents: true, networkConnectionEnabled: false, pageLoadStrategy: normal, platform: XP, platformName: XP, proxy: Proxy(), rotatable: false, setWindowRect: true, strictFileInteractability: false, takesHeapSnapshot: true, takesScreenshot: true, timeouts: {implicit: 0, pageLoad: 300000, script: 30000}, unexpectedAlertBehaviour: ignore, unhandledPromptBehavior: ignore, version: 75.0.3770.142, webStorageEnabled: true}
Session ID: 11382e8801d9907cf335309fa4162933&#xD;
	at org.openqa.selenium.remote.ErrorHandler.createThrowable(ErrorHandler.java:214)&#xD;
	at org.openqa.selenium.remote.ErrorHandler.throwIfResponseFailed(ErrorHandler.java:166)&#xD;
	at org.openqa.selenium.remote.http.JsonHttpResponseCodec.reconstructValue(JsonHttpResponseCodec.java:40)&#xD;
	at org.openqa.selenium.remote.http.AbstractHttpResponseCodec.decode(AbstractHttpResponseCodec.java:80)&#xD;
	at org.openqa.selenium.remote.http.AbstractHttpResponseCodec.decode(AbstractHttpResponseCodec.java:44)&#xD;
	at org.openqa.selenium.remote.HttpCommandExecutor.execute(HttpCommandExecutor.java:158)&#xD;
	at org.openqa.selenium.remote.service.DriverCommandExecutor.execute(DriverCommandExecutor.java:83)&#xD;
	at org.openqa.selenium.remote.RemoteWebDriver.execute(RemoteWebDriver.java:552)&#xD;
	at com.kms.katalon.selenium.driver.CChromeDriver.execute(CChromeDriver.java:20)&#xD;
	at org.openqa.selenium.remote.RemoteWebElement.execute(RemoteWebElement.java:285)&#xD;
	at org.openqa.selenium.remote.RemoteWebElement.click(RemoteWebElement.java:84)&#xD;
	at com.kms.katalon.core.webui.keyword.builtin.ClickKeyword$_click_closure1.doCall(ClickKeyword.groovy:79)&#xD;
	at com.kms.katalon.core.webui.keyword.builtin.ClickKeyword$_click_closure1.call(ClickKeyword.groovy)&#xD;
	at com.kms.katalon.core.webui.keyword.internal.WebUIKeywordMain.runKeyword(WebUIKeywordMain.groovy:20)&#xD;
	at com.kms.katalon.core.webui.keyword.builtin.ClickKeyword.click(ClickKeyword.groovy:86)&#xD;
	at com.kms.katalon.core.webui.keyword.builtin.ClickKeyword.execute(ClickKeyword.groovy:67)&#xD;
	at com.kms.katalon.core.keyword.internal.KeywordExecutor.executeKeywordForPlatform(KeywordExecutor.groovy:56)&#xD;
	at com.kms.katalon.core.webui.keyword.WebUiBuiltInKeywords.click(WebUiBuiltInKeywords.groovy:616)&#xD;
	at com.kms.katalon.core.webui.keyword.WebUiBuiltInKeywords$click$11.call(Unknown Source)&#xD;
	at Script1562811792162.smartWaitClickableAndClick(Script1562811792162.groovy:509)&#xD;
	at Script1562811792162$smartWaitClickableAndClick.callCurrent(Unknown Source)&#xD;
	at Script1562811792162.run(Script1562811792162.groovy:61)&#xD;
	... 13 more&#xD;
)&#xD;
&#xD;
2019-07-19 13:04:19 - [TEST_STEP][PASSED] - comment(testObject.toString() + " is ready"): TestObject - 'Object Repository/ARMORConfiguration/Page_ARMOR/a_Configuration' is ready&#xD;
&#xD;
2019-07-19 13:04:19 - [MESSAGE][INFO] - TestObject - 'Object Repository/ARMORConfiguration/Page_ARMOR/a_Configuration' is ready&#xD;
&#xD;
2019-07-19 13:04:19 - [TEST_STEP][PASSED] - waitForElementPresent(testObject, 20): Object 'Object Repository/ARMORConfiguration/Page_ARMOR/a_Configuration' is present&#xD;
&#xD;
2019-07-19 13:04:19 - [MESSAGE][PASSED] - Object 'Object Repository/ARMORConfiguration/Page_ARMOR/a_Configuration' is present&#xD;
&#xD;
2019-07-19 13:04:19 - [TEST_STEP][PASSED] - waitForElementVisible(testObject, 20): Object 'Object Repository/ARMORConfiguration/Page_ARMOR/a_Configuration' is visible&#xD;
&#xD;
2019-07-19 13:04:19 - [MESSAGE][PASSED] - Object 'Object Repository/ARMORConfiguration/Page_ARMOR/a_Configuration' is visible&#xD;
&#xD;
2019-07-19 13:04:19 - [TEST_STEP][PASSED] - waitForElementClickable(testObject, 20): Object 'Object Repository/ARMORConfiguration/Page_ARMOR/a_Configuration' is clickable&#xD;
&#xD;
2019-07-19 13:04:19 - [MESSAGE][PASSED] - Object 'Object Repository/ARMORConfiguration/Page_ARMOR/a_Configuration' is clickable&#xD;
&#xD;
2019-07-19 13:04:19 - [TEST_STEP][PASSED] - waitForJQueryLoad(10, OPTIONAL): jQuery is ready.&#xD;
&#xD;
2019-07-19 13:04:19 - [MESSAGE][PASSED] - jQuery is ready.&#xD;
&#xD;
2019-07-19 13:04:19 - [TEST_STEP][FAILED] - click(testObject): Unable to click on object 'Object Repository/ARMORConfiguration/Page_ARMOR/a_Configuration' (Root cause: com.kms.katalon.core.exception.StepFailedException: Unable to click on object 'Object Repository/ARMORConfiguration/Page_ARMOR/a_Configuration'&#xD;
	at com.kms.katalon.core.webui.keyword.internal.WebUIKeywordMain.stepFailed(WebUIKeywordMain.groovy:64)&#xD;
	at com.kms.katalon.core.webui.keyword.internal.WebUIKeywordMain.runKeyword(WebUIKeywordMain.groovy:26)&#xD;
	at com.kms.katalon.core.webui.keyword.builtin.ClickKeyword.click(ClickKeyword.groovy:86)&#xD;
	at com.kms.katalon.core.webui.keyword.builtin.ClickKeyword.execute(ClickKeyword.groovy:67)&#xD;
	at com.kms.katalon.core.keyword.internal.KeywordExecutor.executeKeywordForPlatform(KeywordExecutor.groovy:56)&#xD;
	at com.kms.katalon.core.webui.keyword.WebUiBuiltInKeywords.click(WebUiBuiltInKeywords.groovy:616)&#xD;
	at com.kms.katalon.core.webui.keyword.WebUiBuiltInKeywords$click$11.call(Unknown Source)&#xD;
	at ARMORConfiguration.smartWaitClickableAndClick(ARMORConfiguration:509)&#xD;
	at Script1562811792162$smartWaitClickableAndClick.callCurrent(Unknown Source)&#xD;
	at ARMORConfiguration.run(ARMORConfiguration:61)&#xD;
	at com.kms.katalon.core.main.ScriptEngine.run(ScriptEngine.java:194)&#xD;
	at com.kms.katalon.core.main.ScriptEngine.runScriptAsRawText(ScriptEngine.java:119)&#xD;
	at com.kms.katalon.core.main.TestCaseExecutor.runScript(TestCaseExecutor.java:337)&#xD;
	at com.kms.katalon.core.main.TestCaseExecutor.doExecute(TestCaseExecutor.java:328)&#xD;
	at com.kms.katalon.core.main.TestCaseExecutor.processExecutionPhase(TestCaseExecutor.java:307)&#xD;
	at com.kms.katalon.core.main.TestCaseExecutor.accessMainPhase(TestCaseExecutor.java:299)&#xD;
	at com.kms.katalon.core.main.TestCaseExecutor.execute(TestCaseExecutor.java:233)&#xD;
	at com.kms.katalon.core.main.TestSuiteExecutor.accessTestCaseMainPhase(TestSuiteExecutor.java:133)&#xD;
	at com.kms.katalon.core.main.TestSuiteExecutor.accessTestSuiteMainPhase(TestSuiteExecutor.java:116)&#xD;
	at com.kms.katalon.core.main.TestSuiteExecutor.execute(TestSuiteExecutor.java:83)&#xD;
	at com.kms.katalon.core.main.TestCaseMain.startTestSuite(TestCaseMain.java:157)&#xD;
	at com.kms.katalon.core.main.TestCaseMain$startTestSuite$0.call(Unknown Source)&#xD;
	at TempTestSuite1563512592090.run(TempTestSuite1563512592090.groovy:35)&#xD;
Caused by: org.openqa.selenium.ElementClickInterceptedException: element click intercepted: Element &lt;a class="dropdown-toggle" data-toggle="dropdown" href="#" aria-expanded="false"&gt;...&lt;/a&gt; is not clickable at point (1835, 27). Other element would receive the click: &lt;div class="modal-backdrop fade"&gt;&lt;/div&gt;
  (Session info: chrome=75.0.3770.142)
  (Driver info: chromedriver=74.0.3729.6 (255758eccf3d244491b8a1317aa76e1ce10d57e9-refs/branch-heads/3729@{#29}),platform=Windows NT 10.0.17763 x86_64) (WARNING: The server did not provide any stacktrace information)
Command duration or timeout: 0 milliseconds
Build info: version: '3.141.59', revision: 'e82be7d358', time: '2018-11-14T08:25:53'
System info: host: 'DESKTOP-P450BIH', ip: '169.254.89.171', os.name: 'Windows 10', os.arch: 'amd64', os.version: '10.0', java.version: '1.8.0_181'
Driver info: com.kms.katalon.selenium.driver.CChromeDriver
Capabilities {acceptInsecureCerts: false, acceptSslCerts: false, applicationCacheEnabled: false, browserConnectionEnabled: false, browserName: chrome, chrome: {chromedriverVersion: 74.0.3729.6 (255758eccf3d24..., userDataDir: C:\Users\使用者\AppData\Local\...}, cssSelectorsEnabled: true, databaseEnabled: false, goog:chromeOptions: {debuggerAddress: localhost:63853}, handlesAlerts: true, hasTouchScreen: false, javascriptEnabled: true, locationContextEnabled: true, mobileEmulationEnabled: false, nativeEvents: true, networkConnectionEnabled: false, pageLoadStrategy: normal, platform: XP, platformName: XP, proxy: Proxy(), rotatable: false, setWindowRect: true, strictFileInteractability: false, takesHeapSnapshot: true, takesScreenshot: true, timeouts: {implicit: 0, pageLoad: 300000, script: 30000}, unexpectedAlertBehaviour: ignore, unhandledPromptBehavior: ignore, version: 75.0.3770.142, webStorageEnabled: true}
Session ID: 11382e8801d9907cf335309fa4162933&#xD;
	at org.openqa.selenium.remote.ErrorHandler.createThrowable(ErrorHandler.java:214)&#xD;
	at org.openqa.selenium.remote.ErrorHandler.throwIfResponseFailed(ErrorHandler.java:166)&#xD;
	at org.openqa.selenium.remote.http.JsonHttpResponseCodec.reconstructValue(JsonHttpResponseCodec.java:40)&#xD;
	at org.openqa.selenium.remote.http.AbstractHttpResponseCodec.decode(AbstractHttpResponseCodec.java:80)&#xD;
	at org.openqa.selenium.remote.http.AbstractHttpResponseCodec.decode(AbstractHttpResponseCodec.java:44)&#xD;
	at org.openqa.selenium.remote.HttpCommandExecutor.execute(HttpCommandExecutor.java:158)&#xD;
	at org.openqa.selenium.remote.service.DriverCommandExecutor.execute(DriverCommandExecutor.java:83)&#xD;
	at org.openqa.selenium.remote.RemoteWebDriver.execute(RemoteWebDriver.java:552)&#xD;
	at com.kms.katalon.selenium.driver.CChromeDriver.execute(CChromeDriver.java:20)&#xD;
	at org.openqa.selenium.remote.RemoteWebElement.execute(RemoteWebElement.java:285)&#xD;
	at org.openqa.selenium.remote.RemoteWebElement.click(RemoteWebElement.java:84)&#xD;
	at com.kms.katalon.core.webui.keyword.builtin.ClickKeyword$_click_closure1.doCall(ClickKeyword.groovy:79)&#xD;
	at com.kms.katalon.core.webui.keyword.builtin.ClickKeyword$_click_closure1.call(ClickKeyword.groovy)&#xD;
	at com.kms.katalon.core.webui.keyword.internal.WebUIKeywordMain.runKeyword(WebUIKeywordMain.groovy:20)&#xD;
	at com.kms.katalon.core.webui.keyword.builtin.ClickKeyword.click(ClickKeyword.groovy:86)&#xD;
	at com.kms.katalon.core.webui.keyword.builtin.ClickKeyword.execute(ClickKeyword.groovy:67)&#xD;
	at com.kms.katalon.core.keyword.internal.KeywordExecutor.executeKeywordForPlatform(KeywordExecutor.groovy:56)&#xD;
	at com.kms.katalon.core.webui.keyword.WebUiBuiltInKeywords.click(WebUiBuiltInKeywords.groovy:616)&#xD;
	at com.kms.katalon.core.webui.keyword.WebUiBuiltInKeywords$click$11.call(Unknown Source)&#xD;
	at Script1562811792162.smartWaitClickableAndClick(Script1562811792162.groovy:509)&#xD;
	at Script1562811792162$smartWaitClickableAndClick.callCurrent(Unknown Source)&#xD;
	at Script1562811792162.run(Script1562811792162.groovy:61)&#xD;
	... 13 more&#xD;
)&#xD;
&#xD;
2019-07-19 13:04:20 - [MESSAGE][FAILED] - Unable to click on object 'Object Repository/ARMORConfiguration/Page_ARMOR/a_Configuration' (Root cause: com.kms.katalon.core.exception.StepFailedException: Unable to click on object 'Object Repository/ARMORConfiguration/Page_ARMOR/a_Configuration'&#xD;
	at com.kms.katalon.core.webui.keyword.internal.WebUIKeywordMain.stepFailed(WebUIKeywordMain.groovy:64)&#xD;
	at com.kms.katalon.core.webui.keyword.internal.WebUIKeywordMain.runKeyword(WebUIKeywordMain.groovy:26)&#xD;
	at com.kms.katalon.core.webui.keyword.builtin.ClickKeyword.click(ClickKeyword.groovy:86)&#xD;
	at com.kms.katalon.core.webui.keyword.builtin.ClickKeyword.execute(ClickKeyword.groovy:67)&#xD;
	at com.kms.katalon.core.keyword.internal.KeywordExecutor.executeKeywordForPlatform(KeywordExecutor.groovy:56)&#xD;
	at com.kms.katalon.core.webui.keyword.WebUiBuiltInKeywords.click(WebUiBuiltInKeywords.groovy:616)&#xD;
	at com.kms.katalon.core.webui.keyword.WebUiBuiltInKeywords$click$11.call(Unknown Source)&#xD;
	at ARMORConfiguration.smartWaitClickableAndClick(ARMORConfiguration:509)&#xD;
	at Script1562811792162$smartWaitClickableAndClick.callCurrent(Unknown Source)&#xD;
	at ARMORConfiguration.run(ARMORConfiguration:61)&#xD;
	at com.kms.katalon.core.main.ScriptEngine.run(ScriptEngine.java:194)&#xD;
	at com.kms.katalon.core.main.ScriptEngine.runScriptAsRawText(ScriptEngine.java:119)&#xD;
	at com.kms.katalon.core.main.TestCaseExecutor.runScript(TestCaseExecutor.java:337)&#xD;
	at com.kms.katalon.core.main.TestCaseExecutor.doExecute(TestCaseExecutor.java:328)&#xD;
	at com.kms.katalon.core.main.TestCaseExecutor.processExecutionPhase(TestCaseExecutor.java:307)&#xD;
	at com.kms.katalon.core.main.TestCaseExecutor.accessMainPhase(TestCaseExecutor.java:299)&#xD;
	at com.kms.katalon.core.main.TestCaseExecutor.execute(TestCaseExecutor.java:233)&#xD;
	at com.kms.katalon.core.main.TestSuiteExecutor.accessTestCaseMainPhase(TestSuiteExecutor.java:133)&#xD;
	at com.kms.katalon.core.main.TestSuiteExecutor.accessTestSuiteMainPhase(TestSuiteExecutor.java:116)&#xD;
	at com.kms.katalon.core.main.TestSuiteExecutor.execute(TestSuiteExecutor.java:83)&#xD;
	at com.kms.katalon.core.main.TestCaseMain.startTestSuite(TestCaseMain.java:157)&#xD;
	at com.kms.katalon.core.main.TestCaseMain$startTestSuite$0.call(Unknown Source)&#xD;
	at TempTestSuite1563512592090.run(TempTestSuite1563512592090.groovy:35)&#xD;
Caused by: org.openqa.selenium.ElementClickInterceptedException: element click intercepted: Element &lt;a class="dropdown-toggle" data-toggle="dropdown" href="#" aria-expanded="false"&gt;...&lt;/a&gt; is not clickable at point (1835, 27). Other element would receive the click: &lt;div class="modal-backdrop fade"&gt;&lt;/div&gt;
  (Session info: chrome=75.0.3770.142)
  (Driver info: chromedriver=74.0.3729.6 (255758eccf3d244491b8a1317aa76e1ce10d57e9-refs/branch-heads/3729@{#29}),platform=Windows NT 10.0.17763 x86_64) (WARNING: The server did not provide any stacktrace information)
Command duration or timeout: 0 milliseconds
Build info: version: '3.141.59', revision: 'e82be7d358', time: '2018-11-14T08:25:53'
System info: host: 'DESKTOP-P450BIH', ip: '169.254.89.171', os.name: 'Windows 10', os.arch: 'amd64', os.version: '10.0', java.version: '1.8.0_181'
Driver info: com.kms.katalon.selenium.driver.CChromeDriver
Capabilities {acceptInsecureCerts: false, acceptSslCerts: false, applicationCacheEnabled: false, browserConnectionEnabled: false, browserName: chrome, chrome: {chromedriverVersion: 74.0.3729.6 (255758eccf3d24..., userDataDir: C:\Users\使用者\AppData\Local\...}, cssSelectorsEnabled: true, databaseEnabled: false, goog:chromeOptions: {debuggerAddress: localhost:63853}, handlesAlerts: true, hasTouchScreen: false, javascriptEnabled: true, locationContextEnabled: true, mobileEmulationEnabled: false, nativeEvents: true, networkConnectionEnabled: false, pageLoadStrategy: normal, platform: XP, platformName: XP, proxy: Proxy(), rotatable: false, setWindowRect: true, strictFileInteractability: false, takesHeapSnapshot: true, takesScreenshot: true, timeouts: {implicit: 0, pageLoad: 300000, script: 30000}, unexpectedAlertBehaviour: ignore, unhandledPromptBehavior: ignore, version: 75.0.3770.142, webStorageEnabled: true}
Session ID: 11382e8801d9907cf335309fa4162933&#xD;
	at org.openqa.selenium.remote.ErrorHandler.createThrowable(ErrorHandler.java:214)&#xD;
	at org.openqa.selenium.remote.ErrorHandler.throwIfResponseFailed(ErrorHandler.java:166)&#xD;
	at org.openqa.selenium.remote.http.JsonHttpResponseCodec.reconstructValue(JsonHttpResponseCodec.java:40)&#xD;
	at org.openqa.selenium.remote.http.AbstractHttpResponseCodec.decode(AbstractHttpResponseCodec.java:80)&#xD;
	at org.openqa.selenium.remote.http.AbstractHttpResponseCodec.decode(AbstractHttpResponseCodec.java:44)&#xD;
	at org.openqa.selenium.remote.HttpCommandExecutor.execute(HttpCommandExecutor.java:158)&#xD;
	at org.openqa.selenium.remote.service.DriverCommandExecutor.execute(DriverCommandExecutor.java:83)&#xD;
	at org.openqa.selenium.remote.RemoteWebDriver.execute(RemoteWebDriver.java:552)&#xD;
	at com.kms.katalon.selenium.driver.CChromeDriver.execute(CChromeDriver.java:20)&#xD;
	at org.openqa.selenium.remote.RemoteWebElement.execute(RemoteWebElement.java:285)&#xD;
	at org.openqa.selenium.remote.RemoteWebElement.click(RemoteWebElement.java:84)&#xD;
	at com.kms.katalon.core.webui.keyword.builtin.ClickKeyword$_click_closure1.doCall(ClickKeyword.groovy:79)&#xD;
	at com.kms.katalon.core.webui.keyword.builtin.ClickKeyword$_click_closure1.call(ClickKeyword.groovy)&#xD;
	at com.kms.katalon.core.webui.keyword.internal.WebUIKeywordMain.runKeyword(WebUIKeywordMain.groovy:20)&#xD;
	at com.kms.katalon.core.webui.keyword.builtin.ClickKeyword.click(ClickKeyword.groovy:86)&#xD;
	at com.kms.katalon.core.webui.keyword.builtin.ClickKeyword.execute(ClickKeyword.groovy:67)&#xD;
	at com.kms.katalon.core.keyword.internal.KeywordExecutor.executeKeywordForPlatform(KeywordExecutor.groovy:56)&#xD;
	at com.kms.katalon.core.webui.keyword.WebUiBuiltInKeywords.click(WebUiBuiltInKeywords.groovy:616)&#xD;
	at com.kms.katalon.core.webui.keyword.WebUiBuiltInKeywords$click$11.call(Unknown Source)&#xD;
	at Script1562811792162.smartWaitClickableAndClick(Script1562811792162.groovy:509)&#xD;
	at Script1562811792162$smartWaitClickableAndClick.callCurrent(Unknown Source)&#xD;
	at Script1562811792162.run(Script1562811792162.groovy:61)&#xD;
	... 13 more&#xD;
)&#xD;
[[ATTACHMENT|C:\\final_merge\\Reports\\list_dashboard\\20190719_130311\\1563512659503.png]]</system-out>
            <system-err>2019-07-19 13:03:23 - [TEST_CASE][FAILED] - Test Cases/ARMORConfiguration: Test Cases/ARMORConfiguration FAILED.
Reason:
com.kms.katalon.core.exception.StepFailedException: Unable to click on object 'Object Repository/ARMORConfiguration/Page_ARMOR/a_Configuration'&#xD;
	at com.kms.katalon.core.webui.keyword.internal.WebUIKeywordMain.stepFailed(WebUIKeywordMain.groovy:64)&#xD;
	at com.kms.katalon.core.webui.keyword.internal.WebUIKeywordMain.runKeyword(WebUIKeywordMain.groovy:26)&#xD;
	at com.kms.katalon.core.webui.keyword.builtin.ClickKeyword.click(ClickKeyword.groovy:86)&#xD;
	at com.kms.katalon.core.webui.keyword.builtin.ClickKeyword.execute(ClickKeyword.groovy:67)&#xD;
	at com.kms.katalon.core.keyword.internal.KeywordExecutor.executeKeywordForPlatform(KeywordExecutor.groovy:56)&#xD;
	at com.kms.katalon.core.webui.keyword.WebUiBuiltInKeywords.click(WebUiBuiltInKeywords.groovy:616)&#xD;
	at com.kms.katalon.core.webui.keyword.WebUiBuiltInKeywords$click$11.call(Unknown Source)&#xD;
	at ARMORConfiguration.smartWaitClickableAndClick(ARMORConfiguration:509)&#xD;
	at Script1562811792162$smartWaitClickableAndClick.callCurrent(Unknown Source)&#xD;
	at ARMORConfiguration.run(ARMORConfiguration:61)&#xD;
	at com.kms.katalon.core.main.ScriptEngine.run(ScriptEngine.java:194)&#xD;
	at com.kms.katalon.core.main.ScriptEngine.runScriptAsRawText(ScriptEngine.java:119)&#xD;
	at com.kms.katalon.core.main.TestCaseExecutor.runScript(TestCaseExecutor.java:337)&#xD;
	at com.kms.katalon.core.main.TestCaseExecutor.doExecute(TestCaseExecutor.java:328)&#xD;
	at com.kms.katalon.core.main.TestCaseExecutor.processExecutionPhase(TestCaseExecutor.java:307)&#xD;
	at com.kms.katalon.core.main.TestCaseExecutor.accessMainPhase(TestCaseExecutor.java:299)&#xD;
	at com.kms.katalon.core.main.TestCaseExecutor.execute(TestCaseExecutor.java:233)&#xD;
	at com.kms.katalon.core.main.TestSuiteExecutor.accessTestCaseMainPhase(TestSuiteExecutor.java:133)&#xD;
	at com.kms.katalon.core.main.TestSuiteExecutor.accessTestSuiteMainPhase(TestSuiteExecutor.java:116)&#xD;
	at com.kms.katalon.core.main.TestSuiteExecutor.execute(TestSuiteExecutor.java:83)&#xD;
	at com.kms.katalon.core.main.TestCaseMain.startTestSuite(TestCaseMain.java:157)&#xD;
	at com.kms.katalon.core.main.TestCaseMain$startTestSuite$0.call(Unknown Source)&#xD;
	at TempTestSuite1563512592090.run(TempTestSuite1563512592090.groovy:35)&#xD;
Caused by: org.openqa.selenium.ElementClickInterceptedException: element click intercepted: Element &lt;a class="dropdown-toggle" data-toggle="dropdown" href="#" aria-expanded="false"&gt;...&lt;/a&gt; is not clickable at point (1835, 27). Other element would receive the click: &lt;div class="modal-backdrop fade"&gt;&lt;/div&gt;
  (Session info: chrome=75.0.3770.142)
  (Driver info: chromedriver=74.0.3729.6 (255758eccf3d244491b8a1317aa76e1ce10d57e9-refs/branch-heads/3729@{#29}),platform=Windows NT 10.0.17763 x86_64) (WARNING: The server did not provide any stacktrace information)
Command duration or timeout: 0 milliseconds
Build info: version: '3.141.59', revision: 'e82be7d358', time: '2018-11-14T08:25:53'
System info: host: 'DESKTOP-P450BIH', ip: '169.254.89.171', os.name: 'Windows 10', os.arch: 'amd64', os.version: '10.0', java.version: '1.8.0_181'
Driver info: com.kms.katalon.selenium.driver.CChromeDriver
Capabilities {acceptInsecureCerts: false, acceptSslCerts: false, applicationCacheEnabled: false, browserConnectionEnabled: false, browserName: chrome, chrome: {chromedriverVersion: 74.0.3729.6 (255758eccf3d24..., userDataDir: C:\Users\使用者\AppData\Local\...}, cssSelectorsEnabled: true, databaseEnabled: false, goog:chromeOptions: {debuggerAddress: localhost:63853}, handlesAlerts: true, hasTouchScreen: false, javascriptEnabled: true, locationContextEnabled: true, mobileEmulationEnabled: false, nativeEvents: true, networkConnectionEnabled: false, pageLoadStrategy: normal, platform: XP, platformName: XP, proxy: Proxy(), rotatable: false, setWindowRect: true, strictFileInteractability: false, takesHeapSnapshot: true, takesScreenshot: true, timeouts: {implicit: 0, pageLoad: 300000, script: 30000}, unexpectedAlertBehaviour: ignore, unhandledPromptBehavior: ignore, version: 75.0.3770.142, webStorageEnabled: true}
Session ID: 11382e8801d9907cf335309fa4162933&#xD;
	at org.openqa.selenium.remote.ErrorHandler.createThrowable(ErrorHandler.java:214)&#xD;
	at org.openqa.selenium.remote.ErrorHandler.throwIfResponseFailed(ErrorHandler.java:166)&#xD;
	at org.openqa.selenium.remote.http.JsonHttpResponseCodec.reconstructValue(JsonHttpResponseCodec.java:40)&#xD;
	at org.openqa.selenium.remote.http.AbstractHttpResponseCodec.decode(AbstractHttpResponseCodec.java:80)&#xD;
	at org.openqa.selenium.remote.http.AbstractHttpResponseCodec.decode(AbstractHttpResponseCodec.java:44)&#xD;
	at org.openqa.selenium.remote.HttpCommandExecutor.execute(HttpCommandExecutor.java:158)&#xD;
	at org.openqa.selenium.remote.service.DriverCommandExecutor.execute(DriverCommandExecutor.java:83)&#xD;
	at org.openqa.selenium.remote.RemoteWebDriver.execute(RemoteWebDriver.java:552)&#xD;
	at com.kms.katalon.selenium.driver.CChromeDriver.execute(CChromeDriver.java:20)&#xD;
	at org.openqa.selenium.remote.RemoteWebElement.execute(RemoteWebElement.java:285)&#xD;
	at org.openqa.selenium.remote.RemoteWebElement.click(RemoteWebElement.java:84)&#xD;
	at com.kms.katalon.core.webui.keyword.builtin.ClickKeyword$_click_closure1.doCall(ClickKeyword.groovy:79)&#xD;
	at com.kms.katalon.core.webui.keyword.builtin.ClickKeyword$_click_closure1.call(ClickKeyword.groovy)&#xD;
	at com.kms.katalon.core.webui.keyword.internal.WebUIKeywordMain.runKeyword(WebUIKeywordMain.groovy:20)&#xD;
	... 21 more</system-err>
        </testcase>
        <testcase name="Test Cases/ARMORDashboard" classname="Test Cases/ARMORDashboard" status="FAILED">
            <failure type="FAILED" message="Test Cases/ARMORDashboard FAILED.&#xA;Reason:&#xA;com.kms.katalon.core.exception.StepFailedException: Element  was never found&#xD;&#xA;&#x9;at com.kms.katalon.core.util.KeywordUtil.markFailed(KeywordUtil.java:19)&#xD;&#xA;&#x9;at com.kms.katalon.core.util.KeywordUtil$markFailed.call(Unknown Source)&#xD;&#xA;&#x9;at ARMORDashboard.smartWaitClickableAndClick(ARMORDashboard:379)&#xD;&#xA;&#x9;at Script1562915977383$smartWaitClickableAndClick.callCurrent(Unknown Source)&#xD;&#xA;&#x9;at ARMORDashboard.run(ARMORDashboard:245)&#xD;&#xA;&#x9;at com.kms.katalon.core.main.ScriptEngine.run(ScriptEngine.java:194)&#xD;&#xA;&#x9;at com.kms.katalon.core.main.ScriptEngine.runScriptAsRawText(ScriptEngine.java:119)&#xD;&#xA;&#x9;at com.kms.katalon.core.main.TestCaseExecutor.runScript(TestCaseExecutor.java:337)&#xD;&#xA;&#x9;at com.kms.katalon.core.main.TestCaseExecutor.doExecute(TestCaseExecutor.java:328)&#xD;&#xA;&#x9;at com.kms.katalon.core.main.TestCaseExecutor.processExecutionPhase(TestCaseExecutor.java:307)&#xD;&#xA;&#x9;at com.kms.katalon.core.main.TestCaseExecutor.accessMainPhase(TestCaseExecutor.java:299)&#xD;&#xA;&#x9;at com.kms.katalon.core.main.TestCaseExecutor.execute(TestCaseExecutor.java:233)&#xD;&#xA;&#x9;at com.kms.katalon.core.main.TestSuiteExecutor.accessTestCaseMainPhase(TestSuiteExecutor.java:133)&#xD;&#xA;&#x9;at com.kms.katalon.core.main.TestSuiteExecutor.accessTestSuiteMainPhase(TestSuiteExecutor.java:116)&#xD;&#xA;&#x9;at com.kms.katalon.core.main.TestSuiteExecutor.execute(TestSuiteExecutor.java:83)&#xD;&#xA;&#x9;at com.kms.katalon.core.main.TestCaseMain.startTestSuite(TestCaseMain.java:157)&#xD;&#xA;&#x9;at com.kms.katalon.core.main.TestCaseMain$startTestSuite$0.call(Unknown Source)&#xD;&#xA;&#x9;at TempTestSuite1563512592090.run(TempTestSuite1563512592090.groovy:35)&#xD;&#xA;"/>
            <system-out>2019-07-19 13:04:20 - [TEST_CASE][FAILED] - Test Cases/ARMORDashboard: Test Cases/ARMORDashboard FAILED.
Reason:
com.kms.katalon.core.exception.StepFailedException: Element  was never found&#xD;
	at com.kms.katalon.core.util.KeywordUtil.markFailed(KeywordUtil.java:19)&#xD;
	at com.kms.katalon.core.util.KeywordUtil$markFailed.call(Unknown Source)&#xD;
	at ARMORDashboard.smartWaitClickableAndClick(ARMORDashboard:379)&#xD;
	at Script1562915977383$smartWaitClickableAndClick.callCurrent(Unknown Source)&#xD;
	at ARMORDashboard.run(ARMORDashboard:245)&#xD;
	at com.kms.katalon.core.main.ScriptEngine.run(ScriptEngine.java:194)&#xD;
	at com.kms.katalon.core.main.ScriptEngine.runScriptAsRawText(ScriptEngine.java:119)&#xD;
	at com.kms.katalon.core.main.TestCaseExecutor.runScript(TestCaseExecutor.java:337)&#xD;
	at com.kms.katalon.core.main.TestCaseExecutor.doExecute(TestCaseExecutor.java:328)&#xD;
	at com.kms.katalon.core.main.TestCaseExecutor.processExecutionPhase(TestCaseExecutor.java:307)&#xD;
	at com.kms.katalon.core.main.TestCaseExecutor.accessMainPhase(TestCaseExecutor.java:299)&#xD;
	at com.kms.katalon.core.main.TestCaseExecutor.execute(TestCaseExecutor.java:233)&#xD;
	at com.kms.katalon.core.main.TestSuiteExecutor.accessTestCaseMainPhase(TestSuiteExecutor.java:133)&#xD;
	at com.kms.katalon.core.main.TestSuiteExecutor.accessTestSuiteMainPhase(TestSuiteExecutor.java:116)&#xD;
	at com.kms.katalon.core.main.TestSuiteExecutor.execute(TestSuiteExecutor.java:83)&#xD;
	at com.kms.katalon.core.main.TestCaseMain.startTestSuite(TestCaseMain.java:157)&#xD;
	at com.kms.katalon.core.main.TestCaseMain$startTestSuite$0.call(Unknown Source)&#xD;
	at TempTestSuite1563512592090.run(TempTestSuite1563512592090.groovy:35)&#xD;
&#xD;
&#xD;
2019-07-19 13:04:20 - [TEST_STEP][PASSED] - openBrowser(""): Browser is opened with url: ''&#xD;
&#xD;
2019-07-19 13:04:20 - [MESSAGE][WARNING] - A browser is already opened. Closing browser and opening a new one&#xD;
&#xD;
2019-07-19 13:04:22 - [MESSAGE][INFO] - Starting 'Chrome' driver&#xD;
&#xD;
2019-07-19 13:04:26 - [MESSAGE][PASSED] - Browser is opened with url: ''&#xD;
&#xD;
2019-07-19 13:04:26 - [TEST_STEP][PASSED] - maximizeWindow(): Current window maximized&#xD;
&#xD;
2019-07-19 13:04:27 - [MESSAGE][PASSED] - Current window maximized&#xD;
&#xD;
2019-07-19 13:04:27 - [TEST_STEP][PASSED] - navigateToUrl("http://192.168.42.162/en-us/login/"): Navigate to 'http://192.168.42.162/en-us/login/' successfully&#xD;
&#xD;
2019-07-19 13:04:28 - [MESSAGE][PASSED] - Navigate to 'http://192.168.42.162/en-us/login/' successfully&#xD;
&#xD;
2019-07-19 13:04:28 - [TEST_STEP][PASSED] - setText(findTestObject("Object Repository/ARMORConfiguration/Page_ ARMOR/input_Login_username"), "admin"): Text 'admin' is set on object 'Object Repository/ARMORConfiguration/Page_ ARMOR/input_Login_username'&#xD;
&#xD;
2019-07-19 13:04:28 - [MESSAGE][PASSED] - Text 'admin' is set on object 'Object Repository/ARMORConfiguration/Page_ ARMOR/input_Login_username'&#xD;
&#xD;
2019-07-19 13:04:28 - [TEST_STEP][PASSED] - setEncryptedText(findTestObject("Object Repository/ARMORConfiguration/Page_ ARMOR/input_Login_password"), "8SQVv/p9jVScEs4/2CZsLw=="): Text ****** has been set on object 'Object Repository/ARMORConfiguration/Page_ ARMOR/input_Login_password'&#xD;
&#xD;
2019-07-19 13:04:28 - [MESSAGE][PASSED] - Text ****** has been set on object 'Object Repository/ARMORConfiguration/Page_ ARMOR/input_Login_password'&#xD;
&#xD;
2019-07-19 13:04:28 - [TEST_STEP][PASSED] - smartWaitClickableAndClick(findTestObject("Object Repository/ARMORConfiguration/Page_ ARMOR/button_Login"), 20): null&#xD;
&#xD;
2019-07-19 13:04:28 - [TEST_STEP][PASSED] - for ([j = 0, j &lt;= waitTime, (j++)]): null&#xD;
&#xD;
2019-07-19 13:04:28 - [TEST_STEP][PASSED] - if (!(verifyElementClickable(testObject, OPTIONAL) &amp;&amp; verifyElementVisible(testObject, OPTIONAL) &amp;&amp; verifyElementPresent(testObject, 5, OPTIONAL))): Object 'Object Repository/ARMORConfiguration/Page_ ARMOR/button_Login' is present&#xD;
&#xD;
2019-07-19 13:04:28 - [MESSAGE][PASSED] - Object 'Object Repository/ARMORConfiguration/Page_ ARMOR/button_Login' is clickable&#xD;
&#xD;
2019-07-19 13:04:28 - [MESSAGE][PASSED] - Object 'Object Repository/ARMORConfiguration/Page_ ARMOR/button_Login' is visible&#xD;
&#xD;
2019-07-19 13:04:29 - [MESSAGE][PASSED] - Object 'Object Repository/ARMORConfiguration/Page_ ARMOR/button_Login' is present&#xD;
&#xD;
2019-07-19 13:04:29 - [TEST_STEP][PASSED] - else: null&#xD;
&#xD;
2019-07-19 13:04:29 - [TEST_STEP][PASSED] - comment(testObject.toString() + " is ready"): TestObject - 'Object Repository/ARMORConfiguration/Page_ ARMOR/button_Login' is ready&#xD;
&#xD;
2019-07-19 13:04:29 - [MESSAGE][INFO] - TestObject - 'Object Repository/ARMORConfiguration/Page_ ARMOR/button_Login' is ready&#xD;
&#xD;
2019-07-19 13:04:29 - [TEST_STEP][PASSED] - waitForElementPresent(testObject, 20): Object 'Object Repository/ARMORConfiguration/Page_ ARMOR/button_Login' is present&#xD;
&#xD;
2019-07-19 13:04:29 - [MESSAGE][PASSED] - Object 'Object Repository/ARMORConfiguration/Page_ ARMOR/button_Login' is present&#xD;
&#xD;
2019-07-19 13:04:29 - [TEST_STEP][PASSED] - waitForElementVisible(testObject, 20): Object 'Object Repository/ARMORConfiguration/Page_ ARMOR/button_Login' is visible&#xD;
&#xD;
2019-07-19 13:04:29 - [MESSAGE][PASSED] - Object 'Object Repository/ARMORConfiguration/Page_ ARMOR/button_Login' is visible&#xD;
&#xD;
2019-07-19 13:04:29 - [TEST_STEP][PASSED] - waitForElementClickable(testObject, 20): Object 'Object Repository/ARMORConfiguration/Page_ ARMOR/button_Login' is clickable&#xD;
&#xD;
2019-07-19 13:04:29 - [MESSAGE][PASSED] - Object 'Object Repository/ARMORConfiguration/Page_ ARMOR/button_Login' is clickable&#xD;
&#xD;
2019-07-19 13:04:29 - [TEST_STEP][PASSED] - waitForJQueryLoad(10, OPTIONAL): jQuery is ready.&#xD;
&#xD;
2019-07-19 13:04:29 - [MESSAGE][PASSED] - jQuery is ready.&#xD;
&#xD;
2019-07-19 13:04:29 - [TEST_STEP][PASSED] - click(testObject): Object: 'Object Repository/ARMORConfiguration/Page_ ARMOR/button_Login' is clicked on&#xD;
&#xD;
2019-07-19 13:04:32 - [MESSAGE][PASSED] - Object: 'Object Repository/ARMORConfiguration/Page_ ARMOR/button_Login' is clicked on&#xD;
&#xD;
2019-07-19 13:04:32 - [TEST_STEP][PASSED] - break: null&#xD;
&#xD;
2019-07-19 13:04:32 - [TEST_STEP][PASSED] - smartWaitClickableAndClick(findTestObject("Object Repository/ARMORDashboard/Dashboard"), 20): null&#xD;
&#xD;
2019-07-19 13:04:32 - [TEST_STEP][PASSED] - for ([j = 0, j &lt;= waitTime, (j++)]): null&#xD;
&#xD;
2019-07-19 13:04:32 - [TEST_STEP][PASSED] - if (!(verifyElementClickable(testObject, OPTIONAL) &amp;&amp; verifyElementVisible(testObject, OPTIONAL) &amp;&amp; verifyElementPresent(testObject, 5, OPTIONAL))): Object 'Object Repository/ARMORDashboard/Dashboard' is present&#xD;
&#xD;
2019-07-19 13:04:32 - [MESSAGE][PASSED] - Object 'Object Repository/ARMORDashboard/Dashboard' is clickable&#xD;
&#xD;
2019-07-19 13:04:32 - [MESSAGE][PASSED] - Object 'Object Repository/ARMORDashboard/Dashboard' is visible&#xD;
&#xD;
2019-07-19 13:04:33 - [MESSAGE][PASSED] - Object 'Object Repository/ARMORDashboard/Dashboard' is present&#xD;
&#xD;
2019-07-19 13:04:33 - [TEST_STEP][PASSED] - else: null&#xD;
&#xD;
2019-07-19 13:04:33 - [TEST_STEP][PASSED] - comment(testObject.toString() + " is ready"): TestObject - 'Object Repository/ARMORDashboard/Dashboard' is ready&#xD;
&#xD;
2019-07-19 13:04:33 - [MESSAGE][INFO] - TestObject - 'Object Repository/ARMORDashboard/Dashboard' is ready&#xD;
&#xD;
2019-07-19 13:04:33 - [TEST_STEP][PASSED] - waitForElementPresent(testObject, 20): Object 'Object Repository/ARMORDashboard/Dashboard' is present&#xD;
&#xD;
2019-07-19 13:04:33 - [MESSAGE][PASSED] - Object 'Object Repository/ARMORDashboard/Dashboard' is present&#xD;
&#xD;
2019-07-19 13:04:33 - [TEST_STEP][PASSED] - waitForElementVisible(testObject, 20): Object 'Object Repository/ARMORDashboard/Dashboard' is visible&#xD;
&#xD;
2019-07-19 13:04:33 - [MESSAGE][PASSED] - Object 'Object Repository/ARMORDashboard/Dashboard' is visible&#xD;
&#xD;
2019-07-19 13:04:33 - [TEST_STEP][PASSED] - waitForElementClickable(testObject, 20): Object 'Object Repository/ARMORDashboard/Dashboard' is clickable&#xD;
&#xD;
2019-07-19 13:04:33 - [MESSAGE][PASSED] - Object 'Object Repository/ARMORDashboard/Dashboard' is clickable&#xD;
&#xD;
2019-07-19 13:04:33 - [TEST_STEP][PASSED] - waitForJQueryLoad(10, OPTIONAL): jQuery is ready.&#xD;
&#xD;
2019-07-19 13:04:33 - [MESSAGE][PASSED] - jQuery is ready.&#xD;
&#xD;
2019-07-19 13:04:33 - [TEST_STEP][PASSED] - click(testObject): Object: 'Object Repository/ARMORDashboard/Dashboard' is clicked on&#xD;
&#xD;
2019-07-19 13:04:33 - [MESSAGE][PASSED] - Object: 'Object Repository/ARMORDashboard/Dashboard' is clicked on&#xD;
&#xD;
2019-07-19 13:04:33 - [TEST_STEP][PASSED] - break: null&#xD;
&#xD;
2019-07-19 13:04:33 - [TEST_STEP][PASSED] - smartWaitClickableAndClick(findTestObject("Object Repository/ARMORDashboard/Floor Plan"), 20): null&#xD;
&#xD;
2019-07-19 13:04:33 - [TEST_STEP][PASSED] - for ([j = 0, j &lt;= waitTime, (j++)]): null&#xD;
&#xD;
2019-07-19 13:04:33 - [TEST_STEP][PASSED] - if (!(verifyElementClickable(testObject, OPTIONAL) &amp;&amp; verifyElementVisible(testObject, OPTIONAL) &amp;&amp; verifyElementPresent(testObject, 5, OPTIONAL))): Object 'Object Repository/ARMORDashboard/Floor Plan' is present&#xD;
&#xD;
2019-07-19 13:04:33 - [MESSAGE][PASSED] - Object 'Object Repository/ARMORDashboard/Floor Plan' is clickable&#xD;
&#xD;
2019-07-19 13:04:33 - [MESSAGE][PASSED] - Object 'Object Repository/ARMORDashboard/Floor Plan' is visible&#xD;
&#xD;
2019-07-19 13:04:34 - [MESSAGE][PASSED] - Object 'Object Repository/ARMORDashboard/Floor Plan' is present&#xD;
&#xD;
2019-07-19 13:04:34 - [TEST_STEP][PASSED] - else: null&#xD;
&#xD;
2019-07-19 13:04:34 - [TEST_STEP][PASSED] - comment(testObject.toString() + " is ready"): TestObject - 'Object Repository/ARMORDashboard/Floor Plan' is ready&#xD;
&#xD;
2019-07-19 13:04:34 - [MESSAGE][INFO] - TestObject - 'Object Repository/ARMORDashboard/Floor Plan' is ready&#xD;
&#xD;
2019-07-19 13:04:34 - [TEST_STEP][PASSED] - waitForElementPresent(testObject, 20): Object 'Object Repository/ARMORDashboard/Floor Plan' is present&#xD;
&#xD;
2019-07-19 13:04:34 - [MESSAGE][PASSED] - Object 'Object Repository/ARMORDashboard/Floor Plan' is present&#xD;
&#xD;
2019-07-19 13:04:34 - [TEST_STEP][PASSED] - waitForElementVisible(testObject, 20): Object 'Object Repository/ARMORDashboard/Floor Plan' is visible&#xD;
&#xD;
2019-07-19 13:04:34 - [MESSAGE][PASSED] - Object 'Object Repository/ARMORDashboard/Floor Plan' is visible&#xD;
&#xD;
2019-07-19 13:04:34 - [TEST_STEP][PASSED] - waitForElementClickable(testObject, 20): Object 'Object Repository/ARMORDashboard/Floor Plan' is clickable&#xD;
&#xD;
2019-07-19 13:04:34 - [MESSAGE][PASSED] - Object 'Object Repository/ARMORDashboard/Floor Plan' is clickable&#xD;
&#xD;
2019-07-19 13:04:34 - [TEST_STEP][PASSED] - waitForJQueryLoad(10, OPTIONAL): jQuery is ready.&#xD;
&#xD;
2019-07-19 13:04:34 - [MESSAGE][PASSED] - jQuery is ready.&#xD;
&#xD;
2019-07-19 13:04:34 - [TEST_STEP][PASSED] - click(testObject): Object: 'Object Repository/ARMORDashboard/Floor Plan' is clicked on&#xD;
&#xD;
2019-07-19 13:04:37 - [MESSAGE][PASSED] - Object: 'Object Repository/ARMORDashboard/Floor Plan' is clicked on&#xD;
&#xD;
2019-07-19 13:04:37 - [TEST_STEP][PASSED] - break: null&#xD;
&#xD;
2019-07-19 13:04:37 - [TEST_STEP][PASSED] - smartWaitClickableAndClick(findTestObject("Object Repository/ARMORDashboard/button_Generate Coordinate"), 20): null&#xD;
&#xD;
2019-07-19 13:04:37 - [TEST_STEP][PASSED] - for ([j = 0, j &lt;= waitTime, (j++)]): null&#xD;
&#xD;
2019-07-19 13:04:37 - [TEST_STEP][PASSED] - if (!(verifyElementClickable(testObject, OPTIONAL) &amp;&amp; verifyElementVisible(testObject, OPTIONAL) &amp;&amp; verifyElementPresent(testObject, 5, OPTIONAL))): Object 'Object Repository/ARMORDashboard/button_Generate Coordinate' is present&#xD;
&#xD;
2019-07-19 13:04:37 - [MESSAGE][PASSED] - Object 'Object Repository/ARMORDashboard/button_Generate Coordinate' is clickable&#xD;
&#xD;
2019-07-19 13:04:37 - [MESSAGE][PASSED] - Object 'Object Repository/ARMORDashboard/button_Generate Coordinate' is visible&#xD;
&#xD;
2019-07-19 13:04:37 - [MESSAGE][PASSED] - Object 'Object Repository/ARMORDashboard/button_Generate Coordinate' is present&#xD;
&#xD;
2019-07-19 13:04:37 - [TEST_STEP][PASSED] - else: null&#xD;
&#xD;
2019-07-19 13:04:37 - [TEST_STEP][PASSED] - comment(testObject.toString() + " is ready"): TestObject - 'Object Repository/ARMORDashboard/button_Generate Coordinate' is ready&#xD;
&#xD;
2019-07-19 13:04:37 - [MESSAGE][INFO] - TestObject - 'Object Repository/ARMORDashboard/button_Generate Coordinate' is ready&#xD;
&#xD;
2019-07-19 13:04:37 - [TEST_STEP][PASSED] - waitForElementPresent(testObject, 20): Object 'Object Repository/ARMORDashboard/button_Generate Coordinate' is present&#xD;
&#xD;
2019-07-19 13:04:37 - [MESSAGE][PASSED] - Object 'Object Repository/ARMORDashboard/button_Generate Coordinate' is present&#xD;
&#xD;
2019-07-19 13:04:37 - [TEST_STEP][PASSED] - waitForElementVisible(testObject, 20): Object 'Object Repository/ARMORDashboard/button_Generate Coordinate' is visible&#xD;
&#xD;
2019-07-19 13:04:37 - [MESSAGE][PASSED] - Object 'Object Repository/ARMORDashboard/button_Generate Coordinate' is visible&#xD;
&#xD;
2019-07-19 13:04:37 - [TEST_STEP][PASSED] - waitForElementClickable(testObject, 20): Object 'Object Repository/ARMORDashboard/button_Generate Coordinate' is clickable&#xD;
&#xD;
2019-07-19 13:04:37 - [MESSAGE][PASSED] - Object 'Object Repository/ARMORDashboard/button_Generate Coordinate' is clickable&#xD;
&#xD;
2019-07-19 13:04:37 - [TEST_STEP][PASSED] - waitForJQueryLoad(10, OPTIONAL): jQuery is ready.&#xD;
&#xD;
2019-07-19 13:04:37 - [MESSAGE][PASSED] - jQuery is ready.&#xD;
&#xD;
2019-07-19 13:04:37 - [TEST_STEP][PASSED] - click(testObject): Object: 'Object Repository/ARMORDashboard/button_Generate Coordinate' is clicked on&#xD;
&#xD;
2019-07-19 13:04:37 - [MESSAGE][PASSED] - Object: 'Object Repository/ARMORDashboard/button_Generate Coordinate' is clicked on&#xD;
&#xD;
2019-07-19 13:04:37 - [TEST_STEP][PASSED] - break: null&#xD;
&#xD;
2019-07-19 13:04:37 - [TEST_STEP][PASSED] - waitForJQueryLoad(10, OPTIONAL): jQuery is ready.&#xD;
&#xD;
2019-07-19 13:04:38 - [MESSAGE][PASSED] - jQuery is ready.&#xD;
&#xD;
2019-07-19 13:04:38 - [TEST_STEP][PASSED] - delay(2): Delayed 2 second(s)&#xD;
&#xD;
2019-07-19 13:04:39 - [MESSAGE][PASSED] - Delayed 2 second(s)&#xD;
&#xD;
2019-07-19 13:04:39 - [TEST_STEP][PASSED] - setText(findTestObject("Object Repository/ARMORDashboard/input__col"), "" + 8 + Math.random() + 0.5): Text '8' is set on object 'Object Repository/ARMORDashboard/input__col'&#xD;
&#xD;
2019-07-19 13:04:40 - [MESSAGE][PASSED] - Text '8' is set on object 'Object Repository/ARMORDashboard/input__col'&#xD;
&#xD;
2019-07-19 13:04:40 - [TEST_STEP][PASSED] - setText(findTestObject("Object Repository/ARMORDashboard/input__row"), "" + 8 + Math.random() + 0.5): Text '8' is set on object 'Object Repository/ARMORDashboard/input__row'&#xD;
&#xD;
2019-07-19 13:04:40 - [MESSAGE][PASSED] - Text '8' is set on object 'Object Repository/ARMORDashboard/input__row'&#xD;
&#xD;
2019-07-19 13:04:40 - [TEST_STEP][PASSED] - setText(findTestObject("Object Repository/ARMORDashboard/textarea_Description"), "" + Math.random() * 10 + 1): Text '5' is set on object 'Object Repository/ARMORDashboard/textarea_Description'&#xD;
&#xD;
2019-07-19 13:04:41 - [MESSAGE][PASSED] - Text '5' is set on object 'Object Repository/ARMORDashboard/textarea_Description'&#xD;
&#xD;
2019-07-19 13:04:41 - [TEST_STEP][PASSED] - smartWaitClickableAndClick(findTestObject("Object Repository/ARMORDashboard/button_CreateCoordinate"), 20): null&#xD;
&#xD;
2019-07-19 13:04:41 - [TEST_STEP][PASSED] - for ([j = 0, j &lt;= waitTime, (j++)]): null&#xD;
&#xD;
2019-07-19 13:04:41 - [TEST_STEP][PASSED] - if (!(verifyElementClickable(testObject, OPTIONAL) &amp;&amp; verifyElementVisible(testObject, OPTIONAL) &amp;&amp; verifyElementPresent(testObject, 5, OPTIONAL))): Object 'Object Repository/ARMORDashboard/button_CreateCoordinate' is present&#xD;
&#xD;
2019-07-19 13:04:41 - [MESSAGE][PASSED] - Object 'Object Repository/ARMORDashboard/button_CreateCoordinate' is clickable&#xD;
&#xD;
2019-07-19 13:04:41 - [MESSAGE][PASSED] - Object 'Object Repository/ARMORDashboard/button_CreateCoordinate' is visible&#xD;
&#xD;
2019-07-19 13:04:41 - [MESSAGE][PASSED] - Object 'Object Repository/ARMORDashboard/button_CreateCoordinate' is present&#xD;
&#xD;
2019-07-19 13:04:41 - [TEST_STEP][PASSED] - else: null&#xD;
&#xD;
2019-07-19 13:04:41 - [TEST_STEP][PASSED] - comment(testObject.toString() + " is ready"): TestObject - 'Object Repository/ARMORDashboard/button_CreateCoordinate' is ready&#xD;
&#xD;
2019-07-19 13:04:41 - [MESSAGE][INFO] - TestObject - 'Object Repository/ARMORDashboard/button_CreateCoordinate' is ready&#xD;
&#xD;
2019-07-19 13:04:41 - [TEST_STEP][PASSED] - waitForElementPresent(testObject, 20): Object 'Object Repository/ARMORDashboard/button_CreateCoordinate' is present&#xD;
&#xD;
2019-07-19 13:04:41 - [MESSAGE][PASSED] - Object 'Object Repository/ARMORDashboard/button_CreateCoordinate' is present&#xD;
&#xD;
2019-07-19 13:04:41 - [TEST_STEP][PASSED] - waitForElementVisible(testObject, 20): Object 'Object Repository/ARMORDashboard/button_CreateCoordinate' is visible&#xD;
&#xD;
2019-07-19 13:04:41 - [MESSAGE][PASSED] - Object 'Object Repository/ARMORDashboard/button_CreateCoordinate' is visible&#xD;
&#xD;
2019-07-19 13:04:41 - [TEST_STEP][PASSED] - waitForElementClickable(testObject, 20): Object 'Object Repository/ARMORDashboard/button_CreateCoordinate' is clickable&#xD;
&#xD;
2019-07-19 13:04:41 - [MESSAGE][PASSED] - Object 'Object Repository/ARMORDashboard/button_CreateCoordinate' is clickable&#xD;
&#xD;
2019-07-19 13:04:41 - [TEST_STEP][PASSED] - waitForJQueryLoad(10, OPTIONAL): jQuery is ready.&#xD;
&#xD;
2019-07-19 13:04:41 - [MESSAGE][PASSED] - jQuery is ready.&#xD;
&#xD;
2019-07-19 13:04:41 - [TEST_STEP][PASSED] - click(testObject): Object: 'Object Repository/ARMORDashboard/button_CreateCoordinate' is clicked on&#xD;
&#xD;
2019-07-19 13:04:41 - [MESSAGE][PASSED] - Object: 'Object Repository/ARMORDashboard/button_CreateCoordinate' is clicked on&#xD;
&#xD;
2019-07-19 13:04:41 - [TEST_STEP][PASSED] - break: null&#xD;
&#xD;
2019-07-19 13:04:41 - [TEST_STEP][PASSED] - smartWaitClickableAndClick(findTestObject("Object Repository/ARMORDashboard/button_Upload Floor Layout Image"), 20): null&#xD;
&#xD;
2019-07-19 13:04:41 - [TEST_STEP][PASSED] - for ([j = 0, j &lt;= waitTime, (j++)]): null&#xD;
&#xD;
2019-07-19 13:04:41 - [TEST_STEP][PASSED] - if (!(verifyElementClickable(testObject, OPTIONAL) &amp;&amp; verifyElementVisible(testObject, OPTIONAL) &amp;&amp; verifyElementPresent(testObject, 5, OPTIONAL))): Object 'Object Repository/ARMORDashboard/button_Upload Floor Layout Image' is present&#xD;
&#xD;
2019-07-19 13:04:42 - [MESSAGE][PASSED] - Object 'Object Repository/ARMORDashboard/button_Upload Floor Layout Image' is clickable&#xD;
&#xD;
2019-07-19 13:04:42 - [MESSAGE][PASSED] - Object 'Object Repository/ARMORDashboard/button_Upload Floor Layout Image' is visible&#xD;
&#xD;
2019-07-19 13:04:42 - [MESSAGE][PASSED] - Object 'Object Repository/ARMORDashboard/button_Upload Floor Layout Image' is present&#xD;
&#xD;
2019-07-19 13:04:42 - [TEST_STEP][PASSED] - else: null&#xD;
&#xD;
2019-07-19 13:04:42 - [TEST_STEP][PASSED] - comment(testObject.toString() + " is ready"): TestObject - 'Object Repository/ARMORDashboard/button_Upload Floor Layout Image' is ready&#xD;
&#xD;
2019-07-19 13:04:42 - [MESSAGE][INFO] - TestObject - 'Object Repository/ARMORDashboard/button_Upload Floor Layout Image' is ready&#xD;
&#xD;
2019-07-19 13:04:42 - [TEST_STEP][PASSED] - waitForElementPresent(testObject, 20): Object 'Object Repository/ARMORDashboard/button_Upload Floor Layout Image' is present&#xD;
&#xD;
2019-07-19 13:04:42 - [MESSAGE][PASSED] - Object 'Object Repository/ARMORDashboard/button_Upload Floor Layout Image' is present&#xD;
&#xD;
2019-07-19 13:04:42 - [TEST_STEP][PASSED] - waitForElementVisible(testObject, 20): Object 'Object Repository/ARMORDashboard/button_Upload Floor Layout Image' is visible&#xD;
&#xD;
2019-07-19 13:04:42 - [MESSAGE][PASSED] - Object 'Object Repository/ARMORDashboard/button_Upload Floor Layout Image' is visible&#xD;
&#xD;
2019-07-19 13:04:42 - [TEST_STEP][PASSED] - waitForElementClickable(testObject, 20): Object 'Object Repository/ARMORDashboard/button_Upload Floor Layout Image' is clickable&#xD;
&#xD;
2019-07-19 13:04:42 - [MESSAGE][PASSED] - Object 'Object Repository/ARMORDashboard/button_Upload Floor Layout Image' is clickable&#xD;
&#xD;
2019-07-19 13:04:42 - [TEST_STEP][PASSED] - waitForJQueryLoad(10, OPTIONAL): jQuery is ready.&#xD;
&#xD;
2019-07-19 13:04:42 - [MESSAGE][PASSED] - jQuery is ready.&#xD;
&#xD;
2019-07-19 13:04:42 - [TEST_STEP][PASSED] - click(testObject): Object: 'Object Repository/ARMORDashboard/button_Upload Floor Layout Image' is clicked on&#xD;
&#xD;
2019-07-19 13:04:42 - [MESSAGE][PASSED] - Object: 'Object Repository/ARMORDashboard/button_Upload Floor Layout Image' is clicked on&#xD;
&#xD;
2019-07-19 13:04:42 - [TEST_STEP][PASSED] - break: null&#xD;
&#xD;
2019-07-19 13:04:42 - [TEST_STEP][PASSED] - waitForJQueryLoad(10, OPTIONAL): jQuery is ready.&#xD;
&#xD;
2019-07-19 13:04:43 - [MESSAGE][PASSED] - jQuery is ready.&#xD;
&#xD;
2019-07-19 13:04:43 - [TEST_STEP][PASSED] - delay(1): Delayed 1 second(s)&#xD;
&#xD;
2019-07-19 13:04:44 - [MESSAGE][PASSED] - Delayed 1 second(s)&#xD;
&#xD;
2019-07-19 13:04:44 - [TEST_STEP][PASSED] - sendKeys(findTestObject("Object Repository/ARMORDashboard/input_Browse _uploadfp"), "C:\myWork\logo\test.png"): Keys 'C:\myWork\logo\test.png' sent to object: 'Object Repository/ARMORDashboard/input_Browse _uploadfp'&#xD;
&#xD;
2019-07-19 13:04:44 - [MESSAGE][PASSED] - Keys 'C:\myWork\logo\test.png' sent to object: 'Object Repository/ARMORDashboard/input_Browse _uploadfp'&#xD;
&#xD;
2019-07-19 13:04:44 - [TEST_STEP][PASSED] - smartWaitClickableAndClick(findTestObject("Object Repository/ARMORDashboard/CheckUpload"), 20): null&#xD;
&#xD;
2019-07-19 13:04:44 - [TEST_STEP][PASSED] - for ([j = 0, j &lt;= waitTime, (j++)]): null&#xD;
&#xD;
2019-07-19 13:04:44 - [TEST_STEP][PASSED] - if (!(verifyElementClickable(testObject, OPTIONAL) &amp;&amp; verifyElementVisible(testObject, OPTIONAL) &amp;&amp; verifyElementPresent(testObject, 5, OPTIONAL))): Object 'Object Repository/ARMORDashboard/CheckUpload' is present&#xD;
&#xD;
2019-07-19 13:04:44 - [MESSAGE][PASSED] - Object 'Object Repository/ARMORDashboard/CheckUpload' is clickable&#xD;
&#xD;
2019-07-19 13:04:44 - [MESSAGE][PASSED] - Object 'Object Repository/ARMORDashboard/CheckUpload' is visible&#xD;
&#xD;
2019-07-19 13:04:44 - [MESSAGE][PASSED] - Object 'Object Repository/ARMORDashboard/CheckUpload' is present&#xD;
&#xD;
2019-07-19 13:04:44 - [TEST_STEP][PASSED] - else: null&#xD;
&#xD;
2019-07-19 13:04:44 - [TEST_STEP][PASSED] - comment(testObject.toString() + " is ready"): TestObject - 'Object Repository/ARMORDashboard/CheckUpload' is ready&#xD;
&#xD;
2019-07-19 13:04:44 - [MESSAGE][INFO] - TestObject - 'Object Repository/ARMORDashboard/CheckUpload' is ready&#xD;
&#xD;
2019-07-19 13:04:44 - [TEST_STEP][PASSED] - waitForElementPresent(testObject, 20): Object 'Object Repository/ARMORDashboard/CheckUpload' is present&#xD;
&#xD;
2019-07-19 13:04:44 - [MESSAGE][PASSED] - Object 'Object Repository/ARMORDashboard/CheckUpload' is present&#xD;
&#xD;
2019-07-19 13:04:44 - [TEST_STEP][PASSED] - waitForElementVisible(testObject, 20): Object 'Object Repository/ARMORDashboard/CheckUpload' is visible&#xD;
&#xD;
2019-07-19 13:04:45 - [MESSAGE][PASSED] - Object 'Object Repository/ARMORDashboard/CheckUpload' is visible&#xD;
&#xD;
2019-07-19 13:04:45 - [TEST_STEP][PASSED] - waitForElementClickable(testObject, 20): Object 'Object Repository/ARMORDashboard/CheckUpload' is clickable&#xD;
&#xD;
2019-07-19 13:04:45 - [MESSAGE][PASSED] - Object 'Object Repository/ARMORDashboard/CheckUpload' is clickable&#xD;
&#xD;
2019-07-19 13:04:45 - [TEST_STEP][PASSED] - waitForJQueryLoad(10, OPTIONAL): jQuery is ready.&#xD;
&#xD;
2019-07-19 13:04:45 - [MESSAGE][PASSED] - jQuery is ready.&#xD;
&#xD;
2019-07-19 13:04:45 - [TEST_STEP][PASSED] - click(testObject): Object: 'Object Repository/ARMORDashboard/CheckUpload' is clicked on&#xD;
&#xD;
2019-07-19 13:04:45 - [MESSAGE][PASSED] - Object: 'Object Repository/ARMORDashboard/CheckUpload' is clicked on&#xD;
&#xD;
2019-07-19 13:04:45 - [TEST_STEP][PASSED] - break: null&#xD;
&#xD;
2019-07-19 13:04:45 - [TEST_STEP][PASSED] - waitForJQueryLoad(10, OPTIONAL): jQuery is ready.&#xD;
&#xD;
2019-07-19 13:04:45 - [MESSAGE][PASSED] - jQuery is ready.&#xD;
&#xD;
2019-07-19 13:04:45 - [TEST_STEP][PASSED] - delay(2): Delayed 2 second(s)&#xD;
&#xD;
2019-07-19 13:04:47 - [MESSAGE][PASSED] - Delayed 2 second(s)&#xD;
&#xD;
2019-07-19 13:04:47 - [TEST_STEP][PASSED] - clickOffset(findTestObject("Object Repository/ARMORDashboard/canvas"), 500, 500): Object: 'Object Repository/ARMORDashboard/canvas' is clicked on using offset x=500 and y=500&#xD;
&#xD;
2019-07-19 13:04:47 - [MESSAGE][PASSED] - Object: 'Object Repository/ARMORDashboard/canvas' is clicked on using offset x=500 and y=500&#xD;
&#xD;
2019-07-19 13:04:47 - [TEST_STEP][PASSED] - waitForJQueryLoad(10, OPTIONAL): jQuery is ready.&#xD;
&#xD;
2019-07-19 13:04:47 - [MESSAGE][PASSED] - jQuery is ready.&#xD;
&#xD;
2019-07-19 13:04:47 - [TEST_STEP][PASSED] - delay(2): Delayed 2 second(s)&#xD;
&#xD;
2019-07-19 13:04:49 - [MESSAGE][PASSED] - Delayed 2 second(s)&#xD;
&#xD;
2019-07-19 13:04:49 - [TEST_STEP][PASSED] - smartWaitClickableAndClick(findTestObject("Object Repository/ARMORDashboard/selectRack"), 20): null&#xD;
&#xD;
2019-07-19 13:04:49 - [TEST_STEP][PASSED] - for ([j = 0, j &lt;= waitTime, (j++)]): null&#xD;
&#xD;
2019-07-19 13:04:49 - [TEST_STEP][PASSED] - if (!(verifyElementClickable(testObject, OPTIONAL) &amp;&amp; verifyElementVisible(testObject, OPTIONAL) &amp;&amp; verifyElementPresent(testObject, 5, OPTIONAL))): Object 'Object Repository/ARMORDashboard/selectRack' is present&#xD;
&#xD;
2019-07-19 13:04:49 - [MESSAGE][PASSED] - Object 'Object Repository/ARMORDashboard/selectRack' is clickable&#xD;
&#xD;
2019-07-19 13:04:49 - [MESSAGE][PASSED] - Object 'Object Repository/ARMORDashboard/selectRack' is visible&#xD;
&#xD;
2019-07-19 13:04:49 - [MESSAGE][PASSED] - Object 'Object Repository/ARMORDashboard/selectRack' is present&#xD;
&#xD;
2019-07-19 13:04:49 - [TEST_STEP][PASSED] - else: null&#xD;
&#xD;
2019-07-19 13:04:49 - [TEST_STEP][PASSED] - comment(testObject.toString() + " is ready"): TestObject - 'Object Repository/ARMORDashboard/selectRack' is ready&#xD;
&#xD;
2019-07-19 13:04:49 - [MESSAGE][INFO] - TestObject - 'Object Repository/ARMORDashboard/selectRack' is ready&#xD;
&#xD;
2019-07-19 13:04:49 - [TEST_STEP][PASSED] - waitForElementPresent(testObject, 20): Object 'Object Repository/ARMORDashboard/selectRack' is present&#xD;
&#xD;
2019-07-19 13:04:49 - [MESSAGE][PASSED] - Object 'Object Repository/ARMORDashboard/selectRack' is present&#xD;
&#xD;
2019-07-19 13:04:49 - [TEST_STEP][PASSED] - waitForElementVisible(testObject, 20): Object 'Object Repository/ARMORDashboard/selectRack' is visible&#xD;
&#xD;
2019-07-19 13:04:49 - [MESSAGE][PASSED] - Object 'Object Repository/ARMORDashboard/selectRack' is visible&#xD;
&#xD;
2019-07-19 13:04:49 - [TEST_STEP][PASSED] - waitForElementClickable(testObject, 20): Object 'Object Repository/ARMORDashboard/selectRack' is clickable&#xD;
&#xD;
2019-07-19 13:04:49 - [MESSAGE][PASSED] - Object 'Object Repository/ARMORDashboard/selectRack' is clickable&#xD;
&#xD;
2019-07-19 13:04:49 - [TEST_STEP][PASSED] - waitForJQueryLoad(10, OPTIONAL): jQuery is ready.&#xD;
&#xD;
2019-07-19 13:04:49 - [MESSAGE][PASSED] - jQuery is ready.&#xD;
&#xD;
2019-07-19 13:04:49 - [TEST_STEP][PASSED] - click(testObject): Object: 'Object Repository/ARMORDashboard/selectRack' is clicked on&#xD;
&#xD;
2019-07-19 13:04:50 - [MESSAGE][PASSED] - Object: 'Object Repository/ARMORDashboard/selectRack' is clicked on&#xD;
&#xD;
2019-07-19 13:04:50 - [TEST_STEP][PASSED] - break: null&#xD;
&#xD;
2019-07-19 13:04:50 - [TEST_STEP][PASSED] - smartWaitClickableAndClick(findTestObject("Object Repository/ARMORDashboard/button_Create_AddRack"), 20): null&#xD;
&#xD;
2019-07-19 13:04:50 - [TEST_STEP][PASSED] - for ([j = 0, j &lt;= waitTime, (j++)]): null&#xD;
&#xD;
2019-07-19 13:04:50 - [TEST_STEP][PASSED] - if (!(verifyElementClickable(testObject, OPTIONAL) &amp;&amp; verifyElementVisible(testObject, OPTIONAL) &amp;&amp; verifyElementPresent(testObject, 5, OPTIONAL))): Object 'Object Repository/ARMORDashboard/button_Create_AddRack' is present&#xD;
&#xD;
2019-07-19 13:04:50 - [MESSAGE][PASSED] - Object 'Object Repository/ARMORDashboard/button_Create_AddRack' is clickable&#xD;
&#xD;
2019-07-19 13:04:50 - [MESSAGE][PASSED] - Object 'Object Repository/ARMORDashboard/button_Create_AddRack' is visible&#xD;
&#xD;
2019-07-19 13:04:50 - [MESSAGE][PASSED] - Object 'Object Repository/ARMORDashboard/button_Create_AddRack' is present&#xD;
&#xD;
2019-07-19 13:04:50 - [TEST_STEP][PASSED] - else: null&#xD;
&#xD;
2019-07-19 13:04:50 - [TEST_STEP][PASSED] - comment(testObject.toString() + " is ready"): TestObject - 'Object Repository/ARMORDashboard/button_Create_AddRack' is ready&#xD;
&#xD;
2019-07-19 13:04:50 - [MESSAGE][INFO] - TestObject - 'Object Repository/ARMORDashboard/button_Create_AddRack' is ready&#xD;
&#xD;
2019-07-19 13:04:50 - [TEST_STEP][PASSED] - waitForElementPresent(testObject, 20): Object 'Object Repository/ARMORDashboard/button_Create_AddRack' is present&#xD;
&#xD;
2019-07-19 13:04:50 - [MESSAGE][PASSED] - Object 'Object Repository/ARMORDashboard/button_Create_AddRack' is present&#xD;
&#xD;
2019-07-19 13:04:50 - [TEST_STEP][PASSED] - waitForElementVisible(testObject, 20): Object 'Object Repository/ARMORDashboard/button_Create_AddRack' is visible&#xD;
&#xD;
2019-07-19 13:04:50 - [MESSAGE][PASSED] - Object 'Object Repository/ARMORDashboard/button_Create_AddRack' is visible&#xD;
&#xD;
2019-07-19 13:04:50 - [TEST_STEP][PASSED] - waitForElementClickable(testObject, 20): Object 'Object Repository/ARMORDashboard/button_Create_AddRack' is clickable&#xD;
&#xD;
2019-07-19 13:04:50 - [MESSAGE][PASSED] - Object 'Object Repository/ARMORDashboard/button_Create_AddRack' is clickable&#xD;
&#xD;
2019-07-19 13:04:50 - [TEST_STEP][PASSED] - waitForJQueryLoad(10, OPTIONAL): jQuery is ready.&#xD;
&#xD;
2019-07-19 13:04:50 - [MESSAGE][PASSED] - jQuery is ready.&#xD;
&#xD;
2019-07-19 13:04:50 - [TEST_STEP][PASSED] - click(testObject): Object: 'Object Repository/ARMORDashboard/button_Create_AddRack' is clicked on&#xD;
&#xD;
2019-07-19 13:04:50 - [MESSAGE][PASSED] - Object: 'Object Repository/ARMORDashboard/button_Create_AddRack' is clicked on&#xD;
&#xD;
2019-07-19 13:04:50 - [TEST_STEP][PASSED] - break: null&#xD;
&#xD;
2019-07-19 13:04:50 - [TEST_STEP][PASSED] - waitForJQueryLoad(10, OPTIONAL): jQuery is ready.&#xD;
&#xD;
2019-07-19 13:04:50 - [MESSAGE][PASSED] - jQuery is ready.&#xD;
&#xD;
2019-07-19 13:04:50 - [TEST_STEP][PASSED] - delay(2): Delayed 2 second(s)&#xD;
&#xD;
2019-07-19 13:04:52 - [MESSAGE][PASSED] - Delayed 2 second(s)&#xD;
&#xD;
2019-07-19 13:04:52 - [TEST_STEP][PASSED] - smartWaitClickableAndClick(findTestObject("Object Repository/ARMORDashboard/button_Save changes"), 20): null&#xD;
&#xD;
2019-07-19 13:04:52 - [TEST_STEP][PASSED] - for ([j = 0, j &lt;= waitTime, (j++)]): null&#xD;
&#xD;
2019-07-19 13:04:52 - [TEST_STEP][PASSED] - if (!(verifyElementClickable(testObject, OPTIONAL) &amp;&amp; verifyElementVisible(testObject, OPTIONAL) &amp;&amp; verifyElementPresent(testObject, 5, OPTIONAL))): Object 'Object Repository/ARMORDashboard/button_Save changes' is present&#xD;
&#xD;
2019-07-19 13:04:52 - [MESSAGE][PASSED] - Object 'Object Repository/ARMORDashboard/button_Save changes' is clickable&#xD;
&#xD;
2019-07-19 13:04:52 - [MESSAGE][PASSED] - Object 'Object Repository/ARMORDashboard/button_Save changes' is visible&#xD;
&#xD;
2019-07-19 13:04:52 - [MESSAGE][PASSED] - Object 'Object Repository/ARMORDashboard/button_Save changes' is present&#xD;
&#xD;
2019-07-19 13:04:52 - [TEST_STEP][PASSED] - else: null&#xD;
&#xD;
2019-07-19 13:04:52 - [TEST_STEP][PASSED] - comment(testObject.toString() + " is ready"): TestObject - 'Object Repository/ARMORDashboard/button_Save changes' is ready&#xD;
&#xD;
2019-07-19 13:04:52 - [MESSAGE][INFO] - TestObject - 'Object Repository/ARMORDashboard/button_Save changes' is ready&#xD;
&#xD;
2019-07-19 13:04:52 - [TEST_STEP][PASSED] - waitForElementPresent(testObject, 20): Object 'Object Repository/ARMORDashboard/button_Save changes' is present&#xD;
&#xD;
2019-07-19 13:04:52 - [MESSAGE][PASSED] - Object 'Object Repository/ARMORDashboard/button_Save changes' is present&#xD;
&#xD;
2019-07-19 13:04:52 - [TEST_STEP][PASSED] - waitForElementVisible(testObject, 20): Object 'Object Repository/ARMORDashboard/button_Save changes' is visible&#xD;
&#xD;
2019-07-19 13:04:52 - [MESSAGE][PASSED] - Object 'Object Repository/ARMORDashboard/button_Save changes' is visible&#xD;
&#xD;
2019-07-19 13:04:52 - [TEST_STEP][PASSED] - waitForElementClickable(testObject, 20): Object 'Object Repository/ARMORDashboard/button_Save changes' is clickable&#xD;
&#xD;
2019-07-19 13:04:52 - [MESSAGE][PASSED] - Object 'Object Repository/ARMORDashboard/button_Save changes' is clickable&#xD;
&#xD;
2019-07-19 13:04:52 - [TEST_STEP][PASSED] - waitForJQueryLoad(10, OPTIONAL): jQuery is ready.&#xD;
&#xD;
2019-07-19 13:04:52 - [MESSAGE][PASSED] - jQuery is ready.&#xD;
&#xD;
2019-07-19 13:04:52 - [TEST_STEP][PASSED] - click(testObject): Object: 'Object Repository/ARMORDashboard/button_Save changes' is clicked on&#xD;
&#xD;
2019-07-19 13:04:52 - [MESSAGE][PASSED] - Object: 'Object Repository/ARMORDashboard/button_Save changes' is clicked on&#xD;
&#xD;
2019-07-19 13:04:52 - [TEST_STEP][PASSED] - break: null&#xD;
&#xD;
2019-07-19 13:04:52 - [TEST_STEP][PASSED] - smartWaitClickableAndClick(findTestObject("Object Repository/ARMORDashboard/button_checkSave"), 20): null&#xD;
&#xD;
2019-07-19 13:04:52 - [TEST_STEP][PASSED] - for ([j = 0, j &lt;= waitTime, (j++)]): null&#xD;
&#xD;
2019-07-19 13:04:52 - [TEST_STEP][PASSED] - if (!(verifyElementClickable(testObject, OPTIONAL) &amp;&amp; verifyElementVisible(testObject, OPTIONAL) &amp;&amp; verifyElementPresent(testObject, 5, OPTIONAL))): Object 'Object Repository/ARMORDashboard/button_checkSave' is present&#xD;
&#xD;
2019-07-19 13:04:53 - [MESSAGE][PASSED] - Object 'Object Repository/ARMORDashboard/button_checkSave' is clickable&#xD;
&#xD;
2019-07-19 13:04:53 - [MESSAGE][PASSED] - Object 'Object Repository/ARMORDashboard/button_checkSave' is visible&#xD;
&#xD;
2019-07-19 13:04:53 - [MESSAGE][PASSED] - Object 'Object Repository/ARMORDashboard/button_checkSave' is present&#xD;
&#xD;
2019-07-19 13:04:53 - [TEST_STEP][PASSED] - else: null&#xD;
&#xD;
2019-07-19 13:04:53 - [TEST_STEP][PASSED] - comment(testObject.toString() + " is ready"): TestObject - 'Object Repository/ARMORDashboard/button_checkSave' is ready&#xD;
&#xD;
2019-07-19 13:04:53 - [MESSAGE][INFO] - TestObject - 'Object Repository/ARMORDashboard/button_checkSave' is ready&#xD;
&#xD;
2019-07-19 13:04:53 - [TEST_STEP][PASSED] - waitForElementPresent(testObject, 20): Object 'Object Repository/ARMORDashboard/button_checkSave' is present&#xD;
&#xD;
2019-07-19 13:04:53 - [MESSAGE][PASSED] - Object 'Object Repository/ARMORDashboard/button_checkSave' is present&#xD;
&#xD;
2019-07-19 13:04:53 - [TEST_STEP][PASSED] - waitForElementVisible(testObject, 20): Object 'Object Repository/ARMORDashboard/button_checkSave' is visible&#xD;
&#xD;
2019-07-19 13:04:53 - [MESSAGE][PASSED] - Object 'Object Repository/ARMORDashboard/button_checkSave' is visible&#xD;
&#xD;
2019-07-19 13:04:53 - [TEST_STEP][PASSED] - waitForElementClickable(testObject, 20): Object 'Object Repository/ARMORDashboard/button_checkSave' is clickable&#xD;
&#xD;
2019-07-19 13:04:53 - [MESSAGE][PASSED] - Object 'Object Repository/ARMORDashboard/button_checkSave' is clickable&#xD;
&#xD;
2019-07-19 13:04:53 - [TEST_STEP][PASSED] - waitForJQueryLoad(10, OPTIONAL): jQuery is ready.&#xD;
&#xD;
2019-07-19 13:04:53 - [MESSAGE][PASSED] - jQuery is ready.&#xD;
&#xD;
2019-07-19 13:04:53 - [TEST_STEP][PASSED] - click(testObject): Object: 'Object Repository/ARMORDashboard/button_checkSave' is clicked on&#xD;
&#xD;
2019-07-19 13:04:53 - [MESSAGE][PASSED] - Object: 'Object Repository/ARMORDashboard/button_checkSave' is clicked on&#xD;
&#xD;
2019-07-19 13:04:53 - [TEST_STEP][PASSED] - break: null&#xD;
&#xD;
2019-07-19 13:04:53 - [TEST_STEP][PASSED] - smartWaitClickableAndClick(findTestObject("Object Repository/ARMORDashboard/Dashboard"), 20): null&#xD;
&#xD;
2019-07-19 13:04:53 - [TEST_STEP][PASSED] - for ([j = 0, j &lt;= waitTime, (j++)]): null&#xD;
&#xD;
2019-07-19 13:04:53 - [TEST_STEP][PASSED] - if (!(verifyElementClickable(testObject, OPTIONAL) &amp;&amp; verifyElementVisible(testObject, OPTIONAL) &amp;&amp; verifyElementPresent(testObject, 5, OPTIONAL))): Object 'Object Repository/ARMORDashboard/Dashboard' is present&#xD;
&#xD;
2019-07-19 13:04:53 - [MESSAGE][PASSED] - Object 'Object Repository/ARMORDashboard/Dashboard' is clickable&#xD;
&#xD;
2019-07-19 13:04:53 - [MESSAGE][PASSED] - Object 'Object Repository/ARMORDashboard/Dashboard' is visible&#xD;
&#xD;
2019-07-19 13:04:53 - [MESSAGE][PASSED] - Object 'Object Repository/ARMORDashboard/Dashboard' is present&#xD;
&#xD;
2019-07-19 13:04:53 - [TEST_STEP][PASSED] - else: null&#xD;
&#xD;
2019-07-19 13:04:53 - [TEST_STEP][PASSED] - comment(testObject.toString() + " is ready"): TestObject - 'Object Repository/ARMORDashboard/Dashboard' is ready&#xD;
&#xD;
2019-07-19 13:04:53 - [MESSAGE][INFO] - TestObject - 'Object Repository/ARMORDashboard/Dashboard' is ready&#xD;
&#xD;
2019-07-19 13:04:53 - [TEST_STEP][PASSED] - waitForElementPresent(testObject, 20): Object 'Object Repository/ARMORDashboard/Dashboard' is present&#xD;
&#xD;
2019-07-19 13:04:54 - [MESSAGE][PASSED] - Object 'Object Repository/ARMORDashboard/Dashboard' is present&#xD;
&#xD;
2019-07-19 13:04:54 - [TEST_STEP][PASSED] - waitForElementVisible(testObject, 20): Object 'Object Repository/ARMORDashboard/Dashboard' is visible&#xD;
&#xD;
2019-07-19 13:04:54 - [MESSAGE][PASSED] - Object 'Object Repository/ARMORDashboard/Dashboard' is visible&#xD;
&#xD;
2019-07-19 13:04:54 - [TEST_STEP][PASSED] - waitForElementClickable(testObject, 20): Object 'Object Repository/ARMORDashboard/Dashboard' is clickable&#xD;
&#xD;
2019-07-19 13:04:54 - [MESSAGE][PASSED] - Object 'Object Repository/ARMORDashboard/Dashboard' is clickable&#xD;
&#xD;
2019-07-19 13:04:54 - [TEST_STEP][PASSED] - waitForJQueryLoad(10, OPTIONAL): jQuery is ready.&#xD;
&#xD;
2019-07-19 13:04:54 - [MESSAGE][PASSED] - jQuery is ready.&#xD;
&#xD;
2019-07-19 13:04:54 - [TEST_STEP][PASSED] - click(testObject): Object: 'Object Repository/ARMORDashboard/Dashboard' is clicked on&#xD;
&#xD;
2019-07-19 13:04:54 - [MESSAGE][PASSED] - Object: 'Object Repository/ARMORDashboard/Dashboard' is clicked on&#xD;
&#xD;
2019-07-19 13:04:54 - [TEST_STEP][PASSED] - break: null&#xD;
&#xD;
2019-07-19 13:04:54 - [TEST_STEP][PASSED] - smartWaitClickableAndClick(findTestObject("Object Repository/ARMORDashboard/Thresholds"), 20): null&#xD;
&#xD;
2019-07-19 13:04:54 - [TEST_STEP][PASSED] - for ([j = 0, j &lt;= waitTime, (j++)]): null&#xD;
&#xD;
2019-07-19 13:04:54 - [TEST_STEP][PASSED] - if (!(verifyElementClickable(testObject, OPTIONAL) &amp;&amp; verifyElementVisible(testObject, OPTIONAL) &amp;&amp; verifyElementPresent(testObject, 5, OPTIONAL))): Object 'Object Repository/ARMORDashboard/Thresholds' is present&#xD;
&#xD;
2019-07-19 13:04:54 - [MESSAGE][PASSED] - Object 'Object Repository/ARMORDashboard/Thresholds' is clickable&#xD;
&#xD;
2019-07-19 13:04:54 - [MESSAGE][PASSED] - Object 'Object Repository/ARMORDashboard/Thresholds' is visible&#xD;
&#xD;
2019-07-19 13:04:54 - [MESSAGE][PASSED] - Object 'Object Repository/ARMORDashboard/Thresholds' is present&#xD;
&#xD;
2019-07-19 13:04:54 - [TEST_STEP][PASSED] - else: null&#xD;
&#xD;
2019-07-19 13:04:54 - [TEST_STEP][PASSED] - comment(testObject.toString() + " is ready"): TestObject - 'Object Repository/ARMORDashboard/Thresholds' is ready&#xD;
&#xD;
2019-07-19 13:04:54 - [MESSAGE][INFO] - TestObject - 'Object Repository/ARMORDashboard/Thresholds' is ready&#xD;
&#xD;
2019-07-19 13:04:54 - [TEST_STEP][PASSED] - waitForElementPresent(testObject, 20): Object 'Object Repository/ARMORDashboard/Thresholds' is present&#xD;
&#xD;
2019-07-19 13:04:54 - [MESSAGE][PASSED] - Object 'Object Repository/ARMORDashboard/Thresholds' is present&#xD;
&#xD;
2019-07-19 13:04:54 - [TEST_STEP][PASSED] - waitForElementVisible(testObject, 20): Object 'Object Repository/ARMORDashboard/Thresholds' is visible&#xD;
&#xD;
2019-07-19 13:04:54 - [MESSAGE][PASSED] - Object 'Object Repository/ARMORDashboard/Thresholds' is visible&#xD;
&#xD;
2019-07-19 13:04:54 - [TEST_STEP][PASSED] - waitForElementClickable(testObject, 20): Object 'Object Repository/ARMORDashboard/Thresholds' is clickable&#xD;
&#xD;
2019-07-19 13:04:54 - [MESSAGE][PASSED] - Object 'Object Repository/ARMORDashboard/Thresholds' is clickable&#xD;
&#xD;
2019-07-19 13:04:54 - [TEST_STEP][PASSED] - waitForJQueryLoad(10, OPTIONAL): jQuery is ready.&#xD;
&#xD;
2019-07-19 13:04:54 - [MESSAGE][PASSED] - jQuery is ready.&#xD;
&#xD;
2019-07-19 13:04:54 - [TEST_STEP][PASSED] - click(testObject): Object: 'Object Repository/ARMORDashboard/Thresholds' is clicked on&#xD;
&#xD;
2019-07-19 13:04:56 - [MESSAGE][PASSED] - Object: 'Object Repository/ARMORDashboard/Thresholds' is clicked on&#xD;
&#xD;
2019-07-19 13:04:56 - [TEST_STEP][PASSED] - break: null&#xD;
&#xD;
2019-07-19 13:04:56 - [TEST_STEP][PASSED] - smartWaitClickableAndClick(findTestObject("Object Repository/ARMORDashboard/Node Threshold Settings"), 20): null&#xD;
&#xD;
2019-07-19 13:04:56 - [TEST_STEP][PASSED] - for ([j = 0, j &lt;= waitTime, (j++)]): null&#xD;
&#xD;
2019-07-19 13:04:56 - [TEST_STEP][PASSED] - if (!(verifyElementClickable(testObject, OPTIONAL) &amp;&amp; verifyElementVisible(testObject, OPTIONAL) &amp;&amp; verifyElementPresent(testObject, 5, OPTIONAL))): Object 'Object Repository/ARMORDashboard/Node Threshold Settings' is present&#xD;
&#xD;
2019-07-19 13:04:56 - [MESSAGE][PASSED] - Object 'Object Repository/ARMORDashboard/Node Threshold Settings' is clickable&#xD;
&#xD;
2019-07-19 13:04:56 - [MESSAGE][PASSED] - Object 'Object Repository/ARMORDashboard/Node Threshold Settings' is visible&#xD;
&#xD;
2019-07-19 13:04:56 - [MESSAGE][PASSED] - Object 'Object Repository/ARMORDashboard/Node Threshold Settings' is present&#xD;
&#xD;
2019-07-19 13:04:56 - [TEST_STEP][PASSED] - else: null&#xD;
&#xD;
2019-07-19 13:04:56 - [TEST_STEP][PASSED] - comment(testObject.toString() + " is ready"): TestObject - 'Object Repository/ARMORDashboard/Node Threshold Settings' is ready&#xD;
&#xD;
2019-07-19 13:04:56 - [MESSAGE][INFO] - TestObject - 'Object Repository/ARMORDashboard/Node Threshold Settings' is ready&#xD;
&#xD;
2019-07-19 13:04:56 - [TEST_STEP][PASSED] - waitForElementPresent(testObject, 20): Object 'Object Repository/ARMORDashboard/Node Threshold Settings' is present&#xD;
&#xD;
2019-07-19 13:04:56 - [MESSAGE][PASSED] - Object 'Object Repository/ARMORDashboard/Node Threshold Settings' is present&#xD;
&#xD;
2019-07-19 13:04:56 - [TEST_STEP][PASSED] - waitForElementVisible(testObject, 20): Object 'Object Repository/ARMORDashboard/Node Threshold Settings' is visible&#xD;
&#xD;
2019-07-19 13:04:56 - [MESSAGE][PASSED] - Object 'Object Repository/ARMORDashboard/Node Threshold Settings' is visible&#xD;
&#xD;
2019-07-19 13:04:56 - [TEST_STEP][PASSED] - waitForElementClickable(testObject, 20): Object 'Object Repository/ARMORDashboard/Node Threshold Settings' is clickable&#xD;
&#xD;
2019-07-19 13:04:56 - [MESSAGE][PASSED] - Object 'Object Repository/ARMORDashboard/Node Threshold Settings' is clickable&#xD;
&#xD;
2019-07-19 13:04:56 - [TEST_STEP][PASSED] - waitForJQueryLoad(10, OPTIONAL): jQuery is ready.&#xD;
&#xD;
2019-07-19 13:04:56 - [MESSAGE][PASSED] - jQuery is ready.&#xD;
&#xD;
2019-07-19 13:04:56 - [TEST_STEP][PASSED] - click(testObject): Object: 'Object Repository/ARMORDashboard/Node Threshold Settings' is clicked on&#xD;
&#xD;
2019-07-19 13:04:56 - [MESSAGE][PASSED] - Object: 'Object Repository/ARMORDashboard/Node Threshold Settings' is clicked on&#xD;
&#xD;
2019-07-19 13:04:56 - [TEST_STEP][PASSED] - break: null&#xD;
&#xD;
2019-07-19 13:04:56 - [TEST_STEP][PASSED] - smartWaitClickableAndClick(findTestObject("Object Repository/ARMORDashboard/a_600 W"), 20): null&#xD;
&#xD;
2019-07-19 13:04:56 - [TEST_STEP][PASSED] - for ([j = 0, j &lt;= waitTime, (j++)]): null&#xD;
&#xD;
2019-07-19 13:04:56 - [TEST_STEP][PASSED] - if (!(verifyElementClickable(testObject, OPTIONAL) &amp;&amp; verifyElementVisible(testObject, OPTIONAL) &amp;&amp; verifyElementPresent(testObject, 5, OPTIONAL))): Object 'Object Repository/ARMORDashboard/a_600 W' is present&#xD;
&#xD;
2019-07-19 13:04:56 - [MESSAGE][PASSED] - Object 'Object Repository/ARMORDashboard/a_600 W' is clickable&#xD;
&#xD;
2019-07-19 13:04:57 - [MESSAGE][PASSED] - Object 'Object Repository/ARMORDashboard/a_600 W' is visible&#xD;
&#xD;
2019-07-19 13:04:57 - [MESSAGE][PASSED] - Object 'Object Repository/ARMORDashboard/a_600 W' is present&#xD;
&#xD;
2019-07-19 13:04:57 - [TEST_STEP][PASSED] - else: null&#xD;
&#xD;
2019-07-19 13:04:57 - [TEST_STEP][PASSED] - comment(testObject.toString() + " is ready"): TestObject - 'Object Repository/ARMORDashboard/a_600 W' is ready&#xD;
&#xD;
2019-07-19 13:04:57 - [MESSAGE][INFO] - TestObject - 'Object Repository/ARMORDashboard/a_600 W' is ready&#xD;
&#xD;
2019-07-19 13:04:57 - [TEST_STEP][PASSED] - waitForElementPresent(testObject, 20): Object 'Object Repository/ARMORDashboard/a_600 W' is present&#xD;
&#xD;
2019-07-19 13:04:57 - [MESSAGE][PASSED] - Object 'Object Repository/ARMORDashboard/a_600 W' is present&#xD;
&#xD;
2019-07-19 13:04:57 - [TEST_STEP][PASSED] - waitForElementVisible(testObject, 20): Object 'Object Repository/ARMORDashboard/a_600 W' is visible&#xD;
&#xD;
2019-07-19 13:04:57 - [MESSAGE][PASSED] - Object 'Object Repository/ARMORDashboard/a_600 W' is visible&#xD;
&#xD;
2019-07-19 13:04:57 - [TEST_STEP][PASSED] - waitForElementClickable(testObject, 20): Object 'Object Repository/ARMORDashboard/a_600 W' is clickable&#xD;
&#xD;
2019-07-19 13:04:57 - [MESSAGE][PASSED] - Object 'Object Repository/ARMORDashboard/a_600 W' is clickable&#xD;
&#xD;
2019-07-19 13:04:57 - [TEST_STEP][PASSED] - waitForJQueryLoad(10, OPTIONAL): jQuery is ready.&#xD;
&#xD;
2019-07-19 13:04:57 - [MESSAGE][PASSED] - jQuery is ready.&#xD;
&#xD;
2019-07-19 13:04:57 - [TEST_STEP][PASSED] - click(testObject): Object: 'Object Repository/ARMORDashboard/a_600 W' is clicked on&#xD;
&#xD;
2019-07-19 13:04:57 - [MESSAGE][PASSED] - Object: 'Object Repository/ARMORDashboard/a_600 W' is clicked on&#xD;
&#xD;
2019-07-19 13:04:57 - [TEST_STEP][PASSED] - break: null&#xD;
&#xD;
2019-07-19 13:04:57 - [TEST_STEP][PASSED] - setText(findTestObject("Object Repository/ARMORDashboard/input_setNum"), "550"): Text '550' is set on object 'Object Repository/ARMORDashboard/input_setNum'&#xD;
&#xD;
2019-07-19 13:04:57 - [MESSAGE][PASSED] - Text '550' is set on object 'Object Repository/ARMORDashboard/input_setNum'&#xD;
&#xD;
2019-07-19 13:04:57 - [TEST_STEP][PASSED] - smartWaitClickableAndClick(findTestObject("Object Repository/ARMORDashboard/button_checkSetNum"), 20): null&#xD;
&#xD;
2019-07-19 13:04:57 - [TEST_STEP][PASSED] - for ([j = 0, j &lt;= waitTime, (j++)]): null&#xD;
&#xD;
2019-07-19 13:04:57 - [TEST_STEP][PASSED] - if (!(verifyElementClickable(testObject, OPTIONAL) &amp;&amp; verifyElementVisible(testObject, OPTIONAL) &amp;&amp; verifyElementPresent(testObject, 5, OPTIONAL))): Object 'Object Repository/ARMORDashboard/button_checkSetNum' is present&#xD;
&#xD;
2019-07-19 13:04:57 - [MESSAGE][PASSED] - Object 'Object Repository/ARMORDashboard/button_checkSetNum' is clickable&#xD;
&#xD;
2019-07-19 13:04:57 - [MESSAGE][PASSED] - Object 'Object Repository/ARMORDashboard/button_checkSetNum' is visible&#xD;
&#xD;
2019-07-19 13:04:57 - [MESSAGE][PASSED] - Object 'Object Repository/ARMORDashboard/button_checkSetNum' is present&#xD;
&#xD;
2019-07-19 13:04:57 - [TEST_STEP][PASSED] - else: null&#xD;
&#xD;
2019-07-19 13:04:57 - [TEST_STEP][PASSED] - comment(testObject.toString() + " is ready"): TestObject - 'Object Repository/ARMORDashboard/button_checkSetNum' is ready&#xD;
&#xD;
2019-07-19 13:04:57 - [MESSAGE][INFO] - TestObject - 'Object Repository/ARMORDashboard/button_checkSetNum' is ready&#xD;
&#xD;
2019-07-19 13:04:57 - [TEST_STEP][PASSED] - waitForElementPresent(testObject, 20): Object 'Object Repository/ARMORDashboard/button_checkSetNum' is present&#xD;
&#xD;
2019-07-19 13:04:57 - [MESSAGE][PASSED] - Object 'Object Repository/ARMORDashboard/button_checkSetNum' is present&#xD;
&#xD;
2019-07-19 13:04:57 - [TEST_STEP][PASSED] - waitForElementVisible(testObject, 20): Object 'Object Repository/ARMORDashboard/button_checkSetNum' is visible&#xD;
&#xD;
2019-07-19 13:04:57 - [MESSAGE][PASSED] - Object 'Object Repository/ARMORDashboard/button_checkSetNum' is visible&#xD;
&#xD;
2019-07-19 13:04:57 - [TEST_STEP][PASSED] - waitForElementClickable(testObject, 20): Object 'Object Repository/ARMORDashboard/button_checkSetNum' is clickable&#xD;
&#xD;
2019-07-19 13:04:57 - [MESSAGE][PASSED] - Object 'Object Repository/ARMORDashboard/button_checkSetNum' is clickable&#xD;
&#xD;
2019-07-19 13:04:57 - [TEST_STEP][PASSED] - waitForJQueryLoad(10, OPTIONAL): jQuery is ready.&#xD;
&#xD;
2019-07-19 13:04:58 - [MESSAGE][PASSED] - jQuery is ready.&#xD;
&#xD;
2019-07-19 13:04:58 - [TEST_STEP][PASSED] - click(testObject): Object: 'Object Repository/ARMORDashboard/button_checkSetNum' is clicked on&#xD;
&#xD;
2019-07-19 13:04:58 - [MESSAGE][PASSED] - Object: 'Object Repository/ARMORDashboard/button_checkSetNum' is clicked on&#xD;
&#xD;
2019-07-19 13:04:58 - [TEST_STEP][PASSED] - break: null&#xD;
&#xD;
2019-07-19 13:04:58 - [TEST_STEP][PASSED] - smartWaitClickableAndClick(findTestObject("Object Repository/ARMORDashboard/a_600 W"), 20): null&#xD;
&#xD;
2019-07-19 13:04:58 - [TEST_STEP][PASSED] - for ([j = 0, j &lt;= waitTime, (j++)]): null&#xD;
&#xD;
2019-07-19 13:04:58 - [TEST_STEP][PASSED] - if (!(verifyElementClickable(testObject, OPTIONAL) &amp;&amp; verifyElementVisible(testObject, OPTIONAL) &amp;&amp; verifyElementPresent(testObject, 5, OPTIONAL))): Object 'Object Repository/ARMORDashboard/a_600 W' is present&#xD;
&#xD;
2019-07-19 13:04:58 - [MESSAGE][PASSED] - Object 'Object Repository/ARMORDashboard/a_600 W' is clickable&#xD;
&#xD;
2019-07-19 13:04:58 - [MESSAGE][PASSED] - Object 'Object Repository/ARMORDashboard/a_600 W' is visible&#xD;
&#xD;
2019-07-19 13:04:58 - [MESSAGE][PASSED] - Object 'Object Repository/ARMORDashboard/a_600 W' is present&#xD;
&#xD;
2019-07-19 13:04:58 - [TEST_STEP][PASSED] - else: null&#xD;
&#xD;
2019-07-19 13:04:58 - [TEST_STEP][PASSED] - comment(testObject.toString() + " is ready"): TestObject - 'Object Repository/ARMORDashboard/a_600 W' is ready&#xD;
&#xD;
2019-07-19 13:04:58 - [MESSAGE][INFO] - TestObject - 'Object Repository/ARMORDashboard/a_600 W' is ready&#xD;
&#xD;
2019-07-19 13:04:58 - [TEST_STEP][PASSED] - waitForElementPresent(testObject, 20): Object 'Object Repository/ARMORDashboard/a_600 W' is present&#xD;
&#xD;
2019-07-19 13:04:58 - [MESSAGE][PASSED] - Object 'Object Repository/ARMORDashboard/a_600 W' is present&#xD;
&#xD;
2019-07-19 13:04:58 - [TEST_STEP][PASSED] - waitForElementVisible(testObject, 20): Object 'Object Repository/ARMORDashboard/a_600 W' is visible&#xD;
&#xD;
2019-07-19 13:04:58 - [MESSAGE][PASSED] - Object 'Object Repository/ARMORDashboard/a_600 W' is visible&#xD;
&#xD;
2019-07-19 13:04:58 - [TEST_STEP][PASSED] - waitForElementClickable(testObject, 20): Object 'Object Repository/ARMORDashboard/a_600 W' is clickable&#xD;
&#xD;
2019-07-19 13:04:58 - [MESSAGE][PASSED] - Object 'Object Repository/ARMORDashboard/a_600 W' is clickable&#xD;
&#xD;
2019-07-19 13:04:58 - [TEST_STEP][PASSED] - waitForJQueryLoad(10, OPTIONAL): jQuery is ready.&#xD;
&#xD;
2019-07-19 13:04:58 - [MESSAGE][PASSED] - jQuery is ready.&#xD;
&#xD;
2019-07-19 13:04:58 - [TEST_STEP][PASSED] - click(testObject): Object: 'Object Repository/ARMORDashboard/a_600 W' is clicked on&#xD;
&#xD;
2019-07-19 13:04:58 - [MESSAGE][PASSED] - Object: 'Object Repository/ARMORDashboard/a_600 W' is clicked on&#xD;
&#xD;
2019-07-19 13:04:58 - [TEST_STEP][PASSED] - break: null&#xD;
&#xD;
2019-07-19 13:04:58 - [TEST_STEP][PASSED] - setText(findTestObject("Object Repository/ARMORDashboard/input_setNum"), "600"): Text '600' is set on object 'Object Repository/ARMORDashboard/input_setNum'&#xD;
&#xD;
2019-07-19 13:04:58 - [MESSAGE][PASSED] - Text '600' is set on object 'Object Repository/ARMORDashboard/input_setNum'&#xD;
&#xD;
2019-07-19 13:04:58 - [TEST_STEP][PASSED] - smartWaitClickableAndClick(findTestObject("Object Repository/ARMORDashboard/button_checkSetNum"), 20): null&#xD;
&#xD;
2019-07-19 13:04:58 - [TEST_STEP][PASSED] - for ([j = 0, j &lt;= waitTime, (j++)]): null&#xD;
&#xD;
2019-07-19 13:04:58 - [TEST_STEP][PASSED] - if (!(verifyElementClickable(testObject, OPTIONAL) &amp;&amp; verifyElementVisible(testObject, OPTIONAL) &amp;&amp; verifyElementPresent(testObject, 5, OPTIONAL))): Object 'Object Repository/ARMORDashboard/button_checkSetNum' is present&#xD;
&#xD;
2019-07-19 13:04:58 - [MESSAGE][PASSED] - Object 'Object Repository/ARMORDashboard/button_checkSetNum' is clickable&#xD;
&#xD;
2019-07-19 13:04:58 - [MESSAGE][PASSED] - Object 'Object Repository/ARMORDashboard/button_checkSetNum' is visible&#xD;
&#xD;
2019-07-19 13:04:59 - [MESSAGE][PASSED] - Object 'Object Repository/ARMORDashboard/button_checkSetNum' is present&#xD;
&#xD;
2019-07-19 13:04:59 - [TEST_STEP][PASSED] - else: null&#xD;
&#xD;
2019-07-19 13:04:59 - [TEST_STEP][PASSED] - comment(testObject.toString() + " is ready"): TestObject - 'Object Repository/ARMORDashboard/button_checkSetNum' is ready&#xD;
&#xD;
2019-07-19 13:04:59 - [MESSAGE][INFO] - TestObject - 'Object Repository/ARMORDashboard/button_checkSetNum' is ready&#xD;
&#xD;
2019-07-19 13:04:59 - [TEST_STEP][PASSED] - waitForElementPresent(testObject, 20): Object 'Object Repository/ARMORDashboard/button_checkSetNum' is present&#xD;
&#xD;
2019-07-19 13:04:59 - [MESSAGE][PASSED] - Object 'Object Repository/ARMORDashboard/button_checkSetNum' is present&#xD;
&#xD;
2019-07-19 13:04:59 - [TEST_STEP][PASSED] - waitForElementVisible(testObject, 20): Object 'Object Repository/ARMORDashboard/button_checkSetNum' is visible&#xD;
&#xD;
2019-07-19 13:04:59 - [MESSAGE][PASSED] - Object 'Object Repository/ARMORDashboard/button_checkSetNum' is visible&#xD;
&#xD;
2019-07-19 13:04:59 - [TEST_STEP][PASSED] - waitForElementClickable(testObject, 20): Object 'Object Repository/ARMORDashboard/button_checkSetNum' is clickable&#xD;
&#xD;
2019-07-19 13:04:59 - [MESSAGE][PASSED] - Object 'Object Repository/ARMORDashboard/button_checkSetNum' is clickable&#xD;
&#xD;
2019-07-19 13:04:59 - [TEST_STEP][PASSED] - waitForJQueryLoad(10, OPTIONAL): jQuery is ready.&#xD;
&#xD;
2019-07-19 13:04:59 - [MESSAGE][PASSED] - jQuery is ready.&#xD;
&#xD;
2019-07-19 13:04:59 - [TEST_STEP][PASSED] - click(testObject): Object: 'Object Repository/ARMORDashboard/button_checkSetNum' is clicked on&#xD;
&#xD;
2019-07-19 13:04:59 - [MESSAGE][PASSED] - Object: 'Object Repository/ARMORDashboard/button_checkSetNum' is clicked on&#xD;
&#xD;
2019-07-19 13:04:59 - [TEST_STEP][PASSED] - break: null&#xD;
&#xD;
2019-07-19 13:04:59 - [TEST_STEP][PASSED] - smartWaitClickableAndClick(findTestObject("Object Repository/ARMORDashboard/a_80 C0"), 20): null&#xD;
&#xD;
2019-07-19 13:04:59 - [TEST_STEP][PASSED] - for ([j = 0, j &lt;= waitTime, (j++)]): null&#xD;
&#xD;
2019-07-19 13:04:59 - [TEST_STEP][PASSED] - if (!(verifyElementClickable(testObject, OPTIONAL) &amp;&amp; verifyElementVisible(testObject, OPTIONAL) &amp;&amp; verifyElementPresent(testObject, 5, OPTIONAL))): Object 'Object Repository/ARMORDashboard/a_80 C0' is present&#xD;
&#xD;
2019-07-19 13:04:59 - [MESSAGE][PASSED] - Object 'Object Repository/ARMORDashboard/a_80 C0' is clickable&#xD;
&#xD;
2019-07-19 13:04:59 - [MESSAGE][PASSED] - Object 'Object Repository/ARMORDashboard/a_80 C0' is visible&#xD;
&#xD;
2019-07-19 13:04:59 - [MESSAGE][PASSED] - Object 'Object Repository/ARMORDashboard/a_80 C0' is present&#xD;
&#xD;
2019-07-19 13:04:59 - [TEST_STEP][PASSED] - else: null&#xD;
&#xD;
2019-07-19 13:04:59 - [TEST_STEP][PASSED] - comment(testObject.toString() + " is ready"): TestObject - 'Object Repository/ARMORDashboard/a_80 C0' is ready&#xD;
&#xD;
2019-07-19 13:04:59 - [MESSAGE][INFO] - TestObject - 'Object Repository/ARMORDashboard/a_80 C0' is ready&#xD;
&#xD;
2019-07-19 13:04:59 - [TEST_STEP][PASSED] - waitForElementPresent(testObject, 20): Object 'Object Repository/ARMORDashboard/a_80 C0' is present&#xD;
&#xD;
2019-07-19 13:04:59 - [MESSAGE][PASSED] - Object 'Object Repository/ARMORDashboard/a_80 C0' is present&#xD;
&#xD;
2019-07-19 13:04:59 - [TEST_STEP][PASSED] - waitForElementVisible(testObject, 20): Object 'Object Repository/ARMORDashboard/a_80 C0' is visible&#xD;
&#xD;
2019-07-19 13:04:59 - [MESSAGE][PASSED] - Object 'Object Repository/ARMORDashboard/a_80 C0' is visible&#xD;
&#xD;
2019-07-19 13:04:59 - [TEST_STEP][PASSED] - waitForElementClickable(testObject, 20): Object 'Object Repository/ARMORDashboard/a_80 C0' is clickable&#xD;
&#xD;
2019-07-19 13:04:59 - [MESSAGE][PASSED] - Object 'Object Repository/ARMORDashboard/a_80 C0' is clickable&#xD;
&#xD;
2019-07-19 13:04:59 - [TEST_STEP][PASSED] - waitForJQueryLoad(10, OPTIONAL): jQuery is ready.&#xD;
&#xD;
2019-07-19 13:04:59 - [MESSAGE][PASSED] - jQuery is ready.&#xD;
&#xD;
2019-07-19 13:04:59 - [TEST_STEP][PASSED] - click(testObject): Object: 'Object Repository/ARMORDashboard/a_80 C0' is clicked on&#xD;
&#xD;
2019-07-19 13:04:59 - [MESSAGE][PASSED] - Object: 'Object Repository/ARMORDashboard/a_80 C0' is clicked on&#xD;
&#xD;
2019-07-19 13:04:59 - [TEST_STEP][PASSED] - break: null&#xD;
&#xD;
2019-07-19 13:04:59 - [TEST_STEP][PASSED] - setText(findTestObject("Object Repository/ARMORDashboard/input_setNum"), "30"): Text '30' is set on object 'Object Repository/ARMORDashboard/input_setNum'&#xD;
&#xD;
2019-07-19 13:04:59 - [MESSAGE][PASSED] - Text '30' is set on object 'Object Repository/ARMORDashboard/input_setNum'&#xD;
&#xD;
2019-07-19 13:04:59 - [TEST_STEP][PASSED] - smartWaitClickableAndClick(findTestObject("Object Repository/ARMORDashboard/button_checkSetNum"), 20): null&#xD;
&#xD;
2019-07-19 13:04:59 - [TEST_STEP][PASSED] - for ([j = 0, j &lt;= waitTime, (j++)]): null&#xD;
&#xD;
2019-07-19 13:04:59 - [TEST_STEP][PASSED] - if (!(verifyElementClickable(testObject, OPTIONAL) &amp;&amp; verifyElementVisible(testObject, OPTIONAL) &amp;&amp; verifyElementPresent(testObject, 5, OPTIONAL))): Object 'Object Repository/ARMORDashboard/button_checkSetNum' is present&#xD;
&#xD;
2019-07-19 13:05:00 - [MESSAGE][PASSED] - Object 'Object Repository/ARMORDashboard/button_checkSetNum' is clickable&#xD;
&#xD;
2019-07-19 13:05:00 - [MESSAGE][PASSED] - Object 'Object Repository/ARMORDashboard/button_checkSetNum' is visible&#xD;
&#xD;
2019-07-19 13:05:00 - [MESSAGE][PASSED] - Object 'Object Repository/ARMORDashboard/button_checkSetNum' is present&#xD;
&#xD;
2019-07-19 13:05:00 - [TEST_STEP][PASSED] - else: null&#xD;
&#xD;
2019-07-19 13:05:00 - [TEST_STEP][PASSED] - comment(testObject.toString() + " is ready"): TestObject - 'Object Repository/ARMORDashboard/button_checkSetNum' is ready&#xD;
&#xD;
2019-07-19 13:05:00 - [MESSAGE][INFO] - TestObject - 'Object Repository/ARMORDashboard/button_checkSetNum' is ready&#xD;
&#xD;
2019-07-19 13:05:00 - [TEST_STEP][PASSED] - waitForElementPresent(testObject, 20): Object 'Object Repository/ARMORDashboard/button_checkSetNum' is present&#xD;
&#xD;
2019-07-19 13:05:00 - [MESSAGE][PASSED] - Object 'Object Repository/ARMORDashboard/button_checkSetNum' is present&#xD;
&#xD;
2019-07-19 13:05:00 - [TEST_STEP][PASSED] - waitForElementVisible(testObject, 20): Object 'Object Repository/ARMORDashboard/button_checkSetNum' is visible&#xD;
&#xD;
2019-07-19 13:05:00 - [MESSAGE][PASSED] - Object 'Object Repository/ARMORDashboard/button_checkSetNum' is visible&#xD;
&#xD;
2019-07-19 13:05:00 - [TEST_STEP][PASSED] - waitForElementClickable(testObject, 20): Object 'Object Repository/ARMORDashboard/button_checkSetNum' is clickable&#xD;
&#xD;
2019-07-19 13:05:00 - [MESSAGE][PASSED] - Object 'Object Repository/ARMORDashboard/button_checkSetNum' is clickable&#xD;
&#xD;
2019-07-19 13:05:00 - [TEST_STEP][PASSED] - waitForJQueryLoad(10, OPTIONAL): jQuery is ready.&#xD;
&#xD;
2019-07-19 13:05:00 - [MESSAGE][PASSED] - jQuery is ready.&#xD;
&#xD;
2019-07-19 13:05:00 - [TEST_STEP][PASSED] - click(testObject): Object: 'Object Repository/ARMORDashboard/button_checkSetNum' is clicked on&#xD;
&#xD;
2019-07-19 13:05:00 - [MESSAGE][PASSED] - Object: 'Object Repository/ARMORDashboard/button_checkSetNum' is clicked on&#xD;
&#xD;
2019-07-19 13:05:00 - [TEST_STEP][PASSED] - break: null&#xD;
&#xD;
2019-07-19 13:05:00 - [TEST_STEP][PASSED] - smartWaitClickableAndClick(findTestObject("Object Repository/ARMORDashboard/a_80 C0"), 20): null&#xD;
&#xD;
2019-07-19 13:05:00 - [TEST_STEP][PASSED] - for ([j = 0, j &lt;= waitTime, (j++)]): null&#xD;
&#xD;
2019-07-19 13:05:00 - [TEST_STEP][PASSED] - if (!(verifyElementClickable(testObject, OPTIONAL) &amp;&amp; verifyElementVisible(testObject, OPTIONAL) &amp;&amp; verifyElementPresent(testObject, 5, OPTIONAL))): Object 'Object Repository/ARMORDashboard/a_80 C0' is present&#xD;
&#xD;
2019-07-19 13:05:00 - [MESSAGE][PASSED] - Object 'Object Repository/ARMORDashboard/a_80 C0' is clickable&#xD;
&#xD;
2019-07-19 13:05:00 - [MESSAGE][PASSED] - Object 'Object Repository/ARMORDashboard/a_80 C0' is visible&#xD;
&#xD;
2019-07-19 13:05:00 - [MESSAGE][PASSED] - Object 'Object Repository/ARMORDashboard/a_80 C0' is present&#xD;
&#xD;
2019-07-19 13:05:00 - [TEST_STEP][PASSED] - else: null&#xD;
&#xD;
2019-07-19 13:05:00 - [TEST_STEP][PASSED] - comment(testObject.toString() + " is ready"): TestObject - 'Object Repository/ARMORDashboard/a_80 C0' is ready&#xD;
&#xD;
2019-07-19 13:05:00 - [MESSAGE][INFO] - TestObject - 'Object Repository/ARMORDashboard/a_80 C0' is ready&#xD;
&#xD;
2019-07-19 13:05:00 - [TEST_STEP][PASSED] - waitForElementPresent(testObject, 20): Object 'Object Repository/ARMORDashboard/a_80 C0' is present&#xD;
&#xD;
2019-07-19 13:05:00 - [MESSAGE][PASSED] - Object 'Object Repository/ARMORDashboard/a_80 C0' is present&#xD;
&#xD;
2019-07-19 13:05:00 - [TEST_STEP][PASSED] - waitForElementVisible(testObject, 20): Object 'Object Repository/ARMORDashboard/a_80 C0' is visible&#xD;
&#xD;
2019-07-19 13:05:00 - [MESSAGE][PASSED] - Object 'Object Repository/ARMORDashboard/a_80 C0' is visible&#xD;
&#xD;
2019-07-19 13:05:00 - [TEST_STEP][PASSED] - waitForElementClickable(testObject, 20): Object 'Object Repository/ARMORDashboard/a_80 C0' is clickable&#xD;
&#xD;
2019-07-19 13:05:00 - [MESSAGE][PASSED] - Object 'Object Repository/ARMORDashboard/a_80 C0' is clickable&#xD;
&#xD;
2019-07-19 13:05:00 - [TEST_STEP][PASSED] - waitForJQueryLoad(10, OPTIONAL): jQuery is ready.&#xD;
&#xD;
2019-07-19 13:05:00 - [MESSAGE][PASSED] - jQuery is ready.&#xD;
&#xD;
2019-07-19 13:05:00 - [TEST_STEP][PASSED] - click(testObject): Object: 'Object Repository/ARMORDashboard/a_80 C0' is clicked on&#xD;
&#xD;
2019-07-19 13:05:00 - [MESSAGE][PASSED] - Object: 'Object Repository/ARMORDashboard/a_80 C0' is clicked on&#xD;
&#xD;
2019-07-19 13:05:00 - [TEST_STEP][PASSED] - break: null&#xD;
&#xD;
2019-07-19 13:05:00 - [TEST_STEP][PASSED] - setText(findTestObject("Object Repository/ARMORDashboard/input_setNum"), "80"): Text '80' is set on object 'Object Repository/ARMORDashboard/input_setNum'&#xD;
&#xD;
2019-07-19 13:05:01 - [MESSAGE][PASSED] - Text '80' is set on object 'Object Repository/ARMORDashboard/input_setNum'&#xD;
&#xD;
2019-07-19 13:05:01 - [TEST_STEP][PASSED] - smartWaitClickableAndClick(findTestObject("Object Repository/ARMORDashboard/button_checkSetNum"), 20): null&#xD;
&#xD;
2019-07-19 13:05:01 - [TEST_STEP][PASSED] - for ([j = 0, j &lt;= waitTime, (j++)]): null&#xD;
&#xD;
2019-07-19 13:05:01 - [TEST_STEP][PASSED] - if (!(verifyElementClickable(testObject, OPTIONAL) &amp;&amp; verifyElementVisible(testObject, OPTIONAL) &amp;&amp; verifyElementPresent(testObject, 5, OPTIONAL))): Object 'Object Repository/ARMORDashboard/button_checkSetNum' is present&#xD;
&#xD;
2019-07-19 13:05:01 - [MESSAGE][PASSED] - Object 'Object Repository/ARMORDashboard/button_checkSetNum' is clickable&#xD;
&#xD;
2019-07-19 13:05:01 - [MESSAGE][PASSED] - Object 'Object Repository/ARMORDashboard/button_checkSetNum' is visible&#xD;
&#xD;
2019-07-19 13:05:01 - [MESSAGE][PASSED] - Object 'Object Repository/ARMORDashboard/button_checkSetNum' is present&#xD;
&#xD;
2019-07-19 13:05:01 - [TEST_STEP][PASSED] - else: null&#xD;
&#xD;
2019-07-19 13:05:01 - [TEST_STEP][PASSED] - comment(testObject.toString() + " is ready"): TestObject - 'Object Repository/ARMORDashboard/button_checkSetNum' is ready&#xD;
&#xD;
2019-07-19 13:05:01 - [MESSAGE][INFO] - TestObject - 'Object Repository/ARMORDashboard/button_checkSetNum' is ready&#xD;
&#xD;
2019-07-19 13:05:01 - [TEST_STEP][PASSED] - waitForElementPresent(testObject, 20): Object 'Object Repository/ARMORDashboard/button_checkSetNum' is present&#xD;
&#xD;
2019-07-19 13:05:01 - [MESSAGE][PASSED] - Object 'Object Repository/ARMORDashboard/button_checkSetNum' is present&#xD;
&#xD;
2019-07-19 13:05:01 - [TEST_STEP][PASSED] - waitForElementVisible(testObject, 20): Object 'Object Repository/ARMORDashboard/button_checkSetNum' is visible&#xD;
&#xD;
2019-07-19 13:05:01 - [MESSAGE][PASSED] - Object 'Object Repository/ARMORDashboard/button_checkSetNum' is visible&#xD;
&#xD;
2019-07-19 13:05:01 - [TEST_STEP][PASSED] - waitForElementClickable(testObject, 20): Object 'Object Repository/ARMORDashboard/button_checkSetNum' is clickable&#xD;
&#xD;
2019-07-19 13:05:01 - [MESSAGE][PASSED] - Object 'Object Repository/ARMORDashboard/button_checkSetNum' is clickable&#xD;
&#xD;
2019-07-19 13:05:01 - [TEST_STEP][PASSED] - waitForJQueryLoad(10, OPTIONAL): jQuery is ready.&#xD;
&#xD;
2019-07-19 13:05:01 - [MESSAGE][PASSED] - jQuery is ready.&#xD;
&#xD;
2019-07-19 13:05:01 - [TEST_STEP][PASSED] - click(testObject): Object: 'Object Repository/ARMORDashboard/button_checkSetNum' is clicked on&#xD;
&#xD;
2019-07-19 13:05:01 - [MESSAGE][PASSED] - Object: 'Object Repository/ARMORDashboard/button_checkSetNum' is clicked on&#xD;
&#xD;
2019-07-19 13:05:01 - [TEST_STEP][PASSED] - break: null&#xD;
&#xD;
2019-07-19 13:05:01 - [TEST_STEP][PASSED] - smartWaitClickableAndClick(findTestObject("Object Repository/ARMORDashboard/a_80 C1"), 20): null&#xD;
&#xD;
2019-07-19 13:05:01 - [TEST_STEP][PASSED] - for ([j = 0, j &lt;= waitTime, (j++)]): null&#xD;
&#xD;
2019-07-19 13:05:01 - [TEST_STEP][PASSED] - if (!(verifyElementClickable(testObject, OPTIONAL) &amp;&amp; verifyElementVisible(testObject, OPTIONAL) &amp;&amp; verifyElementPresent(testObject, 5, OPTIONAL))): Object 'Object Repository/ARMORDashboard/a_80 C1' is present&#xD;
&#xD;
2019-07-19 13:05:01 - [MESSAGE][PASSED] - Object 'Object Repository/ARMORDashboard/a_80 C1' is clickable&#xD;
&#xD;
2019-07-19 13:05:01 - [MESSAGE][PASSED] - Object 'Object Repository/ARMORDashboard/a_80 C1' is visible&#xD;
&#xD;
2019-07-19 13:05:01 - [MESSAGE][PASSED] - Object 'Object Repository/ARMORDashboard/a_80 C1' is present&#xD;
&#xD;
2019-07-19 13:05:01 - [TEST_STEP][PASSED] - else: null&#xD;
&#xD;
2019-07-19 13:05:01 - [TEST_STEP][PASSED] - comment(testObject.toString() + " is ready"): TestObject - 'Object Repository/ARMORDashboard/a_80 C1' is ready&#xD;
&#xD;
2019-07-19 13:05:01 - [MESSAGE][INFO] - TestObject - 'Object Repository/ARMORDashboard/a_80 C1' is ready&#xD;
&#xD;
2019-07-19 13:05:01 - [TEST_STEP][PASSED] - waitForElementPresent(testObject, 20): Object 'Object Repository/ARMORDashboard/a_80 C1' is present&#xD;
&#xD;
2019-07-19 13:05:01 - [MESSAGE][PASSED] - Object 'Object Repository/ARMORDashboard/a_80 C1' is present&#xD;
&#xD;
2019-07-19 13:05:01 - [TEST_STEP][PASSED] - waitForElementVisible(testObject, 20): Object 'Object Repository/ARMORDashboard/a_80 C1' is visible&#xD;
&#xD;
2019-07-19 13:05:01 - [MESSAGE][PASSED] - Object 'Object Repository/ARMORDashboard/a_80 C1' is visible&#xD;
&#xD;
2019-07-19 13:05:01 - [TEST_STEP][PASSED] - waitForElementClickable(testObject, 20): Object 'Object Repository/ARMORDashboard/a_80 C1' is clickable&#xD;
&#xD;
2019-07-19 13:05:01 - [MESSAGE][PASSED] - Object 'Object Repository/ARMORDashboard/a_80 C1' is clickable&#xD;
&#xD;
2019-07-19 13:05:01 - [TEST_STEP][PASSED] - waitForJQueryLoad(10, OPTIONAL): jQuery is ready.&#xD;
&#xD;
2019-07-19 13:05:01 - [MESSAGE][PASSED] - jQuery is ready.&#xD;
&#xD;
2019-07-19 13:05:01 - [TEST_STEP][PASSED] - click(testObject): Object: 'Object Repository/ARMORDashboard/a_80 C1' is clicked on&#xD;
&#xD;
2019-07-19 13:05:01 - [MESSAGE][PASSED] - Object: 'Object Repository/ARMORDashboard/a_80 C1' is clicked on&#xD;
&#xD;
2019-07-19 13:05:01 - [TEST_STEP][PASSED] - break: null&#xD;
&#xD;
2019-07-19 13:05:01 - [TEST_STEP][PASSED] - setText(findTestObject("Object Repository/ARMORDashboard/input_setNum"), "30"): Text '30' is set on object 'Object Repository/ARMORDashboard/input_setNum'&#xD;
&#xD;
2019-07-19 13:05:02 - [MESSAGE][PASSED] - Text '30' is set on object 'Object Repository/ARMORDashboard/input_setNum'&#xD;
&#xD;
2019-07-19 13:05:02 - [TEST_STEP][PASSED] - smartWaitClickableAndClick(findTestObject("Object Repository/ARMORDashboard/button_checkSetNum"), 20): null&#xD;
&#xD;
2019-07-19 13:05:02 - [TEST_STEP][PASSED] - for ([j = 0, j &lt;= waitTime, (j++)]): null&#xD;
&#xD;
2019-07-19 13:05:02 - [TEST_STEP][PASSED] - if (!(verifyElementClickable(testObject, OPTIONAL) &amp;&amp; verifyElementVisible(testObject, OPTIONAL) &amp;&amp; verifyElementPresent(testObject, 5, OPTIONAL))): Object 'Object Repository/ARMORDashboard/button_checkSetNum' is present&#xD;
&#xD;
2019-07-19 13:05:02 - [MESSAGE][PASSED] - Object 'Object Repository/ARMORDashboard/button_checkSetNum' is clickable&#xD;
&#xD;
2019-07-19 13:05:02 - [MESSAGE][PASSED] - Object 'Object Repository/ARMORDashboard/button_checkSetNum' is visible&#xD;
&#xD;
2019-07-19 13:05:02 - [MESSAGE][PASSED] - Object 'Object Repository/ARMORDashboard/button_checkSetNum' is present&#xD;
&#xD;
2019-07-19 13:05:02 - [TEST_STEP][PASSED] - else: null&#xD;
&#xD;
2019-07-19 13:05:02 - [TEST_STEP][PASSED] - comment(testObject.toString() + " is ready"): TestObject - 'Object Repository/ARMORDashboard/button_checkSetNum' is ready&#xD;
&#xD;
2019-07-19 13:05:02 - [MESSAGE][INFO] - TestObject - 'Object Repository/ARMORDashboard/button_checkSetNum' is ready&#xD;
&#xD;
2019-07-19 13:05:02 - [TEST_STEP][PASSED] - waitForElementPresent(testObject, 20): Object 'Object Repository/ARMORDashboard/button_checkSetNum' is present&#xD;
&#xD;
2019-07-19 13:05:02 - [MESSAGE][PASSED] - Object 'Object Repository/ARMORDashboard/button_checkSetNum' is present&#xD;
&#xD;
2019-07-19 13:05:02 - [TEST_STEP][PASSED] - waitForElementVisible(testObject, 20): Object 'Object Repository/ARMORDashboard/button_checkSetNum' is visible&#xD;
&#xD;
2019-07-19 13:05:02 - [MESSAGE][PASSED] - Object 'Object Repository/ARMORDashboard/button_checkSetNum' is visible&#xD;
&#xD;
2019-07-19 13:05:02 - [TEST_STEP][PASSED] - waitForElementClickable(testObject, 20): Object 'Object Repository/ARMORDashboard/button_checkSetNum' is clickable&#xD;
&#xD;
2019-07-19 13:05:02 - [MESSAGE][PASSED] - Object 'Object Repository/ARMORDashboard/button_checkSetNum' is clickable&#xD;
&#xD;
2019-07-19 13:05:02 - [TEST_STEP][PASSED] - waitForJQueryLoad(10, OPTIONAL): jQuery is ready.&#xD;
&#xD;
2019-07-19 13:05:02 - [MESSAGE][PASSED] - jQuery is ready.&#xD;
&#xD;
2019-07-19 13:05:02 - [TEST_STEP][PASSED] - click(testObject): Object: 'Object Repository/ARMORDashboard/button_checkSetNum' is clicked on&#xD;
&#xD;
2019-07-19 13:05:02 - [MESSAGE][PASSED] - Object: 'Object Repository/ARMORDashboard/button_checkSetNum' is clicked on&#xD;
&#xD;
2019-07-19 13:05:02 - [TEST_STEP][PASSED] - break: null&#xD;
&#xD;
2019-07-19 13:05:02 - [TEST_STEP][PASSED] - smartWaitClickableAndClick(findTestObject("Object Repository/ARMORDashboard/a_80 C1"), 20): null&#xD;
&#xD;
2019-07-19 13:05:02 - [TEST_STEP][PASSED] - for ([j = 0, j &lt;= waitTime, (j++)]): null&#xD;
&#xD;
2019-07-19 13:05:02 - [TEST_STEP][PASSED] - if (!(verifyElementClickable(testObject, OPTIONAL) &amp;&amp; verifyElementVisible(testObject, OPTIONAL) &amp;&amp; verifyElementPresent(testObject, 5, OPTIONAL))): Object 'Object Repository/ARMORDashboard/a_80 C1' is present&#xD;
&#xD;
2019-07-19 13:05:02 - [MESSAGE][PASSED] - Object 'Object Repository/ARMORDashboard/a_80 C1' is clickable&#xD;
&#xD;
2019-07-19 13:05:02 - [MESSAGE][PASSED] - Object 'Object Repository/ARMORDashboard/a_80 C1' is visible&#xD;
&#xD;
2019-07-19 13:05:02 - [MESSAGE][PASSED] - Object 'Object Repository/ARMORDashboard/a_80 C1' is present&#xD;
&#xD;
2019-07-19 13:05:02 - [TEST_STEP][PASSED] - else: null&#xD;
&#xD;
2019-07-19 13:05:02 - [TEST_STEP][PASSED] - comment(testObject.toString() + " is ready"): TestObject - 'Object Repository/ARMORDashboard/a_80 C1' is ready&#xD;
&#xD;
2019-07-19 13:05:02 - [MESSAGE][INFO] - TestObject - 'Object Repository/ARMORDashboard/a_80 C1' is ready&#xD;
&#xD;
2019-07-19 13:05:02 - [TEST_STEP][PASSED] - waitForElementPresent(testObject, 20): Object 'Object Repository/ARMORDashboard/a_80 C1' is present&#xD;
&#xD;
2019-07-19 13:05:02 - [MESSAGE][PASSED] - Object 'Object Repository/ARMORDashboard/a_80 C1' is present&#xD;
&#xD;
2019-07-19 13:05:02 - [TEST_STEP][PASSED] - waitForElementVisible(testObject, 20): Object 'Object Repository/ARMORDashboard/a_80 C1' is visible&#xD;
&#xD;
2019-07-19 13:05:02 - [MESSAGE][PASSED] - Object 'Object Repository/ARMORDashboard/a_80 C1' is visible&#xD;
&#xD;
2019-07-19 13:05:02 - [TEST_STEP][PASSED] - waitForElementClickable(testObject, 20): Object 'Object Repository/ARMORDashboard/a_80 C1' is clickable&#xD;
&#xD;
2019-07-19 13:05:02 - [MESSAGE][PASSED] - Object 'Object Repository/ARMORDashboard/a_80 C1' is clickable&#xD;
&#xD;
2019-07-19 13:05:02 - [TEST_STEP][PASSED] - waitForJQueryLoad(10, OPTIONAL): jQuery is ready.&#xD;
&#xD;
2019-07-19 13:05:02 - [MESSAGE][PASSED] - jQuery is ready.&#xD;
&#xD;
2019-07-19 13:05:02 - [TEST_STEP][PASSED] - click(testObject): Object: 'Object Repository/ARMORDashboard/a_80 C1' is clicked on&#xD;
&#xD;
2019-07-19 13:05:03 - [MESSAGE][PASSED] - Object: 'Object Repository/ARMORDashboard/a_80 C1' is clicked on&#xD;
&#xD;
2019-07-19 13:05:03 - [TEST_STEP][PASSED] - break: null&#xD;
&#xD;
2019-07-19 13:05:03 - [TEST_STEP][PASSED] - setText(findTestObject("Object Repository/ARMORDashboard/input_setNum"), "80"): Text '80' is set on object 'Object Repository/ARMORDashboard/input_setNum'&#xD;
&#xD;
2019-07-19 13:05:03 - [MESSAGE][PASSED] - Text '80' is set on object 'Object Repository/ARMORDashboard/input_setNum'&#xD;
&#xD;
2019-07-19 13:05:03 - [TEST_STEP][PASSED] - smartWaitClickableAndClick(findTestObject("Object Repository/ARMORDashboard/button_checkSetNum"), 20): null&#xD;
&#xD;
2019-07-19 13:05:03 - [TEST_STEP][PASSED] - for ([j = 0, j &lt;= waitTime, (j++)]): null&#xD;
&#xD;
2019-07-19 13:05:03 - [TEST_STEP][PASSED] - if (!(verifyElementClickable(testObject, OPTIONAL) &amp;&amp; verifyElementVisible(testObject, OPTIONAL) &amp;&amp; verifyElementPresent(testObject, 5, OPTIONAL))): Object 'Object Repository/ARMORDashboard/button_checkSetNum' is present&#xD;
&#xD;
2019-07-19 13:05:03 - [MESSAGE][PASSED] - Object 'Object Repository/ARMORDashboard/button_checkSetNum' is clickable&#xD;
&#xD;
2019-07-19 13:05:03 - [MESSAGE][PASSED] - Object 'Object Repository/ARMORDashboard/button_checkSetNum' is visible&#xD;
&#xD;
2019-07-19 13:05:03 - [MESSAGE][PASSED] - Object 'Object Repository/ARMORDashboard/button_checkSetNum' is present&#xD;
&#xD;
2019-07-19 13:05:03 - [TEST_STEP][PASSED] - else: null&#xD;
&#xD;
2019-07-19 13:05:03 - [TEST_STEP][PASSED] - comment(testObject.toString() + " is ready"): TestObject - 'Object Repository/ARMORDashboard/button_checkSetNum' is ready&#xD;
&#xD;
2019-07-19 13:05:03 - [MESSAGE][INFO] - TestObject - 'Object Repository/ARMORDashboard/button_checkSetNum' is ready&#xD;
&#xD;
2019-07-19 13:05:03 - [TEST_STEP][PASSED] - waitForElementPresent(testObject, 20): Object 'Object Repository/ARMORDashboard/button_checkSetNum' is present&#xD;
&#xD;
2019-07-19 13:05:03 - [MESSAGE][PASSED] - Object 'Object Repository/ARMORDashboard/button_checkSetNum' is present&#xD;
&#xD;
2019-07-19 13:05:03 - [TEST_STEP][PASSED] - waitForElementVisible(testObject, 20): Object 'Object Repository/ARMORDashboard/button_checkSetNum' is visible&#xD;
&#xD;
2019-07-19 13:05:03 - [MESSAGE][PASSED] - Object 'Object Repository/ARMORDashboard/button_checkSetNum' is visible&#xD;
&#xD;
2019-07-19 13:05:03 - [TEST_STEP][PASSED] - waitForElementClickable(testObject, 20): Object 'Object Repository/ARMORDashboard/button_checkSetNum' is clickable&#xD;
&#xD;
2019-07-19 13:05:03 - [MESSAGE][PASSED] - Object 'Object Repository/ARMORDashboard/button_checkSetNum' is clickable&#xD;
&#xD;
2019-07-19 13:05:03 - [TEST_STEP][PASSED] - waitForJQueryLoad(10, OPTIONAL): jQuery is ready.&#xD;
&#xD;
2019-07-19 13:05:03 - [MESSAGE][PASSED] - jQuery is ready.&#xD;
&#xD;
2019-07-19 13:05:03 - [TEST_STEP][PASSED] - click(testObject): Object: 'Object Repository/ARMORDashboard/button_checkSetNum' is clicked on&#xD;
&#xD;
2019-07-19 13:05:03 - [MESSAGE][PASSED] - Object: 'Object Repository/ARMORDashboard/button_checkSetNum' is clicked on&#xD;
&#xD;
2019-07-19 13:05:03 - [TEST_STEP][PASSED] - break: null&#xD;
&#xD;
2019-07-19 13:05:03 - [TEST_STEP][PASSED] - smartWaitClickableAndClick(findTestObject("Object Repository/ARMORDashboard/a_1100 W"), 20): null&#xD;
&#xD;
2019-07-19 13:05:03 - [TEST_STEP][PASSED] - for ([j = 0, j &lt;= waitTime, (j++)]): null&#xD;
&#xD;
2019-07-19 13:05:03 - [TEST_STEP][PASSED] - if (!(verifyElementClickable(testObject, OPTIONAL) &amp;&amp; verifyElementVisible(testObject, OPTIONAL) &amp;&amp; verifyElementPresent(testObject, 5, OPTIONAL))): Object 'Object Repository/ARMORDashboard/a_1100 W' is present&#xD;
&#xD;
2019-07-19 13:05:03 - [MESSAGE][PASSED] - Object 'Object Repository/ARMORDashboard/a_1100 W' is clickable&#xD;
&#xD;
2019-07-19 13:05:03 - [MESSAGE][PASSED] - Object 'Object Repository/ARMORDashboard/a_1100 W' is visible&#xD;
&#xD;
2019-07-19 13:05:03 - [MESSAGE][PASSED] - Object 'Object Repository/ARMORDashboard/a_1100 W' is present&#xD;
&#xD;
2019-07-19 13:05:03 - [TEST_STEP][PASSED] - else: null&#xD;
&#xD;
2019-07-19 13:05:03 - [TEST_STEP][PASSED] - comment(testObject.toString() + " is ready"): TestObject - 'Object Repository/ARMORDashboard/a_1100 W' is ready&#xD;
&#xD;
2019-07-19 13:05:03 - [MESSAGE][INFO] - TestObject - 'Object Repository/ARMORDashboard/a_1100 W' is ready&#xD;
&#xD;
2019-07-19 13:05:03 - [TEST_STEP][PASSED] - waitForElementPresent(testObject, 20): Object 'Object Repository/ARMORDashboard/a_1100 W' is present&#xD;
&#xD;
2019-07-19 13:05:03 - [MESSAGE][PASSED] - Object 'Object Repository/ARMORDashboard/a_1100 W' is present&#xD;
&#xD;
2019-07-19 13:05:03 - [TEST_STEP][PASSED] - waitForElementVisible(testObject, 20): Object 'Object Repository/ARMORDashboard/a_1100 W' is visible&#xD;
&#xD;
2019-07-19 13:05:03 - [MESSAGE][PASSED] - Object 'Object Repository/ARMORDashboard/a_1100 W' is visible&#xD;
&#xD;
2019-07-19 13:05:03 - [TEST_STEP][PASSED] - waitForElementClickable(testObject, 20): Object 'Object Repository/ARMORDashboard/a_1100 W' is clickable&#xD;
&#xD;
2019-07-19 13:05:04 - [MESSAGE][PASSED] - Object 'Object Repository/ARMORDashboard/a_1100 W' is clickable&#xD;
&#xD;
2019-07-19 13:05:04 - [TEST_STEP][PASSED] - waitForJQueryLoad(10, OPTIONAL): jQuery is ready.&#xD;
&#xD;
2019-07-19 13:05:04 - [MESSAGE][PASSED] - jQuery is ready.&#xD;
&#xD;
2019-07-19 13:05:04 - [TEST_STEP][PASSED] - click(testObject): Object: 'Object Repository/ARMORDashboard/a_1100 W' is clicked on&#xD;
&#xD;
2019-07-19 13:05:04 - [MESSAGE][PASSED] - Object: 'Object Repository/ARMORDashboard/a_1100 W' is clicked on&#xD;
&#xD;
2019-07-19 13:05:04 - [TEST_STEP][PASSED] - break: null&#xD;
&#xD;
2019-07-19 13:05:04 - [TEST_STEP][PASSED] - setText(findTestObject("Object Repository/ARMORDashboard/input_setNum"), "1050"): Text '1050' is set on object 'Object Repository/ARMORDashboard/input_setNum'&#xD;
&#xD;
2019-07-19 13:05:04 - [MESSAGE][PASSED] - Text '1050' is set on object 'Object Repository/ARMORDashboard/input_setNum'&#xD;
&#xD;
2019-07-19 13:05:04 - [TEST_STEP][PASSED] - smartWaitClickableAndClick(findTestObject("Object Repository/ARMORDashboard/button_checkSetNum"), 20): null&#xD;
&#xD;
2019-07-19 13:05:04 - [TEST_STEP][PASSED] - for ([j = 0, j &lt;= waitTime, (j++)]): null&#xD;
&#xD;
2019-07-19 13:05:04 - [TEST_STEP][PASSED] - if (!(verifyElementClickable(testObject, OPTIONAL) &amp;&amp; verifyElementVisible(testObject, OPTIONAL) &amp;&amp; verifyElementPresent(testObject, 5, OPTIONAL))): Object 'Object Repository/ARMORDashboard/button_checkSetNum' is present&#xD;
&#xD;
2019-07-19 13:05:04 - [MESSAGE][PASSED] - Object 'Object Repository/ARMORDashboard/button_checkSetNum' is clickable&#xD;
&#xD;
2019-07-19 13:05:04 - [MESSAGE][PASSED] - Object 'Object Repository/ARMORDashboard/button_checkSetNum' is visible&#xD;
&#xD;
2019-07-19 13:05:04 - [MESSAGE][PASSED] - Object 'Object Repository/ARMORDashboard/button_checkSetNum' is present&#xD;
&#xD;
2019-07-19 13:05:04 - [TEST_STEP][PASSED] - else: null&#xD;
&#xD;
2019-07-19 13:05:04 - [TEST_STEP][PASSED] - comment(testObject.toString() + " is ready"): TestObject - 'Object Repository/ARMORDashboard/button_checkSetNum' is ready&#xD;
&#xD;
2019-07-19 13:05:04 - [MESSAGE][INFO] - TestObject - 'Object Repository/ARMORDashboard/button_checkSetNum' is ready&#xD;
&#xD;
2019-07-19 13:05:04 - [TEST_STEP][PASSED] - waitForElementPresent(testObject, 20): Object 'Object Repository/ARMORDashboard/button_checkSetNum' is present&#xD;
&#xD;
2019-07-19 13:05:04 - [MESSAGE][PASSED] - Object 'Object Repository/ARMORDashboard/button_checkSetNum' is present&#xD;
&#xD;
2019-07-19 13:05:04 - [TEST_STEP][PASSED] - waitForElementVisible(testObject, 20): Object 'Object Repository/ARMORDashboard/button_checkSetNum' is visible&#xD;
&#xD;
2019-07-19 13:05:04 - [MESSAGE][PASSED] - Object 'Object Repository/ARMORDashboard/button_checkSetNum' is visible&#xD;
&#xD;
2019-07-19 13:05:04 - [TEST_STEP][PASSED] - waitForElementClickable(testObject, 20): Object 'Object Repository/ARMORDashboard/button_checkSetNum' is clickable&#xD;
&#xD;
2019-07-19 13:05:04 - [MESSAGE][PASSED] - Object 'Object Repository/ARMORDashboard/button_checkSetNum' is clickable&#xD;
&#xD;
2019-07-19 13:05:04 - [TEST_STEP][PASSED] - waitForJQueryLoad(10, OPTIONAL): jQuery is ready.&#xD;
&#xD;
2019-07-19 13:05:04 - [MESSAGE][PASSED] - jQuery is ready.&#xD;
&#xD;
2019-07-19 13:05:04 - [TEST_STEP][PASSED] - click(testObject): Object: 'Object Repository/ARMORDashboard/button_checkSetNum' is clicked on&#xD;
&#xD;
2019-07-19 13:05:04 - [MESSAGE][PASSED] - Object: 'Object Repository/ARMORDashboard/button_checkSetNum' is clicked on&#xD;
&#xD;
2019-07-19 13:05:04 - [TEST_STEP][PASSED] - break: null&#xD;
&#xD;
2019-07-19 13:05:04 - [TEST_STEP][PASSED] - smartWaitClickableAndClick(findTestObject("Object Repository/ARMORDashboard/a_1100 W"), 20): null&#xD;
&#xD;
2019-07-19 13:05:04 - [TEST_STEP][PASSED] - for ([j = 0, j &lt;= waitTime, (j++)]): null&#xD;
&#xD;
2019-07-19 13:05:04 - [TEST_STEP][PASSED] - if (!(verifyElementClickable(testObject, OPTIONAL) &amp;&amp; verifyElementVisible(testObject, OPTIONAL) &amp;&amp; verifyElementPresent(testObject, 5, OPTIONAL))): Object 'Object Repository/ARMORDashboard/a_1100 W' is present&#xD;
&#xD;
2019-07-19 13:05:04 - [MESSAGE][PASSED] - Object 'Object Repository/ARMORDashboard/a_1100 W' is clickable&#xD;
&#xD;
2019-07-19 13:05:05 - [MESSAGE][PASSED] - Object 'Object Repository/ARMORDashboard/a_1100 W' is visible&#xD;
&#xD;
2019-07-19 13:05:05 - [MESSAGE][PASSED] - Object 'Object Repository/ARMORDashboard/a_1100 W' is present&#xD;
&#xD;
2019-07-19 13:05:05 - [TEST_STEP][PASSED] - else: null&#xD;
&#xD;
2019-07-19 13:05:05 - [TEST_STEP][PASSED] - comment(testObject.toString() + " is ready"): TestObject - 'Object Repository/ARMORDashboard/a_1100 W' is ready&#xD;
&#xD;
2019-07-19 13:05:05 - [MESSAGE][INFO] - TestObject - 'Object Repository/ARMORDashboard/a_1100 W' is ready&#xD;
&#xD;
2019-07-19 13:05:05 - [TEST_STEP][PASSED] - waitForElementPresent(testObject, 20): Object 'Object Repository/ARMORDashboard/a_1100 W' is present&#xD;
&#xD;
2019-07-19 13:05:05 - [MESSAGE][PASSED] - Object 'Object Repository/ARMORDashboard/a_1100 W' is present&#xD;
&#xD;
2019-07-19 13:05:05 - [TEST_STEP][PASSED] - waitForElementVisible(testObject, 20): Object 'Object Repository/ARMORDashboard/a_1100 W' is visible&#xD;
&#xD;
2019-07-19 13:05:05 - [MESSAGE][PASSED] - Object 'Object Repository/ARMORDashboard/a_1100 W' is visible&#xD;
&#xD;
2019-07-19 13:05:05 - [TEST_STEP][PASSED] - waitForElementClickable(testObject, 20): Object 'Object Repository/ARMORDashboard/a_1100 W' is clickable&#xD;
&#xD;
2019-07-19 13:05:05 - [MESSAGE][PASSED] - Object 'Object Repository/ARMORDashboard/a_1100 W' is clickable&#xD;
&#xD;
2019-07-19 13:05:05 - [TEST_STEP][PASSED] - waitForJQueryLoad(10, OPTIONAL): jQuery is ready.&#xD;
&#xD;
2019-07-19 13:05:05 - [MESSAGE][PASSED] - jQuery is ready.&#xD;
&#xD;
2019-07-19 13:05:05 - [TEST_STEP][PASSED] - click(testObject): Object: 'Object Repository/ARMORDashboard/a_1100 W' is clicked on&#xD;
&#xD;
2019-07-19 13:05:05 - [MESSAGE][PASSED] - Object: 'Object Repository/ARMORDashboard/a_1100 W' is clicked on&#xD;
&#xD;
2019-07-19 13:05:05 - [TEST_STEP][PASSED] - break: null&#xD;
&#xD;
2019-07-19 13:05:05 - [TEST_STEP][PASSED] - setText(findTestObject("Object Repository/ARMORDashboard/input_setNum"), "1100"): Text '1100' is set on object 'Object Repository/ARMORDashboard/input_setNum'&#xD;
&#xD;
2019-07-19 13:05:05 - [MESSAGE][PASSED] - Text '1100' is set on object 'Object Repository/ARMORDashboard/input_setNum'&#xD;
&#xD;
2019-07-19 13:05:05 - [TEST_STEP][PASSED] - smartWaitClickableAndClick(findTestObject("Object Repository/ARMORDashboard/button_checkSetNum"), 20): null&#xD;
&#xD;
2019-07-19 13:05:05 - [TEST_STEP][PASSED] - for ([j = 0, j &lt;= waitTime, (j++)]): null&#xD;
&#xD;
2019-07-19 13:05:05 - [TEST_STEP][PASSED] - if (!(verifyElementClickable(testObject, OPTIONAL) &amp;&amp; verifyElementVisible(testObject, OPTIONAL) &amp;&amp; verifyElementPresent(testObject, 5, OPTIONAL))): Object 'Object Repository/ARMORDashboard/button_checkSetNum' is present&#xD;
&#xD;
2019-07-19 13:05:05 - [MESSAGE][PASSED] - Object 'Object Repository/ARMORDashboard/button_checkSetNum' is clickable&#xD;
&#xD;
2019-07-19 13:05:05 - [MESSAGE][PASSED] - Object 'Object Repository/ARMORDashboard/button_checkSetNum' is visible&#xD;
&#xD;
2019-07-19 13:05:06 - [MESSAGE][PASSED] - Object 'Object Repository/ARMORDashboard/button_checkSetNum' is present&#xD;
&#xD;
2019-07-19 13:05:06 - [TEST_STEP][PASSED] - else: null&#xD;
&#xD;
2019-07-19 13:05:06 - [TEST_STEP][PASSED] - comment(testObject.toString() + " is ready"): TestObject - 'Object Repository/ARMORDashboard/button_checkSetNum' is ready&#xD;
&#xD;
2019-07-19 13:05:06 - [MESSAGE][INFO] - TestObject - 'Object Repository/ARMORDashboard/button_checkSetNum' is ready&#xD;
&#xD;
2019-07-19 13:05:06 - [TEST_STEP][PASSED] - waitForElementPresent(testObject, 20): Object 'Object Repository/ARMORDashboard/button_checkSetNum' is present&#xD;
&#xD;
2019-07-19 13:05:06 - [MESSAGE][PASSED] - Object 'Object Repository/ARMORDashboard/button_checkSetNum' is present&#xD;
&#xD;
2019-07-19 13:05:06 - [TEST_STEP][PASSED] - waitForElementVisible(testObject, 20): Object 'Object Repository/ARMORDashboard/button_checkSetNum' is visible&#xD;
&#xD;
2019-07-19 13:05:06 - [MESSAGE][PASSED] - Object 'Object Repository/ARMORDashboard/button_checkSetNum' is visible&#xD;
&#xD;
2019-07-19 13:05:06 - [TEST_STEP][PASSED] - waitForElementClickable(testObject, 20): Object 'Object Repository/ARMORDashboard/button_checkSetNum' is clickable&#xD;
&#xD;
2019-07-19 13:05:06 - [MESSAGE][PASSED] - Object 'Object Repository/ARMORDashboard/button_checkSetNum' is clickable&#xD;
&#xD;
2019-07-19 13:05:06 - [TEST_STEP][PASSED] - waitForJQueryLoad(10, OPTIONAL): jQuery is ready.&#xD;
&#xD;
2019-07-19 13:05:06 - [MESSAGE][PASSED] - jQuery is ready.&#xD;
&#xD;
2019-07-19 13:05:06 - [TEST_STEP][PASSED] - click(testObject): Object: 'Object Repository/ARMORDashboard/button_checkSetNum' is clicked on&#xD;
&#xD;
2019-07-19 13:05:06 - [MESSAGE][PASSED] - Object: 'Object Repository/ARMORDashboard/button_checkSetNum' is clicked on&#xD;
&#xD;
2019-07-19 13:05:06 - [TEST_STEP][PASSED] - break: null&#xD;
&#xD;
2019-07-19 13:05:06 - [TEST_STEP][PASSED] - smartWaitClickableAndClick(findTestObject("Object Repository/ARMORDashboard/a_90 C0"), 20): null&#xD;
&#xD;
2019-07-19 13:05:06 - [TEST_STEP][PASSED] - for ([j = 0, j &lt;= waitTime, (j++)]): null&#xD;
&#xD;
2019-07-19 13:05:06 - [TEST_STEP][PASSED] - if (!(verifyElementClickable(testObject, OPTIONAL) &amp;&amp; verifyElementVisible(testObject, OPTIONAL) &amp;&amp; verifyElementPresent(testObject, 5, OPTIONAL))): Object 'Object Repository/ARMORDashboard/a_90 C0' is present&#xD;
&#xD;
2019-07-19 13:05:06 - [MESSAGE][PASSED] - Object 'Object Repository/ARMORDashboard/a_90 C0' is clickable&#xD;
&#xD;
2019-07-19 13:05:06 - [MESSAGE][PASSED] - Object 'Object Repository/ARMORDashboard/a_90 C0' is visible&#xD;
&#xD;
2019-07-19 13:05:06 - [MESSAGE][PASSED] - Object 'Object Repository/ARMORDashboard/a_90 C0' is present&#xD;
&#xD;
2019-07-19 13:05:06 - [TEST_STEP][PASSED] - else: null&#xD;
&#xD;
2019-07-19 13:05:06 - [TEST_STEP][PASSED] - comment(testObject.toString() + " is ready"): TestObject - 'Object Repository/ARMORDashboard/a_90 C0' is ready&#xD;
&#xD;
2019-07-19 13:05:06 - [MESSAGE][INFO] - TestObject - 'Object Repository/ARMORDashboard/a_90 C0' is ready&#xD;
&#xD;
2019-07-19 13:05:06 - [TEST_STEP][PASSED] - waitForElementPresent(testObject, 20): Object 'Object Repository/ARMORDashboard/a_90 C0' is present&#xD;
&#xD;
2019-07-19 13:05:06 - [MESSAGE][PASSED] - Object 'Object Repository/ARMORDashboard/a_90 C0' is present&#xD;
&#xD;
2019-07-19 13:05:06 - [TEST_STEP][PASSED] - waitForElementVisible(testObject, 20): Object 'Object Repository/ARMORDashboard/a_90 C0' is visible&#xD;
&#xD;
2019-07-19 13:05:06 - [MESSAGE][PASSED] - Object 'Object Repository/ARMORDashboard/a_90 C0' is visible&#xD;
&#xD;
2019-07-19 13:05:06 - [TEST_STEP][PASSED] - waitForElementClickable(testObject, 20): Object 'Object Repository/ARMORDashboard/a_90 C0' is clickable&#xD;
&#xD;
2019-07-19 13:05:06 - [MESSAGE][PASSED] - Object 'Object Repository/ARMORDashboard/a_90 C0' is clickable&#xD;
&#xD;
2019-07-19 13:05:06 - [TEST_STEP][PASSED] - waitForJQueryLoad(10, OPTIONAL): jQuery is ready.&#xD;
&#xD;
2019-07-19 13:05:06 - [MESSAGE][PASSED] - jQuery is ready.&#xD;
&#xD;
2019-07-19 13:05:06 - [TEST_STEP][PASSED] - click(testObject): Object: 'Object Repository/ARMORDashboard/a_90 C0' is clicked on&#xD;
&#xD;
2019-07-19 13:05:06 - [MESSAGE][PASSED] - Object: 'Object Repository/ARMORDashboard/a_90 C0' is clicked on&#xD;
&#xD;
2019-07-19 13:05:06 - [TEST_STEP][PASSED] - break: null&#xD;
&#xD;
2019-07-19 13:05:06 - [TEST_STEP][PASSED] - setText(findTestObject("Object Repository/ARMORDashboard/input_setNum"), "81"): Text '81' is set on object 'Object Repository/ARMORDashboard/input_setNum'&#xD;
&#xD;
2019-07-19 13:05:07 - [MESSAGE][PASSED] - Text '81' is set on object 'Object Repository/ARMORDashboard/input_setNum'&#xD;
&#xD;
2019-07-19 13:05:07 - [TEST_STEP][PASSED] - smartWaitClickableAndClick(findTestObject("Object Repository/ARMORDashboard/button_checkSetNum"), 20): null&#xD;
&#xD;
2019-07-19 13:05:07 - [TEST_STEP][PASSED] - for ([j = 0, j &lt;= waitTime, (j++)]): null&#xD;
&#xD;
2019-07-19 13:05:07 - [TEST_STEP][PASSED] - if (!(verifyElementClickable(testObject, OPTIONAL) &amp;&amp; verifyElementVisible(testObject, OPTIONAL) &amp;&amp; verifyElementPresent(testObject, 5, OPTIONAL))): Object 'Object Repository/ARMORDashboard/button_checkSetNum' is present&#xD;
&#xD;
2019-07-19 13:05:07 - [MESSAGE][PASSED] - Object 'Object Repository/ARMORDashboard/button_checkSetNum' is clickable&#xD;
&#xD;
2019-07-19 13:05:07 - [MESSAGE][PASSED] - Object 'Object Repository/ARMORDashboard/button_checkSetNum' is visible&#xD;
&#xD;
2019-07-19 13:05:07 - [MESSAGE][PASSED] - Object 'Object Repository/ARMORDashboard/button_checkSetNum' is present&#xD;
&#xD;
2019-07-19 13:05:07 - [TEST_STEP][PASSED] - else: null&#xD;
&#xD;
2019-07-19 13:05:07 - [TEST_STEP][PASSED] - comment(testObject.toString() + " is ready"): TestObject - 'Object Repository/ARMORDashboard/button_checkSetNum' is ready&#xD;
&#xD;
2019-07-19 13:05:07 - [MESSAGE][INFO] - TestObject - 'Object Repository/ARMORDashboard/button_checkSetNum' is ready&#xD;
&#xD;
2019-07-19 13:05:07 - [TEST_STEP][PASSED] - waitForElementPresent(testObject, 20): Object 'Object Repository/ARMORDashboard/button_checkSetNum' is present&#xD;
&#xD;
2019-07-19 13:05:07 - [MESSAGE][PASSED] - Object 'Object Repository/ARMORDashboard/button_checkSetNum' is present&#xD;
&#xD;
2019-07-19 13:05:07 - [TEST_STEP][PASSED] - waitForElementVisible(testObject, 20): Object 'Object Repository/ARMORDashboard/button_checkSetNum' is visible&#xD;
&#xD;
2019-07-19 13:05:07 - [MESSAGE][PASSED] - Object 'Object Repository/ARMORDashboard/button_checkSetNum' is visible&#xD;
&#xD;
2019-07-19 13:05:07 - [TEST_STEP][PASSED] - waitForElementClickable(testObject, 20): Object 'Object Repository/ARMORDashboard/button_checkSetNum' is clickable&#xD;
&#xD;
2019-07-19 13:05:07 - [MESSAGE][PASSED] - Object 'Object Repository/ARMORDashboard/button_checkSetNum' is clickable&#xD;
&#xD;
2019-07-19 13:05:07 - [TEST_STEP][PASSED] - waitForJQueryLoad(10, OPTIONAL): jQuery is ready.&#xD;
&#xD;
2019-07-19 13:05:07 - [MESSAGE][PASSED] - jQuery is ready.&#xD;
&#xD;
2019-07-19 13:05:07 - [TEST_STEP][PASSED] - click(testObject): Object: 'Object Repository/ARMORDashboard/button_checkSetNum' is clicked on&#xD;
&#xD;
2019-07-19 13:05:07 - [MESSAGE][PASSED] - Object: 'Object Repository/ARMORDashboard/button_checkSetNum' is clicked on&#xD;
&#xD;
2019-07-19 13:05:07 - [TEST_STEP][PASSED] - break: null&#xD;
&#xD;
2019-07-19 13:05:07 - [TEST_STEP][PASSED] - smartWaitClickableAndClick(findTestObject("Object Repository/ARMORDashboard/a_90 C0"), 20): null&#xD;
&#xD;
2019-07-19 13:05:07 - [TEST_STEP][PASSED] - for ([j = 0, j &lt;= waitTime, (j++)]): null&#xD;
&#xD;
2019-07-19 13:05:07 - [TEST_STEP][PASSED] - if (!(verifyElementClickable(testObject, OPTIONAL) &amp;&amp; verifyElementVisible(testObject, OPTIONAL) &amp;&amp; verifyElementPresent(testObject, 5, OPTIONAL))): Object 'Object Repository/ARMORDashboard/a_90 C0' is present&#xD;
&#xD;
2019-07-19 13:05:07 - [MESSAGE][PASSED] - Object 'Object Repository/ARMORDashboard/a_90 C0' is clickable&#xD;
&#xD;
2019-07-19 13:05:07 - [MESSAGE][PASSED] - Object 'Object Repository/ARMORDashboard/a_90 C0' is visible&#xD;
&#xD;
2019-07-19 13:05:07 - [MESSAGE][PASSED] - Object 'Object Repository/ARMORDashboard/a_90 C0' is present&#xD;
&#xD;
2019-07-19 13:05:07 - [TEST_STEP][PASSED] - else: null&#xD;
&#xD;
2019-07-19 13:05:07 - [TEST_STEP][PASSED] - comment(testObject.toString() + " is ready"): TestObject - 'Object Repository/ARMORDashboard/a_90 C0' is ready&#xD;
&#xD;
2019-07-19 13:05:07 - [MESSAGE][INFO] - TestObject - 'Object Repository/ARMORDashboard/a_90 C0' is ready&#xD;
&#xD;
2019-07-19 13:05:07 - [TEST_STEP][PASSED] - waitForElementPresent(testObject, 20): Object 'Object Repository/ARMORDashboard/a_90 C0' is present&#xD;
&#xD;
2019-07-19 13:05:07 - [MESSAGE][PASSED] - Object 'Object Repository/ARMORDashboard/a_90 C0' is present&#xD;
&#xD;
2019-07-19 13:05:07 - [TEST_STEP][PASSED] - waitForElementVisible(testObject, 20): Object 'Object Repository/ARMORDashboard/a_90 C0' is visible&#xD;
&#xD;
2019-07-19 13:05:07 - [MESSAGE][PASSED] - Object 'Object Repository/ARMORDashboard/a_90 C0' is visible&#xD;
&#xD;
2019-07-19 13:05:07 - [TEST_STEP][PASSED] - waitForElementClickable(testObject, 20): Object 'Object Repository/ARMORDashboard/a_90 C0' is clickable&#xD;
&#xD;
2019-07-19 13:05:07 - [MESSAGE][PASSED] - Object 'Object Repository/ARMORDashboard/a_90 C0' is clickable&#xD;
&#xD;
2019-07-19 13:05:07 - [TEST_STEP][PASSED] - waitForJQueryLoad(10, OPTIONAL): jQuery is ready.&#xD;
&#xD;
2019-07-19 13:05:07 - [MESSAGE][PASSED] - jQuery is ready.&#xD;
&#xD;
2019-07-19 13:05:07 - [TEST_STEP][PASSED] - click(testObject): Object: 'Object Repository/ARMORDashboard/a_90 C0' is clicked on&#xD;
&#xD;
2019-07-19 13:05:08 - [MESSAGE][PASSED] - Object: 'Object Repository/ARMORDashboard/a_90 C0' is clicked on&#xD;
&#xD;
2019-07-19 13:05:08 - [TEST_STEP][PASSED] - break: null&#xD;
&#xD;
2019-07-19 13:05:08 - [TEST_STEP][PASSED] - setText(findTestObject("Object Repository/ARMORDashboard/input_setNum"), "90"): Text '90' is set on object 'Object Repository/ARMORDashboard/input_setNum'&#xD;
&#xD;
2019-07-19 13:05:08 - [MESSAGE][PASSED] - Text '90' is set on object 'Object Repository/ARMORDashboard/input_setNum'&#xD;
&#xD;
2019-07-19 13:05:08 - [TEST_STEP][PASSED] - smartWaitClickableAndClick(findTestObject("Object Repository/ARMORDashboard/button_checkSetNum"), 20): null&#xD;
&#xD;
2019-07-19 13:05:08 - [TEST_STEP][PASSED] - for ([j = 0, j &lt;= waitTime, (j++)]): null&#xD;
&#xD;
2019-07-19 13:05:08 - [TEST_STEP][PASSED] - if (!(verifyElementClickable(testObject, OPTIONAL) &amp;&amp; verifyElementVisible(testObject, OPTIONAL) &amp;&amp; verifyElementPresent(testObject, 5, OPTIONAL))): Object 'Object Repository/ARMORDashboard/button_checkSetNum' is present&#xD;
&#xD;
2019-07-19 13:05:08 - [MESSAGE][PASSED] - Object 'Object Repository/ARMORDashboard/button_checkSetNum' is clickable&#xD;
&#xD;
2019-07-19 13:05:08 - [MESSAGE][PASSED] - Object 'Object Repository/ARMORDashboard/button_checkSetNum' is visible&#xD;
&#xD;
2019-07-19 13:05:08 - [MESSAGE][PASSED] - Object 'Object Repository/ARMORDashboard/button_checkSetNum' is present&#xD;
&#xD;
2019-07-19 13:05:08 - [TEST_STEP][PASSED] - else: null&#xD;
&#xD;
2019-07-19 13:05:08 - [TEST_STEP][PASSED] - comment(testObject.toString() + " is ready"): TestObject - 'Object Repository/ARMORDashboard/button_checkSetNum' is ready&#xD;
&#xD;
2019-07-19 13:05:08 - [MESSAGE][INFO] - TestObject - 'Object Repository/ARMORDashboard/button_checkSetNum' is ready&#xD;
&#xD;
2019-07-19 13:05:08 - [TEST_STEP][PASSED] - waitForElementPresent(testObject, 20): Object 'Object Repository/ARMORDashboard/button_checkSetNum' is present&#xD;
&#xD;
2019-07-19 13:05:08 - [MESSAGE][PASSED] - Object 'Object Repository/ARMORDashboard/button_checkSetNum' is present&#xD;
&#xD;
2019-07-19 13:05:08 - [TEST_STEP][PASSED] - waitForElementVisible(testObject, 20): Object 'Object Repository/ARMORDashboard/button_checkSetNum' is visible&#xD;
&#xD;
2019-07-19 13:05:08 - [MESSAGE][PASSED] - Object 'Object Repository/ARMORDashboard/button_checkSetNum' is visible&#xD;
&#xD;
2019-07-19 13:05:08 - [TEST_STEP][PASSED] - waitForElementClickable(testObject, 20): Object 'Object Repository/ARMORDashboard/button_checkSetNum' is clickable&#xD;
&#xD;
2019-07-19 13:05:08 - [MESSAGE][PASSED] - Object 'Object Repository/ARMORDashboard/button_checkSetNum' is clickable&#xD;
&#xD;
2019-07-19 13:05:08 - [TEST_STEP][PASSED] - waitForJQueryLoad(10, OPTIONAL): jQuery is ready.&#xD;
&#xD;
2019-07-19 13:05:08 - [MESSAGE][PASSED] - jQuery is ready.&#xD;
&#xD;
2019-07-19 13:05:08 - [TEST_STEP][PASSED] - click(testObject): Object: 'Object Repository/ARMORDashboard/button_checkSetNum' is clicked on&#xD;
&#xD;
2019-07-19 13:05:08 - [MESSAGE][PASSED] - Object: 'Object Repository/ARMORDashboard/button_checkSetNum' is clicked on&#xD;
&#xD;
2019-07-19 13:05:08 - [TEST_STEP][PASSED] - break: null&#xD;
&#xD;
2019-07-19 13:05:08 - [TEST_STEP][PASSED] - smartWaitClickableAndClick(findTestObject("Object Repository/ARMORDashboard/a_90 C1"), 20): null&#xD;
&#xD;
2019-07-19 13:05:08 - [TEST_STEP][PASSED] - for ([j = 0, j &lt;= waitTime, (j++)]): null&#xD;
&#xD;
2019-07-19 13:05:08 - [TEST_STEP][PASSED] - if (!(verifyElementClickable(testObject, OPTIONAL) &amp;&amp; verifyElementVisible(testObject, OPTIONAL) &amp;&amp; verifyElementPresent(testObject, 5, OPTIONAL))): Object 'Object Repository/ARMORDashboard/a_90 C1' is present&#xD;
&#xD;
2019-07-19 13:05:08 - [MESSAGE][PASSED] - Object 'Object Repository/ARMORDashboard/a_90 C1' is clickable&#xD;
&#xD;
2019-07-19 13:05:08 - [MESSAGE][PASSED] - Object 'Object Repository/ARMORDashboard/a_90 C1' is visible&#xD;
&#xD;
2019-07-19 13:05:08 - [MESSAGE][PASSED] - Object 'Object Repository/ARMORDashboard/a_90 C1' is present&#xD;
&#xD;
2019-07-19 13:05:08 - [TEST_STEP][PASSED] - else: null&#xD;
&#xD;
2019-07-19 13:05:08 - [TEST_STEP][PASSED] - comment(testObject.toString() + " is ready"): TestObject - 'Object Repository/ARMORDashboard/a_90 C1' is ready&#xD;
&#xD;
2019-07-19 13:05:08 - [MESSAGE][INFO] - TestObject - 'Object Repository/ARMORDashboard/a_90 C1' is ready&#xD;
&#xD;
2019-07-19 13:05:08 - [TEST_STEP][PASSED] - waitForElementPresent(testObject, 20): Object 'Object Repository/ARMORDashboard/a_90 C1' is present&#xD;
&#xD;
2019-07-19 13:05:08 - [MESSAGE][PASSED] - Object 'Object Repository/ARMORDashboard/a_90 C1' is present&#xD;
&#xD;
2019-07-19 13:05:08 - [TEST_STEP][PASSED] - waitForElementVisible(testObject, 20): Object 'Object Repository/ARMORDashboard/a_90 C1' is visible&#xD;
&#xD;
2019-07-19 13:05:08 - [MESSAGE][PASSED] - Object 'Object Repository/ARMORDashboard/a_90 C1' is visible&#xD;
&#xD;
2019-07-19 13:05:08 - [TEST_STEP][PASSED] - waitForElementClickable(testObject, 20): Object 'Object Repository/ARMORDashboard/a_90 C1' is clickable&#xD;
&#xD;
2019-07-19 13:05:08 - [MESSAGE][PASSED] - Object 'Object Repository/ARMORDashboard/a_90 C1' is clickable&#xD;
&#xD;
2019-07-19 13:05:08 - [TEST_STEP][PASSED] - waitForJQueryLoad(10, OPTIONAL): jQuery is ready.&#xD;
&#xD;
2019-07-19 13:05:08 - [MESSAGE][PASSED] - jQuery is ready.&#xD;
&#xD;
2019-07-19 13:05:08 - [TEST_STEP][PASSED] - click(testObject): Object: 'Object Repository/ARMORDashboard/a_90 C1' is clicked on&#xD;
&#xD;
2019-07-19 13:05:09 - [MESSAGE][PASSED] - Object: 'Object Repository/ARMORDashboard/a_90 C1' is clicked on&#xD;
&#xD;
2019-07-19 13:05:09 - [TEST_STEP][PASSED] - break: null&#xD;
&#xD;
2019-07-19 13:05:09 - [TEST_STEP][PASSED] - setText(findTestObject("Object Repository/ARMORDashboard/input_setNum"), "81"): Text '81' is set on object 'Object Repository/ARMORDashboard/input_setNum'&#xD;
&#xD;
2019-07-19 13:05:09 - [MESSAGE][PASSED] - Text '81' is set on object 'Object Repository/ARMORDashboard/input_setNum'&#xD;
&#xD;
2019-07-19 13:05:09 - [TEST_STEP][PASSED] - smartWaitClickableAndClick(findTestObject("Object Repository/ARMORDashboard/button_checkSetNum"), 20): null&#xD;
&#xD;
2019-07-19 13:05:09 - [TEST_STEP][PASSED] - for ([j = 0, j &lt;= waitTime, (j++)]): null&#xD;
&#xD;
2019-07-19 13:05:09 - [TEST_STEP][PASSED] - if (!(verifyElementClickable(testObject, OPTIONAL) &amp;&amp; verifyElementVisible(testObject, OPTIONAL) &amp;&amp; verifyElementPresent(testObject, 5, OPTIONAL))): Object 'Object Repository/ARMORDashboard/button_checkSetNum' is present&#xD;
&#xD;
2019-07-19 13:05:09 - [MESSAGE][PASSED] - Object 'Object Repository/ARMORDashboard/button_checkSetNum' is clickable&#xD;
&#xD;
2019-07-19 13:05:09 - [MESSAGE][PASSED] - Object 'Object Repository/ARMORDashboard/button_checkSetNum' is visible&#xD;
&#xD;
2019-07-19 13:05:09 - [MESSAGE][PASSED] - Object 'Object Repository/ARMORDashboard/button_checkSetNum' is present&#xD;
&#xD;
2019-07-19 13:05:09 - [TEST_STEP][PASSED] - else: null&#xD;
&#xD;
2019-07-19 13:05:09 - [TEST_STEP][PASSED] - comment(testObject.toString() + " is ready"): TestObject - 'Object Repository/ARMORDashboard/button_checkSetNum' is ready&#xD;
&#xD;
2019-07-19 13:05:09 - [MESSAGE][INFO] - TestObject - 'Object Repository/ARMORDashboard/button_checkSetNum' is ready&#xD;
&#xD;
2019-07-19 13:05:09 - [TEST_STEP][PASSED] - waitForElementPresent(testObject, 20): Object 'Object Repository/ARMORDashboard/button_checkSetNum' is present&#xD;
&#xD;
2019-07-19 13:05:09 - [MESSAGE][PASSED] - Object 'Object Repository/ARMORDashboard/button_checkSetNum' is present&#xD;
&#xD;
2019-07-19 13:05:09 - [TEST_STEP][PASSED] - waitForElementVisible(testObject, 20): Object 'Object Repository/ARMORDashboard/button_checkSetNum' is visible&#xD;
&#xD;
2019-07-19 13:05:09 - [MESSAGE][PASSED] - Object 'Object Repository/ARMORDashboard/button_checkSetNum' is visible&#xD;
&#xD;
2019-07-19 13:05:09 - [TEST_STEP][PASSED] - waitForElementClickable(testObject, 20): Object 'Object Repository/ARMORDashboard/button_checkSetNum' is clickable&#xD;
&#xD;
2019-07-19 13:05:09 - [MESSAGE][PASSED] - Object 'Object Repository/ARMORDashboard/button_checkSetNum' is clickable&#xD;
&#xD;
2019-07-19 13:05:09 - [TEST_STEP][PASSED] - waitForJQueryLoad(10, OPTIONAL): jQuery is ready.&#xD;
&#xD;
2019-07-19 13:05:09 - [MESSAGE][PASSED] - jQuery is ready.&#xD;
&#xD;
2019-07-19 13:05:09 - [TEST_STEP][PASSED] - click(testObject): Object: 'Object Repository/ARMORDashboard/button_checkSetNum' is clicked on&#xD;
&#xD;
2019-07-19 13:05:09 - [MESSAGE][PASSED] - Object: 'Object Repository/ARMORDashboard/button_checkSetNum' is clicked on&#xD;
&#xD;
2019-07-19 13:05:09 - [TEST_STEP][PASSED] - break: null&#xD;
&#xD;
2019-07-19 13:05:09 - [TEST_STEP][PASSED] - smartWaitClickableAndClick(findTestObject("Object Repository/ARMORDashboard/a_90 C1"), 20): null&#xD;
&#xD;
2019-07-19 13:05:09 - [TEST_STEP][PASSED] - for ([j = 0, j &lt;= waitTime, (j++)]): null&#xD;
&#xD;
2019-07-19 13:05:09 - [TEST_STEP][PASSED] - if (!(verifyElementClickable(testObject, OPTIONAL) &amp;&amp; verifyElementVisible(testObject, OPTIONAL) &amp;&amp; verifyElementPresent(testObject, 5, OPTIONAL))): Object 'Object Repository/ARMORDashboard/a_90 C1' is present&#xD;
&#xD;
2019-07-19 13:05:09 - [MESSAGE][PASSED] - Object 'Object Repository/ARMORDashboard/a_90 C1' is clickable&#xD;
&#xD;
2019-07-19 13:05:09 - [MESSAGE][PASSED] - Object 'Object Repository/ARMORDashboard/a_90 C1' is visible&#xD;
&#xD;
2019-07-19 13:05:09 - [MESSAGE][PASSED] - Object 'Object Repository/ARMORDashboard/a_90 C1' is present&#xD;
&#xD;
2019-07-19 13:05:09 - [TEST_STEP][PASSED] - else: null&#xD;
&#xD;
2019-07-19 13:05:09 - [TEST_STEP][PASSED] - comment(testObject.toString() + " is ready"): TestObject - 'Object Repository/ARMORDashboard/a_90 C1' is ready&#xD;
&#xD;
2019-07-19 13:05:09 - [MESSAGE][INFO] - TestObject - 'Object Repository/ARMORDashboard/a_90 C1' is ready&#xD;
&#xD;
2019-07-19 13:05:09 - [TEST_STEP][PASSED] - waitForElementPresent(testObject, 20): Object 'Object Repository/ARMORDashboard/a_90 C1' is present&#xD;
&#xD;
2019-07-19 13:05:09 - [MESSAGE][PASSED] - Object 'Object Repository/ARMORDashboard/a_90 C1' is present&#xD;
&#xD;
2019-07-19 13:05:09 - [TEST_STEP][PASSED] - waitForElementVisible(testObject, 20): Object 'Object Repository/ARMORDashboard/a_90 C1' is visible&#xD;
&#xD;
2019-07-19 13:05:09 - [MESSAGE][PASSED] - Object 'Object Repository/ARMORDashboard/a_90 C1' is visible&#xD;
&#xD;
2019-07-19 13:05:09 - [TEST_STEP][PASSED] - waitForElementClickable(testObject, 20): Object 'Object Repository/ARMORDashboard/a_90 C1' is clickable&#xD;
&#xD;
2019-07-19 13:05:09 - [MESSAGE][PASSED] - Object 'Object Repository/ARMORDashboard/a_90 C1' is clickable&#xD;
&#xD;
2019-07-19 13:05:09 - [TEST_STEP][PASSED] - waitForJQueryLoad(10, OPTIONAL): jQuery is ready.&#xD;
&#xD;
2019-07-19 13:05:09 - [MESSAGE][PASSED] - jQuery is ready.&#xD;
&#xD;
2019-07-19 13:05:09 - [TEST_STEP][PASSED] - click(testObject): Object: 'Object Repository/ARMORDashboard/a_90 C1' is clicked on&#xD;
&#xD;
2019-07-19 13:05:10 - [MESSAGE][PASSED] - Object: 'Object Repository/ARMORDashboard/a_90 C1' is clicked on&#xD;
&#xD;
2019-07-19 13:05:10 - [TEST_STEP][PASSED] - break: null&#xD;
&#xD;
2019-07-19 13:05:10 - [TEST_STEP][PASSED] - setText(findTestObject("Object Repository/ARMORDashboard/input_setNum"), "90"): Text '90' is set on object 'Object Repository/ARMORDashboard/input_setNum'&#xD;
&#xD;
2019-07-19 13:05:10 - [MESSAGE][PASSED] - Text '90' is set on object 'Object Repository/ARMORDashboard/input_setNum'&#xD;
&#xD;
2019-07-19 13:05:10 - [TEST_STEP][PASSED] - smartWaitClickableAndClick(findTestObject("Object Repository/ARMORDashboard/button_checkSetNum"), 20): null&#xD;
&#xD;
2019-07-19 13:05:10 - [TEST_STEP][PASSED] - for ([j = 0, j &lt;= waitTime, (j++)]): null&#xD;
&#xD;
2019-07-19 13:05:10 - [TEST_STEP][PASSED] - if (!(verifyElementClickable(testObject, OPTIONAL) &amp;&amp; verifyElementVisible(testObject, OPTIONAL) &amp;&amp; verifyElementPresent(testObject, 5, OPTIONAL))): Object 'Object Repository/ARMORDashboard/button_checkSetNum' is present&#xD;
&#xD;
2019-07-19 13:05:10 - [MESSAGE][PASSED] - Object 'Object Repository/ARMORDashboard/button_checkSetNum' is clickable&#xD;
&#xD;
2019-07-19 13:05:10 - [MESSAGE][PASSED] - Object 'Object Repository/ARMORDashboard/button_checkSetNum' is visible&#xD;
&#xD;
2019-07-19 13:05:10 - [MESSAGE][PASSED] - Object 'Object Repository/ARMORDashboard/button_checkSetNum' is present&#xD;
&#xD;
2019-07-19 13:05:10 - [TEST_STEP][PASSED] - else: null&#xD;
&#xD;
2019-07-19 13:05:10 - [TEST_STEP][PASSED] - comment(testObject.toString() + " is ready"): TestObject - 'Object Repository/ARMORDashboard/button_checkSetNum' is ready&#xD;
&#xD;
2019-07-19 13:05:10 - [MESSAGE][INFO] - TestObject - 'Object Repository/ARMORDashboard/button_checkSetNum' is ready&#xD;
&#xD;
2019-07-19 13:05:10 - [TEST_STEP][PASSED] - waitForElementPresent(testObject, 20): Object 'Object Repository/ARMORDashboard/button_checkSetNum' is present&#xD;
&#xD;
2019-07-19 13:05:10 - [MESSAGE][PASSED] - Object 'Object Repository/ARMORDashboard/button_checkSetNum' is present&#xD;
&#xD;
2019-07-19 13:05:10 - [TEST_STEP][PASSED] - waitForElementVisible(testObject, 20): Object 'Object Repository/ARMORDashboard/button_checkSetNum' is visible&#xD;
&#xD;
2019-07-19 13:05:10 - [MESSAGE][PASSED] - Object 'Object Repository/ARMORDashboard/button_checkSetNum' is visible&#xD;
&#xD;
2019-07-19 13:05:10 - [TEST_STEP][PASSED] - waitForElementClickable(testObject, 20): Object 'Object Repository/ARMORDashboard/button_checkSetNum' is clickable&#xD;
&#xD;
2019-07-19 13:05:10 - [MESSAGE][PASSED] - Object 'Object Repository/ARMORDashboard/button_checkSetNum' is clickable&#xD;
&#xD;
2019-07-19 13:05:10 - [TEST_STEP][PASSED] - waitForJQueryLoad(10, OPTIONAL): jQuery is ready.&#xD;
&#xD;
2019-07-19 13:05:10 - [MESSAGE][PASSED] - jQuery is ready.&#xD;
&#xD;
2019-07-19 13:05:10 - [TEST_STEP][PASSED] - click(testObject): Object: 'Object Repository/ARMORDashboard/button_checkSetNum' is clicked on&#xD;
&#xD;
2019-07-19 13:05:10 - [MESSAGE][PASSED] - Object: 'Object Repository/ARMORDashboard/button_checkSetNum' is clicked on&#xD;
&#xD;
2019-07-19 13:05:10 - [TEST_STEP][PASSED] - break: null&#xD;
&#xD;
2019-07-19 13:05:10 - [TEST_STEP][PASSED] - smartWaitClickableAndClick(findTestObject("Object Repository/ARMORDashboard/PageThreshold/a_600 JB"), 20): null&#xD;
&#xD;
2019-07-19 13:05:10 - [TEST_STEP][PASSED] - for ([j = 0, j &lt;= waitTime, (j++)]): null&#xD;
&#xD;
2019-07-19 13:05:10 - [TEST_STEP][PASSED] - if (!(verifyElementClickable(testObject, OPTIONAL) &amp;&amp; verifyElementVisible(testObject, OPTIONAL) &amp;&amp; verifyElementPresent(testObject, 5, OPTIONAL))): Object 'Object Repository/ARMORDashboard/PageThreshold/a_600 JB' is present&#xD;
&#xD;
2019-07-19 13:05:10 - [MESSAGE][PASSED] - Object 'Object Repository/ARMORDashboard/PageThreshold/a_600 JB' is clickable&#xD;
&#xD;
2019-07-19 13:05:10 - [MESSAGE][PASSED] - Object 'Object Repository/ARMORDashboard/PageThreshold/a_600 JB' is visible&#xD;
&#xD;
2019-07-19 13:05:10 - [MESSAGE][PASSED] - Object 'Object Repository/ARMORDashboard/PageThreshold/a_600 JB' is present&#xD;
&#xD;
2019-07-19 13:05:10 - [TEST_STEP][PASSED] - else: null&#xD;
&#xD;
2019-07-19 13:05:10 - [TEST_STEP][PASSED] - comment(testObject.toString() + " is ready"): TestObject - 'Object Repository/ARMORDashboard/PageThreshold/a_600 JB' is ready&#xD;
&#xD;
2019-07-19 13:05:10 - [MESSAGE][INFO] - TestObject - 'Object Repository/ARMORDashboard/PageThreshold/a_600 JB' is ready&#xD;
&#xD;
2019-07-19 13:05:10 - [TEST_STEP][PASSED] - waitForElementPresent(testObject, 20): Object 'Object Repository/ARMORDashboard/PageThreshold/a_600 JB' is present&#xD;
&#xD;
2019-07-19 13:05:10 - [MESSAGE][PASSED] - Object 'Object Repository/ARMORDashboard/PageThreshold/a_600 JB' is present&#xD;
&#xD;
2019-07-19 13:05:10 - [TEST_STEP][PASSED] - waitForElementVisible(testObject, 20): Object 'Object Repository/ARMORDashboard/PageThreshold/a_600 JB' is visible&#xD;
&#xD;
2019-07-19 13:05:10 - [MESSAGE][PASSED] - Object 'Object Repository/ARMORDashboard/PageThreshold/a_600 JB' is visible&#xD;
&#xD;
2019-07-19 13:05:10 - [TEST_STEP][PASSED] - waitForElementClickable(testObject, 20): Object 'Object Repository/ARMORDashboard/PageThreshold/a_600 JB' is clickable&#xD;
&#xD;
2019-07-19 13:05:10 - [MESSAGE][PASSED] - Object 'Object Repository/ARMORDashboard/PageThreshold/a_600 JB' is clickable&#xD;
&#xD;
2019-07-19 13:05:10 - [TEST_STEP][PASSED] - waitForJQueryLoad(10, OPTIONAL): jQuery is ready.&#xD;
&#xD;
2019-07-19 13:05:10 - [MESSAGE][PASSED] - jQuery is ready.&#xD;
&#xD;
2019-07-19 13:05:10 - [TEST_STEP][PASSED] - click(testObject): Object: 'Object Repository/ARMORDashboard/PageThreshold/a_600 JB' is clicked on&#xD;
&#xD;
2019-07-19 13:05:11 - [MESSAGE][PASSED] - Object: 'Object Repository/ARMORDashboard/PageThreshold/a_600 JB' is clicked on&#xD;
&#xD;
2019-07-19 13:05:11 - [TEST_STEP][PASSED] - break: null&#xD;
&#xD;
2019-07-19 13:05:11 - [TEST_STEP][PASSED] - setText(findTestObject("Object Repository/ARMORDashboard/input_setNum"), "550"): Text '550' is set on object 'Object Repository/ARMORDashboard/input_setNum'&#xD;
&#xD;
2019-07-19 13:05:11 - [MESSAGE][PASSED] - Text '550' is set on object 'Object Repository/ARMORDashboard/input_setNum'&#xD;
&#xD;
2019-07-19 13:05:11 - [TEST_STEP][PASSED] - smartWaitClickableAndClick(findTestObject("Object Repository/ARMORDashboard/button_checkSetNum"), 20): null&#xD;
&#xD;
2019-07-19 13:05:11 - [TEST_STEP][PASSED] - for ([j = 0, j &lt;= waitTime, (j++)]): null&#xD;
&#xD;
2019-07-19 13:05:11 - [TEST_STEP][PASSED] - if (!(verifyElementClickable(testObject, OPTIONAL) &amp;&amp; verifyElementVisible(testObject, OPTIONAL) &amp;&amp; verifyElementPresent(testObject, 5, OPTIONAL))): Object 'Object Repository/ARMORDashboard/button_checkSetNum' is present&#xD;
&#xD;
2019-07-19 13:05:11 - [MESSAGE][PASSED] - Object 'Object Repository/ARMORDashboard/button_checkSetNum' is clickable&#xD;
&#xD;
2019-07-19 13:05:11 - [MESSAGE][PASSED] - Object 'Object Repository/ARMORDashboard/button_checkSetNum' is visible&#xD;
&#xD;
2019-07-19 13:05:11 - [MESSAGE][PASSED] - Object 'Object Repository/ARMORDashboard/button_checkSetNum' is present&#xD;
&#xD;
2019-07-19 13:05:11 - [TEST_STEP][PASSED] - else: null&#xD;
&#xD;
2019-07-19 13:05:11 - [TEST_STEP][PASSED] - comment(testObject.toString() + " is ready"): TestObject - 'Object Repository/ARMORDashboard/button_checkSetNum' is ready&#xD;
&#xD;
2019-07-19 13:05:11 - [MESSAGE][INFO] - TestObject - 'Object Repository/ARMORDashboard/button_checkSetNum' is ready&#xD;
&#xD;
2019-07-19 13:05:11 - [TEST_STEP][PASSED] - waitForElementPresent(testObject, 20): Object 'Object Repository/ARMORDashboard/button_checkSetNum' is present&#xD;
&#xD;
2019-07-19 13:05:11 - [MESSAGE][PASSED] - Object 'Object Repository/ARMORDashboard/button_checkSetNum' is present&#xD;
&#xD;
2019-07-19 13:05:11 - [TEST_STEP][PASSED] - waitForElementVisible(testObject, 20): Object 'Object Repository/ARMORDashboard/button_checkSetNum' is visible&#xD;
&#xD;
2019-07-19 13:05:11 - [MESSAGE][PASSED] - Object 'Object Repository/ARMORDashboard/button_checkSetNum' is visible&#xD;
&#xD;
2019-07-19 13:05:11 - [TEST_STEP][PASSED] - waitForElementClickable(testObject, 20): Object 'Object Repository/ARMORDashboard/button_checkSetNum' is clickable&#xD;
&#xD;
2019-07-19 13:05:11 - [MESSAGE][PASSED] - Object 'Object Repository/ARMORDashboard/button_checkSetNum' is clickable&#xD;
&#xD;
2019-07-19 13:05:11 - [TEST_STEP][PASSED] - waitForJQueryLoad(10, OPTIONAL): jQuery is ready.&#xD;
&#xD;
2019-07-19 13:05:11 - [MESSAGE][PASSED] - jQuery is ready.&#xD;
&#xD;
2019-07-19 13:05:11 - [TEST_STEP][PASSED] - click(testObject): Object: 'Object Repository/ARMORDashboard/button_checkSetNum' is clicked on&#xD;
&#xD;
2019-07-19 13:05:11 - [MESSAGE][PASSED] - Object: 'Object Repository/ARMORDashboard/button_checkSetNum' is clicked on&#xD;
&#xD;
2019-07-19 13:05:11 - [TEST_STEP][PASSED] - break: null&#xD;
&#xD;
2019-07-19 13:05:11 - [TEST_STEP][PASSED] - smartWaitClickableAndClick(findTestObject("Object Repository/ARMORDashboard/PageThreshold/a_600 JB"), 20): null&#xD;
&#xD;
2019-07-19 13:05:11 - [TEST_STEP][PASSED] - for ([j = 0, j &lt;= waitTime, (j++)]): null&#xD;
&#xD;
2019-07-19 13:05:11 - [TEST_STEP][PASSED] - if (!(verifyElementClickable(testObject, OPTIONAL) &amp;&amp; verifyElementVisible(testObject, OPTIONAL) &amp;&amp; verifyElementPresent(testObject, 5, OPTIONAL))): Object 'Object Repository/ARMORDashboard/PageThreshold/a_600 JB' is present&#xD;
&#xD;
2019-07-19 13:05:11 - [MESSAGE][PASSED] - Object 'Object Repository/ARMORDashboard/PageThreshold/a_600 JB' is clickable&#xD;
&#xD;
2019-07-19 13:05:11 - [MESSAGE][PASSED] - Object 'Object Repository/ARMORDashboard/PageThreshold/a_600 JB' is visible&#xD;
&#xD;
2019-07-19 13:05:11 - [MESSAGE][PASSED] - Object 'Object Repository/ARMORDashboard/PageThreshold/a_600 JB' is present&#xD;
&#xD;
2019-07-19 13:05:11 - [TEST_STEP][PASSED] - else: null&#xD;
&#xD;
2019-07-19 13:05:11 - [TEST_STEP][PASSED] - comment(testObject.toString() + " is ready"): TestObject - 'Object Repository/ARMORDashboard/PageThreshold/a_600 JB' is ready&#xD;
&#xD;
2019-07-19 13:05:11 - [MESSAGE][INFO] - TestObject - 'Object Repository/ARMORDashboard/PageThreshold/a_600 JB' is ready&#xD;
&#xD;
2019-07-19 13:05:11 - [TEST_STEP][PASSED] - waitForElementPresent(testObject, 20): Object 'Object Repository/ARMORDashboard/PageThreshold/a_600 JB' is present&#xD;
&#xD;
2019-07-19 13:05:11 - [MESSAGE][PASSED] - Object 'Object Repository/ARMORDashboard/PageThreshold/a_600 JB' is present&#xD;
&#xD;
2019-07-19 13:05:11 - [TEST_STEP][PASSED] - waitForElementVisible(testObject, 20): Object 'Object Repository/ARMORDashboard/PageThreshold/a_600 JB' is visible&#xD;
&#xD;
2019-07-19 13:05:11 - [MESSAGE][PASSED] - Object 'Object Repository/ARMORDashboard/PageThreshold/a_600 JB' is visible&#xD;
&#xD;
2019-07-19 13:05:11 - [TEST_STEP][PASSED] - waitForElementClickable(testObject, 20): Object 'Object Repository/ARMORDashboard/PageThreshold/a_600 JB' is clickable&#xD;
&#xD;
2019-07-19 13:05:11 - [MESSAGE][PASSED] - Object 'Object Repository/ARMORDashboard/PageThreshold/a_600 JB' is clickable&#xD;
&#xD;
2019-07-19 13:05:11 - [TEST_STEP][PASSED] - waitForJQueryLoad(10, OPTIONAL): jQuery is ready.&#xD;
&#xD;
2019-07-19 13:05:11 - [MESSAGE][PASSED] - jQuery is ready.&#xD;
&#xD;
2019-07-19 13:05:11 - [TEST_STEP][PASSED] - click(testObject): Object: 'Object Repository/ARMORDashboard/PageThreshold/a_600 JB' is clicked on&#xD;
&#xD;
2019-07-19 13:05:12 - [MESSAGE][PASSED] - Object: 'Object Repository/ARMORDashboard/PageThreshold/a_600 JB' is clicked on&#xD;
&#xD;
2019-07-19 13:05:12 - [TEST_STEP][PASSED] - break: null&#xD;
&#xD;
2019-07-19 13:05:12 - [TEST_STEP][PASSED] - setText(findTestObject("Object Repository/ARMORDashboard/input_setNum"), "600"): Text '600' is set on object 'Object Repository/ARMORDashboard/input_setNum'&#xD;
&#xD;
2019-07-19 13:05:12 - [MESSAGE][PASSED] - Text '600' is set on object 'Object Repository/ARMORDashboard/input_setNum'&#xD;
&#xD;
2019-07-19 13:05:12 - [TEST_STEP][PASSED] - smartWaitClickableAndClick(findTestObject("Object Repository/ARMORDashboard/button_checkSetNum"), 20): null&#xD;
&#xD;
2019-07-19 13:05:12 - [TEST_STEP][PASSED] - for ([j = 0, j &lt;= waitTime, (j++)]): null&#xD;
&#xD;
2019-07-19 13:05:12 - [TEST_STEP][PASSED] - if (!(verifyElementClickable(testObject, OPTIONAL) &amp;&amp; verifyElementVisible(testObject, OPTIONAL) &amp;&amp; verifyElementPresent(testObject, 5, OPTIONAL))): Object 'Object Repository/ARMORDashboard/button_checkSetNum' is present&#xD;
&#xD;
2019-07-19 13:05:12 - [MESSAGE][PASSED] - Object 'Object Repository/ARMORDashboard/button_checkSetNum' is clickable&#xD;
&#xD;
2019-07-19 13:05:12 - [MESSAGE][PASSED] - Object 'Object Repository/ARMORDashboard/button_checkSetNum' is visible&#xD;
&#xD;
2019-07-19 13:05:12 - [MESSAGE][PASSED] - Object 'Object Repository/ARMORDashboard/button_checkSetNum' is present&#xD;
&#xD;
2019-07-19 13:05:12 - [TEST_STEP][PASSED] - else: null&#xD;
&#xD;
2019-07-19 13:05:12 - [TEST_STEP][PASSED] - comment(testObject.toString() + " is ready"): TestObject - 'Object Repository/ARMORDashboard/button_checkSetNum' is ready&#xD;
&#xD;
2019-07-19 13:05:12 - [MESSAGE][INFO] - TestObject - 'Object Repository/ARMORDashboard/button_checkSetNum' is ready&#xD;
&#xD;
2019-07-19 13:05:12 - [TEST_STEP][PASSED] - waitForElementPresent(testObject, 20): Object 'Object Repository/ARMORDashboard/button_checkSetNum' is present&#xD;
&#xD;
2019-07-19 13:05:12 - [MESSAGE][PASSED] - Object 'Object Repository/ARMORDashboard/button_checkSetNum' is present&#xD;
&#xD;
2019-07-19 13:05:12 - [TEST_STEP][PASSED] - waitForElementVisible(testObject, 20): Object 'Object Repository/ARMORDashboard/button_checkSetNum' is visible&#xD;
&#xD;
2019-07-19 13:05:12 - [MESSAGE][PASSED] - Object 'Object Repository/ARMORDashboard/button_checkSetNum' is visible&#xD;
&#xD;
2019-07-19 13:05:12 - [TEST_STEP][PASSED] - waitForElementClickable(testObject, 20): Object 'Object Repository/ARMORDashboard/button_checkSetNum' is clickable&#xD;
&#xD;
2019-07-19 13:05:12 - [MESSAGE][PASSED] - Object 'Object Repository/ARMORDashboard/button_checkSetNum' is clickable&#xD;
&#xD;
2019-07-19 13:05:12 - [TEST_STEP][PASSED] - waitForJQueryLoad(10, OPTIONAL): jQuery is ready.&#xD;
&#xD;
2019-07-19 13:05:12 - [MESSAGE][PASSED] - jQuery is ready.&#xD;
&#xD;
2019-07-19 13:05:12 - [TEST_STEP][PASSED] - click(testObject): Object: 'Object Repository/ARMORDashboard/button_checkSetNum' is clicked on&#xD;
&#xD;
2019-07-19 13:05:12 - [MESSAGE][PASSED] - Object: 'Object Repository/ARMORDashboard/button_checkSetNum' is clicked on&#xD;
&#xD;
2019-07-19 13:05:12 - [TEST_STEP][PASSED] - break: null&#xD;
&#xD;
2019-07-19 13:05:12 - [TEST_STEP][PASSED] - smartWaitClickableAndClick(findTestObject("Object Repository/ARMORDashboard/PageThreshold/a_80 JB"), 20): null&#xD;
&#xD;
2019-07-19 13:05:12 - [TEST_STEP][PASSED] - for ([j = 0, j &lt;= waitTime, (j++)]): null&#xD;
&#xD;
2019-07-19 13:05:12 - [TEST_STEP][PASSED] - if (!(verifyElementClickable(testObject, OPTIONAL) &amp;&amp; verifyElementVisible(testObject, OPTIONAL) &amp;&amp; verifyElementPresent(testObject, 5, OPTIONAL))): Object 'Object Repository/ARMORDashboard/PageThreshold/a_80 JB' is present&#xD;
&#xD;
2019-07-19 13:05:12 - [MESSAGE][PASSED] - Object 'Object Repository/ARMORDashboard/PageThreshold/a_80 JB' is clickable&#xD;
&#xD;
2019-07-19 13:05:12 - [MESSAGE][PASSED] - Object 'Object Repository/ARMORDashboard/PageThreshold/a_80 JB' is visible&#xD;
&#xD;
2019-07-19 13:05:12 - [MESSAGE][PASSED] - Object 'Object Repository/ARMORDashboard/PageThreshold/a_80 JB' is present&#xD;
&#xD;
2019-07-19 13:05:12 - [TEST_STEP][PASSED] - else: null&#xD;
&#xD;
2019-07-19 13:05:12 - [TEST_STEP][PASSED] - comment(testObject.toString() + " is ready"): TestObject - 'Object Repository/ARMORDashboard/PageThreshold/a_80 JB' is ready&#xD;
&#xD;
2019-07-19 13:05:12 - [MESSAGE][INFO] - TestObject - 'Object Repository/ARMORDashboard/PageThreshold/a_80 JB' is ready&#xD;
&#xD;
2019-07-19 13:05:12 - [TEST_STEP][PASSED] - waitForElementPresent(testObject, 20): Object 'Object Repository/ARMORDashboard/PageThreshold/a_80 JB' is present&#xD;
&#xD;
2019-07-19 13:05:12 - [MESSAGE][PASSED] - Object 'Object Repository/ARMORDashboard/PageThreshold/a_80 JB' is present&#xD;
&#xD;
2019-07-19 13:05:12 - [TEST_STEP][PASSED] - waitForElementVisible(testObject, 20): Object 'Object Repository/ARMORDashboard/PageThreshold/a_80 JB' is visible&#xD;
&#xD;
2019-07-19 13:05:12 - [MESSAGE][PASSED] - Object 'Object Repository/ARMORDashboard/PageThreshold/a_80 JB' is visible&#xD;
&#xD;
2019-07-19 13:05:12 - [TEST_STEP][PASSED] - waitForElementClickable(testObject, 20): Object 'Object Repository/ARMORDashboard/PageThreshold/a_80 JB' is clickable&#xD;
&#xD;
2019-07-19 13:05:12 - [MESSAGE][PASSED] - Object 'Object Repository/ARMORDashboard/PageThreshold/a_80 JB' is clickable&#xD;
&#xD;
2019-07-19 13:05:12 - [TEST_STEP][PASSED] - waitForJQueryLoad(10, OPTIONAL): jQuery is ready.&#xD;
&#xD;
2019-07-19 13:05:12 - [MESSAGE][PASSED] - jQuery is ready.&#xD;
&#xD;
2019-07-19 13:05:12 - [TEST_STEP][PASSED] - click(testObject): Object: 'Object Repository/ARMORDashboard/PageThreshold/a_80 JB' is clicked on&#xD;
&#xD;
2019-07-19 13:05:13 - [MESSAGE][PASSED] - Object: 'Object Repository/ARMORDashboard/PageThreshold/a_80 JB' is clicked on&#xD;
&#xD;
2019-07-19 13:05:13 - [TEST_STEP][PASSED] - break: null&#xD;
&#xD;
2019-07-19 13:05:13 - [TEST_STEP][PASSED] - setText(findTestObject("Object Repository/ARMORDashboard/input_setNum"), "30"): Text '30' is set on object 'Object Repository/ARMORDashboard/input_setNum'&#xD;
&#xD;
2019-07-19 13:05:13 - [MESSAGE][PASSED] - Text '30' is set on object 'Object Repository/ARMORDashboard/input_setNum'&#xD;
&#xD;
2019-07-19 13:05:13 - [TEST_STEP][PASSED] - smartWaitClickableAndClick(findTestObject("Object Repository/ARMORDashboard/button_checkSetNum"), 20): null&#xD;
&#xD;
2019-07-19 13:05:13 - [TEST_STEP][PASSED] - for ([j = 0, j &lt;= waitTime, (j++)]): null&#xD;
&#xD;
2019-07-19 13:05:13 - [TEST_STEP][PASSED] - if (!(verifyElementClickable(testObject, OPTIONAL) &amp;&amp; verifyElementVisible(testObject, OPTIONAL) &amp;&amp; verifyElementPresent(testObject, 5, OPTIONAL))): Object 'Object Repository/ARMORDashboard/button_checkSetNum' is present&#xD;
&#xD;
2019-07-19 13:05:13 - [MESSAGE][PASSED] - Object 'Object Repository/ARMORDashboard/button_checkSetNum' is clickable&#xD;
&#xD;
2019-07-19 13:05:13 - [MESSAGE][PASSED] - Object 'Object Repository/ARMORDashboard/button_checkSetNum' is visible&#xD;
&#xD;
2019-07-19 13:05:13 - [MESSAGE][PASSED] - Object 'Object Repository/ARMORDashboard/button_checkSetNum' is present&#xD;
&#xD;
2019-07-19 13:05:13 - [TEST_STEP][PASSED] - else: null&#xD;
&#xD;
2019-07-19 13:05:13 - [TEST_STEP][PASSED] - comment(testObject.toString() + " is ready"): TestObject - 'Object Repository/ARMORDashboard/button_checkSetNum' is ready&#xD;
&#xD;
2019-07-19 13:05:13 - [MESSAGE][INFO] - TestObject - 'Object Repository/ARMORDashboard/button_checkSetNum' is ready&#xD;
&#xD;
2019-07-19 13:05:13 - [TEST_STEP][PASSED] - waitForElementPresent(testObject, 20): Object 'Object Repository/ARMORDashboard/button_checkSetNum' is present&#xD;
&#xD;
2019-07-19 13:05:13 - [MESSAGE][PASSED] - Object 'Object Repository/ARMORDashboard/button_checkSetNum' is present&#xD;
&#xD;
2019-07-19 13:05:13 - [TEST_STEP][PASSED] - waitForElementVisible(testObject, 20): Object 'Object Repository/ARMORDashboard/button_checkSetNum' is visible&#xD;
&#xD;
2019-07-19 13:05:13 - [MESSAGE][PASSED] - Object 'Object Repository/ARMORDashboard/button_checkSetNum' is visible&#xD;
&#xD;
2019-07-19 13:05:13 - [TEST_STEP][PASSED] - waitForElementClickable(testObject, 20): Object 'Object Repository/ARMORDashboard/button_checkSetNum' is clickable&#xD;
&#xD;
2019-07-19 13:05:13 - [MESSAGE][PASSED] - Object 'Object Repository/ARMORDashboard/button_checkSetNum' is clickable&#xD;
&#xD;
2019-07-19 13:05:13 - [TEST_STEP][PASSED] - waitForJQueryLoad(10, OPTIONAL): jQuery is ready.&#xD;
&#xD;
2019-07-19 13:05:13 - [MESSAGE][PASSED] - jQuery is ready.&#xD;
&#xD;
2019-07-19 13:05:13 - [TEST_STEP][PASSED] - click(testObject): Object: 'Object Repository/ARMORDashboard/button_checkSetNum' is clicked on&#xD;
&#xD;
2019-07-19 13:05:13 - [MESSAGE][PASSED] - Object: 'Object Repository/ARMORDashboard/button_checkSetNum' is clicked on&#xD;
&#xD;
2019-07-19 13:05:13 - [TEST_STEP][PASSED] - break: null&#xD;
&#xD;
2019-07-19 13:05:13 - [TEST_STEP][PASSED] - smartWaitClickableAndClick(findTestObject("Object Repository/ARMORDashboard/PageThreshold/a_80 JB"), 20): null&#xD;
&#xD;
2019-07-19 13:05:13 - [TEST_STEP][PASSED] - for ([j = 0, j &lt;= waitTime, (j++)]): null&#xD;
&#xD;
2019-07-19 13:05:13 - [TEST_STEP][PASSED] - if (!(verifyElementClickable(testObject, OPTIONAL) &amp;&amp; verifyElementVisible(testObject, OPTIONAL) &amp;&amp; verifyElementPresent(testObject, 5, OPTIONAL))): Object 'Object Repository/ARMORDashboard/PageThreshold/a_80 JB' is present&#xD;
&#xD;
2019-07-19 13:05:13 - [MESSAGE][PASSED] - Object 'Object Repository/ARMORDashboard/PageThreshold/a_80 JB' is clickable&#xD;
&#xD;
2019-07-19 13:05:13 - [MESSAGE][PASSED] - Object 'Object Repository/ARMORDashboard/PageThreshold/a_80 JB' is visible&#xD;
&#xD;
2019-07-19 13:05:13 - [MESSAGE][PASSED] - Object 'Object Repository/ARMORDashboard/PageThreshold/a_80 JB' is present&#xD;
&#xD;
2019-07-19 13:05:13 - [TEST_STEP][PASSED] - else: null&#xD;
&#xD;
2019-07-19 13:05:13 - [TEST_STEP][PASSED] - comment(testObject.toString() + " is ready"): TestObject - 'Object Repository/ARMORDashboard/PageThreshold/a_80 JB' is ready&#xD;
&#xD;
2019-07-19 13:05:13 - [MESSAGE][INFO] - TestObject - 'Object Repository/ARMORDashboard/PageThreshold/a_80 JB' is ready&#xD;
&#xD;
2019-07-19 13:05:13 - [TEST_STEP][PASSED] - waitForElementPresent(testObject, 20): Object 'Object Repository/ARMORDashboard/PageThreshold/a_80 JB' is present&#xD;
&#xD;
2019-07-19 13:05:13 - [MESSAGE][PASSED] - Object 'Object Repository/ARMORDashboard/PageThreshold/a_80 JB' is present&#xD;
&#xD;
2019-07-19 13:05:13 - [TEST_STEP][PASSED] - waitForElementVisible(testObject, 20): Object 'Object Repository/ARMORDashboard/PageThreshold/a_80 JB' is visible&#xD;
&#xD;
2019-07-19 13:05:13 - [MESSAGE][PASSED] - Object 'Object Repository/ARMORDashboard/PageThreshold/a_80 JB' is visible&#xD;
&#xD;
2019-07-19 13:05:13 - [TEST_STEP][PASSED] - waitForElementClickable(testObject, 20): Object 'Object Repository/ARMORDashboard/PageThreshold/a_80 JB' is clickable&#xD;
&#xD;
2019-07-19 13:05:13 - [MESSAGE][PASSED] - Object 'Object Repository/ARMORDashboard/PageThreshold/a_80 JB' is clickable&#xD;
&#xD;
2019-07-19 13:05:13 - [TEST_STEP][PASSED] - waitForJQueryLoad(10, OPTIONAL): jQuery is ready.&#xD;
&#xD;
2019-07-19 13:05:13 - [MESSAGE][PASSED] - jQuery is ready.&#xD;
&#xD;
2019-07-19 13:05:13 - [TEST_STEP][PASSED] - click(testObject): Object: 'Object Repository/ARMORDashboard/PageThreshold/a_80 JB' is clicked on&#xD;
&#xD;
2019-07-19 13:05:13 - [MESSAGE][PASSED] - Object: 'Object Repository/ARMORDashboard/PageThreshold/a_80 JB' is clicked on&#xD;
&#xD;
2019-07-19 13:05:13 - [TEST_STEP][PASSED] - break: null&#xD;
&#xD;
2019-07-19 13:05:13 - [TEST_STEP][PASSED] - setText(findTestObject("Object Repository/ARMORDashboard/input_setNum"), "80"): Text '80' is set on object 'Object Repository/ARMORDashboard/input_setNum'&#xD;
&#xD;
2019-07-19 13:05:14 - [MESSAGE][PASSED] - Text '80' is set on object 'Object Repository/ARMORDashboard/input_setNum'&#xD;
&#xD;
2019-07-19 13:05:14 - [TEST_STEP][PASSED] - smartWaitClickableAndClick(findTestObject("Object Repository/ARMORDashboard/button_checkSetNum"), 20): null&#xD;
&#xD;
2019-07-19 13:05:14 - [TEST_STEP][PASSED] - for ([j = 0, j &lt;= waitTime, (j++)]): null&#xD;
&#xD;
2019-07-19 13:05:14 - [TEST_STEP][PASSED] - if (!(verifyElementClickable(testObject, OPTIONAL) &amp;&amp; verifyElementVisible(testObject, OPTIONAL) &amp;&amp; verifyElementPresent(testObject, 5, OPTIONAL))): Object 'Object Repository/ARMORDashboard/button_checkSetNum' is present&#xD;
&#xD;
2019-07-19 13:05:14 - [MESSAGE][PASSED] - Object 'Object Repository/ARMORDashboard/button_checkSetNum' is clickable&#xD;
&#xD;
2019-07-19 13:05:14 - [MESSAGE][PASSED] - Object 'Object Repository/ARMORDashboard/button_checkSetNum' is visible&#xD;
&#xD;
2019-07-19 13:05:14 - [MESSAGE][PASSED] - Object 'Object Repository/ARMORDashboard/button_checkSetNum' is present&#xD;
&#xD;
2019-07-19 13:05:14 - [TEST_STEP][PASSED] - else: null&#xD;
&#xD;
2019-07-19 13:05:14 - [TEST_STEP][PASSED] - comment(testObject.toString() + " is ready"): TestObject - 'Object Repository/ARMORDashboard/button_checkSetNum' is ready&#xD;
&#xD;
2019-07-19 13:05:14 - [MESSAGE][INFO] - TestObject - 'Object Repository/ARMORDashboard/button_checkSetNum' is ready&#xD;
&#xD;
2019-07-19 13:05:14 - [TEST_STEP][PASSED] - waitForElementPresent(testObject, 20): Object 'Object Repository/ARMORDashboard/button_checkSetNum' is present&#xD;
&#xD;
2019-07-19 13:05:14 - [MESSAGE][PASSED] - Object 'Object Repository/ARMORDashboard/button_checkSetNum' is present&#xD;
&#xD;
2019-07-19 13:05:14 - [TEST_STEP][PASSED] - waitForElementVisible(testObject, 20): Object 'Object Repository/ARMORDashboard/button_checkSetNum' is visible&#xD;
&#xD;
2019-07-19 13:05:14 - [MESSAGE][PASSED] - Object 'Object Repository/ARMORDashboard/button_checkSetNum' is visible&#xD;
&#xD;
2019-07-19 13:05:14 - [TEST_STEP][PASSED] - waitForElementClickable(testObject, 20): Object 'Object Repository/ARMORDashboard/button_checkSetNum' is clickable&#xD;
&#xD;
2019-07-19 13:05:14 - [MESSAGE][PASSED] - Object 'Object Repository/ARMORDashboard/button_checkSetNum' is clickable&#xD;
&#xD;
2019-07-19 13:05:14 - [TEST_STEP][PASSED] - waitForJQueryLoad(10, OPTIONAL): jQuery is ready.&#xD;
&#xD;
2019-07-19 13:05:14 - [MESSAGE][PASSED] - jQuery is ready.&#xD;
&#xD;
2019-07-19 13:05:14 - [TEST_STEP][PASSED] - click(testObject): Object: 'Object Repository/ARMORDashboard/button_checkSetNum' is clicked on&#xD;
&#xD;
2019-07-19 13:05:14 - [MESSAGE][PASSED] - Object: 'Object Repository/ARMORDashboard/button_checkSetNum' is clicked on&#xD;
&#xD;
2019-07-19 13:05:14 - [TEST_STEP][PASSED] - break: null&#xD;
&#xD;
2019-07-19 13:05:14 - [TEST_STEP][PASSED] - smartWaitClickableAndClick(findTestObject("Object Repository/ARMORDashboard/PageThreshold/a_80 JB2"), 20): null&#xD;
&#xD;
2019-07-19 13:05:14 - [TEST_STEP][PASSED] - for ([j = 0, j &lt;= waitTime, (j++)]): null&#xD;
&#xD;
2019-07-19 13:05:14 - [TEST_STEP][PASSED] - if (!(verifyElementClickable(testObject, OPTIONAL) &amp;&amp; verifyElementVisible(testObject, OPTIONAL) &amp;&amp; verifyElementPresent(testObject, 5, OPTIONAL))): Object 'Object Repository/ARMORDashboard/PageThreshold/a_80 JB2' is present&#xD;
&#xD;
2019-07-19 13:05:14 - [MESSAGE][PASSED] - Object 'Object Repository/ARMORDashboard/PageThreshold/a_80 JB2' is clickable&#xD;
&#xD;
2019-07-19 13:05:14 - [MESSAGE][PASSED] - Object 'Object Repository/ARMORDashboard/PageThreshold/a_80 JB2' is visible&#xD;
&#xD;
2019-07-19 13:05:14 - [MESSAGE][PASSED] - Object 'Object Repository/ARMORDashboard/PageThreshold/a_80 JB2' is present&#xD;
&#xD;
2019-07-19 13:05:14 - [TEST_STEP][PASSED] - else: null&#xD;
&#xD;
2019-07-19 13:05:14 - [TEST_STEP][PASSED] - comment(testObject.toString() + " is ready"): TestObject - 'Object Repository/ARMORDashboard/PageThreshold/a_80 JB2' is ready&#xD;
&#xD;
2019-07-19 13:05:14 - [MESSAGE][INFO] - TestObject - 'Object Repository/ARMORDashboard/PageThreshold/a_80 JB2' is ready&#xD;
&#xD;
2019-07-19 13:05:14 - [TEST_STEP][PASSED] - waitForElementPresent(testObject, 20): Object 'Object Repository/ARMORDashboard/PageThreshold/a_80 JB2' is present&#xD;
&#xD;
2019-07-19 13:05:14 - [MESSAGE][PASSED] - Object 'Object Repository/ARMORDashboard/PageThreshold/a_80 JB2' is present&#xD;
&#xD;
2019-07-19 13:05:14 - [TEST_STEP][PASSED] - waitForElementVisible(testObject, 20): Object 'Object Repository/ARMORDashboard/PageThreshold/a_80 JB2' is visible&#xD;
&#xD;
2019-07-19 13:05:14 - [MESSAGE][PASSED] - Object 'Object Repository/ARMORDashboard/PageThreshold/a_80 JB2' is visible&#xD;
&#xD;
2019-07-19 13:05:14 - [TEST_STEP][PASSED] - waitForElementClickable(testObject, 20): Object 'Object Repository/ARMORDashboard/PageThreshold/a_80 JB2' is clickable&#xD;
&#xD;
2019-07-19 13:05:14 - [MESSAGE][PASSED] - Object 'Object Repository/ARMORDashboard/PageThreshold/a_80 JB2' is clickable&#xD;
&#xD;
2019-07-19 13:05:14 - [TEST_STEP][PASSED] - waitForJQueryLoad(10, OPTIONAL): jQuery is ready.&#xD;
&#xD;
2019-07-19 13:05:14 - [MESSAGE][PASSED] - jQuery is ready.&#xD;
&#xD;
2019-07-19 13:05:14 - [TEST_STEP][PASSED] - click(testObject): Object: 'Object Repository/ARMORDashboard/PageThreshold/a_80 JB2' is clicked on&#xD;
&#xD;
2019-07-19 13:05:14 - [MESSAGE][PASSED] - Object: 'Object Repository/ARMORDashboard/PageThreshold/a_80 JB2' is clicked on&#xD;
&#xD;
2019-07-19 13:05:14 - [TEST_STEP][PASSED] - break: null&#xD;
&#xD;
2019-07-19 13:05:14 - [TEST_STEP][PASSED] - setText(findTestObject("Object Repository/ARMORDashboard/input_setNum"), "30"): Text '30' is set on object 'Object Repository/ARMORDashboard/input_setNum'&#xD;
&#xD;
2019-07-19 13:05:15 - [MESSAGE][PASSED] - Text '30' is set on object 'Object Repository/ARMORDashboard/input_setNum'&#xD;
&#xD;
2019-07-19 13:05:15 - [TEST_STEP][PASSED] - smartWaitClickableAndClick(findTestObject("Object Repository/ARMORDashboard/button_checkSetNum"), 20): null&#xD;
&#xD;
2019-07-19 13:05:15 - [TEST_STEP][PASSED] - for ([j = 0, j &lt;= waitTime, (j++)]): null&#xD;
&#xD;
2019-07-19 13:05:15 - [TEST_STEP][PASSED] - if (!(verifyElementClickable(testObject, OPTIONAL) &amp;&amp; verifyElementVisible(testObject, OPTIONAL) &amp;&amp; verifyElementPresent(testObject, 5, OPTIONAL))): Object 'Object Repository/ARMORDashboard/button_checkSetNum' is present&#xD;
&#xD;
2019-07-19 13:05:15 - [MESSAGE][PASSED] - Object 'Object Repository/ARMORDashboard/button_checkSetNum' is clickable&#xD;
&#xD;
2019-07-19 13:05:15 - [MESSAGE][PASSED] - Object 'Object Repository/ARMORDashboard/button_checkSetNum' is visible&#xD;
&#xD;
2019-07-19 13:05:15 - [MESSAGE][PASSED] - Object 'Object Repository/ARMORDashboard/button_checkSetNum' is present&#xD;
&#xD;
2019-07-19 13:05:15 - [TEST_STEP][PASSED] - else: null&#xD;
&#xD;
2019-07-19 13:05:15 - [TEST_STEP][PASSED] - comment(testObject.toString() + " is ready"): TestObject - 'Object Repository/ARMORDashboard/button_checkSetNum' is ready&#xD;
&#xD;
2019-07-19 13:05:15 - [MESSAGE][INFO] - TestObject - 'Object Repository/ARMORDashboard/button_checkSetNum' is ready&#xD;
&#xD;
2019-07-19 13:05:15 - [TEST_STEP][PASSED] - waitForElementPresent(testObject, 20): Object 'Object Repository/ARMORDashboard/button_checkSetNum' is present&#xD;
&#xD;
2019-07-19 13:05:15 - [MESSAGE][PASSED] - Object 'Object Repository/ARMORDashboard/button_checkSetNum' is present&#xD;
&#xD;
2019-07-19 13:05:15 - [TEST_STEP][PASSED] - waitForElementVisible(testObject, 20): Object 'Object Repository/ARMORDashboard/button_checkSetNum' is visible&#xD;
&#xD;
2019-07-19 13:05:15 - [MESSAGE][PASSED] - Object 'Object Repository/ARMORDashboard/button_checkSetNum' is visible&#xD;
&#xD;
2019-07-19 13:05:15 - [TEST_STEP][PASSED] - waitForElementClickable(testObject, 20): Object 'Object Repository/ARMORDashboard/button_checkSetNum' is clickable&#xD;
&#xD;
2019-07-19 13:05:15 - [MESSAGE][PASSED] - Object 'Object Repository/ARMORDashboard/button_checkSetNum' is clickable&#xD;
&#xD;
2019-07-19 13:05:15 - [TEST_STEP][PASSED] - waitForJQueryLoad(10, OPTIONAL): jQuery is ready.&#xD;
&#xD;
2019-07-19 13:05:15 - [MESSAGE][PASSED] - jQuery is ready.&#xD;
&#xD;
2019-07-19 13:05:15 - [TEST_STEP][PASSED] - click(testObject): Object: 'Object Repository/ARMORDashboard/button_checkSetNum' is clicked on&#xD;
&#xD;
2019-07-19 13:05:15 - [MESSAGE][PASSED] - Object: 'Object Repository/ARMORDashboard/button_checkSetNum' is clicked on&#xD;
&#xD;
2019-07-19 13:05:15 - [TEST_STEP][PASSED] - break: null&#xD;
&#xD;
2019-07-19 13:05:15 - [TEST_STEP][PASSED] - smartWaitClickableAndClick(findTestObject("Object Repository/ARMORDashboard/PageThreshold/a_80 JB2"), 20): null&#xD;
&#xD;
2019-07-19 13:05:15 - [TEST_STEP][PASSED] - for ([j = 0, j &lt;= waitTime, (j++)]): null&#xD;
&#xD;
2019-07-19 13:05:15 - [TEST_STEP][PASSED] - if (!(verifyElementClickable(testObject, OPTIONAL) &amp;&amp; verifyElementVisible(testObject, OPTIONAL) &amp;&amp; verifyElementPresent(testObject, 5, OPTIONAL))): Object 'Object Repository/ARMORDashboard/PageThreshold/a_80 JB2' is present&#xD;
&#xD;
2019-07-19 13:05:15 - [MESSAGE][PASSED] - Object 'Object Repository/ARMORDashboard/PageThreshold/a_80 JB2' is clickable&#xD;
&#xD;
2019-07-19 13:05:15 - [MESSAGE][PASSED] - Object 'Object Repository/ARMORDashboard/PageThreshold/a_80 JB2' is visible&#xD;
&#xD;
2019-07-19 13:05:15 - [MESSAGE][PASSED] - Object 'Object Repository/ARMORDashboard/PageThreshold/a_80 JB2' is present&#xD;
&#xD;
2019-07-19 13:05:15 - [TEST_STEP][PASSED] - else: null&#xD;
&#xD;
2019-07-19 13:05:15 - [TEST_STEP][PASSED] - comment(testObject.toString() + " is ready"): TestObject - 'Object Repository/ARMORDashboard/PageThreshold/a_80 JB2' is ready&#xD;
&#xD;
2019-07-19 13:05:15 - [MESSAGE][INFO] - TestObject - 'Object Repository/ARMORDashboard/PageThreshold/a_80 JB2' is ready&#xD;
&#xD;
2019-07-19 13:05:15 - [TEST_STEP][PASSED] - waitForElementPresent(testObject, 20): Object 'Object Repository/ARMORDashboard/PageThreshold/a_80 JB2' is present&#xD;
&#xD;
2019-07-19 13:05:15 - [MESSAGE][PASSED] - Object 'Object Repository/ARMORDashboard/PageThreshold/a_80 JB2' is present&#xD;
&#xD;
2019-07-19 13:05:15 - [TEST_STEP][PASSED] - waitForElementVisible(testObject, 20): Object 'Object Repository/ARMORDashboard/PageThreshold/a_80 JB2' is visible&#xD;
&#xD;
2019-07-19 13:05:15 - [MESSAGE][PASSED] - Object 'Object Repository/ARMORDashboard/PageThreshold/a_80 JB2' is visible&#xD;
&#xD;
2019-07-19 13:05:15 - [TEST_STEP][PASSED] - waitForElementClickable(testObject, 20): Object 'Object Repository/ARMORDashboard/PageThreshold/a_80 JB2' is clickable&#xD;
&#xD;
2019-07-19 13:05:15 - [MESSAGE][PASSED] - Object 'Object Repository/ARMORDashboard/PageThreshold/a_80 JB2' is clickable&#xD;
&#xD;
2019-07-19 13:05:15 - [TEST_STEP][PASSED] - waitForJQueryLoad(10, OPTIONAL): jQuery is ready.&#xD;
&#xD;
2019-07-19 13:05:15 - [MESSAGE][PASSED] - jQuery is ready.&#xD;
&#xD;
2019-07-19 13:05:15 - [TEST_STEP][PASSED] - click(testObject): Object: 'Object Repository/ARMORDashboard/PageThreshold/a_80 JB2' is clicked on&#xD;
&#xD;
2019-07-19 13:05:15 - [MESSAGE][PASSED] - Object: 'Object Repository/ARMORDashboard/PageThreshold/a_80 JB2' is clicked on&#xD;
&#xD;
2019-07-19 13:05:15 - [TEST_STEP][PASSED] - break: null&#xD;
&#xD;
2019-07-19 13:05:15 - [TEST_STEP][PASSED] - setText(findTestObject("Object Repository/ARMORDashboard/input_setNum"), "80"): Text '80' is set on object 'Object Repository/ARMORDashboard/input_setNum'&#xD;
&#xD;
2019-07-19 13:05:16 - [MESSAGE][PASSED] - Text '80' is set on object 'Object Repository/ARMORDashboard/input_setNum'&#xD;
&#xD;
2019-07-19 13:05:16 - [TEST_STEP][PASSED] - smartWaitClickableAndClick(findTestObject("Object Repository/ARMORDashboard/button_checkSetNum"), 20): null&#xD;
&#xD;
2019-07-19 13:05:16 - [TEST_STEP][PASSED] - for ([j = 0, j &lt;= waitTime, (j++)]): null&#xD;
&#xD;
2019-07-19 13:05:16 - [TEST_STEP][PASSED] - if (!(verifyElementClickable(testObject, OPTIONAL) &amp;&amp; verifyElementVisible(testObject, OPTIONAL) &amp;&amp; verifyElementPresent(testObject, 5, OPTIONAL))): Object 'Object Repository/ARMORDashboard/button_checkSetNum' is present&#xD;
&#xD;
2019-07-19 13:05:16 - [MESSAGE][PASSED] - Object 'Object Repository/ARMORDashboard/button_checkSetNum' is clickable&#xD;
&#xD;
2019-07-19 13:05:16 - [MESSAGE][PASSED] - Object 'Object Repository/ARMORDashboard/button_checkSetNum' is visible&#xD;
&#xD;
2019-07-19 13:05:16 - [MESSAGE][PASSED] - Object 'Object Repository/ARMORDashboard/button_checkSetNum' is present&#xD;
&#xD;
2019-07-19 13:05:16 - [TEST_STEP][PASSED] - else: null&#xD;
&#xD;
2019-07-19 13:05:16 - [TEST_STEP][PASSED] - comment(testObject.toString() + " is ready"): TestObject - 'Object Repository/ARMORDashboard/button_checkSetNum' is ready&#xD;
&#xD;
2019-07-19 13:05:16 - [MESSAGE][INFO] - TestObject - 'Object Repository/ARMORDashboard/button_checkSetNum' is ready&#xD;
&#xD;
2019-07-19 13:05:16 - [TEST_STEP][PASSED] - waitForElementPresent(testObject, 20): Object 'Object Repository/ARMORDashboard/button_checkSetNum' is present&#xD;
&#xD;
2019-07-19 13:05:16 - [MESSAGE][PASSED] - Object 'Object Repository/ARMORDashboard/button_checkSetNum' is present&#xD;
&#xD;
2019-07-19 13:05:16 - [TEST_STEP][PASSED] - waitForElementVisible(testObject, 20): Object 'Object Repository/ARMORDashboard/button_checkSetNum' is visible&#xD;
&#xD;
2019-07-19 13:05:16 - [MESSAGE][PASSED] - Object 'Object Repository/ARMORDashboard/button_checkSetNum' is visible&#xD;
&#xD;
2019-07-19 13:05:16 - [TEST_STEP][PASSED] - waitForElementClickable(testObject, 20): Object 'Object Repository/ARMORDashboard/button_checkSetNum' is clickable&#xD;
&#xD;
2019-07-19 13:05:16 - [MESSAGE][PASSED] - Object 'Object Repository/ARMORDashboard/button_checkSetNum' is clickable&#xD;
&#xD;
2019-07-19 13:05:16 - [TEST_STEP][PASSED] - waitForJQueryLoad(10, OPTIONAL): jQuery is ready.&#xD;
&#xD;
2019-07-19 13:05:16 - [MESSAGE][PASSED] - jQuery is ready.&#xD;
&#xD;
2019-07-19 13:05:16 - [TEST_STEP][PASSED] - click(testObject): Object: 'Object Repository/ARMORDashboard/button_checkSetNum' is clicked on&#xD;
&#xD;
2019-07-19 13:05:16 - [MESSAGE][PASSED] - Object: 'Object Repository/ARMORDashboard/button_checkSetNum' is clicked on&#xD;
&#xD;
2019-07-19 13:05:16 - [TEST_STEP][PASSED] - break: null&#xD;
&#xD;
2019-07-19 13:05:16 - [TEST_STEP][PASSED] - smartWaitClickableAndClick(findTestObject("Object Repository/ARMORDashboard/PageThreshold/a_1100 JB"), 20): null&#xD;
&#xD;
2019-07-19 13:05:16 - [TEST_STEP][PASSED] - for ([j = 0, j &lt;= waitTime, (j++)]): null&#xD;
&#xD;
2019-07-19 13:05:16 - [TEST_STEP][PASSED] - if (!(verifyElementClickable(testObject, OPTIONAL) &amp;&amp; verifyElementVisible(testObject, OPTIONAL) &amp;&amp; verifyElementPresent(testObject, 5, OPTIONAL))): Object 'Object Repository/ARMORDashboard/PageThreshold/a_1100 JB' is present&#xD;
&#xD;
2019-07-19 13:05:16 - [MESSAGE][PASSED] - Object 'Object Repository/ARMORDashboard/PageThreshold/a_1100 JB' is clickable&#xD;
&#xD;
2019-07-19 13:05:16 - [MESSAGE][PASSED] - Object 'Object Repository/ARMORDashboard/PageThreshold/a_1100 JB' is visible&#xD;
&#xD;
2019-07-19 13:05:16 - [MESSAGE][PASSED] - Object 'Object Repository/ARMORDashboard/PageThreshold/a_1100 JB' is present&#xD;
&#xD;
2019-07-19 13:05:16 - [TEST_STEP][PASSED] - else: null&#xD;
&#xD;
2019-07-19 13:05:16 - [TEST_STEP][PASSED] - comment(testObject.toString() + " is ready"): TestObject - 'Object Repository/ARMORDashboard/PageThreshold/a_1100 JB' is ready&#xD;
&#xD;
2019-07-19 13:05:16 - [MESSAGE][INFO] - TestObject - 'Object Repository/ARMORDashboard/PageThreshold/a_1100 JB' is ready&#xD;
&#xD;
2019-07-19 13:05:16 - [TEST_STEP][PASSED] - waitForElementPresent(testObject, 20): Object 'Object Repository/ARMORDashboard/PageThreshold/a_1100 JB' is present&#xD;
&#xD;
2019-07-19 13:05:16 - [MESSAGE][PASSED] - Object 'Object Repository/ARMORDashboard/PageThreshold/a_1100 JB' is present&#xD;
&#xD;
2019-07-19 13:05:16 - [TEST_STEP][PASSED] - waitForElementVisible(testObject, 20): Object 'Object Repository/ARMORDashboard/PageThreshold/a_1100 JB' is visible&#xD;
&#xD;
2019-07-19 13:05:16 - [MESSAGE][PASSED] - Object 'Object Repository/ARMORDashboard/PageThreshold/a_1100 JB' is visible&#xD;
&#xD;
2019-07-19 13:05:16 - [TEST_STEP][PASSED] - waitForElementClickable(testObject, 20): Object 'Object Repository/ARMORDashboard/PageThreshold/a_1100 JB' is clickable&#xD;
&#xD;
2019-07-19 13:05:16 - [MESSAGE][PASSED] - Object 'Object Repository/ARMORDashboard/PageThreshold/a_1100 JB' is clickable&#xD;
&#xD;
2019-07-19 13:05:16 - [TEST_STEP][PASSED] - waitForJQueryLoad(10, OPTIONAL): jQuery is ready.&#xD;
&#xD;
2019-07-19 13:05:16 - [MESSAGE][PASSED] - jQuery is ready.&#xD;
&#xD;
2019-07-19 13:05:16 - [TEST_STEP][PASSED] - click(testObject): Object: 'Object Repository/ARMORDashboard/PageThreshold/a_1100 JB' is clicked on&#xD;
&#xD;
2019-07-19 13:05:16 - [MESSAGE][PASSED] - Object: 'Object Repository/ARMORDashboard/PageThreshold/a_1100 JB' is clicked on&#xD;
&#xD;
2019-07-19 13:05:16 - [TEST_STEP][PASSED] - break: null&#xD;
&#xD;
2019-07-19 13:05:16 - [TEST_STEP][PASSED] - setText(findTestObject("Object Repository/ARMORDashboard/input_setNum"), "1050"): Text '1050' is set on object 'Object Repository/ARMORDashboard/input_setNum'&#xD;
&#xD;
2019-07-19 13:05:17 - [MESSAGE][PASSED] - Text '1050' is set on object 'Object Repository/ARMORDashboard/input_setNum'&#xD;
&#xD;
2019-07-19 13:05:17 - [TEST_STEP][PASSED] - smartWaitClickableAndClick(findTestObject("Object Repository/ARMORDashboard/button_checkSetNum"), 20): null&#xD;
&#xD;
2019-07-19 13:05:17 - [TEST_STEP][PASSED] - for ([j = 0, j &lt;= waitTime, (j++)]): null&#xD;
&#xD;
2019-07-19 13:05:17 - [TEST_STEP][PASSED] - if (!(verifyElementClickable(testObject, OPTIONAL) &amp;&amp; verifyElementVisible(testObject, OPTIONAL) &amp;&amp; verifyElementPresent(testObject, 5, OPTIONAL))): Object 'Object Repository/ARMORDashboard/button_checkSetNum' is present&#xD;
&#xD;
2019-07-19 13:05:17 - [MESSAGE][PASSED] - Object 'Object Repository/ARMORDashboard/button_checkSetNum' is clickable&#xD;
&#xD;
2019-07-19 13:05:17 - [MESSAGE][PASSED] - Object 'Object Repository/ARMORDashboard/button_checkSetNum' is visible&#xD;
&#xD;
2019-07-19 13:05:17 - [MESSAGE][PASSED] - Object 'Object Repository/ARMORDashboard/button_checkSetNum' is present&#xD;
&#xD;
2019-07-19 13:05:17 - [TEST_STEP][PASSED] - else: null&#xD;
&#xD;
2019-07-19 13:05:17 - [TEST_STEP][PASSED] - comment(testObject.toString() + " is ready"): TestObject - 'Object Repository/ARMORDashboard/button_checkSetNum' is ready&#xD;
&#xD;
2019-07-19 13:05:17 - [MESSAGE][INFO] - TestObject - 'Object Repository/ARMORDashboard/button_checkSetNum' is ready&#xD;
&#xD;
2019-07-19 13:05:17 - [TEST_STEP][PASSED] - waitForElementPresent(testObject, 20): Object 'Object Repository/ARMORDashboard/button_checkSetNum' is present&#xD;
&#xD;
2019-07-19 13:05:17 - [MESSAGE][PASSED] - Object 'Object Repository/ARMORDashboard/button_checkSetNum' is present&#xD;
&#xD;
2019-07-19 13:05:17 - [TEST_STEP][PASSED] - waitForElementVisible(testObject, 20): Object 'Object Repository/ARMORDashboard/button_checkSetNum' is visible&#xD;
&#xD;
2019-07-19 13:05:17 - [MESSAGE][PASSED] - Object 'Object Repository/ARMORDashboard/button_checkSetNum' is visible&#xD;
&#xD;
2019-07-19 13:05:17 - [TEST_STEP][PASSED] - waitForElementClickable(testObject, 20): Object 'Object Repository/ARMORDashboard/button_checkSetNum' is clickable&#xD;
&#xD;
2019-07-19 13:05:17 - [MESSAGE][PASSED] - Object 'Object Repository/ARMORDashboard/button_checkSetNum' is clickable&#xD;
&#xD;
2019-07-19 13:05:17 - [TEST_STEP][PASSED] - waitForJQueryLoad(10, OPTIONAL): jQuery is ready.&#xD;
&#xD;
2019-07-19 13:05:17 - [MESSAGE][PASSED] - jQuery is ready.&#xD;
&#xD;
2019-07-19 13:05:17 - [TEST_STEP][PASSED] - click(testObject): Object: 'Object Repository/ARMORDashboard/button_checkSetNum' is clicked on&#xD;
&#xD;
2019-07-19 13:05:17 - [MESSAGE][PASSED] - Object: 'Object Repository/ARMORDashboard/button_checkSetNum' is clicked on&#xD;
&#xD;
2019-07-19 13:05:17 - [TEST_STEP][PASSED] - break: null&#xD;
&#xD;
2019-07-19 13:05:17 - [TEST_STEP][PASSED] - smartWaitClickableAndClick(findTestObject("Object Repository/ARMORDashboard/PageThreshold/a_1100 JB"), 20): null&#xD;
&#xD;
2019-07-19 13:05:17 - [TEST_STEP][PASSED] - for ([j = 0, j &lt;= waitTime, (j++)]): null&#xD;
&#xD;
2019-07-19 13:05:17 - [TEST_STEP][PASSED] - if (!(verifyElementClickable(testObject, OPTIONAL) &amp;&amp; verifyElementVisible(testObject, OPTIONAL) &amp;&amp; verifyElementPresent(testObject, 5, OPTIONAL))): Object 'Object Repository/ARMORDashboard/PageThreshold/a_1100 JB' is present&#xD;
&#xD;
2019-07-19 13:05:17 - [MESSAGE][PASSED] - Object 'Object Repository/ARMORDashboard/PageThreshold/a_1100 JB' is clickable&#xD;
&#xD;
2019-07-19 13:05:17 - [MESSAGE][PASSED] - Object 'Object Repository/ARMORDashboard/PageThreshold/a_1100 JB' is visible&#xD;
&#xD;
2019-07-19 13:05:17 - [MESSAGE][PASSED] - Object 'Object Repository/ARMORDashboard/PageThreshold/a_1100 JB' is present&#xD;
&#xD;
2019-07-19 13:05:17 - [TEST_STEP][PASSED] - else: null&#xD;
&#xD;
2019-07-19 13:05:17 - [TEST_STEP][PASSED] - comment(testObject.toString() + " is ready"): TestObject - 'Object Repository/ARMORDashboard/PageThreshold/a_1100 JB' is ready&#xD;
&#xD;
2019-07-19 13:05:17 - [MESSAGE][INFO] - TestObject - 'Object Repository/ARMORDashboard/PageThreshold/a_1100 JB' is ready&#xD;
&#xD;
2019-07-19 13:05:17 - [TEST_STEP][PASSED] - waitForElementPresent(testObject, 20): Object 'Object Repository/ARMORDashboard/PageThreshold/a_1100 JB' is present&#xD;
&#xD;
2019-07-19 13:05:17 - [MESSAGE][PASSED] - Object 'Object Repository/ARMORDashboard/PageThreshold/a_1100 JB' is present&#xD;
&#xD;
2019-07-19 13:05:17 - [TEST_STEP][PASSED] - waitForElementVisible(testObject, 20): Object 'Object Repository/ARMORDashboard/PageThreshold/a_1100 JB' is visible&#xD;
&#xD;
2019-07-19 13:05:17 - [MESSAGE][PASSED] - Object 'Object Repository/ARMORDashboard/PageThreshold/a_1100 JB' is visible&#xD;
&#xD;
2019-07-19 13:05:17 - [TEST_STEP][PASSED] - waitForElementClickable(testObject, 20): Object 'Object Repository/ARMORDashboard/PageThreshold/a_1100 JB' is clickable&#xD;
&#xD;
2019-07-19 13:05:17 - [MESSAGE][PASSED] - Object 'Object Repository/ARMORDashboard/PageThreshold/a_1100 JB' is clickable&#xD;
&#xD;
2019-07-19 13:05:17 - [TEST_STEP][PASSED] - waitForJQueryLoad(10, OPTIONAL): jQuery is ready.&#xD;
&#xD;
2019-07-19 13:05:17 - [MESSAGE][PASSED] - jQuery is ready.&#xD;
&#xD;
2019-07-19 13:05:17 - [TEST_STEP][PASSED] - click(testObject): Object: 'Object Repository/ARMORDashboard/PageThreshold/a_1100 JB' is clicked on&#xD;
&#xD;
2019-07-19 13:05:17 - [MESSAGE][PASSED] - Object: 'Object Repository/ARMORDashboard/PageThreshold/a_1100 JB' is clicked on&#xD;
&#xD;
2019-07-19 13:05:17 - [TEST_STEP][PASSED] - break: null&#xD;
&#xD;
2019-07-19 13:05:17 - [TEST_STEP][PASSED] - setText(findTestObject("Object Repository/ARMORDashboard/input_setNum"), "1100"): Text '1100' is set on object 'Object Repository/ARMORDashboard/input_setNum'&#xD;
&#xD;
2019-07-19 13:05:18 - [MESSAGE][PASSED] - Text '1100' is set on object 'Object Repository/ARMORDashboard/input_setNum'&#xD;
&#xD;
2019-07-19 13:05:18 - [TEST_STEP][PASSED] - smartWaitClickableAndClick(findTestObject("Object Repository/ARMORDashboard/button_checkSetNum"), 20): null&#xD;
&#xD;
2019-07-19 13:05:18 - [TEST_STEP][PASSED] - for ([j = 0, j &lt;= waitTime, (j++)]): null&#xD;
&#xD;
2019-07-19 13:05:18 - [TEST_STEP][PASSED] - if (!(verifyElementClickable(testObject, OPTIONAL) &amp;&amp; verifyElementVisible(testObject, OPTIONAL) &amp;&amp; verifyElementPresent(testObject, 5, OPTIONAL))): Object 'Object Repository/ARMORDashboard/button_checkSetNum' is present&#xD;
&#xD;
2019-07-19 13:05:18 - [MESSAGE][PASSED] - Object 'Object Repository/ARMORDashboard/button_checkSetNum' is clickable&#xD;
&#xD;
2019-07-19 13:05:18 - [MESSAGE][PASSED] - Object 'Object Repository/ARMORDashboard/button_checkSetNum' is visible&#xD;
&#xD;
2019-07-19 13:05:18 - [MESSAGE][PASSED] - Object 'Object Repository/ARMORDashboard/button_checkSetNum' is present&#xD;
&#xD;
2019-07-19 13:05:18 - [TEST_STEP][PASSED] - else: null&#xD;
&#xD;
2019-07-19 13:05:18 - [TEST_STEP][PASSED] - comment(testObject.toString() + " is ready"): TestObject - 'Object Repository/ARMORDashboard/button_checkSetNum' is ready&#xD;
&#xD;
2019-07-19 13:05:18 - [MESSAGE][INFO] - TestObject - 'Object Repository/ARMORDashboard/button_checkSetNum' is ready&#xD;
&#xD;
2019-07-19 13:05:18 - [TEST_STEP][PASSED] - waitForElementPresent(testObject, 20): Object 'Object Repository/ARMORDashboard/button_checkSetNum' is present&#xD;
&#xD;
2019-07-19 13:05:18 - [MESSAGE][PASSED] - Object 'Object Repository/ARMORDashboard/button_checkSetNum' is present&#xD;
&#xD;
2019-07-19 13:05:18 - [TEST_STEP][PASSED] - waitForElementVisible(testObject, 20): Object 'Object Repository/ARMORDashboard/button_checkSetNum' is visible&#xD;
&#xD;
2019-07-19 13:05:18 - [MESSAGE][PASSED] - Object 'Object Repository/ARMORDashboard/button_checkSetNum' is visible&#xD;
&#xD;
2019-07-19 13:05:18 - [TEST_STEP][PASSED] - waitForElementClickable(testObject, 20): Object 'Object Repository/ARMORDashboard/button_checkSetNum' is clickable&#xD;
&#xD;
2019-07-19 13:05:18 - [MESSAGE][PASSED] - Object 'Object Repository/ARMORDashboard/button_checkSetNum' is clickable&#xD;
&#xD;
2019-07-19 13:05:18 - [TEST_STEP][PASSED] - waitForJQueryLoad(10, OPTIONAL): jQuery is ready.&#xD;
&#xD;
2019-07-19 13:05:18 - [MESSAGE][PASSED] - jQuery is ready.&#xD;
&#xD;
2019-07-19 13:05:18 - [TEST_STEP][PASSED] - click(testObject): Object: 'Object Repository/ARMORDashboard/button_checkSetNum' is clicked on&#xD;
&#xD;
2019-07-19 13:05:18 - [MESSAGE][PASSED] - Object: 'Object Repository/ARMORDashboard/button_checkSetNum' is clicked on&#xD;
&#xD;
2019-07-19 13:05:18 - [TEST_STEP][PASSED] - break: null&#xD;
&#xD;
2019-07-19 13:05:18 - [TEST_STEP][PASSED] - smartWaitClickableAndClick(findTestObject("Object Repository/ARMORDashboard/PageThreshold/a_90 JB"), 20): null&#xD;
&#xD;
2019-07-19 13:05:18 - [TEST_STEP][PASSED] - for ([j = 0, j &lt;= waitTime, (j++)]): null&#xD;
&#xD;
2019-07-19 13:05:18 - [TEST_STEP][PASSED] - if (!(verifyElementClickable(testObject, OPTIONAL) &amp;&amp; verifyElementVisible(testObject, OPTIONAL) &amp;&amp; verifyElementPresent(testObject, 5, OPTIONAL))): Object 'Object Repository/ARMORDashboard/PageThreshold/a_90 JB' is present&#xD;
&#xD;
2019-07-19 13:05:18 - [MESSAGE][PASSED] - Object 'Object Repository/ARMORDashboard/PageThreshold/a_90 JB' is clickable&#xD;
&#xD;
2019-07-19 13:05:18 - [MESSAGE][PASSED] - Object 'Object Repository/ARMORDashboard/PageThreshold/a_90 JB' is visible&#xD;
&#xD;
2019-07-19 13:05:18 - [MESSAGE][PASSED] - Object 'Object Repository/ARMORDashboard/PageThreshold/a_90 JB' is present&#xD;
&#xD;
2019-07-19 13:05:18 - [TEST_STEP][PASSED] - else: null&#xD;
&#xD;
2019-07-19 13:05:18 - [TEST_STEP][PASSED] - comment(testObject.toString() + " is ready"): TestObject - 'Object Repository/ARMORDashboard/PageThreshold/a_90 JB' is ready&#xD;
&#xD;
2019-07-19 13:05:18 - [MESSAGE][INFO] - TestObject - 'Object Repository/ARMORDashboard/PageThreshold/a_90 JB' is ready&#xD;
&#xD;
2019-07-19 13:05:18 - [TEST_STEP][PASSED] - waitForElementPresent(testObject, 20): Object 'Object Repository/ARMORDashboard/PageThreshold/a_90 JB' is present&#xD;
&#xD;
2019-07-19 13:05:18 - [MESSAGE][PASSED] - Object 'Object Repository/ARMORDashboard/PageThreshold/a_90 JB' is present&#xD;
&#xD;
2019-07-19 13:05:18 - [TEST_STEP][PASSED] - waitForElementVisible(testObject, 20): Object 'Object Repository/ARMORDashboard/PageThreshold/a_90 JB' is visible&#xD;
&#xD;
2019-07-19 13:05:18 - [MESSAGE][PASSED] - Object 'Object Repository/ARMORDashboard/PageThreshold/a_90 JB' is visible&#xD;
&#xD;
2019-07-19 13:05:18 - [TEST_STEP][PASSED] - waitForElementClickable(testObject, 20): Object 'Object Repository/ARMORDashboard/PageThreshold/a_90 JB' is clickable&#xD;
&#xD;
2019-07-19 13:05:18 - [MESSAGE][PASSED] - Object 'Object Repository/ARMORDashboard/PageThreshold/a_90 JB' is clickable&#xD;
&#xD;
2019-07-19 13:05:18 - [TEST_STEP][PASSED] - waitForJQueryLoad(10, OPTIONAL): jQuery is ready.&#xD;
&#xD;
2019-07-19 13:05:18 - [MESSAGE][PASSED] - jQuery is ready.&#xD;
&#xD;
2019-07-19 13:05:18 - [TEST_STEP][PASSED] - click(testObject): Object: 'Object Repository/ARMORDashboard/PageThreshold/a_90 JB' is clicked on&#xD;
&#xD;
2019-07-19 13:05:18 - [MESSAGE][PASSED] - Object: 'Object Repository/ARMORDashboard/PageThreshold/a_90 JB' is clicked on&#xD;
&#xD;
2019-07-19 13:05:18 - [TEST_STEP][PASSED] - break: null&#xD;
&#xD;
2019-07-19 13:05:18 - [TEST_STEP][PASSED] - setText(findTestObject("Object Repository/ARMORDashboard/input_setNum"), "81"): Text '81' is set on object 'Object Repository/ARMORDashboard/input_setNum'&#xD;
&#xD;
2019-07-19 13:05:19 - [MESSAGE][PASSED] - Text '81' is set on object 'Object Repository/ARMORDashboard/input_setNum'&#xD;
&#xD;
2019-07-19 13:05:19 - [TEST_STEP][PASSED] - smartWaitClickableAndClick(findTestObject("Object Repository/ARMORDashboard/button_checkSetNum"), 20): null&#xD;
&#xD;
2019-07-19 13:05:19 - [TEST_STEP][PASSED] - for ([j = 0, j &lt;= waitTime, (j++)]): null&#xD;
&#xD;
2019-07-19 13:05:19 - [TEST_STEP][PASSED] - if (!(verifyElementClickable(testObject, OPTIONAL) &amp;&amp; verifyElementVisible(testObject, OPTIONAL) &amp;&amp; verifyElementPresent(testObject, 5, OPTIONAL))): Object 'Object Repository/ARMORDashboard/button_checkSetNum' is present&#xD;
&#xD;
2019-07-19 13:05:19 - [MESSAGE][PASSED] - Object 'Object Repository/ARMORDashboard/button_checkSetNum' is clickable&#xD;
&#xD;
2019-07-19 13:05:19 - [MESSAGE][PASSED] - Object 'Object Repository/ARMORDashboard/button_checkSetNum' is visible&#xD;
&#xD;
2019-07-19 13:05:19 - [MESSAGE][PASSED] - Object 'Object Repository/ARMORDashboard/button_checkSetNum' is present&#xD;
&#xD;
2019-07-19 13:05:19 - [TEST_STEP][PASSED] - else: null&#xD;
&#xD;
2019-07-19 13:05:19 - [TEST_STEP][PASSED] - comment(testObject.toString() + " is ready"): TestObject - 'Object Repository/ARMORDashboard/button_checkSetNum' is ready&#xD;
&#xD;
2019-07-19 13:05:19 - [MESSAGE][INFO] - TestObject - 'Object Repository/ARMORDashboard/button_checkSetNum' is ready&#xD;
&#xD;
2019-07-19 13:05:19 - [TEST_STEP][PASSED] - waitForElementPresent(testObject, 20): Object 'Object Repository/ARMORDashboard/button_checkSetNum' is present&#xD;
&#xD;
2019-07-19 13:05:19 - [MESSAGE][PASSED] - Object 'Object Repository/ARMORDashboard/button_checkSetNum' is present&#xD;
&#xD;
2019-07-19 13:05:19 - [TEST_STEP][PASSED] - waitForElementVisible(testObject, 20): Object 'Object Repository/ARMORDashboard/button_checkSetNum' is visible&#xD;
&#xD;
2019-07-19 13:05:19 - [MESSAGE][PASSED] - Object 'Object Repository/ARMORDashboard/button_checkSetNum' is visible&#xD;
&#xD;
2019-07-19 13:05:19 - [TEST_STEP][PASSED] - waitForElementClickable(testObject, 20): Object 'Object Repository/ARMORDashboard/button_checkSetNum' is clickable&#xD;
&#xD;
2019-07-19 13:05:19 - [MESSAGE][PASSED] - Object 'Object Repository/ARMORDashboard/button_checkSetNum' is clickable&#xD;
&#xD;
2019-07-19 13:05:19 - [TEST_STEP][PASSED] - waitForJQueryLoad(10, OPTIONAL): jQuery is ready.&#xD;
&#xD;
2019-07-19 13:05:19 - [MESSAGE][PASSED] - jQuery is ready.&#xD;
&#xD;
2019-07-19 13:05:19 - [TEST_STEP][PASSED] - click(testObject): Object: 'Object Repository/ARMORDashboard/button_checkSetNum' is clicked on&#xD;
&#xD;
2019-07-19 13:05:19 - [MESSAGE][PASSED] - Object: 'Object Repository/ARMORDashboard/button_checkSetNum' is clicked on&#xD;
&#xD;
2019-07-19 13:05:19 - [TEST_STEP][PASSED] - break: null&#xD;
&#xD;
2019-07-19 13:05:19 - [TEST_STEP][PASSED] - smartWaitClickableAndClick(findTestObject("Object Repository/ARMORDashboard/PageThreshold/a_90 JB"), 20): null&#xD;
&#xD;
2019-07-19 13:05:19 - [TEST_STEP][PASSED] - for ([j = 0, j &lt;= waitTime, (j++)]): null&#xD;
&#xD;
2019-07-19 13:05:19 - [TEST_STEP][PASSED] - if (!(verifyElementClickable(testObject, OPTIONAL) &amp;&amp; verifyElementVisible(testObject, OPTIONAL) &amp;&amp; verifyElementPresent(testObject, 5, OPTIONAL))): Object 'Object Repository/ARMORDashboard/PageThreshold/a_90 JB' is present&#xD;
&#xD;
2019-07-19 13:05:19 - [MESSAGE][PASSED] - Object 'Object Repository/ARMORDashboard/PageThreshold/a_90 JB' is clickable&#xD;
&#xD;
2019-07-19 13:05:19 - [MESSAGE][PASSED] - Object 'Object Repository/ARMORDashboard/PageThreshold/a_90 JB' is visible&#xD;
&#xD;
2019-07-19 13:05:19 - [MESSAGE][PASSED] - Object 'Object Repository/ARMORDashboard/PageThreshold/a_90 JB' is present&#xD;
&#xD;
2019-07-19 13:05:19 - [TEST_STEP][PASSED] - else: null&#xD;
&#xD;
2019-07-19 13:05:19 - [TEST_STEP][PASSED] - comment(testObject.toString() + " is ready"): TestObject - 'Object Repository/ARMORDashboard/PageThreshold/a_90 JB' is ready&#xD;
&#xD;
2019-07-19 13:05:19 - [MESSAGE][INFO] - TestObject - 'Object Repository/ARMORDashboard/PageThreshold/a_90 JB' is ready&#xD;
&#xD;
2019-07-19 13:05:19 - [TEST_STEP][PASSED] - waitForElementPresent(testObject, 20): Object 'Object Repository/ARMORDashboard/PageThreshold/a_90 JB' is present&#xD;
&#xD;
2019-07-19 13:05:19 - [MESSAGE][PASSED] - Object 'Object Repository/ARMORDashboard/PageThreshold/a_90 JB' is present&#xD;
&#xD;
2019-07-19 13:05:19 - [TEST_STEP][PASSED] - waitForElementVisible(testObject, 20): Object 'Object Repository/ARMORDashboard/PageThreshold/a_90 JB' is visible&#xD;
&#xD;
2019-07-19 13:05:19 - [MESSAGE][PASSED] - Object 'Object Repository/ARMORDashboard/PageThreshold/a_90 JB' is visible&#xD;
&#xD;
2019-07-19 13:05:19 - [TEST_STEP][PASSED] - waitForElementClickable(testObject, 20): Object 'Object Repository/ARMORDashboard/PageThreshold/a_90 JB' is clickable&#xD;
&#xD;
2019-07-19 13:05:19 - [MESSAGE][PASSED] - Object 'Object Repository/ARMORDashboard/PageThreshold/a_90 JB' is clickable&#xD;
&#xD;
2019-07-19 13:05:19 - [TEST_STEP][PASSED] - waitForJQueryLoad(10, OPTIONAL): jQuery is ready.&#xD;
&#xD;
2019-07-19 13:05:19 - [MESSAGE][PASSED] - jQuery is ready.&#xD;
&#xD;
2019-07-19 13:05:19 - [TEST_STEP][PASSED] - click(testObject): Object: 'Object Repository/ARMORDashboard/PageThreshold/a_90 JB' is clicked on&#xD;
&#xD;
2019-07-19 13:05:19 - [MESSAGE][PASSED] - Object: 'Object Repository/ARMORDashboard/PageThreshold/a_90 JB' is clicked on&#xD;
&#xD;
2019-07-19 13:05:19 - [TEST_STEP][PASSED] - break: null&#xD;
&#xD;
2019-07-19 13:05:19 - [TEST_STEP][PASSED] - setText(findTestObject("Object Repository/ARMORDashboard/input_setNum"), "90"): Text '90' is set on object 'Object Repository/ARMORDashboard/input_setNum'&#xD;
&#xD;
2019-07-19 13:05:20 - [MESSAGE][PASSED] - Text '90' is set on object 'Object Repository/ARMORDashboard/input_setNum'&#xD;
&#xD;
2019-07-19 13:05:20 - [TEST_STEP][PASSED] - smartWaitClickableAndClick(findTestObject("Object Repository/ARMORDashboard/button_checkSetNum"), 20): null&#xD;
&#xD;
2019-07-19 13:05:20 - [TEST_STEP][PASSED] - for ([j = 0, j &lt;= waitTime, (j++)]): null&#xD;
&#xD;
2019-07-19 13:05:20 - [TEST_STEP][PASSED] - if (!(verifyElementClickable(testObject, OPTIONAL) &amp;&amp; verifyElementVisible(testObject, OPTIONAL) &amp;&amp; verifyElementPresent(testObject, 5, OPTIONAL))): Object 'Object Repository/ARMORDashboard/button_checkSetNum' is present&#xD;
&#xD;
2019-07-19 13:05:20 - [MESSAGE][PASSED] - Object 'Object Repository/ARMORDashboard/button_checkSetNum' is clickable&#xD;
&#xD;
2019-07-19 13:05:20 - [MESSAGE][PASSED] - Object 'Object Repository/ARMORDashboard/button_checkSetNum' is visible&#xD;
&#xD;
2019-07-19 13:05:20 - [MESSAGE][PASSED] - Object 'Object Repository/ARMORDashboard/button_checkSetNum' is present&#xD;
&#xD;
2019-07-19 13:05:20 - [TEST_STEP][PASSED] - else: null&#xD;
&#xD;
2019-07-19 13:05:20 - [TEST_STEP][PASSED] - comment(testObject.toString() + " is ready"): TestObject - 'Object Repository/ARMORDashboard/button_checkSetNum' is ready&#xD;
&#xD;
2019-07-19 13:05:20 - [MESSAGE][INFO] - TestObject - 'Object Repository/ARMORDashboard/button_checkSetNum' is ready&#xD;
&#xD;
2019-07-19 13:05:20 - [TEST_STEP][PASSED] - waitForElementPresent(testObject, 20): Object 'Object Repository/ARMORDashboard/button_checkSetNum' is present&#xD;
&#xD;
2019-07-19 13:05:20 - [MESSAGE][PASSED] - Object 'Object Repository/ARMORDashboard/button_checkSetNum' is present&#xD;
&#xD;
2019-07-19 13:05:20 - [TEST_STEP][PASSED] - waitForElementVisible(testObject, 20): Object 'Object Repository/ARMORDashboard/button_checkSetNum' is visible&#xD;
&#xD;
2019-07-19 13:05:20 - [MESSAGE][PASSED] - Object 'Object Repository/ARMORDashboard/button_checkSetNum' is visible&#xD;
&#xD;
2019-07-19 13:05:20 - [TEST_STEP][PASSED] - waitForElementClickable(testObject, 20): Object 'Object Repository/ARMORDashboard/button_checkSetNum' is clickable&#xD;
&#xD;
2019-07-19 13:05:20 - [MESSAGE][PASSED] - Object 'Object Repository/ARMORDashboard/button_checkSetNum' is clickable&#xD;
&#xD;
2019-07-19 13:05:20 - [TEST_STEP][PASSED] - waitForJQueryLoad(10, OPTIONAL): jQuery is ready.&#xD;
&#xD;
2019-07-19 13:05:20 - [MESSAGE][PASSED] - jQuery is ready.&#xD;
&#xD;
2019-07-19 13:05:20 - [TEST_STEP][PASSED] - click(testObject): Object: 'Object Repository/ARMORDashboard/button_checkSetNum' is clicked on&#xD;
&#xD;
2019-07-19 13:05:20 - [MESSAGE][PASSED] - Object: 'Object Repository/ARMORDashboard/button_checkSetNum' is clicked on&#xD;
&#xD;
2019-07-19 13:05:20 - [TEST_STEP][PASSED] - break: null&#xD;
&#xD;
2019-07-19 13:05:20 - [TEST_STEP][PASSED] - smartWaitClickableAndClick(findTestObject("Object Repository/ARMORDashboard/PageThreshold/a_90 JB2"), 20): null&#xD;
&#xD;
2019-07-19 13:05:20 - [TEST_STEP][PASSED] - for ([j = 0, j &lt;= waitTime, (j++)]): null&#xD;
&#xD;
2019-07-19 13:05:20 - [TEST_STEP][PASSED] - if (!(verifyElementClickable(testObject, OPTIONAL) &amp;&amp; verifyElementVisible(testObject, OPTIONAL) &amp;&amp; verifyElementPresent(testObject, 5, OPTIONAL))): Object 'Object Repository/ARMORDashboard/PageThreshold/a_90 JB2' is present&#xD;
&#xD;
2019-07-19 13:05:20 - [MESSAGE][PASSED] - Object 'Object Repository/ARMORDashboard/PageThreshold/a_90 JB2' is clickable&#xD;
&#xD;
2019-07-19 13:05:20 - [MESSAGE][PASSED] - Object 'Object Repository/ARMORDashboard/PageThreshold/a_90 JB2' is visible&#xD;
&#xD;
2019-07-19 13:05:20 - [MESSAGE][PASSED] - Object 'Object Repository/ARMORDashboard/PageThreshold/a_90 JB2' is present&#xD;
&#xD;
2019-07-19 13:05:20 - [TEST_STEP][PASSED] - else: null&#xD;
&#xD;
2019-07-19 13:05:20 - [TEST_STEP][PASSED] - comment(testObject.toString() + " is ready"): TestObject - 'Object Repository/ARMORDashboard/PageThreshold/a_90 JB2' is ready&#xD;
&#xD;
2019-07-19 13:05:20 - [MESSAGE][INFO] - TestObject - 'Object Repository/ARMORDashboard/PageThreshold/a_90 JB2' is ready&#xD;
&#xD;
2019-07-19 13:05:20 - [TEST_STEP][PASSED] - waitForElementPresent(testObject, 20): Object 'Object Repository/ARMORDashboard/PageThreshold/a_90 JB2' is present&#xD;
&#xD;
2019-07-19 13:05:20 - [MESSAGE][PASSED] - Object 'Object Repository/ARMORDashboard/PageThreshold/a_90 JB2' is present&#xD;
&#xD;
2019-07-19 13:05:20 - [TEST_STEP][PASSED] - waitForElementVisible(testObject, 20): Object 'Object Repository/ARMORDashboard/PageThreshold/a_90 JB2' is visible&#xD;
&#xD;
2019-07-19 13:05:20 - [MESSAGE][PASSED] - Object 'Object Repository/ARMORDashboard/PageThreshold/a_90 JB2' is visible&#xD;
&#xD;
2019-07-19 13:05:20 - [TEST_STEP][PASSED] - waitForElementClickable(testObject, 20): Object 'Object Repository/ARMORDashboard/PageThreshold/a_90 JB2' is clickable&#xD;
&#xD;
2019-07-19 13:05:20 - [MESSAGE][PASSED] - Object 'Object Repository/ARMORDashboard/PageThreshold/a_90 JB2' is clickable&#xD;
&#xD;
2019-07-19 13:05:20 - [TEST_STEP][PASSED] - waitForJQueryLoad(10, OPTIONAL): jQuery is ready.&#xD;
&#xD;
2019-07-19 13:05:20 - [MESSAGE][PASSED] - jQuery is ready.&#xD;
&#xD;
2019-07-19 13:05:20 - [TEST_STEP][PASSED] - click(testObject): Object: 'Object Repository/ARMORDashboard/PageThreshold/a_90 JB2' is clicked on&#xD;
&#xD;
2019-07-19 13:05:21 - [MESSAGE][PASSED] - Object: 'Object Repository/ARMORDashboard/PageThreshold/a_90 JB2' is clicked on&#xD;
&#xD;
2019-07-19 13:05:21 - [TEST_STEP][PASSED] - break: null&#xD;
&#xD;
2019-07-19 13:05:21 - [TEST_STEP][PASSED] - setText(findTestObject("Object Repository/ARMORDashboard/input_setNum"), "81"): Text '81' is set on object 'Object Repository/ARMORDashboard/input_setNum'&#xD;
&#xD;
2019-07-19 13:05:21 - [MESSAGE][PASSED] - Text '81' is set on object 'Object Repository/ARMORDashboard/input_setNum'&#xD;
&#xD;
2019-07-19 13:05:21 - [TEST_STEP][PASSED] - smartWaitClickableAndClick(findTestObject("Object Repository/ARMORDashboard/button_checkSetNum"), 20): null&#xD;
&#xD;
2019-07-19 13:05:21 - [TEST_STEP][PASSED] - for ([j = 0, j &lt;= waitTime, (j++)]): null&#xD;
&#xD;
2019-07-19 13:05:21 - [TEST_STEP][PASSED] - if (!(verifyElementClickable(testObject, OPTIONAL) &amp;&amp; verifyElementVisible(testObject, OPTIONAL) &amp;&amp; verifyElementPresent(testObject, 5, OPTIONAL))): Object 'Object Repository/ARMORDashboard/button_checkSetNum' is present&#xD;
&#xD;
2019-07-19 13:05:21 - [MESSAGE][PASSED] - Object 'Object Repository/ARMORDashboard/button_checkSetNum' is clickable&#xD;
&#xD;
2019-07-19 13:05:21 - [MESSAGE][PASSED] - Object 'Object Repository/ARMORDashboard/button_checkSetNum' is visible&#xD;
&#xD;
2019-07-19 13:05:21 - [MESSAGE][PASSED] - Object 'Object Repository/ARMORDashboard/button_checkSetNum' is present&#xD;
&#xD;
2019-07-19 13:05:21 - [TEST_STEP][PASSED] - else: null&#xD;
&#xD;
2019-07-19 13:05:21 - [TEST_STEP][PASSED] - comment(testObject.toString() + " is ready"): TestObject - 'Object Repository/ARMORDashboard/button_checkSetNum' is ready&#xD;
&#xD;
2019-07-19 13:05:21 - [MESSAGE][INFO] - TestObject - 'Object Repository/ARMORDashboard/button_checkSetNum' is ready&#xD;
&#xD;
2019-07-19 13:05:21 - [TEST_STEP][PASSED] - waitForElementPresent(testObject, 20): Object 'Object Repository/ARMORDashboard/button_checkSetNum' is present&#xD;
&#xD;
2019-07-19 13:05:21 - [MESSAGE][PASSED] - Object 'Object Repository/ARMORDashboard/button_checkSetNum' is present&#xD;
&#xD;
2019-07-19 13:05:21 - [TEST_STEP][PASSED] - waitForElementVisible(testObject, 20): Object 'Object Repository/ARMORDashboard/button_checkSetNum' is visible&#xD;
&#xD;
2019-07-19 13:05:21 - [MESSAGE][PASSED] - Object 'Object Repository/ARMORDashboard/button_checkSetNum' is visible&#xD;
&#xD;
2019-07-19 13:05:21 - [TEST_STEP][PASSED] - waitForElementClickable(testObject, 20): Object 'Object Repository/ARMORDashboard/button_checkSetNum' is clickable&#xD;
&#xD;
2019-07-19 13:05:21 - [MESSAGE][PASSED] - Object 'Object Repository/ARMORDashboard/button_checkSetNum' is clickable&#xD;
&#xD;
2019-07-19 13:05:21 - [TEST_STEP][PASSED] - waitForJQueryLoad(10, OPTIONAL): jQuery is ready.&#xD;
&#xD;
2019-07-19 13:05:21 - [MESSAGE][PASSED] - jQuery is ready.&#xD;
&#xD;
2019-07-19 13:05:21 - [TEST_STEP][PASSED] - click(testObject): Object: 'Object Repository/ARMORDashboard/button_checkSetNum' is clicked on&#xD;
&#xD;
2019-07-19 13:05:21 - [MESSAGE][PASSED] - Object: 'Object Repository/ARMORDashboard/button_checkSetNum' is clicked on&#xD;
&#xD;
2019-07-19 13:05:21 - [TEST_STEP][PASSED] - break: null&#xD;
&#xD;
2019-07-19 13:05:21 - [TEST_STEP][PASSED] - smartWaitClickableAndClick(findTestObject("Object Repository/ARMORDashboard/PageThreshold/a_90 JB2"), 20): null&#xD;
&#xD;
2019-07-19 13:05:21 - [TEST_STEP][PASSED] - for ([j = 0, j &lt;= waitTime, (j++)]): null&#xD;
&#xD;
2019-07-19 13:05:21 - [TEST_STEP][PASSED] - if (!(verifyElementClickable(testObject, OPTIONAL) &amp;&amp; verifyElementVisible(testObject, OPTIONAL) &amp;&amp; verifyElementPresent(testObject, 5, OPTIONAL))): Object 'Object Repository/ARMORDashboard/PageThreshold/a_90 JB2' is present&#xD;
&#xD;
2019-07-19 13:05:21 - [MESSAGE][PASSED] - Object 'Object Repository/ARMORDashboard/PageThreshold/a_90 JB2' is clickable&#xD;
&#xD;
2019-07-19 13:05:21 - [MESSAGE][PASSED] - Object 'Object Repository/ARMORDashboard/PageThreshold/a_90 JB2' is visible&#xD;
&#xD;
2019-07-19 13:05:21 - [MESSAGE][PASSED] - Object 'Object Repository/ARMORDashboard/PageThreshold/a_90 JB2' is present&#xD;
&#xD;
2019-07-19 13:05:21 - [TEST_STEP][PASSED] - else: null&#xD;
&#xD;
2019-07-19 13:05:21 - [TEST_STEP][PASSED] - comment(testObject.toString() + " is ready"): TestObject - 'Object Repository/ARMORDashboard/PageThreshold/a_90 JB2' is ready&#xD;
&#xD;
2019-07-19 13:05:21 - [MESSAGE][INFO] - TestObject - 'Object Repository/ARMORDashboard/PageThreshold/a_90 JB2' is ready&#xD;
&#xD;
2019-07-19 13:05:21 - [TEST_STEP][PASSED] - waitForElementPresent(testObject, 20): Object 'Object Repository/ARMORDashboard/PageThreshold/a_90 JB2' is present&#xD;
&#xD;
2019-07-19 13:05:21 - [MESSAGE][PASSED] - Object 'Object Repository/ARMORDashboard/PageThreshold/a_90 JB2' is present&#xD;
&#xD;
2019-07-19 13:05:21 - [TEST_STEP][PASSED] - waitForElementVisible(testObject, 20): Object 'Object Repository/ARMORDashboard/PageThreshold/a_90 JB2' is visible&#xD;
&#xD;
2019-07-19 13:05:21 - [MESSAGE][PASSED] - Object 'Object Repository/ARMORDashboard/PageThreshold/a_90 JB2' is visible&#xD;
&#xD;
2019-07-19 13:05:21 - [TEST_STEP][PASSED] - waitForElementClickable(testObject, 20): Object 'Object Repository/ARMORDashboard/PageThreshold/a_90 JB2' is clickable&#xD;
&#xD;
2019-07-19 13:05:21 - [MESSAGE][PASSED] - Object 'Object Repository/ARMORDashboard/PageThreshold/a_90 JB2' is clickable&#xD;
&#xD;
2019-07-19 13:05:21 - [TEST_STEP][PASSED] - waitForJQueryLoad(10, OPTIONAL): jQuery is ready.&#xD;
&#xD;
2019-07-19 13:05:21 - [MESSAGE][PASSED] - jQuery is ready.&#xD;
&#xD;
2019-07-19 13:05:21 - [TEST_STEP][PASSED] - click(testObject): Object: 'Object Repository/ARMORDashboard/PageThreshold/a_90 JB2' is clicked on&#xD;
&#xD;
2019-07-19 13:05:22 - [MESSAGE][PASSED] - Object: 'Object Repository/ARMORDashboard/PageThreshold/a_90 JB2' is clicked on&#xD;
&#xD;
2019-07-19 13:05:22 - [TEST_STEP][PASSED] - break: null&#xD;
&#xD;
2019-07-19 13:05:22 - [TEST_STEP][PASSED] - setText(findTestObject("Object Repository/ARMORDashboard/input_setNum"), "90"): Text '90' is set on object 'Object Repository/ARMORDashboard/input_setNum'&#xD;
&#xD;
2019-07-19 13:05:22 - [MESSAGE][PASSED] - Text '90' is set on object 'Object Repository/ARMORDashboard/input_setNum'&#xD;
&#xD;
2019-07-19 13:05:22 - [TEST_STEP][PASSED] - smartWaitClickableAndClick(findTestObject("Object Repository/ARMORDashboard/button_checkSetNum"), 20): null&#xD;
&#xD;
2019-07-19 13:05:22 - [TEST_STEP][PASSED] - for ([j = 0, j &lt;= waitTime, (j++)]): null&#xD;
&#xD;
2019-07-19 13:05:22 - [TEST_STEP][PASSED] - if (!(verifyElementClickable(testObject, OPTIONAL) &amp;&amp; verifyElementVisible(testObject, OPTIONAL) &amp;&amp; verifyElementPresent(testObject, 5, OPTIONAL))): Object 'Object Repository/ARMORDashboard/button_checkSetNum' is present&#xD;
&#xD;
2019-07-19 13:05:22 - [MESSAGE][PASSED] - Object 'Object Repository/ARMORDashboard/button_checkSetNum' is clickable&#xD;
&#xD;
2019-07-19 13:05:22 - [MESSAGE][PASSED] - Object 'Object Repository/ARMORDashboard/button_checkSetNum' is visible&#xD;
&#xD;
2019-07-19 13:05:22 - [MESSAGE][PASSED] - Object 'Object Repository/ARMORDashboard/button_checkSetNum' is present&#xD;
&#xD;
2019-07-19 13:05:22 - [TEST_STEP][PASSED] - else: null&#xD;
&#xD;
2019-07-19 13:05:22 - [TEST_STEP][PASSED] - comment(testObject.toString() + " is ready"): TestObject - 'Object Repository/ARMORDashboard/button_checkSetNum' is ready&#xD;
&#xD;
2019-07-19 13:05:22 - [MESSAGE][INFO] - TestObject - 'Object Repository/ARMORDashboard/button_checkSetNum' is ready&#xD;
&#xD;
2019-07-19 13:05:22 - [TEST_STEP][PASSED] - waitForElementPresent(testObject, 20): Object 'Object Repository/ARMORDashboard/button_checkSetNum' is present&#xD;
&#xD;
2019-07-19 13:05:22 - [MESSAGE][PASSED] - Object 'Object Repository/ARMORDashboard/button_checkSetNum' is present&#xD;
&#xD;
2019-07-19 13:05:22 - [TEST_STEP][PASSED] - waitForElementVisible(testObject, 20): Object 'Object Repository/ARMORDashboard/button_checkSetNum' is visible&#xD;
&#xD;
2019-07-19 13:05:22 - [MESSAGE][PASSED] - Object 'Object Repository/ARMORDashboard/button_checkSetNum' is visible&#xD;
&#xD;
2019-07-19 13:05:22 - [TEST_STEP][PASSED] - waitForElementClickable(testObject, 20): Object 'Object Repository/ARMORDashboard/button_checkSetNum' is clickable&#xD;
&#xD;
2019-07-19 13:05:22 - [MESSAGE][PASSED] - Object 'Object Repository/ARMORDashboard/button_checkSetNum' is clickable&#xD;
&#xD;
2019-07-19 13:05:22 - [TEST_STEP][PASSED] - waitForJQueryLoad(10, OPTIONAL): jQuery is ready.&#xD;
&#xD;
2019-07-19 13:05:22 - [MESSAGE][PASSED] - jQuery is ready.&#xD;
&#xD;
2019-07-19 13:05:22 - [TEST_STEP][PASSED] - click(testObject): Object: 'Object Repository/ARMORDashboard/button_checkSetNum' is clicked on&#xD;
&#xD;
2019-07-19 13:05:22 - [MESSAGE][PASSED] - Object: 'Object Repository/ARMORDashboard/button_checkSetNum' is clicked on&#xD;
&#xD;
2019-07-19 13:05:22 - [TEST_STEP][PASSED] - break: null&#xD;
&#xD;
2019-07-19 13:05:22 - [TEST_STEP][PASSED] - smartWaitClickableAndClick(findTestObject("Object Repository/ARMORDashboard/Dashboard"), 20): null&#xD;
&#xD;
2019-07-19 13:05:22 - [TEST_STEP][PASSED] - for ([j = 0, j &lt;= waitTime, (j++)]): null&#xD;
&#xD;
2019-07-19 13:05:22 - [TEST_STEP][PASSED] - if (!(verifyElementClickable(testObject, OPTIONAL) &amp;&amp; verifyElementVisible(testObject, OPTIONAL) &amp;&amp; verifyElementPresent(testObject, 5, OPTIONAL))): Object 'Object Repository/ARMORDashboard/Dashboard' is present&#xD;
&#xD;
2019-07-19 13:05:22 - [MESSAGE][PASSED] - Object 'Object Repository/ARMORDashboard/Dashboard' is clickable&#xD;
&#xD;
2019-07-19 13:05:22 - [MESSAGE][PASSED] - Object 'Object Repository/ARMORDashboard/Dashboard' is visible&#xD;
&#xD;
2019-07-19 13:05:22 - [MESSAGE][PASSED] - Object 'Object Repository/ARMORDashboard/Dashboard' is present&#xD;
&#xD;
2019-07-19 13:05:22 - [TEST_STEP][PASSED] - else: null&#xD;
&#xD;
2019-07-19 13:05:22 - [TEST_STEP][PASSED] - comment(testObject.toString() + " is ready"): TestObject - 'Object Repository/ARMORDashboard/Dashboard' is ready&#xD;
&#xD;
2019-07-19 13:05:22 - [MESSAGE][INFO] - TestObject - 'Object Repository/ARMORDashboard/Dashboard' is ready&#xD;
&#xD;
2019-07-19 13:05:22 - [TEST_STEP][PASSED] - waitForElementPresent(testObject, 20): Object 'Object Repository/ARMORDashboard/Dashboard' is present&#xD;
&#xD;
2019-07-19 13:05:22 - [MESSAGE][PASSED] - Object 'Object Repository/ARMORDashboard/Dashboard' is present&#xD;
&#xD;
2019-07-19 13:05:22 - [TEST_STEP][PASSED] - waitForElementVisible(testObject, 20): Object 'Object Repository/ARMORDashboard/Dashboard' is visible&#xD;
&#xD;
2019-07-19 13:05:22 - [MESSAGE][PASSED] - Object 'Object Repository/ARMORDashboard/Dashboard' is visible&#xD;
&#xD;
2019-07-19 13:05:22 - [TEST_STEP][PASSED] - waitForElementClickable(testObject, 20): Object 'Object Repository/ARMORDashboard/Dashboard' is clickable&#xD;
&#xD;
2019-07-19 13:05:23 - [MESSAGE][PASSED] - Object 'Object Repository/ARMORDashboard/Dashboard' is clickable&#xD;
&#xD;
2019-07-19 13:05:23 - [TEST_STEP][PASSED] - waitForJQueryLoad(10, OPTIONAL): jQuery is ready.&#xD;
&#xD;
2019-07-19 13:05:23 - [MESSAGE][PASSED] - jQuery is ready.&#xD;
&#xD;
2019-07-19 13:05:23 - [TEST_STEP][PASSED] - click(testObject): Object: 'Object Repository/ARMORDashboard/Dashboard' is clicked on&#xD;
&#xD;
2019-07-19 13:05:23 - [MESSAGE][PASSED] - Object: 'Object Repository/ARMORDashboard/Dashboard' is clicked on&#xD;
&#xD;
2019-07-19 13:05:23 - [TEST_STEP][PASSED] - break: null&#xD;
&#xD;
2019-07-19 13:05:23 - [TEST_STEP][PASSED] - smartWaitClickableAndClick(findTestObject("Object Repository/ARMORDashboard/DashboardLabel/a_DashboardLabel"), 20): null&#xD;
&#xD;
2019-07-19 13:05:23 - [TEST_STEP][PASSED] - for ([j = 0, j &lt;= waitTime, (j++)]): null&#xD;
&#xD;
2019-07-19 13:05:23 - [TEST_STEP][PASSED] - if (!(verifyElementClickable(testObject, OPTIONAL) &amp;&amp; verifyElementVisible(testObject, OPTIONAL) &amp;&amp; verifyElementPresent(testObject, 5, OPTIONAL))): Object 'Object Repository/ARMORDashboard/DashboardLabel/a_DashboardLabel' is present&#xD;
&#xD;
2019-07-19 13:05:23 - [MESSAGE][PASSED] - Object 'Object Repository/ARMORDashboard/DashboardLabel/a_DashboardLabel' is clickable&#xD;
&#xD;
2019-07-19 13:05:23 - [MESSAGE][PASSED] - Object 'Object Repository/ARMORDashboard/DashboardLabel/a_DashboardLabel' is visible&#xD;
&#xD;
2019-07-19 13:05:23 - [MESSAGE][PASSED] - Object 'Object Repository/ARMORDashboard/DashboardLabel/a_DashboardLabel' is present&#xD;
&#xD;
2019-07-19 13:05:23 - [TEST_STEP][PASSED] - else: null&#xD;
&#xD;
2019-07-19 13:05:23 - [TEST_STEP][PASSED] - comment(testObject.toString() + " is ready"): TestObject - 'Object Repository/ARMORDashboard/DashboardLabel/a_DashboardLabel' is ready&#xD;
&#xD;
2019-07-19 13:05:23 - [MESSAGE][INFO] - TestObject - 'Object Repository/ARMORDashboard/DashboardLabel/a_DashboardLabel' is ready&#xD;
&#xD;
2019-07-19 13:05:23 - [TEST_STEP][PASSED] - waitForElementPresent(testObject, 20): Object 'Object Repository/ARMORDashboard/DashboardLabel/a_DashboardLabel' is present&#xD;
&#xD;
2019-07-19 13:05:23 - [MESSAGE][PASSED] - Object 'Object Repository/ARMORDashboard/DashboardLabel/a_DashboardLabel' is present&#xD;
&#xD;
2019-07-19 13:05:23 - [TEST_STEP][PASSED] - waitForElementVisible(testObject, 20): Object 'Object Repository/ARMORDashboard/DashboardLabel/a_DashboardLabel' is visible&#xD;
&#xD;
2019-07-19 13:05:23 - [MESSAGE][PASSED] - Object 'Object Repository/ARMORDashboard/DashboardLabel/a_DashboardLabel' is visible&#xD;
&#xD;
2019-07-19 13:05:23 - [TEST_STEP][PASSED] - waitForElementClickable(testObject, 20): Object 'Object Repository/ARMORDashboard/DashboardLabel/a_DashboardLabel' is clickable&#xD;
&#xD;
2019-07-19 13:05:23 - [MESSAGE][PASSED] - Object 'Object Repository/ARMORDashboard/DashboardLabel/a_DashboardLabel' is clickable&#xD;
&#xD;
2019-07-19 13:05:23 - [TEST_STEP][PASSED] - waitForJQueryLoad(10, OPTIONAL): jQuery is ready.&#xD;
&#xD;
2019-07-19 13:05:23 - [MESSAGE][PASSED] - jQuery is ready.&#xD;
&#xD;
2019-07-19 13:05:23 - [TEST_STEP][PASSED] - click(testObject): Object: 'Object Repository/ARMORDashboard/DashboardLabel/a_DashboardLabel' is clicked on&#xD;
&#xD;
2019-07-19 13:05:24 - [MESSAGE][PASSED] - Object: 'Object Repository/ARMORDashboard/DashboardLabel/a_DashboardLabel' is clicked on&#xD;
&#xD;
2019-07-19 13:05:24 - [TEST_STEP][PASSED] - break: null&#xD;
&#xD;
2019-07-19 13:05:24 - [TEST_STEP][PASSED] - smartWaitClickableAndClick(findTestObject("Object Repository/ARMORDashboard/DashboardLabel/button_Information"), 20): null&#xD;
&#xD;
2019-07-19 13:05:24 - [TEST_STEP][PASSED] - for ([j = 0, j &lt;= waitTime, (j++)]): null&#xD;
&#xD;
2019-07-19 13:05:24 - [TEST_STEP][PASSED] - if (!(verifyElementClickable(testObject, OPTIONAL) &amp;&amp; verifyElementVisible(testObject, OPTIONAL) &amp;&amp; verifyElementPresent(testObject, 5, OPTIONAL))): Object 'Object Repository/ARMORDashboard/DashboardLabel/button_Information' is present&#xD;
&#xD;
2019-07-19 13:05:25 - [MESSAGE][PASSED] - Object 'Object Repository/ARMORDashboard/DashboardLabel/button_Information' is clickable&#xD;
&#xD;
2019-07-19 13:05:25 - [MESSAGE][PASSED] - Object 'Object Repository/ARMORDashboard/DashboardLabel/button_Information' is visible&#xD;
&#xD;
2019-07-19 13:05:25 - [MESSAGE][PASSED] - Object 'Object Repository/ARMORDashboard/DashboardLabel/button_Information' is present&#xD;
&#xD;
2019-07-19 13:05:25 - [TEST_STEP][PASSED] - else: null&#xD;
&#xD;
2019-07-19 13:05:25 - [TEST_STEP][PASSED] - comment(testObject.toString() + " is ready"): TestObject - 'Object Repository/ARMORDashboard/DashboardLabel/button_Information' is ready&#xD;
&#xD;
2019-07-19 13:05:25 - [MESSAGE][INFO] - TestObject - 'Object Repository/ARMORDashboard/DashboardLabel/button_Information' is ready&#xD;
&#xD;
2019-07-19 13:05:25 - [TEST_STEP][PASSED] - waitForElementPresent(testObject, 20): Object 'Object Repository/ARMORDashboard/DashboardLabel/button_Information' is present&#xD;
&#xD;
2019-07-19 13:05:25 - [MESSAGE][PASSED] - Object 'Object Repository/ARMORDashboard/DashboardLabel/button_Information' is present&#xD;
&#xD;
2019-07-19 13:05:25 - [TEST_STEP][PASSED] - waitForElementVisible(testObject, 20): Object 'Object Repository/ARMORDashboard/DashboardLabel/button_Information' is visible&#xD;
&#xD;
2019-07-19 13:05:25 - [MESSAGE][PASSED] - Object 'Object Repository/ARMORDashboard/DashboardLabel/button_Information' is visible&#xD;
&#xD;
2019-07-19 13:05:25 - [TEST_STEP][PASSED] - waitForElementClickable(testObject, 20): Object 'Object Repository/ARMORDashboard/DashboardLabel/button_Information' is clickable&#xD;
&#xD;
2019-07-19 13:05:25 - [MESSAGE][PASSED] - Object 'Object Repository/ARMORDashboard/DashboardLabel/button_Information' is clickable&#xD;
&#xD;
2019-07-19 13:05:25 - [TEST_STEP][PASSED] - waitForJQueryLoad(10, OPTIONAL): jQuery is ready.&#xD;
&#xD;
2019-07-19 13:05:25 - [MESSAGE][PASSED] - jQuery is ready.&#xD;
&#xD;
2019-07-19 13:05:25 - [TEST_STEP][PASSED] - click(testObject): Object: 'Object Repository/ARMORDashboard/DashboardLabel/button_Information' is clicked on&#xD;
&#xD;
2019-07-19 13:05:25 - [MESSAGE][PASSED] - Object: 'Object Repository/ARMORDashboard/DashboardLabel/button_Information' is clicked on&#xD;
&#xD;
2019-07-19 13:05:25 - [TEST_STEP][PASSED] - break: null&#xD;
&#xD;
2019-07-19 13:05:25 - [TEST_STEP][PASSED] - smartWaitClickableAndClick(findTestObject("Object Repository/ARMORDashboard/DashboardLabel/button_Power"), 20): null&#xD;
&#xD;
2019-07-19 13:05:25 - [TEST_STEP][PASSED] - for ([j = 0, j &lt;= waitTime, (j++)]): null&#xD;
&#xD;
2019-07-19 13:05:25 - [TEST_STEP][PASSED] - if (!(verifyElementClickable(testObject, OPTIONAL) &amp;&amp; verifyElementVisible(testObject, OPTIONAL) &amp;&amp; verifyElementPresent(testObject, 5, OPTIONAL))): Object 'Object Repository/ARMORDashboard/DashboardLabel/button_Power' is present&#xD;
&#xD;
2019-07-19 13:05:25 - [MESSAGE][PASSED] - Object 'Object Repository/ARMORDashboard/DashboardLabel/button_Power' is clickable&#xD;
&#xD;
2019-07-19 13:05:25 - [MESSAGE][PASSED] - Object 'Object Repository/ARMORDashboard/DashboardLabel/button_Power' is visible&#xD;
&#xD;
2019-07-19 13:05:25 - [MESSAGE][PASSED] - Object 'Object Repository/ARMORDashboard/DashboardLabel/button_Power' is present&#xD;
&#xD;
2019-07-19 13:05:25 - [TEST_STEP][PASSED] - else: null&#xD;
&#xD;
2019-07-19 13:05:25 - [TEST_STEP][PASSED] - comment(testObject.toString() + " is ready"): TestObject - 'Object Repository/ARMORDashboard/DashboardLabel/button_Power' is ready&#xD;
&#xD;
2019-07-19 13:05:25 - [MESSAGE][INFO] - TestObject - 'Object Repository/ARMORDashboard/DashboardLabel/button_Power' is ready&#xD;
&#xD;
2019-07-19 13:05:25 - [TEST_STEP][PASSED] - waitForElementPresent(testObject, 20): Object 'Object Repository/ARMORDashboard/DashboardLabel/button_Power' is present&#xD;
&#xD;
2019-07-19 13:05:25 - [MESSAGE][PASSED] - Object 'Object Repository/ARMORDashboard/DashboardLabel/button_Power' is present&#xD;
&#xD;
2019-07-19 13:05:25 - [TEST_STEP][PASSED] - waitForElementVisible(testObject, 20): Object 'Object Repository/ARMORDashboard/DashboardLabel/button_Power' is visible&#xD;
&#xD;
2019-07-19 13:05:25 - [MESSAGE][PASSED] - Object 'Object Repository/ARMORDashboard/DashboardLabel/button_Power' is visible&#xD;
&#xD;
2019-07-19 13:05:25 - [TEST_STEP][PASSED] - waitForElementClickable(testObject, 20): Object 'Object Repository/ARMORDashboard/DashboardLabel/button_Power' is clickable&#xD;
&#xD;
2019-07-19 13:05:25 - [MESSAGE][PASSED] - Object 'Object Repository/ARMORDashboard/DashboardLabel/button_Power' is clickable&#xD;
&#xD;
2019-07-19 13:05:25 - [TEST_STEP][PASSED] - waitForJQueryLoad(10, OPTIONAL): jQuery is ready.&#xD;
&#xD;
2019-07-19 13:05:25 - [MESSAGE][PASSED] - jQuery is ready.&#xD;
&#xD;
2019-07-19 13:05:25 - [TEST_STEP][PASSED] - click(testObject): Object: 'Object Repository/ARMORDashboard/DashboardLabel/button_Power' is clicked on&#xD;
&#xD;
2019-07-19 13:05:25 - [MESSAGE][PASSED] - Object: 'Object Repository/ARMORDashboard/DashboardLabel/button_Power' is clicked on&#xD;
&#xD;
2019-07-19 13:05:25 - [TEST_STEP][PASSED] - break: null&#xD;
&#xD;
2019-07-19 13:05:25 - [TEST_STEP][PASSED] - smartWaitClickableAndClick(findTestObject("Object Repository/ARMORDashboard/DashboardLabel/button_Metric"), 20): null&#xD;
&#xD;
2019-07-19 13:05:25 - [TEST_STEP][PASSED] - for ([j = 0, j &lt;= waitTime, (j++)]): null&#xD;
&#xD;
2019-07-19 13:05:25 - [TEST_STEP][PASSED] - if (!(verifyElementClickable(testObject, OPTIONAL) &amp;&amp; verifyElementVisible(testObject, OPTIONAL) &amp;&amp; verifyElementPresent(testObject, 5, OPTIONAL))): Object 'Object Repository/ARMORDashboard/DashboardLabel/button_Metric' is present&#xD;
&#xD;
2019-07-19 13:05:26 - [MESSAGE][PASSED] - Object 'Object Repository/ARMORDashboard/DashboardLabel/button_Metric' is clickable&#xD;
&#xD;
2019-07-19 13:05:26 - [MESSAGE][PASSED] - Object 'Object Repository/ARMORDashboard/DashboardLabel/button_Metric' is visible&#xD;
&#xD;
2019-07-19 13:05:26 - [MESSAGE][PASSED] - Object 'Object Repository/ARMORDashboard/DashboardLabel/button_Metric' is present&#xD;
&#xD;
2019-07-19 13:05:26 - [TEST_STEP][PASSED] - else: null&#xD;
&#xD;
2019-07-19 13:05:26 - [TEST_STEP][PASSED] - comment(testObject.toString() + " is ready"): TestObject - 'Object Repository/ARMORDashboard/DashboardLabel/button_Metric' is ready&#xD;
&#xD;
2019-07-19 13:05:26 - [MESSAGE][INFO] - TestObject - 'Object Repository/ARMORDashboard/DashboardLabel/button_Metric' is ready&#xD;
&#xD;
2019-07-19 13:05:26 - [TEST_STEP][PASSED] - waitForElementPresent(testObject, 20): Object 'Object Repository/ARMORDashboard/DashboardLabel/button_Metric' is present&#xD;
&#xD;
2019-07-19 13:05:26 - [MESSAGE][PASSED] - Object 'Object Repository/ARMORDashboard/DashboardLabel/button_Metric' is present&#xD;
&#xD;
2019-07-19 13:05:26 - [TEST_STEP][PASSED] - waitForElementVisible(testObject, 20): Object 'Object Repository/ARMORDashboard/DashboardLabel/button_Metric' is visible&#xD;
&#xD;
2019-07-19 13:05:26 - [MESSAGE][PASSED] - Object 'Object Repository/ARMORDashboard/DashboardLabel/button_Metric' is visible&#xD;
&#xD;
2019-07-19 13:05:26 - [TEST_STEP][PASSED] - waitForElementClickable(testObject, 20): Object 'Object Repository/ARMORDashboard/DashboardLabel/button_Metric' is clickable&#xD;
&#xD;
2019-07-19 13:05:26 - [MESSAGE][PASSED] - Object 'Object Repository/ARMORDashboard/DashboardLabel/button_Metric' is clickable&#xD;
&#xD;
2019-07-19 13:05:26 - [TEST_STEP][PASSED] - waitForJQueryLoad(10, OPTIONAL): jQuery is ready.&#xD;
&#xD;
2019-07-19 13:05:26 - [MESSAGE][PASSED] - jQuery is ready.&#xD;
&#xD;
2019-07-19 13:05:26 - [TEST_STEP][PASSED] - click(testObject): Object: 'Object Repository/ARMORDashboard/DashboardLabel/button_Metric' is clicked on&#xD;
&#xD;
2019-07-19 13:05:26 - [MESSAGE][PASSED] - Object: 'Object Repository/ARMORDashboard/DashboardLabel/button_Metric' is clicked on&#xD;
&#xD;
2019-07-19 13:05:26 - [TEST_STEP][PASSED] - break: null&#xD;
&#xD;
2019-07-19 13:05:26 - [TEST_STEP][PASSED] - for ([i = 0, i &lt; 5, (i++)]): null&#xD;
&#xD;
2019-07-19 13:05:26 - [TEST_STEP][PASSED] - selectObject = new com.kms.katalon.core.testobject.TestObject((select + i)): null&#xD;
&#xD;
2019-07-19 13:05:26 - [TEST_STEP][PASSED] - selectObject.addProperty("xpath", EQUALS, "//div[@id='mon-page-all']/div/div/div[2]/div/div[2]/div[3]/div/div/div[2]/div[2]/table/tbody/tr[" + i + 1 + "]/td/a/i", true): null&#xD;
&#xD;
2019-07-19 13:05:26 - [TEST_STEP][PASSED] - smartWaitClickableAndClick(selectObject, 20): null&#xD;
&#xD;
2019-07-19 13:05:26 - [TEST_STEP][PASSED] - for ([j = 0, j &lt;= waitTime, (j++)]): null&#xD;
&#xD;
2019-07-19 13:05:26 - [TEST_STEP][PASSED] - if (!(verifyElementClickable(testObject, OPTIONAL) &amp;&amp; verifyElementVisible(testObject, OPTIONAL) &amp;&amp; verifyElementPresent(testObject, 5, OPTIONAL))): Object 'select0' is present&#xD;
&#xD;
2019-07-19 13:05:27 - [MESSAGE][PASSED] - Object 'select0' is clickable&#xD;
&#xD;
2019-07-19 13:05:27 - [MESSAGE][PASSED] - Object 'select0' is visible&#xD;
&#xD;
2019-07-19 13:05:27 - [MESSAGE][PASSED] - Object 'select0' is present&#xD;
&#xD;
2019-07-19 13:05:27 - [TEST_STEP][PASSED] - else: null&#xD;
&#xD;
2019-07-19 13:05:27 - [TEST_STEP][PASSED] - comment(testObject.toString() + " is ready"): TestObject - 'select0' is ready&#xD;
&#xD;
2019-07-19 13:05:27 - [MESSAGE][INFO] - TestObject - 'select0' is ready&#xD;
&#xD;
2019-07-19 13:05:27 - [TEST_STEP][PASSED] - waitForElementPresent(testObject, 20): Object 'select0' is present&#xD;
&#xD;
2019-07-19 13:05:27 - [MESSAGE][PASSED] - Object 'select0' is present&#xD;
&#xD;
2019-07-19 13:05:27 - [TEST_STEP][PASSED] - waitForElementVisible(testObject, 20): Object 'select0' is visible&#xD;
&#xD;
2019-07-19 13:05:27 - [MESSAGE][PASSED] - Object 'select0' is visible&#xD;
&#xD;
2019-07-19 13:05:27 - [TEST_STEP][PASSED] - waitForElementClickable(testObject, 20): Object 'select0' is clickable&#xD;
&#xD;
2019-07-19 13:05:27 - [MESSAGE][PASSED] - Object 'select0' is clickable&#xD;
&#xD;
2019-07-19 13:05:27 - [TEST_STEP][PASSED] - waitForJQueryLoad(10, OPTIONAL): jQuery is ready.&#xD;
&#xD;
2019-07-19 13:05:27 - [MESSAGE][PASSED] - jQuery is ready.&#xD;
&#xD;
2019-07-19 13:05:27 - [TEST_STEP][PASSED] - click(testObject): Object: 'select0' is clicked on&#xD;
&#xD;
2019-07-19 13:05:28 - [MESSAGE][PASSED] - Object: 'select0' is clicked on&#xD;
&#xD;
2019-07-19 13:05:28 - [TEST_STEP][PASSED] - break: null&#xD;
&#xD;
2019-07-19 13:05:28 - [TEST_STEP][PASSED] - selectObject = new com.kms.katalon.core.testobject.TestObject((select + i)): null&#xD;
&#xD;
2019-07-19 13:05:28 - [TEST_STEP][PASSED] - selectObject.addProperty("xpath", EQUALS, "//div[@id='mon-page-all']/div/div/div[2]/div/div[2]/div[3]/div/div/div[2]/div[2]/table/tbody/tr[" + i + 1 + "]/td/a/i", true): null&#xD;
&#xD;
2019-07-19 13:05:28 - [TEST_STEP][PASSED] - smartWaitClickableAndClick(selectObject, 20): null&#xD;
&#xD;
2019-07-19 13:05:28 - [TEST_STEP][PASSED] - for ([j = 0, j &lt;= waitTime, (j++)]): null&#xD;
&#xD;
2019-07-19 13:05:28 - [TEST_STEP][PASSED] - if (!(verifyElementClickable(testObject, OPTIONAL) &amp;&amp; verifyElementVisible(testObject, OPTIONAL) &amp;&amp; verifyElementPresent(testObject, 5, OPTIONAL))): Object 'select1' is present&#xD;
&#xD;
2019-07-19 13:05:28 - [MESSAGE][PASSED] - Object 'select1' is clickable&#xD;
&#xD;
2019-07-19 13:05:28 - [MESSAGE][PASSED] - Object 'select1' is visible&#xD;
&#xD;
2019-07-19 13:05:28 - [MESSAGE][PASSED] - Object 'select1' is present&#xD;
&#xD;
2019-07-19 13:05:28 - [TEST_STEP][PASSED] - else: null&#xD;
&#xD;
2019-07-19 13:05:28 - [TEST_STEP][PASSED] - comment(testObject.toString() + " is ready"): TestObject - 'select1' is ready&#xD;
&#xD;
2019-07-19 13:05:28 - [MESSAGE][INFO] - TestObject - 'select1' is ready&#xD;
&#xD;
2019-07-19 13:05:28 - [TEST_STEP][PASSED] - waitForElementPresent(testObject, 20): Object 'select1' is present&#xD;
&#xD;
2019-07-19 13:05:28 - [MESSAGE][PASSED] - Object 'select1' is present&#xD;
&#xD;
2019-07-19 13:05:28 - [TEST_STEP][PASSED] - waitForElementVisible(testObject, 20): Object 'select1' is visible&#xD;
&#xD;
2019-07-19 13:05:28 - [MESSAGE][PASSED] - Object 'select1' is visible&#xD;
&#xD;
2019-07-19 13:05:28 - [TEST_STEP][PASSED] - waitForElementClickable(testObject, 20): Object 'select1' is clickable&#xD;
&#xD;
2019-07-19 13:05:28 - [MESSAGE][PASSED] - Object 'select1' is clickable&#xD;
&#xD;
2019-07-19 13:05:28 - [TEST_STEP][PASSED] - waitForJQueryLoad(10, OPTIONAL): jQuery is ready.&#xD;
&#xD;
2019-07-19 13:05:28 - [MESSAGE][PASSED] - jQuery is ready.&#xD;
&#xD;
2019-07-19 13:05:28 - [TEST_STEP][PASSED] - click(testObject): Object: 'select1' is clicked on&#xD;
&#xD;
2019-07-19 13:05:28 - [MESSAGE][PASSED] - Object: 'select1' is clicked on&#xD;
&#xD;
2019-07-19 13:05:28 - [TEST_STEP][PASSED] - break: null&#xD;
&#xD;
2019-07-19 13:05:28 - [TEST_STEP][PASSED] - selectObject = new com.kms.katalon.core.testobject.TestObject((select + i)): null&#xD;
&#xD;
2019-07-19 13:05:28 - [TEST_STEP][PASSED] - selectObject.addProperty("xpath", EQUALS, "//div[@id='mon-page-all']/div/div/div[2]/div/div[2]/div[3]/div/div/div[2]/div[2]/table/tbody/tr[" + i + 1 + "]/td/a/i", true): null&#xD;
&#xD;
2019-07-19 13:05:28 - [TEST_STEP][PASSED] - smartWaitClickableAndClick(selectObject, 20): null&#xD;
&#xD;
2019-07-19 13:05:28 - [TEST_STEP][PASSED] - for ([j = 0, j &lt;= waitTime, (j++)]): null&#xD;
&#xD;
2019-07-19 13:05:28 - [TEST_STEP][PASSED] - if (!(verifyElementClickable(testObject, OPTIONAL) &amp;&amp; verifyElementVisible(testObject, OPTIONAL) &amp;&amp; verifyElementPresent(testObject, 5, OPTIONAL))): Object 'select2' is present&#xD;
&#xD;
2019-07-19 13:05:28 - [MESSAGE][PASSED] - Object 'select2' is clickable&#xD;
&#xD;
2019-07-19 13:05:28 - [MESSAGE][PASSED] - Object 'select2' is visible&#xD;
&#xD;
2019-07-19 13:05:28 - [MESSAGE][PASSED] - Object 'select2' is present&#xD;
&#xD;
2019-07-19 13:05:28 - [TEST_STEP][PASSED] - else: null&#xD;
&#xD;
2019-07-19 13:05:28 - [TEST_STEP][PASSED] - comment(testObject.toString() + " is ready"): TestObject - 'select2' is ready&#xD;
&#xD;
2019-07-19 13:05:28 - [MESSAGE][INFO] - TestObject - 'select2' is ready&#xD;
&#xD;
2019-07-19 13:05:28 - [TEST_STEP][PASSED] - waitForElementPresent(testObject, 20): Object 'select2' is present&#xD;
&#xD;
2019-07-19 13:05:28 - [MESSAGE][PASSED] - Object 'select2' is present&#xD;
&#xD;
2019-07-19 13:05:28 - [TEST_STEP][PASSED] - waitForElementVisible(testObject, 20): Object 'select2' is visible&#xD;
&#xD;
2019-07-19 13:05:28 - [MESSAGE][PASSED] - Object 'select2' is visible&#xD;
&#xD;
2019-07-19 13:05:28 - [TEST_STEP][PASSED] - waitForElementClickable(testObject, 20): Object 'select2' is clickable&#xD;
&#xD;
2019-07-19 13:05:28 - [MESSAGE][PASSED] - Object 'select2' is clickable&#xD;
&#xD;
2019-07-19 13:05:28 - [TEST_STEP][PASSED] - waitForJQueryLoad(10, OPTIONAL): jQuery is ready.&#xD;
&#xD;
2019-07-19 13:05:28 - [MESSAGE][PASSED] - jQuery is ready.&#xD;
&#xD;
2019-07-19 13:05:28 - [TEST_STEP][PASSED] - click(testObject): Object: 'select2' is clicked on&#xD;
&#xD;
2019-07-19 13:05:28 - [MESSAGE][PASSED] - Object: 'select2' is clicked on&#xD;
&#xD;
2019-07-19 13:05:28 - [TEST_STEP][PASSED] - break: null&#xD;
&#xD;
2019-07-19 13:05:28 - [TEST_STEP][PASSED] - selectObject = new com.kms.katalon.core.testobject.TestObject((select + i)): null&#xD;
&#xD;
2019-07-19 13:05:28 - [TEST_STEP][PASSED] - selectObject.addProperty("xpath", EQUALS, "//div[@id='mon-page-all']/div/div/div[2]/div/div[2]/div[3]/div/div/div[2]/div[2]/table/tbody/tr[" + i + 1 + "]/td/a/i", true): null&#xD;
&#xD;
2019-07-19 13:05:28 - [TEST_STEP][PASSED] - smartWaitClickableAndClick(selectObject, 20): null&#xD;
&#xD;
2019-07-19 13:05:28 - [TEST_STEP][PASSED] - for ([j = 0, j &lt;= waitTime, (j++)]): null&#xD;
&#xD;
2019-07-19 13:05:28 - [TEST_STEP][PASSED] - if (!(verifyElementClickable(testObject, OPTIONAL) &amp;&amp; verifyElementVisible(testObject, OPTIONAL) &amp;&amp; verifyElementPresent(testObject, 5, OPTIONAL))): Object 'select3' is present&#xD;
&#xD;
2019-07-19 13:05:28 - [MESSAGE][PASSED] - Object 'select3' is clickable&#xD;
&#xD;
2019-07-19 13:05:28 - [MESSAGE][PASSED] - Object 'select3' is visible&#xD;
&#xD;
2019-07-19 13:05:28 - [MESSAGE][PASSED] - Object 'select3' is present&#xD;
&#xD;
2019-07-19 13:05:28 - [TEST_STEP][PASSED] - else: null&#xD;
&#xD;
2019-07-19 13:05:28 - [TEST_STEP][PASSED] - comment(testObject.toString() + " is ready"): TestObject - 'select3' is ready&#xD;
&#xD;
2019-07-19 13:05:28 - [MESSAGE][INFO] - TestObject - 'select3' is ready&#xD;
&#xD;
2019-07-19 13:05:28 - [TEST_STEP][PASSED] - waitForElementPresent(testObject, 20): Object 'select3' is present&#xD;
&#xD;
2019-07-19 13:05:28 - [MESSAGE][PASSED] - Object 'select3' is present&#xD;
&#xD;
2019-07-19 13:05:28 - [TEST_STEP][PASSED] - waitForElementVisible(testObject, 20): Object 'select3' is visible&#xD;
&#xD;
2019-07-19 13:05:28 - [MESSAGE][PASSED] - Object 'select3' is visible&#xD;
&#xD;
2019-07-19 13:05:28 - [TEST_STEP][PASSED] - waitForElementClickable(testObject, 20): Object 'select3' is clickable&#xD;
&#xD;
2019-07-19 13:05:28 - [MESSAGE][PASSED] - Object 'select3' is clickable&#xD;
&#xD;
2019-07-19 13:05:28 - [TEST_STEP][PASSED] - waitForJQueryLoad(10, OPTIONAL): jQuery is ready.&#xD;
&#xD;
2019-07-19 13:05:29 - [MESSAGE][PASSED] - jQuery is ready.&#xD;
&#xD;
2019-07-19 13:05:29 - [TEST_STEP][PASSED] - click(testObject): Object: 'select3' is clicked on&#xD;
&#xD;
2019-07-19 13:05:29 - [MESSAGE][PASSED] - Object: 'select3' is clicked on&#xD;
&#xD;
2019-07-19 13:05:29 - [TEST_STEP][PASSED] - break: null&#xD;
&#xD;
2019-07-19 13:05:29 - [TEST_STEP][PASSED] - selectObject = new com.kms.katalon.core.testobject.TestObject((select + i)): null&#xD;
&#xD;
2019-07-19 13:05:29 - [TEST_STEP][PASSED] - selectObject.addProperty("xpath", EQUALS, "//div[@id='mon-page-all']/div/div/div[2]/div/div[2]/div[3]/div/div/div[2]/div[2]/table/tbody/tr[" + i + 1 + "]/td/a/i", true): null&#xD;
&#xD;
2019-07-19 13:05:29 - [TEST_STEP][PASSED] - smartWaitClickableAndClick(selectObject, 20): null&#xD;
&#xD;
2019-07-19 13:05:29 - [TEST_STEP][PASSED] - for ([j = 0, j &lt;= waitTime, (j++)]): null&#xD;
&#xD;
2019-07-19 13:05:29 - [TEST_STEP][PASSED] - if (!(verifyElementClickable(testObject, OPTIONAL) &amp;&amp; verifyElementVisible(testObject, OPTIONAL) &amp;&amp; verifyElementPresent(testObject, 5, OPTIONAL))): Object 'select4' is present&#xD;
&#xD;
2019-07-19 13:05:29 - [MESSAGE][PASSED] - Object 'select4' is clickable&#xD;
&#xD;
2019-07-19 13:05:29 - [MESSAGE][PASSED] - Object 'select4' is visible&#xD;
&#xD;
2019-07-19 13:05:29 - [MESSAGE][PASSED] - Object 'select4' is present&#xD;
&#xD;
2019-07-19 13:05:29 - [TEST_STEP][PASSED] - else: null&#xD;
&#xD;
2019-07-19 13:05:29 - [TEST_STEP][PASSED] - comment(testObject.toString() + " is ready"): TestObject - 'select4' is ready&#xD;
&#xD;
2019-07-19 13:05:29 - [MESSAGE][INFO] - TestObject - 'select4' is ready&#xD;
&#xD;
2019-07-19 13:05:29 - [TEST_STEP][PASSED] - waitForElementPresent(testObject, 20): Object 'select4' is present&#xD;
&#xD;
2019-07-19 13:05:29 - [MESSAGE][PASSED] - Object 'select4' is present&#xD;
&#xD;
2019-07-19 13:05:29 - [TEST_STEP][PASSED] - waitForElementVisible(testObject, 20): Object 'select4' is visible&#xD;
&#xD;
2019-07-19 13:05:29 - [MESSAGE][PASSED] - Object 'select4' is visible&#xD;
&#xD;
2019-07-19 13:05:29 - [TEST_STEP][PASSED] - waitForElementClickable(testObject, 20): Object 'select4' is clickable&#xD;
&#xD;
2019-07-19 13:05:29 - [MESSAGE][PASSED] - Object 'select4' is clickable&#xD;
&#xD;
2019-07-19 13:05:29 - [TEST_STEP][PASSED] - waitForJQueryLoad(10, OPTIONAL): jQuery is ready.&#xD;
&#xD;
2019-07-19 13:05:29 - [MESSAGE][PASSED] - jQuery is ready.&#xD;
&#xD;
2019-07-19 13:05:29 - [TEST_STEP][PASSED] - click(testObject): Object: 'select4' is clicked on&#xD;
&#xD;
2019-07-19 13:05:29 - [MESSAGE][PASSED] - Object: 'select4' is clicked on&#xD;
&#xD;
2019-07-19 13:05:29 - [TEST_STEP][PASSED] - break: null&#xD;
&#xD;
2019-07-19 13:05:29 - [TEST_STEP][PASSED] - smartWaitClickableAndClick(findTestObject("Object Repository/ARMORDashboard/DashboardLabel/i_Threshold 2_glyphicon glyphicon-plus icon-plus"), 20): null&#xD;
&#xD;
2019-07-19 13:05:29 - [TEST_STEP][PASSED] - for ([j = 0, j &lt;= waitTime, (j++)]): null&#xD;
&#xD;
2019-07-19 13:05:29 - [TEST_STEP][PASSED] - if (!(verifyElementClickable(testObject, OPTIONAL) &amp;&amp; verifyElementVisible(testObject, OPTIONAL) &amp;&amp; verifyElementPresent(testObject, 5, OPTIONAL))): Object 'Object Repository/ARMORDashboard/DashboardLabel/i_Threshold 2_glyphicon glyphicon-plus icon-plus' is present&#xD;
&#xD;
2019-07-19 13:05:29 - [MESSAGE][PASSED] - Object 'Object Repository/ARMORDashboard/DashboardLabel/i_Threshold 2_glyphicon glyphicon-plus icon-plus' is clickable&#xD;
&#xD;
2019-07-19 13:05:29 - [MESSAGE][PASSED] - Object 'Object Repository/ARMORDashboard/DashboardLabel/i_Threshold 2_glyphicon glyphicon-plus icon-plus' is visible&#xD;
&#xD;
2019-07-19 13:05:29 - [MESSAGE][PASSED] - Object 'Object Repository/ARMORDashboard/DashboardLabel/i_Threshold 2_glyphicon glyphicon-plus icon-plus' is present&#xD;
&#xD;
2019-07-19 13:05:29 - [TEST_STEP][PASSED] - else: null&#xD;
&#xD;
2019-07-19 13:05:29 - [TEST_STEP][PASSED] - comment(testObject.toString() + " is ready"): TestObject - 'Object Repository/ARMORDashboard/DashboardLabel/i_Threshold 2_glyphicon glyphicon-plus icon-plus' is ready&#xD;
&#xD;
2019-07-19 13:05:29 - [MESSAGE][INFO] - TestObject - 'Object Repository/ARMORDashboard/DashboardLabel/i_Threshold 2_glyphicon glyphicon-plus icon-plus' is ready&#xD;
&#xD;
2019-07-19 13:05:29 - [TEST_STEP][PASSED] - waitForElementPresent(testObject, 20): Object 'Object Repository/ARMORDashboard/DashboardLabel/i_Threshold 2_glyphicon glyphicon-plus icon-plus' is present&#xD;
&#xD;
2019-07-19 13:05:29 - [MESSAGE][PASSED] - Object 'Object Repository/ARMORDashboard/DashboardLabel/i_Threshold 2_glyphicon glyphicon-plus icon-plus' is present&#xD;
&#xD;
2019-07-19 13:05:29 - [TEST_STEP][PASSED] - waitForElementVisible(testObject, 20): Object 'Object Repository/ARMORDashboard/DashboardLabel/i_Threshold 2_glyphicon glyphicon-plus icon-plus' is visible&#xD;
&#xD;
2019-07-19 13:05:29 - [MESSAGE][PASSED] - Object 'Object Repository/ARMORDashboard/DashboardLabel/i_Threshold 2_glyphicon glyphicon-plus icon-plus' is visible&#xD;
&#xD;
2019-07-19 13:05:29 - [TEST_STEP][PASSED] - waitForElementClickable(testObject, 20): Object 'Object Repository/ARMORDashboard/DashboardLabel/i_Threshold 2_glyphicon glyphicon-plus icon-plus' is clickable&#xD;
&#xD;
2019-07-19 13:05:29 - [MESSAGE][PASSED] - Object 'Object Repository/ARMORDashboard/DashboardLabel/i_Threshold 2_glyphicon glyphicon-plus icon-plus' is clickable&#xD;
&#xD;
2019-07-19 13:05:29 - [TEST_STEP][PASSED] - waitForJQueryLoad(10, OPTIONAL): jQuery is ready.&#xD;
&#xD;
2019-07-19 13:05:29 - [MESSAGE][PASSED] - jQuery is ready.&#xD;
&#xD;
2019-07-19 13:05:29 - [TEST_STEP][PASSED] - click(testObject): Object: 'Object Repository/ARMORDashboard/DashboardLabel/i_Threshold 2_glyphicon glyphicon-plus icon-plus' is clicked on&#xD;
&#xD;
2019-07-19 13:05:29 - [MESSAGE][PASSED] - Object: 'Object Repository/ARMORDashboard/DashboardLabel/i_Threshold 2_glyphicon glyphicon-plus icon-plus' is clicked on&#xD;
&#xD;
2019-07-19 13:05:29 - [TEST_STEP][PASSED] - break: null&#xD;
&#xD;
2019-07-19 13:05:29 - [TEST_STEP][PASSED] - delay(3): Delayed 3 second(s)&#xD;
&#xD;
2019-07-19 13:05:32 - [MESSAGE][PASSED] - Delayed 3 second(s)&#xD;
&#xD;
2019-07-19 13:05:32 - [TEST_STEP][PASSED] - clickOffset(findTestObject("Object Repository/ARMORDashboard/DashboardLabel/canvas_"), 62, 670): Object: 'Object Repository/ARMORDashboard/DashboardLabel/canvas_' is clicked on using offset x=62 and y=670&#xD;
&#xD;
2019-07-19 13:05:32 - [MESSAGE][PASSED] - Object: 'Object Repository/ARMORDashboard/DashboardLabel/canvas_' is clicked on using offset x=62 and y=670&#xD;
&#xD;
2019-07-19 13:05:32 - [TEST_STEP][PASSED] - smartWaitClickableAndClick(findTestObject("Object Repository/ARMORDashboard/DashboardLabel/RackDetail/Sensor"), 20): null&#xD;
&#xD;
2019-07-19 13:05:32 - [TEST_STEP][PASSED] - for ([j = 0, j &lt;= waitTime, (j++)]): null&#xD;
&#xD;
2019-07-19 13:05:32 - [TEST_STEP][PASSED] - if (!(verifyElementClickable(testObject, OPTIONAL) &amp;&amp; verifyElementVisible(testObject, OPTIONAL) &amp;&amp; verifyElementPresent(testObject, 5, OPTIONAL))): Object 'Object Repository/ARMORDashboard/DashboardLabel/RackDetail/Sensor' is present&#xD;
&#xD;
2019-07-19 13:05:32 - [MESSAGE][PASSED] - Object 'Object Repository/ARMORDashboard/DashboardLabel/RackDetail/Sensor' is clickable&#xD;
&#xD;
2019-07-19 13:05:33 - [MESSAGE][PASSED] - Object 'Object Repository/ARMORDashboard/DashboardLabel/RackDetail/Sensor' is visible&#xD;
&#xD;
2019-07-19 13:05:33 - [MESSAGE][PASSED] - Object 'Object Repository/ARMORDashboard/DashboardLabel/RackDetail/Sensor' is present&#xD;
&#xD;
2019-07-19 13:05:33 - [TEST_STEP][PASSED] - else: null&#xD;
&#xD;
2019-07-19 13:05:33 - [TEST_STEP][PASSED] - comment(testObject.toString() + " is ready"): TestObject - 'Object Repository/ARMORDashboard/DashboardLabel/RackDetail/Sensor' is ready&#xD;
&#xD;
2019-07-19 13:05:33 - [MESSAGE][INFO] - TestObject - 'Object Repository/ARMORDashboard/DashboardLabel/RackDetail/Sensor' is ready&#xD;
&#xD;
2019-07-19 13:05:33 - [TEST_STEP][PASSED] - waitForElementPresent(testObject, 20): Object 'Object Repository/ARMORDashboard/DashboardLabel/RackDetail/Sensor' is present&#xD;
&#xD;
2019-07-19 13:05:33 - [MESSAGE][PASSED] - Object 'Object Repository/ARMORDashboard/DashboardLabel/RackDetail/Sensor' is present&#xD;
&#xD;
2019-07-19 13:05:33 - [TEST_STEP][PASSED] - waitForElementVisible(testObject, 20): Object 'Object Repository/ARMORDashboard/DashboardLabel/RackDetail/Sensor' is visible&#xD;
&#xD;
2019-07-19 13:05:33 - [MESSAGE][PASSED] - Object 'Object Repository/ARMORDashboard/DashboardLabel/RackDetail/Sensor' is visible&#xD;
&#xD;
2019-07-19 13:05:33 - [TEST_STEP][PASSED] - waitForElementClickable(testObject, 20): Object 'Object Repository/ARMORDashboard/DashboardLabel/RackDetail/Sensor' is clickable&#xD;
&#xD;
2019-07-19 13:05:33 - [MESSAGE][PASSED] - Object 'Object Repository/ARMORDashboard/DashboardLabel/RackDetail/Sensor' is clickable&#xD;
&#xD;
2019-07-19 13:05:33 - [TEST_STEP][PASSED] - waitForJQueryLoad(10, OPTIONAL): jQuery is ready.&#xD;
&#xD;
2019-07-19 13:05:33 - [MESSAGE][PASSED] - jQuery is ready.&#xD;
&#xD;
2019-07-19 13:05:33 - [TEST_STEP][PASSED] - click(testObject): Object: 'Object Repository/ARMORDashboard/DashboardLabel/RackDetail/Sensor' is clicked on&#xD;
&#xD;
2019-07-19 13:05:33 - [MESSAGE][PASSED] - Object: 'Object Repository/ARMORDashboard/DashboardLabel/RackDetail/Sensor' is clicked on&#xD;
&#xD;
2019-07-19 13:05:33 - [TEST_STEP][PASSED] - break: null&#xD;
&#xD;
2019-07-19 13:05:33 - [TEST_STEP][PASSED] - smartWaitClickableAndClick(findTestObject("Object Repository/ARMORDashboard/DashboardLabel/RackDetail/button_Sensor_Refresh"), 20): null&#xD;
&#xD;
2019-07-19 13:05:33 - [TEST_STEP][PASSED] - for ([j = 0, j &lt;= waitTime, (j++)]): null&#xD;
&#xD;
2019-07-19 13:05:33 - [TEST_STEP][PASSED] - if (!(verifyElementClickable(testObject, OPTIONAL) &amp;&amp; verifyElementVisible(testObject, OPTIONAL) &amp;&amp; verifyElementPresent(testObject, 5, OPTIONAL))): Object 'Object Repository/ARMORDashboard/DashboardLabel/RackDetail/button_Sensor_Refresh' is present&#xD;
&#xD;
2019-07-19 13:05:34 - [MESSAGE][PASSED] - Object 'Object Repository/ARMORDashboard/DashboardLabel/RackDetail/button_Sensor_Refresh' is clickable&#xD;
&#xD;
2019-07-19 13:05:34 - [MESSAGE][PASSED] - Object 'Object Repository/ARMORDashboard/DashboardLabel/RackDetail/button_Sensor_Refresh' is visible&#xD;
&#xD;
2019-07-19 13:05:34 - [MESSAGE][PASSED] - Object 'Object Repository/ARMORDashboard/DashboardLabel/RackDetail/button_Sensor_Refresh' is present&#xD;
&#xD;
2019-07-19 13:05:34 - [TEST_STEP][PASSED] - else: null&#xD;
&#xD;
2019-07-19 13:05:34 - [TEST_STEP][PASSED] - comment(testObject.toString() + " is ready"): TestObject - 'Object Repository/ARMORDashboard/DashboardLabel/RackDetail/button_Sensor_Refresh' is ready&#xD;
&#xD;
2019-07-19 13:05:34 - [MESSAGE][INFO] - TestObject - 'Object Repository/ARMORDashboard/DashboardLabel/RackDetail/button_Sensor_Refresh' is ready&#xD;
&#xD;
2019-07-19 13:05:34 - [TEST_STEP][PASSED] - waitForElementPresent(testObject, 20): Object 'Object Repository/ARMORDashboard/DashboardLabel/RackDetail/button_Sensor_Refresh' is present&#xD;
&#xD;
2019-07-19 13:05:34 - [MESSAGE][PASSED] - Object 'Object Repository/ARMORDashboard/DashboardLabel/RackDetail/button_Sensor_Refresh' is present&#xD;
&#xD;
2019-07-19 13:05:34 - [TEST_STEP][PASSED] - waitForElementVisible(testObject, 20): Object 'Object Repository/ARMORDashboard/DashboardLabel/RackDetail/button_Sensor_Refresh' is visible&#xD;
&#xD;
2019-07-19 13:05:34 - [MESSAGE][PASSED] - Object 'Object Repository/ARMORDashboard/DashboardLabel/RackDetail/button_Sensor_Refresh' is visible&#xD;
&#xD;
2019-07-19 13:05:34 - [TEST_STEP][PASSED] - waitForElementClickable(testObject, 20): Object 'Object Repository/ARMORDashboard/DashboardLabel/RackDetail/button_Sensor_Refresh' is clickable&#xD;
&#xD;
2019-07-19 13:05:34 - [MESSAGE][PASSED] - Object 'Object Repository/ARMORDashboard/DashboardLabel/RackDetail/button_Sensor_Refresh' is clickable&#xD;
&#xD;
2019-07-19 13:05:34 - [TEST_STEP][PASSED] - waitForJQueryLoad(10, OPTIONAL): jQuery is ready.&#xD;
&#xD;
2019-07-19 13:05:34 - [MESSAGE][PASSED] - jQuery is ready.&#xD;
&#xD;
2019-07-19 13:05:34 - [TEST_STEP][PASSED] - click(testObject): Object: 'Object Repository/ARMORDashboard/DashboardLabel/RackDetail/button_Sensor_Refresh' is clicked on&#xD;
&#xD;
2019-07-19 13:05:34 - [MESSAGE][PASSED] - Object: 'Object Repository/ARMORDashboard/DashboardLabel/RackDetail/button_Sensor_Refresh' is clicked on&#xD;
&#xD;
2019-07-19 13:05:34 - [TEST_STEP][PASSED] - break: null&#xD;
&#xD;
2019-07-19 13:05:34 - [TEST_STEP][PASSED] - smartWaitClickableAndClick(findTestObject("Object Repository/ARMORDashboard/DashboardLabel/RackDetail/button_ tmp"), 20): null&#xD;
&#xD;
2019-07-19 13:05:34 - [TEST_STEP][PASSED] - for ([j = 0, j &lt;= waitTime, (j++)]): null&#xD;
&#xD;
2019-07-19 13:05:34 - [TEST_STEP][PASSED] - if (!(verifyElementClickable(testObject, OPTIONAL) &amp;&amp; verifyElementVisible(testObject, OPTIONAL) &amp;&amp; verifyElementPresent(testObject, 5, OPTIONAL))): Object 'Object Repository/ARMORDashboard/DashboardLabel/RackDetail/button_ tmp' is present&#xD;
&#xD;
2019-07-19 13:05:35 - [MESSAGE][PASSED] - Object 'Object Repository/ARMORDashboard/DashboardLabel/RackDetail/button_ tmp' is clickable&#xD;
&#xD;
2019-07-19 13:05:35 - [MESSAGE][PASSED] - Object 'Object Repository/ARMORDashboard/DashboardLabel/RackDetail/button_ tmp' is visible&#xD;
&#xD;
2019-07-19 13:05:35 - [MESSAGE][PASSED] - Object 'Object Repository/ARMORDashboard/DashboardLabel/RackDetail/button_ tmp' is present&#xD;
&#xD;
2019-07-19 13:05:35 - [TEST_STEP][PASSED] - else: null&#xD;
&#xD;
2019-07-19 13:05:35 - [TEST_STEP][PASSED] - comment(testObject.toString() + " is ready"): TestObject - 'Object Repository/ARMORDashboard/DashboardLabel/RackDetail/button_ tmp' is ready&#xD;
&#xD;
2019-07-19 13:05:35 - [MESSAGE][INFO] - TestObject - 'Object Repository/ARMORDashboard/DashboardLabel/RackDetail/button_ tmp' is ready&#xD;
&#xD;
2019-07-19 13:05:35 - [TEST_STEP][PASSED] - waitForElementPresent(testObject, 20): Object 'Object Repository/ARMORDashboard/DashboardLabel/RackDetail/button_ tmp' is present&#xD;
&#xD;
2019-07-19 13:05:35 - [MESSAGE][PASSED] - Object 'Object Repository/ARMORDashboard/DashboardLabel/RackDetail/button_ tmp' is present&#xD;
&#xD;
2019-07-19 13:05:35 - [TEST_STEP][PASSED] - waitForElementVisible(testObject, 20): Object 'Object Repository/ARMORDashboard/DashboardLabel/RackDetail/button_ tmp' is visible&#xD;
&#xD;
2019-07-19 13:05:35 - [MESSAGE][PASSED] - Object 'Object Repository/ARMORDashboard/DashboardLabel/RackDetail/button_ tmp' is visible&#xD;
&#xD;
2019-07-19 13:05:35 - [TEST_STEP][PASSED] - waitForElementClickable(testObject, 20): Object 'Object Repository/ARMORDashboard/DashboardLabel/RackDetail/button_ tmp' is clickable&#xD;
&#xD;
2019-07-19 13:05:35 - [MESSAGE][PASSED] - Object 'Object Repository/ARMORDashboard/DashboardLabel/RackDetail/button_ tmp' is clickable&#xD;
&#xD;
2019-07-19 13:05:35 - [TEST_STEP][PASSED] - waitForJQueryLoad(10, OPTIONAL): jQuery is ready.&#xD;
&#xD;
2019-07-19 13:05:35 - [MESSAGE][PASSED] - jQuery is ready.&#xD;
&#xD;
2019-07-19 13:05:35 - [TEST_STEP][PASSED] - click(testObject): Object: 'Object Repository/ARMORDashboard/DashboardLabel/RackDetail/button_ tmp' is clicked on&#xD;
&#xD;
2019-07-19 13:05:35 - [MESSAGE][PASSED] - Object: 'Object Repository/ARMORDashboard/DashboardLabel/RackDetail/button_ tmp' is clicked on&#xD;
&#xD;
2019-07-19 13:05:35 - [TEST_STEP][PASSED] - break: null&#xD;
&#xD;
2019-07-19 13:05:35 - [TEST_STEP][PASSED] - smartWaitClickableAndClick(findTestObject("Object Repository/ARMORDashboard/DashboardLabel/RackDetail/Current Event Log"), 20): null&#xD;
&#xD;
2019-07-19 13:05:35 - [TEST_STEP][PASSED] - for ([j = 0, j &lt;= waitTime, (j++)]): null&#xD;
&#xD;
2019-07-19 13:05:35 - [TEST_STEP][PASSED] - if (!(verifyElementClickable(testObject, OPTIONAL) &amp;&amp; verifyElementVisible(testObject, OPTIONAL) &amp;&amp; verifyElementPresent(testObject, 5, OPTIONAL))): Object 'Object Repository/ARMORDashboard/DashboardLabel/RackDetail/Current Event Log' is present&#xD;
&#xD;
2019-07-19 13:05:35 - [MESSAGE][PASSED] - Object 'Object Repository/ARMORDashboard/DashboardLabel/RackDetail/Current Event Log' is clickable&#xD;
&#xD;
2019-07-19 13:05:36 - [MESSAGE][PASSED] - Object 'Object Repository/ARMORDashboard/DashboardLabel/RackDetail/Current Event Log' is visible&#xD;
&#xD;
2019-07-19 13:05:36 - [MESSAGE][PASSED] - Object 'Object Repository/ARMORDashboard/DashboardLabel/RackDetail/Current Event Log' is present&#xD;
&#xD;
2019-07-19 13:05:36 - [TEST_STEP][PASSED] - else: null&#xD;
&#xD;
2019-07-19 13:05:36 - [TEST_STEP][PASSED] - comment(testObject.toString() + " is ready"): TestObject - 'Object Repository/ARMORDashboard/DashboardLabel/RackDetail/Current Event Log' is ready&#xD;
&#xD;
2019-07-19 13:05:36 - [MESSAGE][INFO] - TestObject - 'Object Repository/ARMORDashboard/DashboardLabel/RackDetail/Current Event Log' is ready&#xD;
&#xD;
2019-07-19 13:05:36 - [TEST_STEP][PASSED] - waitForElementPresent(testObject, 20): Object 'Object Repository/ARMORDashboard/DashboardLabel/RackDetail/Current Event Log' is present&#xD;
&#xD;
2019-07-19 13:05:36 - [MESSAGE][PASSED] - Object 'Object Repository/ARMORDashboard/DashboardLabel/RackDetail/Current Event Log' is present&#xD;
&#xD;
2019-07-19 13:05:36 - [TEST_STEP][PASSED] - waitForElementVisible(testObject, 20): Object 'Object Repository/ARMORDashboard/DashboardLabel/RackDetail/Current Event Log' is visible&#xD;
&#xD;
2019-07-19 13:05:36 - [MESSAGE][PASSED] - Object 'Object Repository/ARMORDashboard/DashboardLabel/RackDetail/Current Event Log' is visible&#xD;
&#xD;
2019-07-19 13:05:36 - [TEST_STEP][PASSED] - waitForElementClickable(testObject, 20): Object 'Object Repository/ARMORDashboard/DashboardLabel/RackDetail/Current Event Log' is clickable&#xD;
&#xD;
2019-07-19 13:05:36 - [MESSAGE][PASSED] - Object 'Object Repository/ARMORDashboard/DashboardLabel/RackDetail/Current Event Log' is clickable&#xD;
&#xD;
2019-07-19 13:05:36 - [TEST_STEP][PASSED] - waitForJQueryLoad(10, OPTIONAL): jQuery is ready.&#xD;
&#xD;
2019-07-19 13:05:36 - [MESSAGE][PASSED] - jQuery is ready.&#xD;
&#xD;
2019-07-19 13:05:36 - [TEST_STEP][PASSED] - click(testObject): Object: 'Object Repository/ARMORDashboard/DashboardLabel/RackDetail/Current Event Log' is clicked on&#xD;
&#xD;
2019-07-19 13:05:36 - [MESSAGE][PASSED] - Object: 'Object Repository/ARMORDashboard/DashboardLabel/RackDetail/Current Event Log' is clicked on&#xD;
&#xD;
2019-07-19 13:05:36 - [TEST_STEP][PASSED] - break: null&#xD;
&#xD;
2019-07-19 13:05:36 - [TEST_STEP][PASSED] - smartWaitClickableAndClick(findTestObject("Object Repository/ARMORDashboard/DashboardLabel/RackDetail/button_Current Event Log_Refresh"), 20): null&#xD;
&#xD;
2019-07-19 13:05:36 - [TEST_STEP][PASSED] - for ([j = 0, j &lt;= waitTime, (j++)]): null&#xD;
&#xD;
2019-07-19 13:05:36 - [TEST_STEP][PASSED] - if (!(verifyElementClickable(testObject, OPTIONAL) &amp;&amp; verifyElementVisible(testObject, OPTIONAL) &amp;&amp; verifyElementPresent(testObject, 5, OPTIONAL))): Object 'Object Repository/ARMORDashboard/DashboardLabel/RackDetail/button_Current Event Log_Refresh' is present&#xD;
&#xD;
2019-07-19 13:05:37 - [MESSAGE][PASSED] - Object 'Object Repository/ARMORDashboard/DashboardLabel/RackDetail/button_Current Event Log_Refresh' is clickable&#xD;
&#xD;
2019-07-19 13:05:37 - [MESSAGE][PASSED] - Object 'Object Repository/ARMORDashboard/DashboardLabel/RackDetail/button_Current Event Log_Refresh' is visible&#xD;
&#xD;
2019-07-19 13:05:37 - [MESSAGE][PASSED] - Object 'Object Repository/ARMORDashboard/DashboardLabel/RackDetail/button_Current Event Log_Refresh' is present&#xD;
&#xD;
2019-07-19 13:05:37 - [TEST_STEP][PASSED] - else: null&#xD;
&#xD;
2019-07-19 13:05:37 - [TEST_STEP][PASSED] - comment(testObject.toString() + " is ready"): TestObject - 'Object Repository/ARMORDashboard/DashboardLabel/RackDetail/button_Current Event Log_Refresh' is ready&#xD;
&#xD;
2019-07-19 13:05:37 - [MESSAGE][INFO] - TestObject - 'Object Repository/ARMORDashboard/DashboardLabel/RackDetail/button_Current Event Log_Refresh' is ready&#xD;
&#xD;
2019-07-19 13:05:37 - [TEST_STEP][PASSED] - waitForElementPresent(testObject, 20): Object 'Object Repository/ARMORDashboard/DashboardLabel/RackDetail/button_Current Event Log_Refresh' is present&#xD;
&#xD;
2019-07-19 13:05:37 - [MESSAGE][PASSED] - Object 'Object Repository/ARMORDashboard/DashboardLabel/RackDetail/button_Current Event Log_Refresh' is present&#xD;
&#xD;
2019-07-19 13:05:37 - [TEST_STEP][PASSED] - waitForElementVisible(testObject, 20): Object 'Object Repository/ARMORDashboard/DashboardLabel/RackDetail/button_Current Event Log_Refresh' is visible&#xD;
&#xD;
2019-07-19 13:05:37 - [MESSAGE][PASSED] - Object 'Object Repository/ARMORDashboard/DashboardLabel/RackDetail/button_Current Event Log_Refresh' is visible&#xD;
&#xD;
2019-07-19 13:05:37 - [TEST_STEP][PASSED] - waitForElementClickable(testObject, 20): Object 'Object Repository/ARMORDashboard/DashboardLabel/RackDetail/button_Current Event Log_Refresh' is clickable&#xD;
&#xD;
2019-07-19 13:05:37 - [MESSAGE][PASSED] - Object 'Object Repository/ARMORDashboard/DashboardLabel/RackDetail/button_Current Event Log_Refresh' is clickable&#xD;
&#xD;
2019-07-19 13:05:37 - [TEST_STEP][PASSED] - waitForJQueryLoad(10, OPTIONAL): jQuery is ready.&#xD;
&#xD;
2019-07-19 13:05:37 - [MESSAGE][PASSED] - jQuery is ready.&#xD;
&#xD;
2019-07-19 13:05:37 - [TEST_STEP][PASSED] - click(testObject): Object: 'Object Repository/ARMORDashboard/DashboardLabel/RackDetail/button_Current Event Log_Refresh' is clicked on&#xD;
&#xD;
2019-07-19 13:05:37 - [MESSAGE][PASSED] - Object: 'Object Repository/ARMORDashboard/DashboardLabel/RackDetail/button_Current Event Log_Refresh' is clicked on&#xD;
&#xD;
2019-07-19 13:05:37 - [TEST_STEP][PASSED] - break: null&#xD;
&#xD;
2019-07-19 13:05:37 - [TEST_STEP][PASSED] - selectOptionByValue(findTestObject("Object Repository/ARMORDashboard/DashboardLabel/RackDetail/select_Timestamp Period Filter"), "today", true): All options with value 'today' are selected in object 'Object Repository/ARMORDashboard/DashboardLabel/RackDetail/select_Timestamp Period Filter'  using regular expression&#xD;
&#xD;
2019-07-19 13:05:39 - [MESSAGE][PASSED] - All options with value 'today' are selected in object 'Object Repository/ARMORDashboard/DashboardLabel/RackDetail/select_Timestamp Period Filter'  using regular expression&#xD;
&#xD;
2019-07-19 13:05:39 - [TEST_STEP][PASSED] - selectOptionByValue(findTestObject("Object Repository/ARMORDashboard/DashboardLabel/RackDetail/select_Timestamp Period Filter"), "yesterday", true): All options with value 'yesterday' are selected in object 'Object Repository/ARMORDashboard/DashboardLabel/RackDetail/select_Timestamp Period Filter'  using regular expression&#xD;
&#xD;
2019-07-19 13:05:39 - [MESSAGE][PASSED] - All options with value 'yesterday' are selected in object 'Object Repository/ARMORDashboard/DashboardLabel/RackDetail/select_Timestamp Period Filter'  using regular expression&#xD;
&#xD;
2019-07-19 13:05:39 - [TEST_STEP][PASSED] - selectOptionByValue(findTestObject("Object Repository/ARMORDashboard/DashboardLabel/RackDetail/select_Timestamp Period Filter"), "since-yesterday", true): All options with value 'since-yesterday' are selected in object 'Object Repository/ARMORDashboard/DashboardLabel/RackDetail/select_Timestamp Period Filter'  using regular expression&#xD;
&#xD;
2019-07-19 13:05:40 - [MESSAGE][PASSED] - All options with value 'since-yesterday' are selected in object 'Object Repository/ARMORDashboard/DashboardLabel/RackDetail/select_Timestamp Period Filter'  using regular expression&#xD;
&#xD;
2019-07-19 13:05:40 - [TEST_STEP][PASSED] - selectOptionByValue(findTestObject("Object Repository/ARMORDashboard/DashboardLabel/RackDetail/select_Timestamp Period Filter"), "current-week", true): All options with value 'current-week' are selected in object 'Object Repository/ARMORDashboard/DashboardLabel/RackDetail/select_Timestamp Period Filter'  using regular expression&#xD;
&#xD;
2019-07-19 13:05:40 - [MESSAGE][PASSED] - All options with value 'current-week' are selected in object 'Object Repository/ARMORDashboard/DashboardLabel/RackDetail/select_Timestamp Period Filter'  using regular expression&#xD;
&#xD;
2019-07-19 13:05:40 - [TEST_STEP][PASSED] - selectOptionByValue(findTestObject("Object Repository/ARMORDashboard/DashboardLabel/RackDetail/select_Timestamp Period Filter"), "other", true): All options with value 'other' are selected in object 'Object Repository/ARMORDashboard/DashboardLabel/RackDetail/select_Timestamp Period Filter'  using regular expression&#xD;
&#xD;
2019-07-19 13:05:40 - [MESSAGE][PASSED] - All options with value 'other' are selected in object 'Object Repository/ARMORDashboard/DashboardLabel/RackDetail/select_Timestamp Period Filter'  using regular expression&#xD;
&#xD;
2019-07-19 13:05:40 - [TEST_STEP][PASSED] - smartWaitClickableAndClick(findTestObject("Object Repository/ARMORDashboard/DashboardLabel/RackDetail/input_Start Period_enable-start-period"), 20): null&#xD;
&#xD;
2019-07-19 13:05:40 - [TEST_STEP][PASSED] - for ([j = 0, j &lt;= waitTime, (j++)]): null&#xD;
&#xD;
2019-07-19 13:05:40 - [TEST_STEP][PASSED] - if (!(verifyElementClickable(testObject, OPTIONAL) &amp;&amp; verifyElementVisible(testObject, OPTIONAL) &amp;&amp; verifyElementPresent(testObject, 5, OPTIONAL))): Object 'Object Repository/ARMORDashboard/DashboardLabel/RackDetail/input_Start Period_enable-start-period' is present&#xD;
&#xD;
2019-07-19 13:05:41 - [MESSAGE][PASSED] - Object 'Object Repository/ARMORDashboard/DashboardLabel/RackDetail/input_Start Period_enable-start-period' is clickable&#xD;
&#xD;
2019-07-19 13:05:41 - [MESSAGE][PASSED] - Object 'Object Repository/ARMORDashboard/DashboardLabel/RackDetail/input_Start Period_enable-start-period' is visible&#xD;
&#xD;
2019-07-19 13:05:41 - [MESSAGE][PASSED] - Object 'Object Repository/ARMORDashboard/DashboardLabel/RackDetail/input_Start Period_enable-start-period' is present&#xD;
&#xD;
2019-07-19 13:05:41 - [TEST_STEP][PASSED] - else: null&#xD;
&#xD;
2019-07-19 13:05:41 - [TEST_STEP][PASSED] - comment(testObject.toString() + " is ready"): TestObject - 'Object Repository/ARMORDashboard/DashboardLabel/RackDetail/input_Start Period_enable-start-period' is ready&#xD;
&#xD;
2019-07-19 13:05:41 - [MESSAGE][INFO] - TestObject - 'Object Repository/ARMORDashboard/DashboardLabel/RackDetail/input_Start Period_enable-start-period' is ready&#xD;
&#xD;
2019-07-19 13:05:41 - [TEST_STEP][PASSED] - waitForElementPresent(testObject, 20): Object 'Object Repository/ARMORDashboard/DashboardLabel/RackDetail/input_Start Period_enable-start-period' is present&#xD;
&#xD;
2019-07-19 13:05:41 - [MESSAGE][PASSED] - Object 'Object Repository/ARMORDashboard/DashboardLabel/RackDetail/input_Start Period_enable-start-period' is present&#xD;
&#xD;
2019-07-19 13:05:41 - [TEST_STEP][PASSED] - waitForElementVisible(testObject, 20): Object 'Object Repository/ARMORDashboard/DashboardLabel/RackDetail/input_Start Period_enable-start-period' is visible&#xD;
&#xD;
2019-07-19 13:05:41 - [MESSAGE][PASSED] - Object 'Object Repository/ARMORDashboard/DashboardLabel/RackDetail/input_Start Period_enable-start-period' is visible&#xD;
&#xD;
2019-07-19 13:05:41 - [TEST_STEP][PASSED] - waitForElementClickable(testObject, 20): Object 'Object Repository/ARMORDashboard/DashboardLabel/RackDetail/input_Start Period_enable-start-period' is clickable&#xD;
&#xD;
2019-07-19 13:05:41 - [MESSAGE][PASSED] - Object 'Object Repository/ARMORDashboard/DashboardLabel/RackDetail/input_Start Period_enable-start-period' is clickable&#xD;
&#xD;
2019-07-19 13:05:41 - [TEST_STEP][PASSED] - waitForJQueryLoad(10, OPTIONAL): jQuery is ready.&#xD;
&#xD;
2019-07-19 13:05:41 - [MESSAGE][PASSED] - jQuery is ready.&#xD;
&#xD;
2019-07-19 13:05:41 - [TEST_STEP][PASSED] - click(testObject): Object: 'Object Repository/ARMORDashboard/DashboardLabel/RackDetail/input_Start Period_enable-start-period' is clicked on&#xD;
&#xD;
2019-07-19 13:05:41 - [MESSAGE][PASSED] - Object: 'Object Repository/ARMORDashboard/DashboardLabel/RackDetail/input_Start Period_enable-start-period' is clicked on&#xD;
&#xD;
2019-07-19 13:05:41 - [TEST_STEP][PASSED] - break: null&#xD;
&#xD;
2019-07-19 13:05:41 - [TEST_STEP][PASSED] - smartWaitClickableAndClick(findTestObject("Object Repository/ARMORDashboard/DashboardLabel/RackDetail/input_End Period_enable-end-period"), 20): null&#xD;
&#xD;
2019-07-19 13:05:41 - [TEST_STEP][PASSED] - for ([j = 0, j &lt;= waitTime, (j++)]): null&#xD;
&#xD;
2019-07-19 13:05:41 - [TEST_STEP][PASSED] - if (!(verifyElementClickable(testObject, OPTIONAL) &amp;&amp; verifyElementVisible(testObject, OPTIONAL) &amp;&amp; verifyElementPresent(testObject, 5, OPTIONAL))): Object 'Object Repository/ARMORDashboard/DashboardLabel/RackDetail/input_End Period_enable-end-period' is present&#xD;
&#xD;
2019-07-19 13:05:41 - [MESSAGE][PASSED] - Object 'Object Repository/ARMORDashboard/DashboardLabel/RackDetail/input_End Period_enable-end-period' is clickable&#xD;
&#xD;
2019-07-19 13:05:41 - [MESSAGE][PASSED] - Object 'Object Repository/ARMORDashboard/DashboardLabel/RackDetail/input_End Period_enable-end-period' is visible&#xD;
&#xD;
2019-07-19 13:05:41 - [MESSAGE][PASSED] - Object 'Object Repository/ARMORDashboard/DashboardLabel/RackDetail/input_End Period_enable-end-period' is present&#xD;
&#xD;
2019-07-19 13:05:41 - [TEST_STEP][PASSED] - else: null&#xD;
&#xD;
2019-07-19 13:05:41 - [TEST_STEP][PASSED] - comment(testObject.toString() + " is ready"): TestObject - 'Object Repository/ARMORDashboard/DashboardLabel/RackDetail/input_End Period_enable-end-period' is ready&#xD;
&#xD;
2019-07-19 13:05:41 - [MESSAGE][INFO] - TestObject - 'Object Repository/ARMORDashboard/DashboardLabel/RackDetail/input_End Period_enable-end-period' is ready&#xD;
&#xD;
2019-07-19 13:05:41 - [TEST_STEP][PASSED] - waitForElementPresent(testObject, 20): Object 'Object Repository/ARMORDashboard/DashboardLabel/RackDetail/input_End Period_enable-end-period' is present&#xD;
&#xD;
2019-07-19 13:05:41 - [MESSAGE][PASSED] - Object 'Object Repository/ARMORDashboard/DashboardLabel/RackDetail/input_End Period_enable-end-period' is present&#xD;
&#xD;
2019-07-19 13:05:41 - [TEST_STEP][PASSED] - waitForElementVisible(testObject, 20): Object 'Object Repository/ARMORDashboard/DashboardLabel/RackDetail/input_End Period_enable-end-period' is visible&#xD;
&#xD;
2019-07-19 13:05:41 - [MESSAGE][PASSED] - Object 'Object Repository/ARMORDashboard/DashboardLabel/RackDetail/input_End Period_enable-end-period' is visible&#xD;
&#xD;
2019-07-19 13:05:41 - [TEST_STEP][PASSED] - waitForElementClickable(testObject, 20): Object 'Object Repository/ARMORDashboard/DashboardLabel/RackDetail/input_End Period_enable-end-period' is clickable&#xD;
&#xD;
2019-07-19 13:05:41 - [MESSAGE][PASSED] - Object 'Object Repository/ARMORDashboard/DashboardLabel/RackDetail/input_End Period_enable-end-period' is clickable&#xD;
&#xD;
2019-07-19 13:05:41 - [TEST_STEP][PASSED] - waitForJQueryLoad(10, OPTIONAL): jQuery is ready.&#xD;
&#xD;
2019-07-19 13:05:41 - [MESSAGE][PASSED] - jQuery is ready.&#xD;
&#xD;
2019-07-19 13:05:41 - [TEST_STEP][PASSED] - click(testObject): Object: 'Object Repository/ARMORDashboard/DashboardLabel/RackDetail/input_End Period_enable-end-period' is clicked on&#xD;
&#xD;
2019-07-19 13:05:41 - [MESSAGE][PASSED] - Object: 'Object Repository/ARMORDashboard/DashboardLabel/RackDetail/input_End Period_enable-end-period' is clicked on&#xD;
&#xD;
2019-07-19 13:05:41 - [TEST_STEP][PASSED] - break: null&#xD;
&#xD;
2019-07-19 13:05:41 - [TEST_STEP][PASSED] - setText(findTestObject("Object Repository/ARMORDashboard/DashboardLabel/RackDetail/input_Start Period_form-control start-period"), "2019/05/15 00:00"): Text '2019/05/15 00:00' is set on object 'Object Repository/ARMORDashboard/DashboardLabel/RackDetail/input_Start Period_form-control start-period'&#xD;
&#xD;
2019-07-19 13:05:42 - [MESSAGE][PASSED] - Text '2019/05/15 00:00' is set on object 'Object Repository/ARMORDashboard/DashboardLabel/RackDetail/input_Start Period_form-control start-period'&#xD;
&#xD;
2019-07-19 13:05:42 - [TEST_STEP][PASSED] - setText(findTestObject("Object Repository/ARMORDashboard/DashboardLabel/RackDetail/input_End Period_form-control end-period"), "2019/07/15 11:37"): Text '2019/07/15 11:37' is set on object 'Object Repository/ARMORDashboard/DashboardLabel/RackDetail/input_End Period_form-control end-period'&#xD;
&#xD;
2019-07-19 13:05:43 - [MESSAGE][PASSED] - Text '2019/07/15 11:37' is set on object 'Object Repository/ARMORDashboard/DashboardLabel/RackDetail/input_End Period_form-control end-period'&#xD;
&#xD;
2019-07-19 13:05:43 - [TEST_STEP][PASSED] - smartWaitClickableAndClick(findTestObject("Object Repository/ARMORDashboard/DashboardLabel/RackDetail/button_Apply Period Filter"), 20): null&#xD;
&#xD;
2019-07-19 13:05:43 - [TEST_STEP][PASSED] - for ([j = 0, j &lt;= waitTime, (j++)]): null&#xD;
&#xD;
2019-07-19 13:05:43 - [TEST_STEP][PASSED] - if (!(verifyElementClickable(testObject, OPTIONAL) &amp;&amp; verifyElementVisible(testObject, OPTIONAL) &amp;&amp; verifyElementPresent(testObject, 5, OPTIONAL))): Object 'Object Repository/ARMORDashboard/DashboardLabel/RackDetail/button_Apply Period Filter' is present&#xD;
&#xD;
2019-07-19 13:05:43 - [MESSAGE][PASSED] - Object 'Object Repository/ARMORDashboard/DashboardLabel/RackDetail/button_Apply Period Filter' is clickable&#xD;
&#xD;
2019-07-19 13:05:43 - [MESSAGE][PASSED] - Object 'Object Repository/ARMORDashboard/DashboardLabel/RackDetail/button_Apply Period Filter' is visible&#xD;
&#xD;
2019-07-19 13:05:43 - [MESSAGE][PASSED] - Object 'Object Repository/ARMORDashboard/DashboardLabel/RackDetail/button_Apply Period Filter' is present&#xD;
&#xD;
2019-07-19 13:05:43 - [TEST_STEP][PASSED] - else: null&#xD;
&#xD;
2019-07-19 13:05:43 - [TEST_STEP][PASSED] - comment(testObject.toString() + " is ready"): TestObject - 'Object Repository/ARMORDashboard/DashboardLabel/RackDetail/button_Apply Period Filter' is ready&#xD;
&#xD;
2019-07-19 13:05:43 - [MESSAGE][INFO] - TestObject - 'Object Repository/ARMORDashboard/DashboardLabel/RackDetail/button_Apply Period Filter' is ready&#xD;
&#xD;
2019-07-19 13:05:43 - [TEST_STEP][PASSED] - waitForElementPresent(testObject, 20): Object 'Object Repository/ARMORDashboard/DashboardLabel/RackDetail/button_Apply Period Filter' is present&#xD;
&#xD;
2019-07-19 13:05:43 - [MESSAGE][PASSED] - Object 'Object Repository/ARMORDashboard/DashboardLabel/RackDetail/button_Apply Period Filter' is present&#xD;
&#xD;
2019-07-19 13:05:43 - [TEST_STEP][PASSED] - waitForElementVisible(testObject, 20): Object 'Object Repository/ARMORDashboard/DashboardLabel/RackDetail/button_Apply Period Filter' is visible&#xD;
&#xD;
2019-07-19 13:05:43 - [MESSAGE][PASSED] - Object 'Object Repository/ARMORDashboard/DashboardLabel/RackDetail/button_Apply Period Filter' is visible&#xD;
&#xD;
2019-07-19 13:05:43 - [TEST_STEP][PASSED] - waitForElementClickable(testObject, 20): Object 'Object Repository/ARMORDashboard/DashboardLabel/RackDetail/button_Apply Period Filter' is clickable&#xD;
&#xD;
2019-07-19 13:05:43 - [MESSAGE][PASSED] - Object 'Object Repository/ARMORDashboard/DashboardLabel/RackDetail/button_Apply Period Filter' is clickable&#xD;
&#xD;
2019-07-19 13:05:43 - [TEST_STEP][PASSED] - waitForJQueryLoad(10, OPTIONAL): jQuery is ready.&#xD;
&#xD;
2019-07-19 13:05:43 - [MESSAGE][PASSED] - jQuery is ready.&#xD;
&#xD;
2019-07-19 13:05:43 - [TEST_STEP][PASSED] - click(testObject): Object: 'Object Repository/ARMORDashboard/DashboardLabel/RackDetail/button_Apply Period Filter' is clicked on&#xD;
&#xD;
2019-07-19 13:05:43 - [MESSAGE][PASSED] - Object: 'Object Repository/ARMORDashboard/DashboardLabel/RackDetail/button_Apply Period Filter' is clicked on&#xD;
&#xD;
2019-07-19 13:05:43 - [TEST_STEP][PASSED] - break: null&#xD;
&#xD;
2019-07-19 13:05:43 - [TEST_STEP][PASSED] - waitForJQueryLoad(10, OPTIONAL): jQuery is ready.&#xD;
&#xD;
2019-07-19 13:05:44 - [MESSAGE][PASSED] - jQuery is ready.&#xD;
&#xD;
2019-07-19 13:05:44 - [TEST_STEP][PASSED] - delay(1): Delayed 1 second(s)&#xD;
&#xD;
2019-07-19 13:05:44 - [MESSAGE][PASSED] - Delayed 1 second(s)&#xD;
&#xD;
2019-07-19 13:05:44 - [TEST_STEP][PASSED] - selectOptionByValue(findTestObject("Object Repository/ARMORDashboard/DashboardLabel/RackDetail/select_Timestamp Period Filter"), "", true): All options with value '' are selected in object 'Object Repository/ARMORDashboard/DashboardLabel/RackDetail/select_Timestamp Period Filter'  using regular expression&#xD;
&#xD;
2019-07-19 13:05:45 - [MESSAGE][PASSED] - All options with value '' are selected in object 'Object Repository/ARMORDashboard/DashboardLabel/RackDetail/select_Timestamp Period Filter'  using regular expression&#xD;
&#xD;
2019-07-19 13:05:45 - [TEST_STEP][PASSED] - selectOptionByValue(findTestObject("Object Repository/ARMORDashboard/DashboardLabel/RackDetail/select_Severity Filter"), "Info", true): All options with value 'Info' are selected in object 'Object Repository/ARMORDashboard/DashboardLabel/RackDetail/select_Severity Filter'  using regular expression&#xD;
&#xD;
2019-07-19 13:05:46 - [MESSAGE][PASSED] - All options with value 'Info' are selected in object 'Object Repository/ARMORDashboard/DashboardLabel/RackDetail/select_Severity Filter'  using regular expression&#xD;
&#xD;
2019-07-19 13:05:46 - [TEST_STEP][PASSED] - selectOptionByValue(findTestObject("Object Repository/ARMORDashboard/DashboardLabel/RackDetail/select_Severity Filter"), "Warning", true): All options with value 'Warning' are selected in object 'Object Repository/ARMORDashboard/DashboardLabel/RackDetail/select_Severity Filter'  using regular expression&#xD;
&#xD;
2019-07-19 13:05:46 - [MESSAGE][PASSED] - All options with value 'Warning' are selected in object 'Object Repository/ARMORDashboard/DashboardLabel/RackDetail/select_Severity Filter'  using regular expression&#xD;
&#xD;
2019-07-19 13:05:46 - [TEST_STEP][PASSED] - selectOptionByValue(findTestObject("Object Repository/ARMORDashboard/DashboardLabel/RackDetail/select_Severity Filter"), "Critical", true): All options with value 'Critical' are selected in object 'Object Repository/ARMORDashboard/DashboardLabel/RackDetail/select_Severity Filter'  using regular expression&#xD;
&#xD;
2019-07-19 13:05:46 - [MESSAGE][PASSED] - All options with value 'Critical' are selected in object 'Object Repository/ARMORDashboard/DashboardLabel/RackDetail/select_Severity Filter'  using regular expression&#xD;
&#xD;
2019-07-19 13:05:46 - [TEST_STEP][PASSED] - selectOptionByValue(findTestObject("Object Repository/ARMORDashboard/DashboardLabel/RackDetail/select_Severity Filter"), "All", true): All options with value 'All' are selected in object 'Object Repository/ARMORDashboard/DashboardLabel/RackDetail/select_Severity Filter'  using regular expression&#xD;
&#xD;
2019-07-19 13:05:47 - [MESSAGE][PASSED] - All options with value 'All' are selected in object 'Object Repository/ARMORDashboard/DashboardLabel/RackDetail/select_Severity Filter'  using regular expression&#xD;
&#xD;
2019-07-19 13:05:47 - [TEST_STEP][PASSED] - setText(findTestObject("Object Repository/ARMORDashboard/DashboardLabel/RackDetail/input_Search"), "10"): Text '10' is set on object 'Object Repository/ARMORDashboard/DashboardLabel/RackDetail/input_Search'&#xD;
&#xD;
2019-07-19 13:05:47 - [MESSAGE][PASSED] - Text '10' is set on object 'Object Repository/ARMORDashboard/DashboardLabel/RackDetail/input_Search'&#xD;
&#xD;
2019-07-19 13:05:47 - [TEST_STEP][PASSED] - sendKeys(findTestObject("Object Repository/ARMORDashboard/DashboardLabel/RackDetail/input_Search"), Keys.chord(ENTER)): Keys 'ENTER + ' sent to object: 'Object Repository/ARMORDashboard/DashboardLabel/RackDetail/input_Search'&#xD;
&#xD;
2019-07-19 13:05:47 - [MESSAGE][PASSED] - Keys 'ENTER + ' sent to object: 'Object Repository/ARMORDashboard/DashboardLabel/RackDetail/input_Search'&#xD;
&#xD;
2019-07-19 13:05:47 - [TEST_STEP][PASSED] - smartWaitClickableAndClick(findTestObject("Object Repository/ARMORDashboard/DashboardLabel/closeVenusRackWind"), 20): null&#xD;
&#xD;
2019-07-19 13:11:34 - [TEST_STEP][PASSED] - for ([j = 0, j &lt;= waitTime, (j++)]): null&#xD;
&#xD;
2019-07-19 13:11:34 - [TEST_STEP][PASSED] - if (!(verifyElementClickable(testObject, OPTIONAL) &amp;&amp; verifyElementVisible(testObject, OPTIONAL) &amp;&amp; verifyElementPresent(testObject, 5, OPTIONAL))): Object 'Object Repository/ARMORDashboard/DashboardLabel/closeVenusRackWind' is present&#xD;
&#xD;
2019-07-19 13:11:34 - [MESSAGE][PASSED] - Object 'Object Repository/ARMORDashboard/DashboardLabel/closeVenusRackWind' is clickable&#xD;
&#xD;
2019-07-19 13:11:35 - [MESSAGE][PASSED] - Object 'Object Repository/ARMORDashboard/DashboardLabel/closeVenusRackWind' is visible&#xD;
&#xD;
2019-07-19 13:11:35 - [MESSAGE][PASSED] - Object 'Object Repository/ARMORDashboard/DashboardLabel/closeVenusRackWind' is present&#xD;
&#xD;
2019-07-19 13:11:35 - [TEST_STEP][PASSED] - else: null&#xD;
&#xD;
2019-07-19 13:11:35 - [TEST_STEP][PASSED] - comment(testObject.toString() + " is ready"): TestObject - 'Object Repository/ARMORDashboard/DashboardLabel/closeVenusRackWind' is ready&#xD;
&#xD;
2019-07-19 13:11:35 - [MESSAGE][INFO] - TestObject - 'Object Repository/ARMORDashboard/DashboardLabel/closeVenusRackWind' is ready&#xD;
&#xD;
2019-07-19 13:11:35 - [TEST_STEP][PASSED] - waitForElementPresent(testObject, 20): Object 'Object Repository/ARMORDashboard/DashboardLabel/closeVenusRackWind' is present&#xD;
&#xD;
2019-07-19 13:11:35 - [MESSAGE][PASSED] - Object 'Object Repository/ARMORDashboard/DashboardLabel/closeVenusRackWind' is present&#xD;
&#xD;
2019-07-19 13:11:35 - [TEST_STEP][PASSED] - waitForElementVisible(testObject, 20): Object 'Object Repository/ARMORDashboard/DashboardLabel/closeVenusRackWind' is visible&#xD;
&#xD;
2019-07-19 13:11:35 - [MESSAGE][PASSED] - Object 'Object Repository/ARMORDashboard/DashboardLabel/closeVenusRackWind' is visible&#xD;
&#xD;
2019-07-19 13:11:35 - [TEST_STEP][PASSED] - waitForElementClickable(testObject, 20): Object 'Object Repository/ARMORDashboard/DashboardLabel/closeVenusRackWind' is clickable&#xD;
&#xD;
2019-07-19 13:11:35 - [MESSAGE][PASSED] - Object 'Object Repository/ARMORDashboard/DashboardLabel/closeVenusRackWind' is clickable&#xD;
&#xD;
2019-07-19 13:11:35 - [TEST_STEP][PASSED] - waitForJQueryLoad(10, OPTIONAL): jQuery is ready.&#xD;
&#xD;
2019-07-19 13:11:35 - [MESSAGE][PASSED] - jQuery is ready.&#xD;
&#xD;
2019-07-19 13:11:35 - [TEST_STEP][PASSED] - click(testObject): Object: 'Object Repository/ARMORDashboard/DashboardLabel/closeVenusRackWind' is clicked on&#xD;
&#xD;
2019-07-19 13:11:35 - [MESSAGE][PASSED] - Object: 'Object Repository/ARMORDashboard/DashboardLabel/closeVenusRackWind' is clicked on&#xD;
&#xD;
2019-07-19 13:11:35 - [TEST_STEP][PASSED] - break: null&#xD;
&#xD;
2019-07-19 13:11:35 - [TEST_STEP][PASSED] - clickOffset(findTestObject("Object Repository/ARMORDashboard/DashboardLabel/canvas_"), 195, 10): Object: 'Object Repository/ARMORDashboard/DashboardLabel/canvas_' is clicked on using offset x=195 and y=10&#xD;
&#xD;
2019-07-19 13:11:35 - [MESSAGE][PASSED] - Object: 'Object Repository/ARMORDashboard/DashboardLabel/canvas_' is clicked on using offset x=195 and y=10&#xD;
&#xD;
2019-07-19 13:11:35 - [TEST_STEP][PASSED] - smartWaitClickableAndClick(findTestObject("Object Repository/ARMORDashboard/DashboardLabel/RackDetail/Sensor"), 20): null&#xD;
&#xD;
2019-07-19 13:11:35 - [TEST_STEP][FAILED] - for ([j = 0, j &lt;= waitTime, (j++)]): null&#xD;
&#xD;
2019-07-19 13:11:35 - [TEST_STEP][PASSED] - if (!(verifyElementClickable(testObject, OPTIONAL) &amp;&amp; verifyElementVisible(testObject, OPTIONAL) &amp;&amp; verifyElementPresent(testObject, 5, OPTIONAL))): Delayed 1 second(s)&#xD;
&#xD;
2019-07-19 13:11:35 - [MESSAGE][PASSED] - Object 'Object Repository/ARMORDashboard/DashboardLabel/RackDetail/Sensor' is clickable&#xD;
&#xD;
2019-07-19 13:11:36 - [MESSAGE][WARNING] - Object 'Object Repository/ARMORDashboard/DashboardLabel/RackDetail/Sensor' is NOT visible (Root cause: com.kms.katalon.core.exception.StepFailedException: Object 'Object Repository/ARMORDashboard/DashboardLabel/RackDetail/Sensor' is NOT visible&#xD;
	at com.kms.katalon.core.webui.keyword.internal.WebUIKeywordMain.stepFailed(WebUIKeywordMain.groovy:64)&#xD;
	at com.kms.katalon.core.webui.keyword.builtin.VerifyElementVisibleKeyword$_verifyElementVisible_closure1.doCall(VerifyElementVisibleKeyword.groovy:83)&#xD;
	at com.kms.katalon.core.webui.keyword.builtin.VerifyElementVisibleKeyword$_verifyElementVisible_closure1.call(VerifyElementVisibleKeyword.groovy)&#xD;
	at com.kms.katalon.core.webui.keyword.internal.WebUIKeywordMain.runKeyword(WebUIKeywordMain.groovy:20)&#xD;
	at com.kms.katalon.core.webui.keyword.builtin.VerifyElementVisibleKeyword.verifyElementVisible(VerifyElementVisibleKeyword.groovy:97)&#xD;
	at com.kms.katalon.core.webui.keyword.builtin.VerifyElementVisibleKeyword.execute(VerifyElementVisibleKeyword.groovy:67)&#xD;
	at com.kms.katalon.core.keyword.internal.KeywordExecutor.executeKeywordForPlatform(KeywordExecutor.groovy:56)&#xD;
	at com.kms.katalon.core.webui.keyword.WebUiBuiltInKeywords.verifyElementVisible(WebUiBuiltInKeywords.groovy:358)&#xD;
	at com.kms.katalon.core.webui.keyword.WebUiBuiltInKeywords$verifyElementVisible$5.call(Unknown Source)&#xD;
	at ARMORDashboard.smartWaitClickableAndClick(ARMORDashboard:356)&#xD;
	at Script1562915977383$smartWaitClickableAndClick.callCurrent(Unknown Source)&#xD;
	at ARMORDashboard.run(ARMORDashboard:245)&#xD;
	at com.kms.katalon.core.main.ScriptEngine.run(ScriptEngine.java:194)&#xD;
	at com.kms.katalon.core.main.ScriptEngine.runScriptAsRawText(ScriptEngine.java:119)&#xD;
	at com.kms.katalon.core.main.TestCaseExecutor.runScript(TestCaseExecutor.java:337)&#xD;
	at com.kms.katalon.core.main.TestCaseExecutor.doExecute(TestCaseExecutor.java:328)&#xD;
	at com.kms.katalon.core.main.TestCaseExecutor.processExecutionPhase(TestCaseExecutor.java:307)&#xD;
	at com.kms.katalon.core.main.TestCaseExecutor.accessMainPhase(TestCaseExecutor.java:299)&#xD;
	at com.kms.katalon.core.main.TestCaseExecutor.execute(TestCaseExecutor.java:233)&#xD;
	at com.kms.katalon.core.main.TestSuiteExecutor.accessTestCaseMainPhase(TestSuiteExecutor.java:133)&#xD;
	at com.kms.katalon.core.main.TestSuiteExecutor.accessTestSuiteMainPhase(TestSuiteExecutor.java:116)&#xD;
	at com.kms.katalon.core.main.TestSuiteExecutor.execute(TestSuiteExecutor.java:83)&#xD;
	at com.kms.katalon.core.main.TestCaseMain.startTestSuite(TestCaseMain.java:157)&#xD;
	at com.kms.katalon.core.main.TestCaseMain$startTestSuite$0.call(Unknown Source)&#xD;
	at TempTestSuite1563512592090.run(TempTestSuite1563512592090.groovy:35)&#xD;
)&#xD;
[[ATTACHMENT|C:\\final_merge\\Reports\\list_dashboard\\20190719_130311\\1563513095662.png]]&#xD;
&#xD;
2019-07-19 13:11:36 - [TEST_STEP][PASSED] - scrollToElement(testObject, 5): Scroll to object 'Object Repository/ARMORDashboard/DashboardLabel/RackDetail/Sensor' successfully&#xD;
&#xD;
2019-07-19 13:11:37 - [MESSAGE][PASSED] - Scroll to object 'Object Repository/ARMORDashboard/DashboardLabel/RackDetail/Sensor' successfully&#xD;
&#xD;
2019-07-19 13:11:37 - [TEST_STEP][PASSED] - comment("Element " + testObject.toString() + " is not ready."): Element TestObject - 'Object Repository/ARMORDashboard/DashboardLabel/RackDetail/Sensor' is not ready.&#xD;
&#xD;
2019-07-19 13:11:37 - [MESSAGE][INFO] - Element TestObject - 'Object Repository/ARMORDashboard/DashboardLabel/RackDetail/Sensor' is not ready.&#xD;
&#xD;
2019-07-19 13:11:37 - [TEST_STEP][PASSED] - delay(1): Delayed 1 second(s)&#xD;
&#xD;
2019-07-19 13:11:37 - [MESSAGE][PASSED] - Delayed 1 second(s)&#xD;
&#xD;
2019-07-19 13:11:37 - [TEST_STEP][PASSED] - if (j == waitTime): null&#xD;
&#xD;
2019-07-19 13:11:37 - [TEST_STEP][PASSED] - if (!(verifyElementClickable(testObject, OPTIONAL) &amp;&amp; verifyElementVisible(testObject, OPTIONAL) &amp;&amp; verifyElementPresent(testObject, 5, OPTIONAL))): Delayed 1 second(s)&#xD;
&#xD;
2019-07-19 13:11:37 - [MESSAGE][PASSED] - Object 'Object Repository/ARMORDashboard/DashboardLabel/RackDetail/Sensor' is clickable&#xD;
&#xD;
2019-07-19 13:11:38 - [MESSAGE][WARNING] - Object 'Object Repository/ARMORDashboard/DashboardLabel/RackDetail/Sensor' is NOT visible (Root cause: com.kms.katalon.core.exception.StepFailedException: Object 'Object Repository/ARMORDashboard/DashboardLabel/RackDetail/Sensor' is NOT visible&#xD;
	at com.kms.katalon.core.webui.keyword.internal.WebUIKeywordMain.stepFailed(WebUIKeywordMain.groovy:64)&#xD;
	at com.kms.katalon.core.webui.keyword.builtin.VerifyElementVisibleKeyword$_verifyElementVisible_closure1.doCall(VerifyElementVisibleKeyword.groovy:83)&#xD;
	at com.kms.katalon.core.webui.keyword.builtin.VerifyElementVisibleKeyword$_verifyElementVisible_closure1.call(VerifyElementVisibleKeyword.groovy)&#xD;
	at com.kms.katalon.core.webui.keyword.internal.WebUIKeywordMain.runKeyword(WebUIKeywordMain.groovy:20)&#xD;
	at com.kms.katalon.core.webui.keyword.builtin.VerifyElementVisibleKeyword.verifyElementVisible(VerifyElementVisibleKeyword.groovy:97)&#xD;
	at com.kms.katalon.core.webui.keyword.builtin.VerifyElementVisibleKeyword.execute(VerifyElementVisibleKeyword.groovy:67)&#xD;
	at com.kms.katalon.core.keyword.internal.KeywordExecutor.executeKeywordForPlatform(KeywordExecutor.groovy:56)&#xD;
	at com.kms.katalon.core.webui.keyword.WebUiBuiltInKeywords.verifyElementVisible(WebUiBuiltInKeywords.groovy:358)&#xD;
	at com.kms.katalon.core.webui.keyword.WebUiBuiltInKeywords$verifyElementVisible$5.call(Unknown Source)&#xD;
	at ARMORDashboard.smartWaitClickableAndClick(ARMORDashboard:356)&#xD;
	at Script1562915977383$smartWaitClickableAndClick.callCurrent(Unknown Source)&#xD;
	at ARMORDashboard.run(ARMORDashboard:245)&#xD;
	at com.kms.katalon.core.main.ScriptEngine.run(ScriptEngine.java:194)&#xD;
	at com.kms.katalon.core.main.ScriptEngine.runScriptAsRawText(ScriptEngine.java:119)&#xD;
	at com.kms.katalon.core.main.TestCaseExecutor.runScript(TestCaseExecutor.java:337)&#xD;
	at com.kms.katalon.core.main.TestCaseExecutor.doExecute(TestCaseExecutor.java:328)&#xD;
	at com.kms.katalon.core.main.TestCaseExecutor.processExecutionPhase(TestCaseExecutor.java:307)&#xD;
	at com.kms.katalon.core.main.TestCaseExecutor.accessMainPhase(TestCaseExecutor.java:299)&#xD;
	at com.kms.katalon.core.main.TestCaseExecutor.execute(TestCaseExecutor.java:233)&#xD;
	at com.kms.katalon.core.main.TestSuiteExecutor.accessTestCaseMainPhase(TestSuiteExecutor.java:133)&#xD;
	at com.kms.katalon.core.main.TestSuiteExecutor.accessTestSuiteMainPhase(TestSuiteExecutor.java:116)&#xD;
	at com.kms.katalon.core.main.TestSuiteExecutor.execute(TestSuiteExecutor.java:83)&#xD;
	at com.kms.katalon.core.main.TestCaseMain.startTestSuite(TestCaseMain.java:157)&#xD;
	at com.kms.katalon.core.main.TestCaseMain$startTestSuite$0.call(Unknown Source)&#xD;
	at TempTestSuite1563512592090.run(TempTestSuite1563512592090.groovy:35)&#xD;
)&#xD;
[[ATTACHMENT|C:\\final_merge\\Reports\\list_dashboard\\20190719_130311\\1563513098005.png]]&#xD;
&#xD;
2019-07-19 13:11:38 - [TEST_STEP][PASSED] - scrollToElement(testObject, 5): Scroll to object 'Object Repository/ARMORDashboard/DashboardLabel/RackDetail/Sensor' successfully&#xD;
&#xD;
2019-07-19 13:11:38 - [MESSAGE][PASSED] - Scroll to object 'Object Repository/ARMORDashboard/DashboardLabel/RackDetail/Sensor' successfully&#xD;
&#xD;
2019-07-19 13:11:38 - [TEST_STEP][PASSED] - comment("Element " + testObject.toString() + " is not ready."): Element TestObject - 'Object Repository/ARMORDashboard/DashboardLabel/RackDetail/Sensor' is not ready.&#xD;
&#xD;
2019-07-19 13:11:38 - [MESSAGE][INFO] - Element TestObject - 'Object Repository/ARMORDashboard/DashboardLabel/RackDetail/Sensor' is not ready.&#xD;
&#xD;
2019-07-19 13:11:38 - [TEST_STEP][PASSED] - delay(1): Delayed 1 second(s)&#xD;
&#xD;
2019-07-19 13:11:39 - [MESSAGE][PASSED] - Delayed 1 second(s)&#xD;
&#xD;
2019-07-19 13:11:39 - [TEST_STEP][PASSED] - if (j == waitTime): null&#xD;
&#xD;
2019-07-19 13:11:39 - [TEST_STEP][PASSED] - if (!(verifyElementClickable(testObject, OPTIONAL) &amp;&amp; verifyElementVisible(testObject, OPTIONAL) &amp;&amp; verifyElementPresent(testObject, 5, OPTIONAL))): Delayed 1 second(s)&#xD;
&#xD;
2019-07-19 13:11:39 - [MESSAGE][PASSED] - Object 'Object Repository/ARMORDashboard/DashboardLabel/RackDetail/Sensor' is clickable&#xD;
&#xD;
2019-07-19 13:11:40 - [MESSAGE][WARNING] - Object 'Object Repository/ARMORDashboard/DashboardLabel/RackDetail/Sensor' is NOT visible (Root cause: com.kms.katalon.core.exception.StepFailedException: Object 'Object Repository/ARMORDashboard/DashboardLabel/RackDetail/Sensor' is NOT visible&#xD;
	at com.kms.katalon.core.webui.keyword.internal.WebUIKeywordMain.stepFailed(WebUIKeywordMain.groovy:64)&#xD;
	at com.kms.katalon.core.webui.keyword.builtin.VerifyElementVisibleKeyword$_verifyElementVisible_closure1.doCall(VerifyElementVisibleKeyword.groovy:83)&#xD;
	at com.kms.katalon.core.webui.keyword.builtin.VerifyElementVisibleKeyword$_verifyElementVisible_closure1.call(VerifyElementVisibleKeyword.groovy)&#xD;
	at com.kms.katalon.core.webui.keyword.internal.WebUIKeywordMain.runKeyword(WebUIKeywordMain.groovy:20)&#xD;
	at com.kms.katalon.core.webui.keyword.builtin.VerifyElementVisibleKeyword.verifyElementVisible(VerifyElementVisibleKeyword.groovy:97)&#xD;
	at com.kms.katalon.core.webui.keyword.builtin.VerifyElementVisibleKeyword.execute(VerifyElementVisibleKeyword.groovy:67)&#xD;
	at com.kms.katalon.core.keyword.internal.KeywordExecutor.executeKeywordForPlatform(KeywordExecutor.groovy:56)&#xD;
	at com.kms.katalon.core.webui.keyword.WebUiBuiltInKeywords.verifyElementVisible(WebUiBuiltInKeywords.groovy:358)&#xD;
	at com.kms.katalon.core.webui.keyword.WebUiBuiltInKeywords$verifyElementVisible$5.call(Unknown Source)&#xD;
	at ARMORDashboard.smartWaitClickableAndClick(ARMORDashboard:356)&#xD;
	at Script1562915977383$smartWaitClickableAndClick.callCurrent(Unknown Source)&#xD;
	at ARMORDashboard.run(ARMORDashboard:245)&#xD;
	at com.kms.katalon.core.main.ScriptEngine.run(ScriptEngine.java:194)&#xD;
	at com.kms.katalon.core.main.ScriptEngine.runScriptAsRawText(ScriptEngine.java:119)&#xD;
	at com.kms.katalon.core.main.TestCaseExecutor.runScript(TestCaseExecutor.java:337)&#xD;
	at com.kms.katalon.core.main.TestCaseExecutor.doExecute(TestCaseExecutor.java:328)&#xD;
	at com.kms.katalon.core.main.TestCaseExecutor.processExecutionPhase(TestCaseExecutor.java:307)&#xD;
	at com.kms.katalon.core.main.TestCaseExecutor.accessMainPhase(TestCaseExecutor.java:299)&#xD;
	at com.kms.katalon.core.main.TestCaseExecutor.execute(TestCaseExecutor.java:233)&#xD;
	at com.kms.katalon.core.main.TestSuiteExecutor.accessTestCaseMainPhase(TestSuiteExecutor.java:133)&#xD;
	at com.kms.katalon.core.main.TestSuiteExecutor.accessTestSuiteMainPhase(TestSuiteExecutor.java:116)&#xD;
	at com.kms.katalon.core.main.TestSuiteExecutor.execute(TestSuiteExecutor.java:83)&#xD;
	at com.kms.katalon.core.main.TestCaseMain.startTestSuite(TestCaseMain.java:157)&#xD;
	at com.kms.katalon.core.main.TestCaseMain$startTestSuite$0.call(Unknown Source)&#xD;
	at TempTestSuite1563512592090.run(TempTestSuite1563512592090.groovy:35)&#xD;
)&#xD;
[[ATTACHMENT|C:\\final_merge\\Reports\\list_dashboard\\20190719_130311\\1563513099561.png]]&#xD;
&#xD;
2019-07-19 13:11:40 - [TEST_STEP][PASSED] - scrollToElement(testObject, 5): Scroll to object 'Object Repository/ARMORDashboard/DashboardLabel/RackDetail/Sensor' successfully&#xD;
&#xD;
2019-07-19 13:11:40 - [MESSAGE][PASSED] - Scroll to object 'Object Repository/ARMORDashboard/DashboardLabel/RackDetail/Sensor' successfully&#xD;
&#xD;
2019-07-19 13:11:40 - [TEST_STEP][PASSED] - comment("Element " + testObject.toString() + " is not ready."): Element TestObject - 'Object Repository/ARMORDashboard/DashboardLabel/RackDetail/Sensor' is not ready.&#xD;
&#xD;
2019-07-19 13:11:40 - [MESSAGE][INFO] - Element TestObject - 'Object Repository/ARMORDashboard/DashboardLabel/RackDetail/Sensor' is not ready.&#xD;
&#xD;
2019-07-19 13:11:40 - [TEST_STEP][PASSED] - delay(1): Delayed 1 second(s)&#xD;
&#xD;
2019-07-19 13:11:41 - [MESSAGE][PASSED] - Delayed 1 second(s)&#xD;
&#xD;
2019-07-19 13:11:41 - [TEST_STEP][PASSED] - if (j == waitTime): null&#xD;
&#xD;
2019-07-19 13:11:41 - [TEST_STEP][PASSED] - if (!(verifyElementClickable(testObject, OPTIONAL) &amp;&amp; verifyElementVisible(testObject, OPTIONAL) &amp;&amp; verifyElementPresent(testObject, 5, OPTIONAL))): Delayed 1 second(s)&#xD;
&#xD;
2019-07-19 13:11:41 - [MESSAGE][PASSED] - Object 'Object Repository/ARMORDashboard/DashboardLabel/RackDetail/Sensor' is clickable&#xD;
&#xD;
2019-07-19 13:11:41 - [MESSAGE][WARNING] - Object 'Object Repository/ARMORDashboard/DashboardLabel/RackDetail/Sensor' is NOT visible (Root cause: com.kms.katalon.core.exception.StepFailedException: Object 'Object Repository/ARMORDashboard/DashboardLabel/RackDetail/Sensor' is NOT visible&#xD;
	at com.kms.katalon.core.webui.keyword.internal.WebUIKeywordMain.stepFailed(WebUIKeywordMain.groovy:64)&#xD;
	at com.kms.katalon.core.webui.keyword.builtin.VerifyElementVisibleKeyword$_verifyElementVisible_closure1.doCall(VerifyElementVisibleKeyword.groovy:83)&#xD;
	at com.kms.katalon.core.webui.keyword.builtin.VerifyElementVisibleKeyword$_verifyElementVisible_closure1.call(VerifyElementVisibleKeyword.groovy)&#xD;
	at com.kms.katalon.core.webui.keyword.internal.WebUIKeywordMain.runKeyword(WebUIKeywordMain.groovy:20)&#xD;
	at com.kms.katalon.core.webui.keyword.builtin.VerifyElementVisibleKeyword.verifyElementVisible(VerifyElementVisibleKeyword.groovy:97)&#xD;
	at com.kms.katalon.core.webui.keyword.builtin.VerifyElementVisibleKeyword.execute(VerifyElementVisibleKeyword.groovy:67)&#xD;
	at com.kms.katalon.core.keyword.internal.KeywordExecutor.executeKeywordForPlatform(KeywordExecutor.groovy:56)&#xD;
	at com.kms.katalon.core.webui.keyword.WebUiBuiltInKeywords.verifyElementVisible(WebUiBuiltInKeywords.groovy:358)&#xD;
	at com.kms.katalon.core.webui.keyword.WebUiBuiltInKeywords$verifyElementVisible$5.call(Unknown Source)&#xD;
	at ARMORDashboard.smartWaitClickableAndClick(ARMORDashboard:356)&#xD;
	at Script1562915977383$smartWaitClickableAndClick.callCurrent(Unknown Source)&#xD;
	at ARMORDashboard.run(ARMORDashboard:245)&#xD;
	at com.kms.katalon.core.main.ScriptEngine.run(ScriptEngine.java:194)&#xD;
	at com.kms.katalon.core.main.ScriptEngine.runScriptAsRawText(ScriptEngine.java:119)&#xD;
	at com.kms.katalon.core.main.TestCaseExecutor.runScript(TestCaseExecutor.java:337)&#xD;
	at com.kms.katalon.core.main.TestCaseExecutor.doExecute(TestCaseExecutor.java:328)&#xD;
	at com.kms.katalon.core.main.TestCaseExecutor.processExecutionPhase(TestCaseExecutor.java:307)&#xD;
	at com.kms.katalon.core.main.TestCaseExecutor.accessMainPhase(TestCaseExecutor.java:299)&#xD;
	at com.kms.katalon.core.main.TestCaseExecutor.execute(TestCaseExecutor.java:233)&#xD;
	at com.kms.katalon.core.main.TestSuiteExecutor.accessTestCaseMainPhase(TestSuiteExecutor.java:133)&#xD;
	at com.kms.katalon.core.main.TestSuiteExecutor.accessTestSuiteMainPhase(TestSuiteExecutor.java:116)&#xD;
	at com.kms.katalon.core.main.TestSuiteExecutor.execute(TestSuiteExecutor.java:83)&#xD;
	at com.kms.katalon.core.main.TestCaseMain.startTestSuite(TestCaseMain.java:157)&#xD;
	at com.kms.katalon.core.main.TestCaseMain$startTestSuite$0.call(Unknown Source)&#xD;
	at TempTestSuite1563512592090.run(TempTestSuite1563512592090.groovy:35)&#xD;
)&#xD;
[[ATTACHMENT|C:\\final_merge\\Reports\\list_dashboard\\20190719_130311\\1563513101146.png]]&#xD;
&#xD;
2019-07-19 13:11:41 - [TEST_STEP][PASSED] - scrollToElement(testObject, 5): Scroll to object 'Object Repository/ARMORDashboard/DashboardLabel/RackDetail/Sensor' successfully&#xD;
&#xD;
2019-07-19 13:11:41 - [MESSAGE][PASSED] - Scroll to object 'Object Repository/ARMORDashboard/DashboardLabel/RackDetail/Sensor' successfully&#xD;
&#xD;
2019-07-19 13:11:41 - [TEST_STEP][PASSED] - comment("Element " + testObject.toString() + " is not ready."): Element TestObject - 'Object Repository/ARMORDashboard/DashboardLabel/RackDetail/Sensor' is not ready.&#xD;
&#xD;
2019-07-19 13:11:41 - [MESSAGE][INFO] - Element TestObject - 'Object Repository/ARMORDashboard/DashboardLabel/RackDetail/Sensor' is not ready.&#xD;
&#xD;
2019-07-19 13:11:41 - [TEST_STEP][PASSED] - delay(1): Delayed 1 second(s)&#xD;
&#xD;
2019-07-19 13:11:42 - [MESSAGE][PASSED] - Delayed 1 second(s)&#xD;
&#xD;
2019-07-19 13:11:42 - [TEST_STEP][PASSED] - if (j == waitTime): null&#xD;
&#xD;
2019-07-19 13:11:42 - [TEST_STEP][PASSED] - if (!(verifyElementClickable(testObject, OPTIONAL) &amp;&amp; verifyElementVisible(testObject, OPTIONAL) &amp;&amp; verifyElementPresent(testObject, 5, OPTIONAL))): Delayed 1 second(s)&#xD;
&#xD;
2019-07-19 13:11:42 - [MESSAGE][PASSED] - Object 'Object Repository/ARMORDashboard/DashboardLabel/RackDetail/Sensor' is clickable&#xD;
&#xD;
2019-07-19 13:11:43 - [MESSAGE][WARNING] - Object 'Object Repository/ARMORDashboard/DashboardLabel/RackDetail/Sensor' is NOT visible (Root cause: com.kms.katalon.core.exception.StepFailedException: Object 'Object Repository/ARMORDashboard/DashboardLabel/RackDetail/Sensor' is NOT visible&#xD;
	at com.kms.katalon.core.webui.keyword.internal.WebUIKeywordMain.stepFailed(WebUIKeywordMain.groovy:64)&#xD;
	at com.kms.katalon.core.webui.keyword.builtin.VerifyElementVisibleKeyword$_verifyElementVisible_closure1.doCall(VerifyElementVisibleKeyword.groovy:83)&#xD;
	at com.kms.katalon.core.webui.keyword.builtin.VerifyElementVisibleKeyword$_verifyElementVisible_closure1.call(VerifyElementVisibleKeyword.groovy)&#xD;
	at com.kms.katalon.core.webui.keyword.internal.WebUIKeywordMain.runKeyword(WebUIKeywordMain.groovy:20)&#xD;
	at com.kms.katalon.core.webui.keyword.builtin.VerifyElementVisibleKeyword.verifyElementVisible(VerifyElementVisibleKeyword.groovy:97)&#xD;
	at com.kms.katalon.core.webui.keyword.builtin.VerifyElementVisibleKeyword.execute(VerifyElementVisibleKeyword.groovy:67)&#xD;
	at com.kms.katalon.core.keyword.internal.KeywordExecutor.executeKeywordForPlatform(KeywordExecutor.groovy:56)&#xD;
	at com.kms.katalon.core.webui.keyword.WebUiBuiltInKeywords.verifyElementVisible(WebUiBuiltInKeywords.groovy:358)&#xD;
	at com.kms.katalon.core.webui.keyword.WebUiBuiltInKeywords$verifyElementVisible$5.call(Unknown Source)&#xD;
	at ARMORDashboard.smartWaitClickableAndClick(ARMORDashboard:356)&#xD;
	at Script1562915977383$smartWaitClickableAndClick.callCurrent(Unknown Source)&#xD;
	at ARMORDashboard.run(ARMORDashboard:245)&#xD;
	at com.kms.katalon.core.main.ScriptEngine.run(ScriptEngine.java:194)&#xD;
	at com.kms.katalon.core.main.ScriptEngine.runScriptAsRawText(ScriptEngine.java:119)&#xD;
	at com.kms.katalon.core.main.TestCaseExecutor.runScript(TestCaseExecutor.java:337)&#xD;
	at com.kms.katalon.core.main.TestCaseExecutor.doExecute(TestCaseExecutor.java:328)&#xD;
	at com.kms.katalon.core.main.TestCaseExecutor.processExecutionPhase(TestCaseExecutor.java:307)&#xD;
	at com.kms.katalon.core.main.TestCaseExecutor.accessMainPhase(TestCaseExecutor.java:299)&#xD;
	at com.kms.katalon.core.main.TestCaseExecutor.execute(TestCaseExecutor.java:233)&#xD;
	at com.kms.katalon.core.main.TestSuiteExecutor.accessTestCaseMainPhase(TestSuiteExecutor.java:133)&#xD;
	at com.kms.katalon.core.main.TestSuiteExecutor.accessTestSuiteMainPhase(TestSuiteExecutor.java:116)&#xD;
	at com.kms.katalon.core.main.TestSuiteExecutor.execute(TestSuiteExecutor.java:83)&#xD;
	at com.kms.katalon.core.main.TestCaseMain.startTestSuite(TestCaseMain.java:157)&#xD;
	at com.kms.katalon.core.main.TestCaseMain$startTestSuite$0.call(Unknown Source)&#xD;
	at TempTestSuite1563512592090.run(TempTestSuite1563512592090.groovy:35)&#xD;
)&#xD;
[[ATTACHMENT|C:\\final_merge\\Reports\\list_dashboard\\20190719_130311\\1563513102847.png]]&#xD;
&#xD;
2019-07-19 13:11:43 - [TEST_STEP][PASSED] - scrollToElement(testObject, 5): Scroll to object 'Object Repository/ARMORDashboard/DashboardLabel/RackDetail/Sensor' successfully&#xD;
&#xD;
2019-07-19 13:11:43 - [MESSAGE][PASSED] - Scroll to object 'Object Repository/ARMORDashboard/DashboardLabel/RackDetail/Sensor' successfully&#xD;
&#xD;
2019-07-19 13:11:43 - [TEST_STEP][PASSED] - comment("Element " + testObject.toString() + " is not ready."): Element TestObject - 'Object Repository/ARMORDashboard/DashboardLabel/RackDetail/Sensor' is not ready.&#xD;
&#xD;
2019-07-19 13:11:43 - [MESSAGE][INFO] - Element TestObject - 'Object Repository/ARMORDashboard/DashboardLabel/RackDetail/Sensor' is not ready.&#xD;
&#xD;
2019-07-19 13:11:43 - [TEST_STEP][PASSED] - delay(1): Delayed 1 second(s)&#xD;
&#xD;
2019-07-19 13:11:44 - [MESSAGE][PASSED] - Delayed 1 second(s)&#xD;
&#xD;
2019-07-19 13:11:44 - [TEST_STEP][PASSED] - if (j == waitTime): null&#xD;
&#xD;
2019-07-19 13:11:44 - [TEST_STEP][PASSED] - if (!(verifyElementClickable(testObject, OPTIONAL) &amp;&amp; verifyElementVisible(testObject, OPTIONAL) &amp;&amp; verifyElementPresent(testObject, 5, OPTIONAL))): Delayed 1 second(s)&#xD;
&#xD;
2019-07-19 13:11:44 - [MESSAGE][PASSED] - Object 'Object Repository/ARMORDashboard/DashboardLabel/RackDetail/Sensor' is clickable&#xD;
&#xD;
2019-07-19 13:11:45 - [MESSAGE][WARNING] - Object 'Object Repository/ARMORDashboard/DashboardLabel/RackDetail/Sensor' is NOT visible (Root cause: com.kms.katalon.core.exception.StepFailedException: Object 'Object Repository/ARMORDashboard/DashboardLabel/RackDetail/Sensor' is NOT visible&#xD;
	at com.kms.katalon.core.webui.keyword.internal.WebUIKeywordMain.stepFailed(WebUIKeywordMain.groovy:64)&#xD;
	at com.kms.katalon.core.webui.keyword.builtin.VerifyElementVisibleKeyword$_verifyElementVisible_closure1.doCall(VerifyElementVisibleKeyword.groovy:83)&#xD;
	at com.kms.katalon.core.webui.keyword.builtin.VerifyElementVisibleKeyword$_verifyElementVisible_closure1.call(VerifyElementVisibleKeyword.groovy)&#xD;
	at com.kms.katalon.core.webui.keyword.internal.WebUIKeywordMain.runKeyword(WebUIKeywordMain.groovy:20)&#xD;
	at com.kms.katalon.core.webui.keyword.builtin.VerifyElementVisibleKeyword.verifyElementVisible(VerifyElementVisibleKeyword.groovy:97)&#xD;
	at com.kms.katalon.core.webui.keyword.builtin.VerifyElementVisibleKeyword.execute(VerifyElementVisibleKeyword.groovy:67)&#xD;
	at com.kms.katalon.core.keyword.internal.KeywordExecutor.executeKeywordForPlatform(KeywordExecutor.groovy:56)&#xD;
	at com.kms.katalon.core.webui.keyword.WebUiBuiltInKeywords.verifyElementVisible(WebUiBuiltInKeywords.groovy:358)&#xD;
	at com.kms.katalon.core.webui.keyword.WebUiBuiltInKeywords$verifyElementVisible$5.call(Unknown Source)&#xD;
	at ARMORDashboard.smartWaitClickableAndClick(ARMORDashboard:356)&#xD;
	at Script1562915977383$smartWaitClickableAndClick.callCurrent(Unknown Source)&#xD;
	at ARMORDashboard.run(ARMORDashboard:245)&#xD;
	at com.kms.katalon.core.main.ScriptEngine.run(ScriptEngine.java:194)&#xD;
	at com.kms.katalon.core.main.ScriptEngine.runScriptAsRawText(ScriptEngine.java:119)&#xD;
	at com.kms.katalon.core.main.TestCaseExecutor.runScript(TestCaseExecutor.java:337)&#xD;
	at com.kms.katalon.core.main.TestCaseExecutor.doExecute(TestCaseExecutor.java:328)&#xD;
	at com.kms.katalon.core.main.TestCaseExecutor.processExecutionPhase(TestCaseExecutor.java:307)&#xD;
	at com.kms.katalon.core.main.TestCaseExecutor.accessMainPhase(TestCaseExecutor.java:299)&#xD;
	at com.kms.katalon.core.main.TestCaseExecutor.execute(TestCaseExecutor.java:233)&#xD;
	at com.kms.katalon.core.main.TestSuiteExecutor.accessTestCaseMainPhase(TestSuiteExecutor.java:133)&#xD;
	at com.kms.katalon.core.main.TestSuiteExecutor.accessTestSuiteMainPhase(TestSuiteExecutor.java:116)&#xD;
	at com.kms.katalon.core.main.TestSuiteExecutor.execute(TestSuiteExecutor.java:83)&#xD;
	at com.kms.katalon.core.main.TestCaseMain.startTestSuite(TestCaseMain.java:157)&#xD;
	at com.kms.katalon.core.main.TestCaseMain$startTestSuite$0.call(Unknown Source)&#xD;
	at TempTestSuite1563512592090.run(TempTestSuite1563512592090.groovy:35)&#xD;
)&#xD;
[[ATTACHMENT|C:\\final_merge\\Reports\\list_dashboard\\20190719_130311\\1563513104525.png]]&#xD;
&#xD;
2019-07-19 13:11:45 - [TEST_STEP][PASSED] - scrollToElement(testObject, 5): Scroll to object 'Object Repository/ARMORDashboard/DashboardLabel/RackDetail/Sensor' successfully&#xD;
&#xD;
2019-07-19 13:11:45 - [MESSAGE][PASSED] - Scroll to object 'Object Repository/ARMORDashboard/DashboardLabel/RackDetail/Sensor' successfully&#xD;
&#xD;
2019-07-19 13:11:45 - [TEST_STEP][PASSED] - comment("Element " + testObject.toString() + " is not ready."): Element TestObject - 'Object Repository/ARMORDashboard/DashboardLabel/RackDetail/Sensor' is not ready.&#xD;
&#xD;
2019-07-19 13:11:45 - [MESSAGE][INFO] - Element TestObject - 'Object Repository/ARMORDashboard/DashboardLabel/RackDetail/Sensor' is not ready.&#xD;
&#xD;
2019-07-19 13:11:45 - [TEST_STEP][PASSED] - delay(1): Delayed 1 second(s)&#xD;
&#xD;
2019-07-19 13:11:46 - [MESSAGE][PASSED] - Delayed 1 second(s)&#xD;
&#xD;
2019-07-19 13:11:46 - [TEST_STEP][PASSED] - if (j == waitTime): null&#xD;
&#xD;
2019-07-19 13:11:46 - [TEST_STEP][PASSED] - if (!(verifyElementClickable(testObject, OPTIONAL) &amp;&amp; verifyElementVisible(testObject, OPTIONAL) &amp;&amp; verifyElementPresent(testObject, 5, OPTIONAL))): Delayed 1 second(s)&#xD;
&#xD;
2019-07-19 13:11:46 - [MESSAGE][PASSED] - Object 'Object Repository/ARMORDashboard/DashboardLabel/RackDetail/Sensor' is clickable&#xD;
&#xD;
2019-07-19 13:11:46 - [MESSAGE][WARNING] - Object 'Object Repository/ARMORDashboard/DashboardLabel/RackDetail/Sensor' is NOT visible (Root cause: com.kms.katalon.core.exception.StepFailedException: Object 'Object Repository/ARMORDashboard/DashboardLabel/RackDetail/Sensor' is NOT visible&#xD;
	at com.kms.katalon.core.webui.keyword.internal.WebUIKeywordMain.stepFailed(WebUIKeywordMain.groovy:64)&#xD;
	at com.kms.katalon.core.webui.keyword.builtin.VerifyElementVisibleKeyword$_verifyElementVisible_closure1.doCall(VerifyElementVisibleKeyword.groovy:83)&#xD;
	at com.kms.katalon.core.webui.keyword.builtin.VerifyElementVisibleKeyword$_verifyElementVisible_closure1.call(VerifyElementVisibleKeyword.groovy)&#xD;
	at com.kms.katalon.core.webui.keyword.internal.WebUIKeywordMain.runKeyword(WebUIKeywordMain.groovy:20)&#xD;
	at com.kms.katalon.core.webui.keyword.builtin.VerifyElementVisibleKeyword.verifyElementVisible(VerifyElementVisibleKeyword.groovy:97)&#xD;
	at com.kms.katalon.core.webui.keyword.builtin.VerifyElementVisibleKeyword.execute(VerifyElementVisibleKeyword.groovy:67)&#xD;
	at com.kms.katalon.core.keyword.internal.KeywordExecutor.executeKeywordForPlatform(KeywordExecutor.groovy:56)&#xD;
	at com.kms.katalon.core.webui.keyword.WebUiBuiltInKeywords.verifyElementVisible(WebUiBuiltInKeywords.groovy:358)&#xD;
	at com.kms.katalon.core.webui.keyword.WebUiBuiltInKeywords$verifyElementVisible$5.call(Unknown Source)&#xD;
	at ARMORDashboard.smartWaitClickableAndClick(ARMORDashboard:356)&#xD;
	at Script1562915977383$smartWaitClickableAndClick.callCurrent(Unknown Source)&#xD;
	at ARMORDashboard.run(ARMORDashboard:245)&#xD;
	at com.kms.katalon.core.main.ScriptEngine.run(ScriptEngine.java:194)&#xD;
	at com.kms.katalon.core.main.ScriptEngine.runScriptAsRawText(ScriptEngine.java:119)&#xD;
	at com.kms.katalon.core.main.TestCaseExecutor.runScript(TestCaseExecutor.java:337)&#xD;
	at com.kms.katalon.core.main.TestCaseExecutor.doExecute(TestCaseExecutor.java:328)&#xD;
	at com.kms.katalon.core.main.TestCaseExecutor.processExecutionPhase(TestCaseExecutor.java:307)&#xD;
	at com.kms.katalon.core.main.TestCaseExecutor.accessMainPhase(TestCaseExecutor.java:299)&#xD;
	at com.kms.katalon.core.main.TestCaseExecutor.execute(TestCaseExecutor.java:233)&#xD;
	at com.kms.katalon.core.main.TestSuiteExecutor.accessTestCaseMainPhase(TestSuiteExecutor.java:133)&#xD;
	at com.kms.katalon.core.main.TestSuiteExecutor.accessTestSuiteMainPhase(TestSuiteExecutor.java:116)&#xD;
	at com.kms.katalon.core.main.TestSuiteExecutor.execute(TestSuiteExecutor.java:83)&#xD;
	at com.kms.katalon.core.main.TestCaseMain.startTestSuite(TestCaseMain.java:157)&#xD;
	at com.kms.katalon.core.main.TestCaseMain$startTestSuite$0.call(Unknown Source)&#xD;
	at TempTestSuite1563512592090.run(TempTestSuite1563512592090.groovy:35)&#xD;
)&#xD;
[[ATTACHMENT|C:\\final_merge\\Reports\\list_dashboard\\20190719_130311\\1563513106486.png]]&#xD;
&#xD;
2019-07-19 13:11:46 - [TEST_STEP][PASSED] - scrollToElement(testObject, 5): Scroll to object 'Object Repository/ARMORDashboard/DashboardLabel/RackDetail/Sensor' successfully&#xD;
&#xD;
2019-07-19 13:11:46 - [MESSAGE][PASSED] - Scroll to object 'Object Repository/ARMORDashboard/DashboardLabel/RackDetail/Sensor' successfully&#xD;
&#xD;
2019-07-19 13:11:46 - [TEST_STEP][PASSED] - comment("Element " + testObject.toString() + " is not ready."): Element TestObject - 'Object Repository/ARMORDashboard/DashboardLabel/RackDetail/Sensor' is not ready.&#xD;
&#xD;
2019-07-19 13:11:46 - [MESSAGE][INFO] - Element TestObject - 'Object Repository/ARMORDashboard/DashboardLabel/RackDetail/Sensor' is not ready.&#xD;
&#xD;
2019-07-19 13:11:46 - [TEST_STEP][PASSED] - delay(1): Delayed 1 second(s)&#xD;
&#xD;
2019-07-19 13:11:47 - [MESSAGE][PASSED] - Delayed 1 second(s)&#xD;
&#xD;
2019-07-19 13:11:47 - [TEST_STEP][PASSED] - if (j == waitTime): null&#xD;
&#xD;
2019-07-19 13:11:47 - [TEST_STEP][PASSED] - if (!(verifyElementClickable(testObject, OPTIONAL) &amp;&amp; verifyElementVisible(testObject, OPTIONAL) &amp;&amp; verifyElementPresent(testObject, 5, OPTIONAL))): Delayed 1 second(s)&#xD;
&#xD;
2019-07-19 13:11:48 - [MESSAGE][PASSED] - Object 'Object Repository/ARMORDashboard/DashboardLabel/RackDetail/Sensor' is clickable&#xD;
&#xD;
2019-07-19 13:11:48 - [MESSAGE][WARNING] - Object 'Object Repository/ARMORDashboard/DashboardLabel/RackDetail/Sensor' is NOT visible (Root cause: com.kms.katalon.core.exception.StepFailedException: Object 'Object Repository/ARMORDashboard/DashboardLabel/RackDetail/Sensor' is NOT visible&#xD;
	at com.kms.katalon.core.webui.keyword.internal.WebUIKeywordMain.stepFailed(WebUIKeywordMain.groovy:64)&#xD;
	at com.kms.katalon.core.webui.keyword.builtin.VerifyElementVisibleKeyword$_verifyElementVisible_closure1.doCall(VerifyElementVisibleKeyword.groovy:83)&#xD;
	at com.kms.katalon.core.webui.keyword.builtin.VerifyElementVisibleKeyword$_verifyElementVisible_closure1.call(VerifyElementVisibleKeyword.groovy)&#xD;
	at com.kms.katalon.core.webui.keyword.internal.WebUIKeywordMain.runKeyword(WebUIKeywordMain.groovy:20)&#xD;
	at com.kms.katalon.core.webui.keyword.builtin.VerifyElementVisibleKeyword.verifyElementVisible(VerifyElementVisibleKeyword.groovy:97)&#xD;
	at com.kms.katalon.core.webui.keyword.builtin.VerifyElementVisibleKeyword.execute(VerifyElementVisibleKeyword.groovy:67)&#xD;
	at com.kms.katalon.core.keyword.internal.KeywordExecutor.executeKeywordForPlatform(KeywordExecutor.groovy:56)&#xD;
	at com.kms.katalon.core.webui.keyword.WebUiBuiltInKeywords.verifyElementVisible(WebUiBuiltInKeywords.groovy:358)&#xD;
	at com.kms.katalon.core.webui.keyword.WebUiBuiltInKeywords$verifyElementVisible$5.call(Unknown Source)&#xD;
	at ARMORDashboard.smartWaitClickableAndClick(ARMORDashboard:356)&#xD;
	at Script1562915977383$smartWaitClickableAndClick.callCurrent(Unknown Source)&#xD;
	at ARMORDashboard.run(ARMORDashboard:245)&#xD;
	at com.kms.katalon.core.main.ScriptEngine.run(ScriptEngine.java:194)&#xD;
	at com.kms.katalon.core.main.ScriptEngine.runScriptAsRawText(ScriptEngine.java:119)&#xD;
	at com.kms.katalon.core.main.TestCaseExecutor.runScript(TestCaseExecutor.java:337)&#xD;
	at com.kms.katalon.core.main.TestCaseExecutor.doExecute(TestCaseExecutor.java:328)&#xD;
	at com.kms.katalon.core.main.TestCaseExecutor.processExecutionPhase(TestCaseExecutor.java:307)&#xD;
	at com.kms.katalon.core.main.TestCaseExecutor.accessMainPhase(TestCaseExecutor.java:299)&#xD;
	at com.kms.katalon.core.main.TestCaseExecutor.execute(TestCaseExecutor.java:233)&#xD;
	at com.kms.katalon.core.main.TestSuiteExecutor.accessTestCaseMainPhase(TestSuiteExecutor.java:133)&#xD;
	at com.kms.katalon.core.main.TestSuiteExecutor.accessTestSuiteMainPhase(TestSuiteExecutor.java:116)&#xD;
	at com.kms.katalon.core.main.TestSuiteExecutor.execute(TestSuiteExecutor.java:83)&#xD;
	at com.kms.katalon.core.main.TestCaseMain.startTestSuite(TestCaseMain.java:157)&#xD;
	at com.kms.katalon.core.main.TestCaseMain$startTestSuite$0.call(Unknown Source)&#xD;
	at TempTestSuite1563512592090.run(TempTestSuite1563512592090.groovy:35)&#xD;
)&#xD;
[[ATTACHMENT|C:\\final_merge\\Reports\\list_dashboard\\20190719_130311\\1563513108030.png]]&#xD;
&#xD;
2019-07-19 13:11:48 - [TEST_STEP][PASSED] - scrollToElement(testObject, 5): Scroll to object 'Object Repository/ARMORDashboard/DashboardLabel/RackDetail/Sensor' successfully&#xD;
&#xD;
2019-07-19 13:11:48 - [MESSAGE][PASSED] - Scroll to object 'Object Repository/ARMORDashboard/DashboardLabel/RackDetail/Sensor' successfully&#xD;
&#xD;
2019-07-19 13:11:48 - [TEST_STEP][PASSED] - comment("Element " + testObject.toString() + " is not ready."): Element TestObject - 'Object Repository/ARMORDashboard/DashboardLabel/RackDetail/Sensor' is not ready.&#xD;
&#xD;
2019-07-19 13:11:48 - [MESSAGE][INFO] - Element TestObject - 'Object Repository/ARMORDashboard/DashboardLabel/RackDetail/Sensor' is not ready.&#xD;
&#xD;
2019-07-19 13:11:48 - [TEST_STEP][PASSED] - delay(1): Delayed 1 second(s)&#xD;
&#xD;
2019-07-19 13:11:49 - [MESSAGE][PASSED] - Delayed 1 second(s)&#xD;
&#xD;
2019-07-19 13:11:49 - [TEST_STEP][PASSED] - if (j == waitTime): null&#xD;
&#xD;
2019-07-19 13:11:49 - [TEST_STEP][PASSED] - if (!(verifyElementClickable(testObject, OPTIONAL) &amp;&amp; verifyElementVisible(testObject, OPTIONAL) &amp;&amp; verifyElementPresent(testObject, 5, OPTIONAL))): Delayed 1 second(s)&#xD;
&#xD;
2019-07-19 13:11:49 - [MESSAGE][PASSED] - Object 'Object Repository/ARMORDashboard/DashboardLabel/RackDetail/Sensor' is clickable&#xD;
&#xD;
2019-07-19 13:11:50 - [MESSAGE][WARNING] - Object 'Object Repository/ARMORDashboard/DashboardLabel/RackDetail/Sensor' is NOT visible (Root cause: com.kms.katalon.core.exception.StepFailedException: Object 'Object Repository/ARMORDashboard/DashboardLabel/RackDetail/Sensor' is NOT visible&#xD;
	at com.kms.katalon.core.webui.keyword.internal.WebUIKeywordMain.stepFailed(WebUIKeywordMain.groovy:64)&#xD;
	at com.kms.katalon.core.webui.keyword.builtin.VerifyElementVisibleKeyword$_verifyElementVisible_closure1.doCall(VerifyElementVisibleKeyword.groovy:83)&#xD;
	at com.kms.katalon.core.webui.keyword.builtin.VerifyElementVisibleKeyword$_verifyElementVisible_closure1.call(VerifyElementVisibleKeyword.groovy)&#xD;
	at com.kms.katalon.core.webui.keyword.internal.WebUIKeywordMain.runKeyword(WebUIKeywordMain.groovy:20)&#xD;
	at com.kms.katalon.core.webui.keyword.builtin.VerifyElementVisibleKeyword.verifyElementVisible(VerifyElementVisibleKeyword.groovy:97)&#xD;
	at com.kms.katalon.core.webui.keyword.builtin.VerifyElementVisibleKeyword.execute(VerifyElementVisibleKeyword.groovy:67)&#xD;
	at com.kms.katalon.core.keyword.internal.KeywordExecutor.executeKeywordForPlatform(KeywordExecutor.groovy:56)&#xD;
	at com.kms.katalon.core.webui.keyword.WebUiBuiltInKeywords.verifyElementVisible(WebUiBuiltInKeywords.groovy:358)&#xD;
	at com.kms.katalon.core.webui.keyword.WebUiBuiltInKeywords$verifyElementVisible$5.call(Unknown Source)&#xD;
	at ARMORDashboard.smartWaitClickableAndClick(ARMORDashboard:356)&#xD;
	at Script1562915977383$smartWaitClickableAndClick.callCurrent(Unknown Source)&#xD;
	at ARMORDashboard.run(ARMORDashboard:245)&#xD;
	at com.kms.katalon.core.main.ScriptEngine.run(ScriptEngine.java:194)&#xD;
	at com.kms.katalon.core.main.ScriptEngine.runScriptAsRawText(ScriptEngine.java:119)&#xD;
	at com.kms.katalon.core.main.TestCaseExecutor.runScript(TestCaseExecutor.java:337)&#xD;
	at com.kms.katalon.core.main.TestCaseExecutor.doExecute(TestCaseExecutor.java:328)&#xD;
	at com.kms.katalon.core.main.TestCaseExecutor.processExecutionPhase(TestCaseExecutor.java:307)&#xD;
	at com.kms.katalon.core.main.TestCaseExecutor.accessMainPhase(TestCaseExecutor.java:299)&#xD;
	at com.kms.katalon.core.main.TestCaseExecutor.execute(TestCaseExecutor.java:233)&#xD;
	at com.kms.katalon.core.main.TestSuiteExecutor.accessTestCaseMainPhase(TestSuiteExecutor.java:133)&#xD;
	at com.kms.katalon.core.main.TestSuiteExecutor.accessTestSuiteMainPhase(TestSuiteExecutor.java:116)&#xD;
	at com.kms.katalon.core.main.TestSuiteExecutor.execute(TestSuiteExecutor.java:83)&#xD;
	at com.kms.katalon.core.main.TestCaseMain.startTestSuite(TestCaseMain.java:157)&#xD;
	at com.kms.katalon.core.main.TestCaseMain$startTestSuite$0.call(Unknown Source)&#xD;
	at TempTestSuite1563512592090.run(TempTestSuite1563512592090.groovy:35)&#xD;
)&#xD;
[[ATTACHMENT|C:\\final_merge\\Reports\\list_dashboard\\20190719_130311\\1563513109538.png]]&#xD;
&#xD;
2019-07-19 13:11:50 - [TEST_STEP][PASSED] - scrollToElement(testObject, 5): Scroll to object 'Object Repository/ARMORDashboard/DashboardLabel/RackDetail/Sensor' successfully&#xD;
&#xD;
2019-07-19 13:11:50 - [MESSAGE][PASSED] - Scroll to object 'Object Repository/ARMORDashboard/DashboardLabel/RackDetail/Sensor' successfully&#xD;
&#xD;
2019-07-19 13:11:50 - [TEST_STEP][PASSED] - comment("Element " + testObject.toString() + " is not ready."): Element TestObject - 'Object Repository/ARMORDashboard/DashboardLabel/RackDetail/Sensor' is not ready.&#xD;
&#xD;
2019-07-19 13:11:50 - [MESSAGE][INFO] - Element TestObject - 'Object Repository/ARMORDashboard/DashboardLabel/RackDetail/Sensor' is not ready.&#xD;
&#xD;
2019-07-19 13:11:50 - [TEST_STEP][PASSED] - delay(1): Delayed 1 second(s)&#xD;
&#xD;
2019-07-19 13:11:51 - [MESSAGE][PASSED] - Delayed 1 second(s)&#xD;
&#xD;
2019-07-19 13:11:51 - [TEST_STEP][PASSED] - if (j == waitTime): null&#xD;
&#xD;
2019-07-19 13:11:51 - [TEST_STEP][PASSED] - if (!(verifyElementClickable(testObject, OPTIONAL) &amp;&amp; verifyElementVisible(testObject, OPTIONAL) &amp;&amp; verifyElementPresent(testObject, 5, OPTIONAL))): Delayed 1 second(s)&#xD;
&#xD;
2019-07-19 13:11:51 - [MESSAGE][PASSED] - Object 'Object Repository/ARMORDashboard/DashboardLabel/RackDetail/Sensor' is clickable&#xD;
&#xD;
2019-07-19 13:11:51 - [MESSAGE][WARNING] - Object 'Object Repository/ARMORDashboard/DashboardLabel/RackDetail/Sensor' is NOT visible (Root cause: com.kms.katalon.core.exception.StepFailedException: Object 'Object Repository/ARMORDashboard/DashboardLabel/RackDetail/Sensor' is NOT visible&#xD;
	at com.kms.katalon.core.webui.keyword.internal.WebUIKeywordMain.stepFailed(WebUIKeywordMain.groovy:64)&#xD;
	at com.kms.katalon.core.webui.keyword.builtin.VerifyElementVisibleKeyword$_verifyElementVisible_closure1.doCall(VerifyElementVisibleKeyword.groovy:83)&#xD;
	at com.kms.katalon.core.webui.keyword.builtin.VerifyElementVisibleKeyword$_verifyElementVisible_closure1.call(VerifyElementVisibleKeyword.groovy)&#xD;
	at com.kms.katalon.core.webui.keyword.internal.WebUIKeywordMain.runKeyword(WebUIKeywordMain.groovy:20)&#xD;
	at com.kms.katalon.core.webui.keyword.builtin.VerifyElementVisibleKeyword.verifyElementVisible(VerifyElementVisibleKeyword.groovy:97)&#xD;
	at com.kms.katalon.core.webui.keyword.builtin.VerifyElementVisibleKeyword.execute(VerifyElementVisibleKeyword.groovy:67)&#xD;
	at com.kms.katalon.core.keyword.internal.KeywordExecutor.executeKeywordForPlatform(KeywordExecutor.groovy:56)&#xD;
	at com.kms.katalon.core.webui.keyword.WebUiBuiltInKeywords.verifyElementVisible(WebUiBuiltInKeywords.groovy:358)&#xD;
	at com.kms.katalon.core.webui.keyword.WebUiBuiltInKeywords$verifyElementVisible$5.call(Unknown Source)&#xD;
	at ARMORDashboard.smartWaitClickableAndClick(ARMORDashboard:356)&#xD;
	at Script1562915977383$smartWaitClickableAndClick.callCurrent(Unknown Source)&#xD;
	at ARMORDashboard.run(ARMORDashboard:245)&#xD;
	at com.kms.katalon.core.main.ScriptEngine.run(ScriptEngine.java:194)&#xD;
	at com.kms.katalon.core.main.ScriptEngine.runScriptAsRawText(ScriptEngine.java:119)&#xD;
	at com.kms.katalon.core.main.TestCaseExecutor.runScript(TestCaseExecutor.java:337)&#xD;
	at com.kms.katalon.core.main.TestCaseExecutor.doExecute(TestCaseExecutor.java:328)&#xD;
	at com.kms.katalon.core.main.TestCaseExecutor.processExecutionPhase(TestCaseExecutor.java:307)&#xD;
	at com.kms.katalon.core.main.TestCaseExecutor.accessMainPhase(TestCaseExecutor.java:299)&#xD;
	at com.kms.katalon.core.main.TestCaseExecutor.execute(TestCaseExecutor.java:233)&#xD;
	at com.kms.katalon.core.main.TestSuiteExecutor.accessTestCaseMainPhase(TestSuiteExecutor.java:133)&#xD;
	at com.kms.katalon.core.main.TestSuiteExecutor.accessTestSuiteMainPhase(TestSuiteExecutor.java:116)&#xD;
	at com.kms.katalon.core.main.TestSuiteExecutor.execute(TestSuiteExecutor.java:83)&#xD;
	at com.kms.katalon.core.main.TestCaseMain.startTestSuite(TestCaseMain.java:157)&#xD;
	at com.kms.katalon.core.main.TestCaseMain$startTestSuite$0.call(Unknown Source)&#xD;
	at TempTestSuite1563512592090.run(TempTestSuite1563512592090.groovy:35)&#xD;
)&#xD;
[[ATTACHMENT|C:\\final_merge\\Reports\\list_dashboard\\20190719_130311\\1563513111379.png]]&#xD;
&#xD;
2019-07-19 13:11:51 - [TEST_STEP][PASSED] - scrollToElement(testObject, 5): Scroll to object 'Object Repository/ARMORDashboard/DashboardLabel/RackDetail/Sensor' successfully&#xD;
&#xD;
2019-07-19 13:11:52 - [MESSAGE][PASSED] - Scroll to object 'Object Repository/ARMORDashboard/DashboardLabel/RackDetail/Sensor' successfully&#xD;
&#xD;
2019-07-19 13:11:52 - [TEST_STEP][PASSED] - comment("Element " + testObject.toString() + " is not ready."): Element TestObject - 'Object Repository/ARMORDashboard/DashboardLabel/RackDetail/Sensor' is not ready.&#xD;
&#xD;
2019-07-19 13:11:52 - [MESSAGE][INFO] - Element TestObject - 'Object Repository/ARMORDashboard/DashboardLabel/RackDetail/Sensor' is not ready.&#xD;
&#xD;
2019-07-19 13:11:52 - [TEST_STEP][PASSED] - delay(1): Delayed 1 second(s)&#xD;
&#xD;
2019-07-19 13:11:53 - [MESSAGE][PASSED] - Delayed 1 second(s)&#xD;
&#xD;
2019-07-19 13:11:53 - [TEST_STEP][PASSED] - if (j == waitTime): null&#xD;
&#xD;
2019-07-19 13:11:53 - [TEST_STEP][PASSED] - if (!(verifyElementClickable(testObject, OPTIONAL) &amp;&amp; verifyElementVisible(testObject, OPTIONAL) &amp;&amp; verifyElementPresent(testObject, 5, OPTIONAL))): Delayed 1 second(s)&#xD;
&#xD;
2019-07-19 13:11:53 - [MESSAGE][PASSED] - Object 'Object Repository/ARMORDashboard/DashboardLabel/RackDetail/Sensor' is clickable&#xD;
&#xD;
2019-07-19 13:11:53 - [MESSAGE][WARNING] - Object 'Object Repository/ARMORDashboard/DashboardLabel/RackDetail/Sensor' is NOT visible (Root cause: com.kms.katalon.core.exception.StepFailedException: Object 'Object Repository/ARMORDashboard/DashboardLabel/RackDetail/Sensor' is NOT visible&#xD;
	at com.kms.katalon.core.webui.keyword.internal.WebUIKeywordMain.stepFailed(WebUIKeywordMain.groovy:64)&#xD;
	at com.kms.katalon.core.webui.keyword.builtin.VerifyElementVisibleKeyword$_verifyElementVisible_closure1.doCall(VerifyElementVisibleKeyword.groovy:83)&#xD;
	at com.kms.katalon.core.webui.keyword.builtin.VerifyElementVisibleKeyword$_verifyElementVisible_closure1.call(VerifyElementVisibleKeyword.groovy)&#xD;
	at com.kms.katalon.core.webui.keyword.internal.WebUIKeywordMain.runKeyword(WebUIKeywordMain.groovy:20)&#xD;
	at com.kms.katalon.core.webui.keyword.builtin.VerifyElementVisibleKeyword.verifyElementVisible(VerifyElementVisibleKeyword.groovy:97)&#xD;
	at com.kms.katalon.core.webui.keyword.builtin.VerifyElementVisibleKeyword.execute(VerifyElementVisibleKeyword.groovy:67)&#xD;
	at com.kms.katalon.core.keyword.internal.KeywordExecutor.executeKeywordForPlatform(KeywordExecutor.groovy:56)&#xD;
	at com.kms.katalon.core.webui.keyword.WebUiBuiltInKeywords.verifyElementVisible(WebUiBuiltInKeywords.groovy:358)&#xD;
	at com.kms.katalon.core.webui.keyword.WebUiBuiltInKeywords$verifyElementVisible$5.call(Unknown Source)&#xD;
	at ARMORDashboard.smartWaitClickableAndClick(ARMORDashboard:356)&#xD;
	at Script1562915977383$smartWaitClickableAndClick.callCurrent(Unknown Source)&#xD;
	at ARMORDashboard.run(ARMORDashboard:245)&#xD;
	at com.kms.katalon.core.main.ScriptEngine.run(ScriptEngine.java:194)&#xD;
	at com.kms.katalon.core.main.ScriptEngine.runScriptAsRawText(ScriptEngine.java:119)&#xD;
	at com.kms.katalon.core.main.TestCaseExecutor.runScript(TestCaseExecutor.java:337)&#xD;
	at com.kms.katalon.core.main.TestCaseExecutor.doExecute(TestCaseExecutor.java:328)&#xD;
	at com.kms.katalon.core.main.TestCaseExecutor.processExecutionPhase(TestCaseExecutor.java:307)&#xD;
	at com.kms.katalon.core.main.TestCaseExecutor.accessMainPhase(TestCaseExecutor.java:299)&#xD;
	at com.kms.katalon.core.main.TestCaseExecutor.execute(TestCaseExecutor.java:233)&#xD;
	at com.kms.katalon.core.main.TestSuiteExecutor.accessTestCaseMainPhase(TestSuiteExecutor.java:133)&#xD;
	at com.kms.katalon.core.main.TestSuiteExecutor.accessTestSuiteMainPhase(TestSuiteExecutor.java:116)&#xD;
	at com.kms.katalon.core.main.TestSuiteExecutor.execute(TestSuiteExecutor.java:83)&#xD;
	at com.kms.katalon.core.main.TestCaseMain.startTestSuite(TestCaseMain.java:157)&#xD;
	at com.kms.katalon.core.main.TestCaseMain$startTestSuite$0.call(Unknown Source)&#xD;
	at TempTestSuite1563512592090.run(TempTestSuite1563512592090.groovy:35)&#xD;
)&#xD;
[[ATTACHMENT|C:\\final_merge\\Reports\\list_dashboard\\20190719_130311\\1563513113414.png]]&#xD;
&#xD;
2019-07-19 13:11:53 - [TEST_STEP][PASSED] - scrollToElement(testObject, 5): Scroll to object 'Object Repository/ARMORDashboard/DashboardLabel/RackDetail/Sensor' successfully&#xD;
&#xD;
2019-07-19 13:11:54 - [MESSAGE][PASSED] - Scroll to object 'Object Repository/ARMORDashboard/DashboardLabel/RackDetail/Sensor' successfully&#xD;
&#xD;
2019-07-19 13:11:54 - [TEST_STEP][PASSED] - comment("Element " + testObject.toString() + " is not ready."): Element TestObject - 'Object Repository/ARMORDashboard/DashboardLabel/RackDetail/Sensor' is not ready.&#xD;
&#xD;
2019-07-19 13:11:54 - [MESSAGE][INFO] - Element TestObject - 'Object Repository/ARMORDashboard/DashboardLabel/RackDetail/Sensor' is not ready.&#xD;
&#xD;
2019-07-19 13:11:54 - [TEST_STEP][PASSED] - delay(1): Delayed 1 second(s)&#xD;
&#xD;
2019-07-19 13:11:54 - [MESSAGE][PASSED] - Delayed 1 second(s)&#xD;
&#xD;
2019-07-19 13:11:54 - [TEST_STEP][PASSED] - if (j == waitTime): null&#xD;
&#xD;
2019-07-19 13:11:54 - [TEST_STEP][PASSED] - if (!(verifyElementClickable(testObject, OPTIONAL) &amp;&amp; verifyElementVisible(testObject, OPTIONAL) &amp;&amp; verifyElementPresent(testObject, 5, OPTIONAL))): Delayed 1 second(s)&#xD;
&#xD;
2019-07-19 13:11:54 - [MESSAGE][PASSED] - Object 'Object Repository/ARMORDashboard/DashboardLabel/RackDetail/Sensor' is clickable&#xD;
&#xD;
2019-07-19 13:11:55 - [MESSAGE][WARNING] - Object 'Object Repository/ARMORDashboard/DashboardLabel/RackDetail/Sensor' is NOT visible (Root cause: com.kms.katalon.core.exception.StepFailedException: Object 'Object Repository/ARMORDashboard/DashboardLabel/RackDetail/Sensor' is NOT visible&#xD;
	at com.kms.katalon.core.webui.keyword.internal.WebUIKeywordMain.stepFailed(WebUIKeywordMain.groovy:64)&#xD;
	at com.kms.katalon.core.webui.keyword.builtin.VerifyElementVisibleKeyword$_verifyElementVisible_closure1.doCall(VerifyElementVisibleKeyword.groovy:83)&#xD;
	at com.kms.katalon.core.webui.keyword.builtin.VerifyElementVisibleKeyword$_verifyElementVisible_closure1.call(VerifyElementVisibleKeyword.groovy)&#xD;
	at com.kms.katalon.core.webui.keyword.internal.WebUIKeywordMain.runKeyword(WebUIKeywordMain.groovy:20)&#xD;
	at com.kms.katalon.core.webui.keyword.builtin.VerifyElementVisibleKeyword.verifyElementVisible(VerifyElementVisibleKeyword.groovy:97)&#xD;
	at com.kms.katalon.core.webui.keyword.builtin.VerifyElementVisibleKeyword.execute(VerifyElementVisibleKeyword.groovy:67)&#xD;
	at com.kms.katalon.core.keyword.internal.KeywordExecutor.executeKeywordForPlatform(KeywordExecutor.groovy:56)&#xD;
	at com.kms.katalon.core.webui.keyword.WebUiBuiltInKeywords.verifyElementVisible(WebUiBuiltInKeywords.groovy:358)&#xD;
	at com.kms.katalon.core.webui.keyword.WebUiBuiltInKeywords$verifyElementVisible$5.call(Unknown Source)&#xD;
	at ARMORDashboard.smartWaitClickableAndClick(ARMORDashboard:356)&#xD;
	at Script1562915977383$smartWaitClickableAndClick.callCurrent(Unknown Source)&#xD;
	at ARMORDashboard.run(ARMORDashboard:245)&#xD;
	at com.kms.katalon.core.main.ScriptEngine.run(ScriptEngine.java:194)&#xD;
	at com.kms.katalon.core.main.ScriptEngine.runScriptAsRawText(ScriptEngine.java:119)&#xD;
	at com.kms.katalon.core.main.TestCaseExecutor.runScript(TestCaseExecutor.java:337)&#xD;
	at com.kms.katalon.core.main.TestCaseExecutor.doExecute(TestCaseExecutor.java:328)&#xD;
	at com.kms.katalon.core.main.TestCaseExecutor.processExecutionPhase(TestCaseExecutor.java:307)&#xD;
	at com.kms.katalon.core.main.TestCaseExecutor.accessMainPhase(TestCaseExecutor.java:299)&#xD;
	at com.kms.katalon.core.main.TestCaseExecutor.execute(TestCaseExecutor.java:233)&#xD;
	at com.kms.katalon.core.main.TestSuiteExecutor.accessTestCaseMainPhase(TestSuiteExecutor.java:133)&#xD;
	at com.kms.katalon.core.main.TestSuiteExecutor.accessTestSuiteMainPhase(TestSuiteExecutor.java:116)&#xD;
	at com.kms.katalon.core.main.TestSuiteExecutor.execute(TestSuiteExecutor.java:83)&#xD;
	at com.kms.katalon.core.main.TestCaseMain.startTestSuite(TestCaseMain.java:157)&#xD;
	at com.kms.katalon.core.main.TestCaseMain$startTestSuite$0.call(Unknown Source)&#xD;
	at TempTestSuite1563512592090.run(TempTestSuite1563512592090.groovy:35)&#xD;
)&#xD;
[[ATTACHMENT|C:\\final_merge\\Reports\\list_dashboard\\20190719_130311\\1563513114986.png]]&#xD;
&#xD;
2019-07-19 13:11:55 - [TEST_STEP][PASSED] - scrollToElement(testObject, 5): Scroll to object 'Object Repository/ARMORDashboard/DashboardLabel/RackDetail/Sensor' successfully&#xD;
&#xD;
2019-07-19 13:11:55 - [MESSAGE][PASSED] - Scroll to object 'Object Repository/ARMORDashboard/DashboardLabel/RackDetail/Sensor' successfully&#xD;
&#xD;
2019-07-19 13:11:55 - [TEST_STEP][PASSED] - comment("Element " + testObject.toString() + " is not ready."): Element TestObject - 'Object Repository/ARMORDashboard/DashboardLabel/RackDetail/Sensor' is not ready.&#xD;
&#xD;
2019-07-19 13:11:55 - [MESSAGE][INFO] - Element TestObject - 'Object Repository/ARMORDashboard/DashboardLabel/RackDetail/Sensor' is not ready.&#xD;
&#xD;
2019-07-19 13:11:55 - [TEST_STEP][PASSED] - delay(1): Delayed 1 second(s)&#xD;
&#xD;
2019-07-19 13:11:56 - [MESSAGE][PASSED] - Delayed 1 second(s)&#xD;
&#xD;
2019-07-19 13:11:56 - [TEST_STEP][PASSED] - if (j == waitTime): null&#xD;
&#xD;
2019-07-19 13:11:56 - [TEST_STEP][PASSED] - if (!(verifyElementClickable(testObject, OPTIONAL) &amp;&amp; verifyElementVisible(testObject, OPTIONAL) &amp;&amp; verifyElementPresent(testObject, 5, OPTIONAL))): Delayed 1 second(s)&#xD;
&#xD;
2019-07-19 13:11:56 - [MESSAGE][PASSED] - Object 'Object Repository/ARMORDashboard/DashboardLabel/RackDetail/Sensor' is clickable&#xD;
&#xD;
2019-07-19 13:11:57 - [MESSAGE][WARNING] - Object 'Object Repository/ARMORDashboard/DashboardLabel/RackDetail/Sensor' is NOT visible (Root cause: com.kms.katalon.core.exception.StepFailedException: Object 'Object Repository/ARMORDashboard/DashboardLabel/RackDetail/Sensor' is NOT visible&#xD;
	at com.kms.katalon.core.webui.keyword.internal.WebUIKeywordMain.stepFailed(WebUIKeywordMain.groovy:64)&#xD;
	at com.kms.katalon.core.webui.keyword.builtin.VerifyElementVisibleKeyword$_verifyElementVisible_closure1.doCall(VerifyElementVisibleKeyword.groovy:83)&#xD;
	at com.kms.katalon.core.webui.keyword.builtin.VerifyElementVisibleKeyword$_verifyElementVisible_closure1.call(VerifyElementVisibleKeyword.groovy)&#xD;
	at com.kms.katalon.core.webui.keyword.internal.WebUIKeywordMain.runKeyword(WebUIKeywordMain.groovy:20)&#xD;
	at com.kms.katalon.core.webui.keyword.builtin.VerifyElementVisibleKeyword.verifyElementVisible(VerifyElementVisibleKeyword.groovy:97)&#xD;
	at com.kms.katalon.core.webui.keyword.builtin.VerifyElementVisibleKeyword.execute(VerifyElementVisibleKeyword.groovy:67)&#xD;
	at com.kms.katalon.core.keyword.internal.KeywordExecutor.executeKeywordForPlatform(KeywordExecutor.groovy:56)&#xD;
	at com.kms.katalon.core.webui.keyword.WebUiBuiltInKeywords.verifyElementVisible(WebUiBuiltInKeywords.groovy:358)&#xD;
	at com.kms.katalon.core.webui.keyword.WebUiBuiltInKeywords$verifyElementVisible$5.call(Unknown Source)&#xD;
	at ARMORDashboard.smartWaitClickableAndClick(ARMORDashboard:356)&#xD;
	at Script1562915977383$smartWaitClickableAndClick.callCurrent(Unknown Source)&#xD;
	at ARMORDashboard.run(ARMORDashboard:245)&#xD;
	at com.kms.katalon.core.main.ScriptEngine.run(ScriptEngine.java:194)&#xD;
	at com.kms.katalon.core.main.ScriptEngine.runScriptAsRawText(ScriptEngine.java:119)&#xD;
	at com.kms.katalon.core.main.TestCaseExecutor.runScript(TestCaseExecutor.java:337)&#xD;
	at com.kms.katalon.core.main.TestCaseExecutor.doExecute(TestCaseExecutor.java:328)&#xD;
	at com.kms.katalon.core.main.TestCaseExecutor.processExecutionPhase(TestCaseExecutor.java:307)&#xD;
	at com.kms.katalon.core.main.TestCaseExecutor.accessMainPhase(TestCaseExecutor.java:299)&#xD;
	at com.kms.katalon.core.main.TestCaseExecutor.execute(TestCaseExecutor.java:233)&#xD;
	at com.kms.katalon.core.main.TestSuiteExecutor.accessTestCaseMainPhase(TestSuiteExecutor.java:133)&#xD;
	at com.kms.katalon.core.main.TestSuiteExecutor.accessTestSuiteMainPhase(TestSuiteExecutor.java:116)&#xD;
	at com.kms.katalon.core.main.TestSuiteExecutor.execute(TestSuiteExecutor.java:83)&#xD;
	at com.kms.katalon.core.main.TestCaseMain.startTestSuite(TestCaseMain.java:157)&#xD;
	at com.kms.katalon.core.main.TestCaseMain$startTestSuite$0.call(Unknown Source)&#xD;
	at TempTestSuite1563512592090.run(TempTestSuite1563512592090.groovy:35)&#xD;
)&#xD;
[[ATTACHMENT|C:\\final_merge\\Reports\\list_dashboard\\20190719_130311\\1563513116512.png]]&#xD;
&#xD;
2019-07-19 13:11:57 - [TEST_STEP][PASSED] - scrollToElement(testObject, 5): Scroll to object 'Object Repository/ARMORDashboard/DashboardLabel/RackDetail/Sensor' successfully&#xD;
&#xD;
2019-07-19 13:11:57 - [MESSAGE][PASSED] - Scroll to object 'Object Repository/ARMORDashboard/DashboardLabel/RackDetail/Sensor' successfully&#xD;
&#xD;
2019-07-19 13:11:57 - [TEST_STEP][PASSED] - comment("Element " + testObject.toString() + " is not ready."): Element TestObject - 'Object Repository/ARMORDashboard/DashboardLabel/RackDetail/Sensor' is not ready.&#xD;
&#xD;
2019-07-19 13:11:57 - [MESSAGE][INFO] - Element TestObject - 'Object Repository/ARMORDashboard/DashboardLabel/RackDetail/Sensor' is not ready.&#xD;
&#xD;
2019-07-19 13:11:57 - [TEST_STEP][PASSED] - delay(1): Delayed 1 second(s)&#xD;
&#xD;
2019-07-19 13:11:58 - [MESSAGE][PASSED] - Delayed 1 second(s)&#xD;
&#xD;
2019-07-19 13:11:58 - [TEST_STEP][PASSED] - if (j == waitTime): null&#xD;
&#xD;
2019-07-19 13:11:58 - [TEST_STEP][PASSED] - if (!(verifyElementClickable(testObject, OPTIONAL) &amp;&amp; verifyElementVisible(testObject, OPTIONAL) &amp;&amp; verifyElementPresent(testObject, 5, OPTIONAL))): Delayed 1 second(s)&#xD;
&#xD;
2019-07-19 13:11:58 - [MESSAGE][PASSED] - Object 'Object Repository/ARMORDashboard/DashboardLabel/RackDetail/Sensor' is clickable&#xD;
&#xD;
2019-07-19 13:11:58 - [MESSAGE][WARNING] - Object 'Object Repository/ARMORDashboard/DashboardLabel/RackDetail/Sensor' is NOT visible (Root cause: com.kms.katalon.core.exception.StepFailedException: Object 'Object Repository/ARMORDashboard/DashboardLabel/RackDetail/Sensor' is NOT visible&#xD;
	at com.kms.katalon.core.webui.keyword.internal.WebUIKeywordMain.stepFailed(WebUIKeywordMain.groovy:64)&#xD;
	at com.kms.katalon.core.webui.keyword.builtin.VerifyElementVisibleKeyword$_verifyElementVisible_closure1.doCall(VerifyElementVisibleKeyword.groovy:83)&#xD;
	at com.kms.katalon.core.webui.keyword.builtin.VerifyElementVisibleKeyword$_verifyElementVisible_closure1.call(VerifyElementVisibleKeyword.groovy)&#xD;
	at com.kms.katalon.core.webui.keyword.internal.WebUIKeywordMain.runKeyword(WebUIKeywordMain.groovy:20)&#xD;
	at com.kms.katalon.core.webui.keyword.builtin.VerifyElementVisibleKeyword.verifyElementVisible(VerifyElementVisibleKeyword.groovy:97)&#xD;
	at com.kms.katalon.core.webui.keyword.builtin.VerifyElementVisibleKeyword.execute(VerifyElementVisibleKeyword.groovy:67)&#xD;
	at com.kms.katalon.core.keyword.internal.KeywordExecutor.executeKeywordForPlatform(KeywordExecutor.groovy:56)&#xD;
	at com.kms.katalon.core.webui.keyword.WebUiBuiltInKeywords.verifyElementVisible(WebUiBuiltInKeywords.groovy:358)&#xD;
	at com.kms.katalon.core.webui.keyword.WebUiBuiltInKeywords$verifyElementVisible$5.call(Unknown Source)&#xD;
	at ARMORDashboard.smartWaitClickableAndClick(ARMORDashboard:356)&#xD;
	at Script1562915977383$smartWaitClickableAndClick.callCurrent(Unknown Source)&#xD;
	at ARMORDashboard.run(ARMORDashboard:245)&#xD;
	at com.kms.katalon.core.main.ScriptEngine.run(ScriptEngine.java:194)&#xD;
	at com.kms.katalon.core.main.ScriptEngine.runScriptAsRawText(ScriptEngine.java:119)&#xD;
	at com.kms.katalon.core.main.TestCaseExecutor.runScript(TestCaseExecutor.java:337)&#xD;
	at com.kms.katalon.core.main.TestCaseExecutor.doExecute(TestCaseExecutor.java:328)&#xD;
	at com.kms.katalon.core.main.TestCaseExecutor.processExecutionPhase(TestCaseExecutor.java:307)&#xD;
	at com.kms.katalon.core.main.TestCaseExecutor.accessMainPhase(TestCaseExecutor.java:299)&#xD;
	at com.kms.katalon.core.main.TestCaseExecutor.execute(TestCaseExecutor.java:233)&#xD;
	at com.kms.katalon.core.main.TestSuiteExecutor.accessTestCaseMainPhase(TestSuiteExecutor.java:133)&#xD;
	at com.kms.katalon.core.main.TestSuiteExecutor.accessTestSuiteMainPhase(TestSuiteExecutor.java:116)&#xD;
	at com.kms.katalon.core.main.TestSuiteExecutor.execute(TestSuiteExecutor.java:83)&#xD;
	at com.kms.katalon.core.main.TestCaseMain.startTestSuite(TestCaseMain.java:157)&#xD;
	at com.kms.katalon.core.main.TestCaseMain$startTestSuite$0.call(Unknown Source)&#xD;
	at TempTestSuite1563512592090.run(TempTestSuite1563512592090.groovy:35)&#xD;
)&#xD;
[[ATTACHMENT|C:\\final_merge\\Reports\\list_dashboard\\20190719_130311\\1563513118168.png]]&#xD;
&#xD;
2019-07-19 13:11:58 - [TEST_STEP][PASSED] - scrollToElement(testObject, 5): Scroll to object 'Object Repository/ARMORDashboard/DashboardLabel/RackDetail/Sensor' successfully&#xD;
&#xD;
2019-07-19 13:11:58 - [MESSAGE][PASSED] - Scroll to object 'Object Repository/ARMORDashboard/DashboardLabel/RackDetail/Sensor' successfully&#xD;
&#xD;
2019-07-19 13:11:58 - [TEST_STEP][PASSED] - comment("Element " + testObject.toString() + " is not ready."): Element TestObject - 'Object Repository/ARMORDashboard/DashboardLabel/RackDetail/Sensor' is not ready.&#xD;
&#xD;
2019-07-19 13:11:58 - [MESSAGE][INFO] - Element TestObject - 'Object Repository/ARMORDashboard/DashboardLabel/RackDetail/Sensor' is not ready.&#xD;
&#xD;
2019-07-19 13:11:58 - [TEST_STEP][PASSED] - delay(1): Delayed 1 second(s)&#xD;
&#xD;
2019-07-19 13:11:59 - [MESSAGE][PASSED] - Delayed 1 second(s)&#xD;
&#xD;
2019-07-19 13:11:59 - [TEST_STEP][PASSED] - if (j == waitTime): null&#xD;
&#xD;
2019-07-19 13:11:59 - [TEST_STEP][PASSED] - if (!(verifyElementClickable(testObject, OPTIONAL) &amp;&amp; verifyElementVisible(testObject, OPTIONAL) &amp;&amp; verifyElementPresent(testObject, 5, OPTIONAL))): Delayed 1 second(s)&#xD;
&#xD;
2019-07-19 13:11:59 - [MESSAGE][PASSED] - Object 'Object Repository/ARMORDashboard/DashboardLabel/RackDetail/Sensor' is clickable&#xD;
&#xD;
2019-07-19 13:12:00 - [MESSAGE][WARNING] - Object 'Object Repository/ARMORDashboard/DashboardLabel/RackDetail/Sensor' is NOT visible (Root cause: com.kms.katalon.core.exception.StepFailedException: Object 'Object Repository/ARMORDashboard/DashboardLabel/RackDetail/Sensor' is NOT visible&#xD;
	at com.kms.katalon.core.webui.keyword.internal.WebUIKeywordMain.stepFailed(WebUIKeywordMain.groovy:64)&#xD;
	at com.kms.katalon.core.webui.keyword.builtin.VerifyElementVisibleKeyword$_verifyElementVisible_closure1.doCall(VerifyElementVisibleKeyword.groovy:83)&#xD;
	at com.kms.katalon.core.webui.keyword.builtin.VerifyElementVisibleKeyword$_verifyElementVisible_closure1.call(VerifyElementVisibleKeyword.groovy)&#xD;
	at com.kms.katalon.core.webui.keyword.internal.WebUIKeywordMain.runKeyword(WebUIKeywordMain.groovy:20)&#xD;
	at com.kms.katalon.core.webui.keyword.builtin.VerifyElementVisibleKeyword.verifyElementVisible(VerifyElementVisibleKeyword.groovy:97)&#xD;
	at com.kms.katalon.core.webui.keyword.builtin.VerifyElementVisibleKeyword.execute(VerifyElementVisibleKeyword.groovy:67)&#xD;
	at com.kms.katalon.core.keyword.internal.KeywordExecutor.executeKeywordForPlatform(KeywordExecutor.groovy:56)&#xD;
	at com.kms.katalon.core.webui.keyword.WebUiBuiltInKeywords.verifyElementVisible(WebUiBuiltInKeywords.groovy:358)&#xD;
	at com.kms.katalon.core.webui.keyword.WebUiBuiltInKeywords$verifyElementVisible$5.call(Unknown Source)&#xD;
	at ARMORDashboard.smartWaitClickableAndClick(ARMORDashboard:356)&#xD;
	at Script1562915977383$smartWaitClickableAndClick.callCurrent(Unknown Source)&#xD;
	at ARMORDashboard.run(ARMORDashboard:245)&#xD;
	at com.kms.katalon.core.main.ScriptEngine.run(ScriptEngine.java:194)&#xD;
	at com.kms.katalon.core.main.ScriptEngine.runScriptAsRawText(ScriptEngine.java:119)&#xD;
	at com.kms.katalon.core.main.TestCaseExecutor.runScript(TestCaseExecutor.java:337)&#xD;
	at com.kms.katalon.core.main.TestCaseExecutor.doExecute(TestCaseExecutor.java:328)&#xD;
	at com.kms.katalon.core.main.TestCaseExecutor.processExecutionPhase(TestCaseExecutor.java:307)&#xD;
	at com.kms.katalon.core.main.TestCaseExecutor.accessMainPhase(TestCaseExecutor.java:299)&#xD;
	at com.kms.katalon.core.main.TestCaseExecutor.execute(TestCaseExecutor.java:233)&#xD;
	at com.kms.katalon.core.main.TestSuiteExecutor.accessTestCaseMainPhase(TestSuiteExecutor.java:133)&#xD;
	at com.kms.katalon.core.main.TestSuiteExecutor.accessTestSuiteMainPhase(TestSuiteExecutor.java:116)&#xD;
	at com.kms.katalon.core.main.TestSuiteExecutor.execute(TestSuiteExecutor.java:83)&#xD;
	at com.kms.katalon.core.main.TestCaseMain.startTestSuite(TestCaseMain.java:157)&#xD;
	at com.kms.katalon.core.main.TestCaseMain$startTestSuite$0.call(Unknown Source)&#xD;
	at TempTestSuite1563512592090.run(TempTestSuite1563512592090.groovy:35)&#xD;
)&#xD;
[[ATTACHMENT|C:\\final_merge\\Reports\\list_dashboard\\20190719_130311\\1563513119761.png]]&#xD;
&#xD;
2019-07-19 13:12:00 - [TEST_STEP][PASSED] - scrollToElement(testObject, 5): Scroll to object 'Object Repository/ARMORDashboard/DashboardLabel/RackDetail/Sensor' successfully&#xD;
&#xD;
2019-07-19 13:12:00 - [MESSAGE][PASSED] - Scroll to object 'Object Repository/ARMORDashboard/DashboardLabel/RackDetail/Sensor' successfully&#xD;
&#xD;
2019-07-19 13:12:00 - [TEST_STEP][PASSED] - comment("Element " + testObject.toString() + " is not ready."): Element TestObject - 'Object Repository/ARMORDashboard/DashboardLabel/RackDetail/Sensor' is not ready.&#xD;
&#xD;
2019-07-19 13:12:00 - [MESSAGE][INFO] - Element TestObject - 'Object Repository/ARMORDashboard/DashboardLabel/RackDetail/Sensor' is not ready.&#xD;
&#xD;
2019-07-19 13:12:00 - [TEST_STEP][PASSED] - delay(1): Delayed 1 second(s)&#xD;
&#xD;
2019-07-19 13:12:01 - [MESSAGE][PASSED] - Delayed 1 second(s)&#xD;
&#xD;
2019-07-19 13:12:01 - [TEST_STEP][PASSED] - if (j == waitTime): null&#xD;
&#xD;
2019-07-19 13:12:01 - [TEST_STEP][PASSED] - if (!(verifyElementClickable(testObject, OPTIONAL) &amp;&amp; verifyElementVisible(testObject, OPTIONAL) &amp;&amp; verifyElementPresent(testObject, 5, OPTIONAL))): Delayed 1 second(s)&#xD;
&#xD;
2019-07-19 13:12:01 - [MESSAGE][PASSED] - Object 'Object Repository/ARMORDashboard/DashboardLabel/RackDetail/Sensor' is clickable&#xD;
&#xD;
2019-07-19 13:12:01 - [MESSAGE][WARNING] - Object 'Object Repository/ARMORDashboard/DashboardLabel/RackDetail/Sensor' is NOT visible (Root cause: com.kms.katalon.core.exception.StepFailedException: Object 'Object Repository/ARMORDashboard/DashboardLabel/RackDetail/Sensor' is NOT visible&#xD;
	at com.kms.katalon.core.webui.keyword.internal.WebUIKeywordMain.stepFailed(WebUIKeywordMain.groovy:64)&#xD;
	at com.kms.katalon.core.webui.keyword.builtin.VerifyElementVisibleKeyword$_verifyElementVisible_closure1.doCall(VerifyElementVisibleKeyword.groovy:83)&#xD;
	at com.kms.katalon.core.webui.keyword.builtin.VerifyElementVisibleKeyword$_verifyElementVisible_closure1.call(VerifyElementVisibleKeyword.groovy)&#xD;
	at com.kms.katalon.core.webui.keyword.internal.WebUIKeywordMain.runKeyword(WebUIKeywordMain.groovy:20)&#xD;
	at com.kms.katalon.core.webui.keyword.builtin.VerifyElementVisibleKeyword.verifyElementVisible(VerifyElementVisibleKeyword.groovy:97)&#xD;
	at com.kms.katalon.core.webui.keyword.builtin.VerifyElementVisibleKeyword.execute(VerifyElementVisibleKeyword.groovy:67)&#xD;
	at com.kms.katalon.core.keyword.internal.KeywordExecutor.executeKeywordForPlatform(KeywordExecutor.groovy:56)&#xD;
	at com.kms.katalon.core.webui.keyword.WebUiBuiltInKeywords.verifyElementVisible(WebUiBuiltInKeywords.groovy:358)&#xD;
	at com.kms.katalon.core.webui.keyword.WebUiBuiltInKeywords$verifyElementVisible$5.call(Unknown Source)&#xD;
	at ARMORDashboard.smartWaitClickableAndClick(ARMORDashboard:356)&#xD;
	at Script1562915977383$smartWaitClickableAndClick.callCurrent(Unknown Source)&#xD;
	at ARMORDashboard.run(ARMORDashboard:245)&#xD;
	at com.kms.katalon.core.main.ScriptEngine.run(ScriptEngine.java:194)&#xD;
	at com.kms.katalon.core.main.ScriptEngine.runScriptAsRawText(ScriptEngine.java:119)&#xD;
	at com.kms.katalon.core.main.TestCaseExecutor.runScript(TestCaseExecutor.java:337)&#xD;
	at com.kms.katalon.core.main.TestCaseExecutor.doExecute(TestCaseExecutor.java:328)&#xD;
	at com.kms.katalon.core.main.TestCaseExecutor.processExecutionPhase(TestCaseExecutor.java:307)&#xD;
	at com.kms.katalon.core.main.TestCaseExecutor.accessMainPhase(TestCaseExecutor.java:299)&#xD;
	at com.kms.katalon.core.main.TestCaseExecutor.execute(TestCaseExecutor.java:233)&#xD;
	at com.kms.katalon.core.main.TestSuiteExecutor.accessTestCaseMainPhase(TestSuiteExecutor.java:133)&#xD;
	at com.kms.katalon.core.main.TestSuiteExecutor.accessTestSuiteMainPhase(TestSuiteExecutor.java:116)&#xD;
	at com.kms.katalon.core.main.TestSuiteExecutor.execute(TestSuiteExecutor.java:83)&#xD;
	at com.kms.katalon.core.main.TestCaseMain.startTestSuite(TestCaseMain.java:157)&#xD;
	at com.kms.katalon.core.main.TestCaseMain$startTestSuite$0.call(Unknown Source)&#xD;
	at TempTestSuite1563512592090.run(TempTestSuite1563512592090.groovy:35)&#xD;
)&#xD;
[[ATTACHMENT|C:\\final_merge\\Reports\\list_dashboard\\20190719_130311\\1563513121311.png]]&#xD;
&#xD;
2019-07-19 13:12:01 - [TEST_STEP][PASSED] - scrollToElement(testObject, 5): Scroll to object 'Object Repository/ARMORDashboard/DashboardLabel/RackDetail/Sensor' successfully&#xD;
&#xD;
2019-07-19 13:12:01 - [MESSAGE][PASSED] - Scroll to object 'Object Repository/ARMORDashboard/DashboardLabel/RackDetail/Sensor' successfully&#xD;
&#xD;
2019-07-19 13:12:01 - [TEST_STEP][PASSED] - comment("Element " + testObject.toString() + " is not ready."): Element TestObject - 'Object Repository/ARMORDashboard/DashboardLabel/RackDetail/Sensor' is not ready.&#xD;
&#xD;
2019-07-19 13:12:01 - [MESSAGE][INFO] - Element TestObject - 'Object Repository/ARMORDashboard/DashboardLabel/RackDetail/Sensor' is not ready.&#xD;
&#xD;
2019-07-19 13:12:01 - [TEST_STEP][PASSED] - delay(1): Delayed 1 second(s)&#xD;
&#xD;
2019-07-19 13:12:02 - [MESSAGE][PASSED] - Delayed 1 second(s)&#xD;
&#xD;
2019-07-19 13:12:02 - [TEST_STEP][PASSED] - if (j == waitTime): null&#xD;
&#xD;
2019-07-19 13:12:02 - [TEST_STEP][PASSED] - if (!(verifyElementClickable(testObject, OPTIONAL) &amp;&amp; verifyElementVisible(testObject, OPTIONAL) &amp;&amp; verifyElementPresent(testObject, 5, OPTIONAL))): Delayed 1 second(s)&#xD;
&#xD;
2019-07-19 13:12:02 - [MESSAGE][PASSED] - Object 'Object Repository/ARMORDashboard/DashboardLabel/RackDetail/Sensor' is clickable&#xD;
&#xD;
2019-07-19 13:12:03 - [MESSAGE][WARNING] - Object 'Object Repository/ARMORDashboard/DashboardLabel/RackDetail/Sensor' is NOT visible (Root cause: com.kms.katalon.core.exception.StepFailedException: Object 'Object Repository/ARMORDashboard/DashboardLabel/RackDetail/Sensor' is NOT visible&#xD;
	at com.kms.katalon.core.webui.keyword.internal.WebUIKeywordMain.stepFailed(WebUIKeywordMain.groovy:64)&#xD;
	at com.kms.katalon.core.webui.keyword.builtin.VerifyElementVisibleKeyword$_verifyElementVisible_closure1.doCall(VerifyElementVisibleKeyword.groovy:83)&#xD;
	at com.kms.katalon.core.webui.keyword.builtin.VerifyElementVisibleKeyword$_verifyElementVisible_closure1.call(VerifyElementVisibleKeyword.groovy)&#xD;
	at com.kms.katalon.core.webui.keyword.internal.WebUIKeywordMain.runKeyword(WebUIKeywordMain.groovy:20)&#xD;
	at com.kms.katalon.core.webui.keyword.builtin.VerifyElementVisibleKeyword.verifyElementVisible(VerifyElementVisibleKeyword.groovy:97)&#xD;
	at com.kms.katalon.core.webui.keyword.builtin.VerifyElementVisibleKeyword.execute(VerifyElementVisibleKeyword.groovy:67)&#xD;
	at com.kms.katalon.core.keyword.internal.KeywordExecutor.executeKeywordForPlatform(KeywordExecutor.groovy:56)&#xD;
	at com.kms.katalon.core.webui.keyword.WebUiBuiltInKeywords.verifyElementVisible(WebUiBuiltInKeywords.groovy:358)&#xD;
	at com.kms.katalon.core.webui.keyword.WebUiBuiltInKeywords$verifyElementVisible$5.call(Unknown Source)&#xD;
	at ARMORDashboard.smartWaitClickableAndClick(ARMORDashboard:356)&#xD;
	at Script1562915977383$smartWaitClickableAndClick.callCurrent(Unknown Source)&#xD;
	at ARMORDashboard.run(ARMORDashboard:245)&#xD;
	at com.kms.katalon.core.main.ScriptEngine.run(ScriptEngine.java:194)&#xD;
	at com.kms.katalon.core.main.ScriptEngine.runScriptAsRawText(ScriptEngine.java:119)&#xD;
	at com.kms.katalon.core.main.TestCaseExecutor.runScript(TestCaseExecutor.java:337)&#xD;
	at com.kms.katalon.core.main.TestCaseExecutor.doExecute(TestCaseExecutor.java:328)&#xD;
	at com.kms.katalon.core.main.TestCaseExecutor.processExecutionPhase(TestCaseExecutor.java:307)&#xD;
	at com.kms.katalon.core.main.TestCaseExecutor.accessMainPhase(TestCaseExecutor.java:299)&#xD;
	at com.kms.katalon.core.main.TestCaseExecutor.execute(TestCaseExecutor.java:233)&#xD;
	at com.kms.katalon.core.main.TestSuiteExecutor.accessTestCaseMainPhase(TestSuiteExecutor.java:133)&#xD;
	at com.kms.katalon.core.main.TestSuiteExecutor.accessTestSuiteMainPhase(TestSuiteExecutor.java:116)&#xD;
	at com.kms.katalon.core.main.TestSuiteExecutor.execute(TestSuiteExecutor.java:83)&#xD;
	at com.kms.katalon.core.main.TestCaseMain.startTestSuite(TestCaseMain.java:157)&#xD;
	at com.kms.katalon.core.main.TestCaseMain$startTestSuite$0.call(Unknown Source)&#xD;
	at TempTestSuite1563512592090.run(TempTestSuite1563512592090.groovy:35)&#xD;
)&#xD;
[[ATTACHMENT|C:\\final_merge\\Reports\\list_dashboard\\20190719_130311\\1563513122990.png]]&#xD;
&#xD;
2019-07-19 13:12:03 - [TEST_STEP][PASSED] - scrollToElement(testObject, 5): Scroll to object 'Object Repository/ARMORDashboard/DashboardLabel/RackDetail/Sensor' successfully&#xD;
&#xD;
2019-07-19 13:12:03 - [MESSAGE][PASSED] - Scroll to object 'Object Repository/ARMORDashboard/DashboardLabel/RackDetail/Sensor' successfully&#xD;
&#xD;
2019-07-19 13:12:03 - [TEST_STEP][PASSED] - comment("Element " + testObject.toString() + " is not ready."): Element TestObject - 'Object Repository/ARMORDashboard/DashboardLabel/RackDetail/Sensor' is not ready.&#xD;
&#xD;
2019-07-19 13:12:03 - [MESSAGE][INFO] - Element TestObject - 'Object Repository/ARMORDashboard/DashboardLabel/RackDetail/Sensor' is not ready.&#xD;
&#xD;
2019-07-19 13:12:03 - [TEST_STEP][PASSED] - delay(1): Delayed 1 second(s)&#xD;
&#xD;
2019-07-19 13:12:04 - [MESSAGE][PASSED] - Delayed 1 second(s)&#xD;
&#xD;
2019-07-19 13:12:04 - [TEST_STEP][PASSED] - if (j == waitTime): null&#xD;
&#xD;
2019-07-19 13:12:04 - [TEST_STEP][PASSED] - if (!(verifyElementClickable(testObject, OPTIONAL) &amp;&amp; verifyElementVisible(testObject, OPTIONAL) &amp;&amp; verifyElementPresent(testObject, 5, OPTIONAL))): Delayed 1 second(s)&#xD;
&#xD;
2019-07-19 13:12:04 - [MESSAGE][PASSED] - Object 'Object Repository/ARMORDashboard/DashboardLabel/RackDetail/Sensor' is clickable&#xD;
&#xD;
2019-07-19 13:12:05 - [MESSAGE][WARNING] - Object 'Object Repository/ARMORDashboard/DashboardLabel/RackDetail/Sensor' is NOT visible (Root cause: com.kms.katalon.core.exception.StepFailedException: Object 'Object Repository/ARMORDashboard/DashboardLabel/RackDetail/Sensor' is NOT visible&#xD;
	at com.kms.katalon.core.webui.keyword.internal.WebUIKeywordMain.stepFailed(WebUIKeywordMain.groovy:64)&#xD;
	at com.kms.katalon.core.webui.keyword.builtin.VerifyElementVisibleKeyword$_verifyElementVisible_closure1.doCall(VerifyElementVisibleKeyword.groovy:83)&#xD;
	at com.kms.katalon.core.webui.keyword.builtin.VerifyElementVisibleKeyword$_verifyElementVisible_closure1.call(VerifyElementVisibleKeyword.groovy)&#xD;
	at com.kms.katalon.core.webui.keyword.internal.WebUIKeywordMain.runKeyword(WebUIKeywordMain.groovy:20)&#xD;
	at com.kms.katalon.core.webui.keyword.builtin.VerifyElementVisibleKeyword.verifyElementVisible(VerifyElementVisibleKeyword.groovy:97)&#xD;
	at com.kms.katalon.core.webui.keyword.builtin.VerifyElementVisibleKeyword.execute(VerifyElementVisibleKeyword.groovy:67)&#xD;
	at com.kms.katalon.core.keyword.internal.KeywordExecutor.executeKeywordForPlatform(KeywordExecutor.groovy:56)&#xD;
	at com.kms.katalon.core.webui.keyword.WebUiBuiltInKeywords.verifyElementVisible(WebUiBuiltInKeywords.groovy:358)&#xD;
	at com.kms.katalon.core.webui.keyword.WebUiBuiltInKeywords$verifyElementVisible$5.call(Unknown Source)&#xD;
	at ARMORDashboard.smartWaitClickableAndClick(ARMORDashboard:356)&#xD;
	at Script1562915977383$smartWaitClickableAndClick.callCurrent(Unknown Source)&#xD;
	at ARMORDashboard.run(ARMORDashboard:245)&#xD;
	at com.kms.katalon.core.main.ScriptEngine.run(ScriptEngine.java:194)&#xD;
	at com.kms.katalon.core.main.ScriptEngine.runScriptAsRawText(ScriptEngine.java:119)&#xD;
	at com.kms.katalon.core.main.TestCaseExecutor.runScript(TestCaseExecutor.java:337)&#xD;
	at com.kms.katalon.core.main.TestCaseExecutor.doExecute(TestCaseExecutor.java:328)&#xD;
	at com.kms.katalon.core.main.TestCaseExecutor.processExecutionPhase(TestCaseExecutor.java:307)&#xD;
	at com.kms.katalon.core.main.TestCaseExecutor.accessMainPhase(TestCaseExecutor.java:299)&#xD;
	at com.kms.katalon.core.main.TestCaseExecutor.execute(TestCaseExecutor.java:233)&#xD;
	at com.kms.katalon.core.main.TestSuiteExecutor.accessTestCaseMainPhase(TestSuiteExecutor.java:133)&#xD;
	at com.kms.katalon.core.main.TestSuiteExecutor.accessTestSuiteMainPhase(TestSuiteExecutor.java:116)&#xD;
	at com.kms.katalon.core.main.TestSuiteExecutor.execute(TestSuiteExecutor.java:83)&#xD;
	at com.kms.katalon.core.main.TestCaseMain.startTestSuite(TestCaseMain.java:157)&#xD;
	at com.kms.katalon.core.main.TestCaseMain$startTestSuite$0.call(Unknown Source)&#xD;
	at TempTestSuite1563512592090.run(TempTestSuite1563512592090.groovy:35)&#xD;
)&#xD;
[[ATTACHMENT|C:\\final_merge\\Reports\\list_dashboard\\20190719_130311\\1563513124684.png]]&#xD;
&#xD;
2019-07-19 13:12:05 - [TEST_STEP][PASSED] - scrollToElement(testObject, 5): Scroll to object 'Object Repository/ARMORDashboard/DashboardLabel/RackDetail/Sensor' successfully&#xD;
&#xD;
2019-07-19 13:12:05 - [MESSAGE][PASSED] - Scroll to object 'Object Repository/ARMORDashboard/DashboardLabel/RackDetail/Sensor' successfully&#xD;
&#xD;
2019-07-19 13:12:05 - [TEST_STEP][PASSED] - comment("Element " + testObject.toString() + " is not ready."): Element TestObject - 'Object Repository/ARMORDashboard/DashboardLabel/RackDetail/Sensor' is not ready.&#xD;
&#xD;
2019-07-19 13:12:05 - [MESSAGE][INFO] - Element TestObject - 'Object Repository/ARMORDashboard/DashboardLabel/RackDetail/Sensor' is not ready.&#xD;
&#xD;
2019-07-19 13:12:05 - [TEST_STEP][PASSED] - delay(1): Delayed 1 second(s)&#xD;
&#xD;
2019-07-19 13:12:06 - [MESSAGE][PASSED] - Delayed 1 second(s)&#xD;
&#xD;
2019-07-19 13:12:06 - [TEST_STEP][PASSED] - if (j == waitTime): null&#xD;
&#xD;
2019-07-19 13:12:06 - [TEST_STEP][PASSED] - if (!(verifyElementClickable(testObject, OPTIONAL) &amp;&amp; verifyElementVisible(testObject, OPTIONAL) &amp;&amp; verifyElementPresent(testObject, 5, OPTIONAL))): Delayed 1 second(s)&#xD;
&#xD;
2019-07-19 13:12:06 - [MESSAGE][PASSED] - Object 'Object Repository/ARMORDashboard/DashboardLabel/RackDetail/Sensor' is clickable&#xD;
&#xD;
2019-07-19 13:12:06 - [MESSAGE][WARNING] - Object 'Object Repository/ARMORDashboard/DashboardLabel/RackDetail/Sensor' is NOT visible (Root cause: com.kms.katalon.core.exception.StepFailedException: Object 'Object Repository/ARMORDashboard/DashboardLabel/RackDetail/Sensor' is NOT visible&#xD;
	at com.kms.katalon.core.webui.keyword.internal.WebUIKeywordMain.stepFailed(WebUIKeywordMain.groovy:64)&#xD;
	at com.kms.katalon.core.webui.keyword.builtin.VerifyElementVisibleKeyword$_verifyElementVisible_closure1.doCall(VerifyElementVisibleKeyword.groovy:83)&#xD;
	at com.kms.katalon.core.webui.keyword.builtin.VerifyElementVisibleKeyword$_verifyElementVisible_closure1.call(VerifyElementVisibleKeyword.groovy)&#xD;
	at com.kms.katalon.core.webui.keyword.internal.WebUIKeywordMain.runKeyword(WebUIKeywordMain.groovy:20)&#xD;
	at com.kms.katalon.core.webui.keyword.builtin.VerifyElementVisibleKeyword.verifyElementVisible(VerifyElementVisibleKeyword.groovy:97)&#xD;
	at com.kms.katalon.core.webui.keyword.builtin.VerifyElementVisibleKeyword.execute(VerifyElementVisibleKeyword.groovy:67)&#xD;
	at com.kms.katalon.core.keyword.internal.KeywordExecutor.executeKeywordForPlatform(KeywordExecutor.groovy:56)&#xD;
	at com.kms.katalon.core.webui.keyword.WebUiBuiltInKeywords.verifyElementVisible(WebUiBuiltInKeywords.groovy:358)&#xD;
	at com.kms.katalon.core.webui.keyword.WebUiBuiltInKeywords$verifyElementVisible$5.call(Unknown Source)&#xD;
	at ARMORDashboard.smartWaitClickableAndClick(ARMORDashboard:356)&#xD;
	at Script1562915977383$smartWaitClickableAndClick.callCurrent(Unknown Source)&#xD;
	at ARMORDashboard.run(ARMORDashboard:245)&#xD;
	at com.kms.katalon.core.main.ScriptEngine.run(ScriptEngine.java:194)&#xD;
	at com.kms.katalon.core.main.ScriptEngine.runScriptAsRawText(ScriptEngine.java:119)&#xD;
	at com.kms.katalon.core.main.TestCaseExecutor.runScript(TestCaseExecutor.java:337)&#xD;
	at com.kms.katalon.core.main.TestCaseExecutor.doExecute(TestCaseExecutor.java:328)&#xD;
	at com.kms.katalon.core.main.TestCaseExecutor.processExecutionPhase(TestCaseExecutor.java:307)&#xD;
	at com.kms.katalon.core.main.TestCaseExecutor.accessMainPhase(TestCaseExecutor.java:299)&#xD;
	at com.kms.katalon.core.main.TestCaseExecutor.execute(TestCaseExecutor.java:233)&#xD;
	at com.kms.katalon.core.main.TestSuiteExecutor.accessTestCaseMainPhase(TestSuiteExecutor.java:133)&#xD;
	at com.kms.katalon.core.main.TestSuiteExecutor.accessTestSuiteMainPhase(TestSuiteExecutor.java:116)&#xD;
	at com.kms.katalon.core.main.TestSuiteExecutor.execute(TestSuiteExecutor.java:83)&#xD;
	at com.kms.katalon.core.main.TestCaseMain.startTestSuite(TestCaseMain.java:157)&#xD;
	at com.kms.katalon.core.main.TestCaseMain$startTestSuite$0.call(Unknown Source)&#xD;
	at TempTestSuite1563512592090.run(TempTestSuite1563512592090.groovy:35)&#xD;
)&#xD;
[[ATTACHMENT|C:\\final_merge\\Reports\\list_dashboard\\20190719_130311\\1563513126314.png]]&#xD;
&#xD;
2019-07-19 13:12:06 - [TEST_STEP][PASSED] - scrollToElement(testObject, 5): Scroll to object 'Object Repository/ARMORDashboard/DashboardLabel/RackDetail/Sensor' successfully&#xD;
&#xD;
2019-07-19 13:12:06 - [MESSAGE][PASSED] - Scroll to object 'Object Repository/ARMORDashboard/DashboardLabel/RackDetail/Sensor' successfully&#xD;
&#xD;
2019-07-19 13:12:06 - [TEST_STEP][PASSED] - comment("Element " + testObject.toString() + " is not ready."): Element TestObject - 'Object Repository/ARMORDashboard/DashboardLabel/RackDetail/Sensor' is not ready.&#xD;
&#xD;
2019-07-19 13:12:06 - [MESSAGE][INFO] - Element TestObject - 'Object Repository/ARMORDashboard/DashboardLabel/RackDetail/Sensor' is not ready.&#xD;
&#xD;
2019-07-19 13:12:06 - [TEST_STEP][PASSED] - delay(1): Delayed 1 second(s)&#xD;
&#xD;
2019-07-19 13:12:07 - [MESSAGE][PASSED] - Delayed 1 second(s)&#xD;
&#xD;
2019-07-19 13:12:07 - [TEST_STEP][PASSED] - if (j == waitTime): null&#xD;
&#xD;
2019-07-19 13:12:07 - [TEST_STEP][PASSED] - if (!(verifyElementClickable(testObject, OPTIONAL) &amp;&amp; verifyElementVisible(testObject, OPTIONAL) &amp;&amp; verifyElementPresent(testObject, 5, OPTIONAL))): Delayed 1 second(s)&#xD;
&#xD;
2019-07-19 13:12:07 - [MESSAGE][PASSED] - Object 'Object Repository/ARMORDashboard/DashboardLabel/RackDetail/Sensor' is clickable&#xD;
&#xD;
2019-07-19 13:12:08 - [MESSAGE][WARNING] - Object 'Object Repository/ARMORDashboard/DashboardLabel/RackDetail/Sensor' is NOT visible (Root cause: com.kms.katalon.core.exception.StepFailedException: Object 'Object Repository/ARMORDashboard/DashboardLabel/RackDetail/Sensor' is NOT visible&#xD;
	at com.kms.katalon.core.webui.keyword.internal.WebUIKeywordMain.stepFailed(WebUIKeywordMain.groovy:64)&#xD;
	at com.kms.katalon.core.webui.keyword.builtin.VerifyElementVisibleKeyword$_verifyElementVisible_closure1.doCall(VerifyElementVisibleKeyword.groovy:83)&#xD;
	at com.kms.katalon.core.webui.keyword.builtin.VerifyElementVisibleKeyword$_verifyElementVisible_closure1.call(VerifyElementVisibleKeyword.groovy)&#xD;
	at com.kms.katalon.core.webui.keyword.internal.WebUIKeywordMain.runKeyword(WebUIKeywordMain.groovy:20)&#xD;
	at com.kms.katalon.core.webui.keyword.builtin.VerifyElementVisibleKeyword.verifyElementVisible(VerifyElementVisibleKeyword.groovy:97)&#xD;
	at com.kms.katalon.core.webui.keyword.builtin.VerifyElementVisibleKeyword.execute(VerifyElementVisibleKeyword.groovy:67)&#xD;
	at com.kms.katalon.core.keyword.internal.KeywordExecutor.executeKeywordForPlatform(KeywordExecutor.groovy:56)&#xD;
	at com.kms.katalon.core.webui.keyword.WebUiBuiltInKeywords.verifyElementVisible(WebUiBuiltInKeywords.groovy:358)&#xD;
	at com.kms.katalon.core.webui.keyword.WebUiBuiltInKeywords$verifyElementVisible$5.call(Unknown Source)&#xD;
	at ARMORDashboard.smartWaitClickableAndClick(ARMORDashboard:356)&#xD;
	at Script1562915977383$smartWaitClickableAndClick.callCurrent(Unknown Source)&#xD;
	at ARMORDashboard.run(ARMORDashboard:245)&#xD;
	at com.kms.katalon.core.main.ScriptEngine.run(ScriptEngine.java:194)&#xD;
	at com.kms.katalon.core.main.ScriptEngine.runScriptAsRawText(ScriptEngine.java:119)&#xD;
	at com.kms.katalon.core.main.TestCaseExecutor.runScript(TestCaseExecutor.java:337)&#xD;
	at com.kms.katalon.core.main.TestCaseExecutor.doExecute(TestCaseExecutor.java:328)&#xD;
	at com.kms.katalon.core.main.TestCaseExecutor.processExecutionPhase(TestCaseExecutor.java:307)&#xD;
	at com.kms.katalon.core.main.TestCaseExecutor.accessMainPhase(TestCaseExecutor.java:299)&#xD;
	at com.kms.katalon.core.main.TestCaseExecutor.execute(TestCaseExecutor.java:233)&#xD;
	at com.kms.katalon.core.main.TestSuiteExecutor.accessTestCaseMainPhase(TestSuiteExecutor.java:133)&#xD;
	at com.kms.katalon.core.main.TestSuiteExecutor.accessTestSuiteMainPhase(TestSuiteExecutor.java:116)&#xD;
	at com.kms.katalon.core.main.TestSuiteExecutor.execute(TestSuiteExecutor.java:83)&#xD;
	at com.kms.katalon.core.main.TestCaseMain.startTestSuite(TestCaseMain.java:157)&#xD;
	at com.kms.katalon.core.main.TestCaseMain$startTestSuite$0.call(Unknown Source)&#xD;
	at TempTestSuite1563512592090.run(TempTestSuite1563512592090.groovy:35)&#xD;
)&#xD;
[[ATTACHMENT|C:\\final_merge\\Reports\\list_dashboard\\20190719_130311\\1563513127955.png]]&#xD;
&#xD;
2019-07-19 13:12:08 - [TEST_STEP][PASSED] - scrollToElement(testObject, 5): Scroll to object 'Object Repository/ARMORDashboard/DashboardLabel/RackDetail/Sensor' successfully&#xD;
&#xD;
2019-07-19 13:12:08 - [MESSAGE][PASSED] - Scroll to object 'Object Repository/ARMORDashboard/DashboardLabel/RackDetail/Sensor' successfully&#xD;
&#xD;
2019-07-19 13:12:08 - [TEST_STEP][PASSED] - comment("Element " + testObject.toString() + " is not ready."): Element TestObject - 'Object Repository/ARMORDashboard/DashboardLabel/RackDetail/Sensor' is not ready.&#xD;
&#xD;
2019-07-19 13:12:08 - [MESSAGE][INFO] - Element TestObject - 'Object Repository/ARMORDashboard/DashboardLabel/RackDetail/Sensor' is not ready.&#xD;
&#xD;
2019-07-19 13:12:08 - [TEST_STEP][PASSED] - delay(1): Delayed 1 second(s)&#xD;
&#xD;
2019-07-19 13:12:09 - [MESSAGE][PASSED] - Delayed 1 second(s)&#xD;
&#xD;
2019-07-19 13:12:09 - [TEST_STEP][PASSED] - if (j == waitTime): null&#xD;
&#xD;
2019-07-19 13:12:09 - [TEST_STEP][PASSED] - if (!(verifyElementClickable(testObject, OPTIONAL) &amp;&amp; verifyElementVisible(testObject, OPTIONAL) &amp;&amp; verifyElementPresent(testObject, 5, OPTIONAL))): Delayed 1 second(s)&#xD;
&#xD;
2019-07-19 13:12:09 - [MESSAGE][PASSED] - Object 'Object Repository/ARMORDashboard/DashboardLabel/RackDetail/Sensor' is clickable&#xD;
&#xD;
2019-07-19 13:12:10 - [MESSAGE][WARNING] - Object 'Object Repository/ARMORDashboard/DashboardLabel/RackDetail/Sensor' is NOT visible (Root cause: com.kms.katalon.core.exception.StepFailedException: Object 'Object Repository/ARMORDashboard/DashboardLabel/RackDetail/Sensor' is NOT visible&#xD;
	at com.kms.katalon.core.webui.keyword.internal.WebUIKeywordMain.stepFailed(WebUIKeywordMain.groovy:64)&#xD;
	at com.kms.katalon.core.webui.keyword.builtin.VerifyElementVisibleKeyword$_verifyElementVisible_closure1.doCall(VerifyElementVisibleKeyword.groovy:83)&#xD;
	at com.kms.katalon.core.webui.keyword.builtin.VerifyElementVisibleKeyword$_verifyElementVisible_closure1.call(VerifyElementVisibleKeyword.groovy)&#xD;
	at com.kms.katalon.core.webui.keyword.internal.WebUIKeywordMain.runKeyword(WebUIKeywordMain.groovy:20)&#xD;
	at com.kms.katalon.core.webui.keyword.builtin.VerifyElementVisibleKeyword.verifyElementVisible(VerifyElementVisibleKeyword.groovy:97)&#xD;
	at com.kms.katalon.core.webui.keyword.builtin.VerifyElementVisibleKeyword.execute(VerifyElementVisibleKeyword.groovy:67)&#xD;
	at com.kms.katalon.core.keyword.internal.KeywordExecutor.executeKeywordForPlatform(KeywordExecutor.groovy:56)&#xD;
	at com.kms.katalon.core.webui.keyword.WebUiBuiltInKeywords.verifyElementVisible(WebUiBuiltInKeywords.groovy:358)&#xD;
	at com.kms.katalon.core.webui.keyword.WebUiBuiltInKeywords$verifyElementVisible$5.call(Unknown Source)&#xD;
	at ARMORDashboard.smartWaitClickableAndClick(ARMORDashboard:356)&#xD;
	at Script1562915977383$smartWaitClickableAndClick.callCurrent(Unknown Source)&#xD;
	at ARMORDashboard.run(ARMORDashboard:245)&#xD;
	at com.kms.katalon.core.main.ScriptEngine.run(ScriptEngine.java:194)&#xD;
	at com.kms.katalon.core.main.ScriptEngine.runScriptAsRawText(ScriptEngine.java:119)&#xD;
	at com.kms.katalon.core.main.TestCaseExecutor.runScript(TestCaseExecutor.java:337)&#xD;
	at com.kms.katalon.core.main.TestCaseExecutor.doExecute(TestCaseExecutor.java:328)&#xD;
	at com.kms.katalon.core.main.TestCaseExecutor.processExecutionPhase(TestCaseExecutor.java:307)&#xD;
	at com.kms.katalon.core.main.TestCaseExecutor.accessMainPhase(TestCaseExecutor.java:299)&#xD;
	at com.kms.katalon.core.main.TestCaseExecutor.execute(TestCaseExecutor.java:233)&#xD;
	at com.kms.katalon.core.main.TestSuiteExecutor.accessTestCaseMainPhase(TestSuiteExecutor.java:133)&#xD;
	at com.kms.katalon.core.main.TestSuiteExecutor.accessTestSuiteMainPhase(TestSuiteExecutor.java:116)&#xD;
	at com.kms.katalon.core.main.TestSuiteExecutor.execute(TestSuiteExecutor.java:83)&#xD;
	at com.kms.katalon.core.main.TestCaseMain.startTestSuite(TestCaseMain.java:157)&#xD;
	at com.kms.katalon.core.main.TestCaseMain$startTestSuite$0.call(Unknown Source)&#xD;
	at TempTestSuite1563512592090.run(TempTestSuite1563512592090.groovy:35)&#xD;
)&#xD;
[[ATTACHMENT|C:\\final_merge\\Reports\\list_dashboard\\20190719_130311\\1563513129680.png]]&#xD;
&#xD;
2019-07-19 13:12:10 - [TEST_STEP][PASSED] - scrollToElement(testObject, 5): Scroll to object 'Object Repository/ARMORDashboard/DashboardLabel/RackDetail/Sensor' successfully&#xD;
&#xD;
2019-07-19 13:12:10 - [MESSAGE][PASSED] - Scroll to object 'Object Repository/ARMORDashboard/DashboardLabel/RackDetail/Sensor' successfully&#xD;
&#xD;
2019-07-19 13:12:10 - [TEST_STEP][PASSED] - comment("Element " + testObject.toString() + " is not ready."): Element TestObject - 'Object Repository/ARMORDashboard/DashboardLabel/RackDetail/Sensor' is not ready.&#xD;
&#xD;
2019-07-19 13:12:10 - [MESSAGE][INFO] - Element TestObject - 'Object Repository/ARMORDashboard/DashboardLabel/RackDetail/Sensor' is not ready.&#xD;
&#xD;
2019-07-19 13:12:10 - [TEST_STEP][PASSED] - delay(1): Delayed 1 second(s)&#xD;
&#xD;
2019-07-19 13:12:11 - [MESSAGE][PASSED] - Delayed 1 second(s)&#xD;
&#xD;
2019-07-19 13:12:11 - [TEST_STEP][FAILED] - if (j == waitTime): null&#xD;
&#xD;
2019-07-19 13:12:11 - [TEST_STEP][FAILED] - markFailed("Element " + " was never found"): Element  was never found&#xD;
&#xD;
2019-07-19 13:12:11 - [MESSAGE][FAILED] - Element  was never found&#xD;
&#xD;
2019-07-19 13:12:11 - [TEST_STEP][PASSED] - break: null&#xD;
&#xD;
2019-07-19 13:12:11 - [TEST_STEP][PASSED] - smartWaitClickableAndClick(findTestObject("Object Repository/ARMORDashboard/DashboardLabel/RackDetail/button_Sensor_Refresh"), 20): null&#xD;
&#xD;
2019-07-19 13:12:11 - [TEST_STEP][FAILED] - for ([j = 0, j &lt;= waitTime, (j++)]): Unable to scroll to object 'Object Repository/ARMORDashboard/DashboardLabel/RackDetail/button_Sensor_Refresh' (Root cause: com.kms.katalon.core.exception.StepFailedException: Unable to scroll to object 'Object Repository/ARMORDashboard/DashboardLabel/RackDetail/button_Sensor_Refresh'&#xD;
	at com.kms.katalon.core.webui.keyword.internal.WebUIKeywordMain.stepFailed(WebUIKeywordMain.groovy:64)&#xD;
	at com.kms.katalon.core.webui.keyword.internal.WebUIKeywordMain.runKeyword(WebUIKeywordMain.groovy:26)&#xD;
	at com.kms.katalon.core.webui.keyword.builtin.ScrollToElementKeyword.scrollToElement(ScrollToElementKeyword.groovy:88)&#xD;
	at com.kms.katalon.core.webui.keyword.builtin.ScrollToElementKeyword.execute(ScrollToElementKeyword.groovy:68)&#xD;
	at com.kms.katalon.core.keyword.internal.KeywordExecutor.executeKeywordForPlatform(KeywordExecutor.groovy:56)&#xD;
	at com.kms.katalon.core.webui.keyword.WebUiBuiltInKeywords.scrollToElement(WebUiBuiltInKeywords.groovy:2975)&#xD;
	at com.kms.katalon.core.webui.keyword.WebUiBuiltInKeywords$scrollToElement$16.call(Unknown Source)&#xD;
	at ARMORDashboard.smartWaitClickableAndClick(ARMORDashboard:358)&#xD;
	at Script1562915977383$smartWaitClickableAndClick.callCurrent(Unknown Source)&#xD;
	at ARMORDashboard.run(ARMORDashboard:246)&#xD;
	at com.kms.katalon.core.main.ScriptEngine.run(ScriptEngine.java:194)&#xD;
	at com.kms.katalon.core.main.ScriptEngine.runScriptAsRawText(ScriptEngine.java:119)&#xD;
	at com.kms.katalon.core.main.TestCaseExecutor.runScript(TestCaseExecutor.java:337)&#xD;
	at com.kms.katalon.core.main.TestCaseExecutor.doExecute(TestCaseExecutor.java:328)&#xD;
	at com.kms.katalon.core.main.TestCaseExecutor.processExecutionPhase(TestCaseExecutor.java:307)&#xD;
	at com.kms.katalon.core.main.TestCaseExecutor.accessMainPhase(TestCaseExecutor.java:299)&#xD;
	at com.kms.katalon.core.main.TestCaseExecutor.execute(TestCaseExecutor.java:233)&#xD;
	at com.kms.katalon.core.main.TestSuiteExecutor.accessTestCaseMainPhase(TestSuiteExecutor.java:133)&#xD;
	at com.kms.katalon.core.main.TestSuiteExecutor.accessTestSuiteMainPhase(TestSuiteExecutor.java:116)&#xD;
	at com.kms.katalon.core.main.TestSuiteExecutor.execute(TestSuiteExecutor.java:83)&#xD;
	at com.kms.katalon.core.main.TestCaseMain.startTestSuite(TestCaseMain.java:157)&#xD;
	at com.kms.katalon.core.main.TestCaseMain$startTestSuite$0.call(Unknown Source)&#xD;
	at TempTestSuite1563512592090.run(TempTestSuite1563512592090.groovy:35)&#xD;
Caused by: com.kms.katalon.core.webui.exception.WebElementNotFoundException: Web element with id: 'Object Repository/ARMORDashboard/DashboardLabel/RackDetail/button_Sensor_Refresh' located by 'By.xpath: //div[@id='mon-ov-node-sdr']/div/div/div/div/button' not found&#xD;
	at com.kms.katalon.core.webui.common.WebUiCommonHelper.findWebElement(WebUiCommonHelper.java:1097)&#xD;
	at com.kms.katalon.core.webui.keyword.internal.WebUIAbstractKeyword.findWebElement(WebUIAbstractKeyword.groovy:27)&#xD;
	at com.kms.katalon.core.webui.keyword.internal.WebUIAbstractKeyword.findWebElement(WebUIAbstractKeyword.groovy:26)&#xD;
	at com.kms.katalon.core.webui.keyword.builtin.ScrollToElementKeyword$_scrollToElement_closure1.doCall(ScrollToElementKeyword.groovy:79)&#xD;
	at com.kms.katalon.core.webui.keyword.builtin.ScrollToElementKeyword$_scrollToElement_closure1.call(ScrollToElementKeyword.groovy)&#xD;
	at com.kms.katalon.core.webui.keyword.internal.WebUIKeywordMain.runKeyword(WebUIKeywordMain.groovy:20)&#xD;
	at com.kms.katalon.core.webui.keyword.builtin.ScrollToElementKeyword.scrollToElement(ScrollToElementKeyword.groovy:88)&#xD;
	at com.kms.katalon.core.webui.keyword.builtin.ScrollToElementKeyword.execute(ScrollToElementKeyword.groovy:68)&#xD;
	at com.kms.katalon.core.keyword.internal.KeywordExecutor.executeKeywordForPlatform(KeywordExecutor.groovy:56)&#xD;
	at com.kms.katalon.core.webui.keyword.WebUiBuiltInKeywords.scrollToElement(WebUiBuiltInKeywords.groovy:2975)&#xD;
	at com.kms.katalon.core.webui.keyword.WebUiBuiltInKeywords$scrollToElement$16.call(Unknown Source)&#xD;
	at Script1562915977383.smartWaitClickableAndClick(Script1562915977383.groovy:358)&#xD;
	at Script1562915977383$smartWaitClickableAndClick.callCurrent(Unknown Source)&#xD;
	at Script1562915977383.run(Script1562915977383.groovy:246)&#xD;
	... 13 more&#xD;
)&#xD;
&#xD;
2019-07-19 13:12:11 - [TEST_STEP][FAILED] - if (!(verifyElementClickable(testObject, OPTIONAL) &amp;&amp; verifyElementVisible(testObject, OPTIONAL) &amp;&amp; verifyElementPresent(testObject, 5, OPTIONAL))): Unable to scroll to object 'Object Repository/ARMORDashboard/DashboardLabel/RackDetail/button_Sensor_Refresh' (Root cause: com.kms.katalon.core.exception.StepFailedException: Unable to scroll to object 'Object Repository/ARMORDashboard/DashboardLabel/RackDetail/button_Sensor_Refresh'&#xD;
	at com.kms.katalon.core.webui.keyword.internal.WebUIKeywordMain.stepFailed(WebUIKeywordMain.groovy:64)&#xD;
	at com.kms.katalon.core.webui.keyword.internal.WebUIKeywordMain.runKeyword(WebUIKeywordMain.groovy:26)&#xD;
	at com.kms.katalon.core.webui.keyword.builtin.ScrollToElementKeyword.scrollToElement(ScrollToElementKeyword.groovy:88)&#xD;
	at com.kms.katalon.core.webui.keyword.builtin.ScrollToElementKeyword.execute(ScrollToElementKeyword.groovy:68)&#xD;
	at com.kms.katalon.core.keyword.internal.KeywordExecutor.executeKeywordForPlatform(KeywordExecutor.groovy:56)&#xD;
	at com.kms.katalon.core.webui.keyword.WebUiBuiltInKeywords.scrollToElement(WebUiBuiltInKeywords.groovy:2975)&#xD;
	at com.kms.katalon.core.webui.keyword.WebUiBuiltInKeywords$scrollToElement$16.call(Unknown Source)&#xD;
	at ARMORDashboard.smartWaitClickableAndClick(ARMORDashboard:358)&#xD;
	at Script1562915977383$smartWaitClickableAndClick.callCurrent(Unknown Source)&#xD;
	at ARMORDashboard.run(ARMORDashboard:246)&#xD;
	at com.kms.katalon.core.main.ScriptEngine.run(ScriptEngine.java:194)&#xD;
	at com.kms.katalon.core.main.ScriptEngine.runScriptAsRawText(ScriptEngine.java:119)&#xD;
	at com.kms.katalon.core.main.TestCaseExecutor.runScript(TestCaseExecutor.java:337)&#xD;
	at com.kms.katalon.core.main.TestCaseExecutor.doExecute(TestCaseExecutor.java:328)&#xD;
	at com.kms.katalon.core.main.TestCaseExecutor.processExecutionPhase(TestCaseExecutor.java:307)&#xD;
	at com.kms.katalon.core.main.TestCaseExecutor.accessMainPhase(TestCaseExecutor.java:299)&#xD;
	at com.kms.katalon.core.main.TestCaseExecutor.execute(TestCaseExecutor.java:233)&#xD;
	at com.kms.katalon.core.main.TestSuiteExecutor.accessTestCaseMainPhase(TestSuiteExecutor.java:133)&#xD;
	at com.kms.katalon.core.main.TestSuiteExecutor.accessTestSuiteMainPhase(TestSuiteExecutor.java:116)&#xD;
	at com.kms.katalon.core.main.TestSuiteExecutor.execute(TestSuiteExecutor.java:83)&#xD;
	at com.kms.katalon.core.main.TestCaseMain.startTestSuite(TestCaseMain.java:157)&#xD;
	at com.kms.katalon.core.main.TestCaseMain$startTestSuite$0.call(Unknown Source)&#xD;
	at TempTestSuite1563512592090.run(TempTestSuite1563512592090.groovy:35)&#xD;
Caused by: com.kms.katalon.core.webui.exception.WebElementNotFoundException: Web element with id: 'Object Repository/ARMORDashboard/DashboardLabel/RackDetail/button_Sensor_Refresh' located by 'By.xpath: //div[@id='mon-ov-node-sdr']/div/div/div/div/button' not found&#xD;
	at com.kms.katalon.core.webui.common.WebUiCommonHelper.findWebElement(WebUiCommonHelper.java:1097)&#xD;
	at com.kms.katalon.core.webui.keyword.internal.WebUIAbstractKeyword.findWebElement(WebUIAbstractKeyword.groovy:27)&#xD;
	at com.kms.katalon.core.webui.keyword.internal.WebUIAbstractKeyword.findWebElement(WebUIAbstractKeyword.groovy:26)&#xD;
	at com.kms.katalon.core.webui.keyword.builtin.ScrollToElementKeyword$_scrollToElement_closure1.doCall(ScrollToElementKeyword.groovy:79)&#xD;
	at com.kms.katalon.core.webui.keyword.builtin.ScrollToElementKeyword$_scrollToElement_closure1.call(ScrollToElementKeyword.groovy)&#xD;
	at com.kms.katalon.core.webui.keyword.internal.WebUIKeywordMain.runKeyword(WebUIKeywordMain.groovy:20)&#xD;
	at com.kms.katalon.core.webui.keyword.builtin.ScrollToElementKeyword.scrollToElement(ScrollToElementKeyword.groovy:88)&#xD;
	at com.kms.katalon.core.webui.keyword.builtin.ScrollToElementKeyword.execute(ScrollToElementKeyword.groovy:68)&#xD;
	at com.kms.katalon.core.keyword.internal.KeywordExecutor.executeKeywordForPlatform(KeywordExecutor.groovy:56)&#xD;
	at com.kms.katalon.core.webui.keyword.WebUiBuiltInKeywords.scrollToElement(WebUiBuiltInKeywords.groovy:2975)&#xD;
	at com.kms.katalon.core.webui.keyword.WebUiBuiltInKeywords$scrollToElement$16.call(Unknown Source)&#xD;
	at Script1562915977383.smartWaitClickableAndClick(Script1562915977383.groovy:358)&#xD;
	at Script1562915977383$smartWaitClickableAndClick.callCurrent(Unknown Source)&#xD;
	at Script1562915977383.run(Script1562915977383.groovy:246)&#xD;
	... 13 more&#xD;
)&#xD;
&#xD;
2019-07-19 13:12:40 - [MESSAGE][INFO] - Unable to find the element located by 'By.xpath: //div[@id='mon-ov-node-sdr']/div/div/div/div/button'. Please recheck the objects properties to make sure the desired element is located. &#xD;
&#xD;
2019-07-19 13:12:40 - [MESSAGE][WARNING] - Web element with id: 'Object Repository/ARMORDashboard/DashboardLabel/RackDetail/button_Sensor_Refresh' located by 'By.xpath: //div[@id='mon-ov-node-sdr']/div/div/div/div/button' not found (Root cause: com.kms.katalon.core.exception.StepFailedException: Web element with id: 'Object Repository/ARMORDashboard/DashboardLabel/RackDetail/button_Sensor_Refresh' located by 'By.xpath: //div[@id='mon-ov-node-sdr']/div/div/div/div/button' not found&#xD;
	at com.kms.katalon.core.webui.keyword.internal.WebUIKeywordMain.stepFailed(WebUIKeywordMain.groovy:64)&#xD;
	at com.kms.katalon.core.webui.keyword.builtin.VerifyElementClickableKeyword$_verifyElementClickable_closure1.doCall(VerifyElementClickableKeyword.groovy:88)&#xD;
	at com.kms.katalon.core.webui.keyword.builtin.VerifyElementClickableKeyword$_verifyElementClickable_closure1.call(VerifyElementClickableKeyword.groovy)&#xD;
	at com.kms.katalon.core.webui.keyword.internal.WebUIKeywordMain.runKeyword(WebUIKeywordMain.groovy:20)&#xD;
	at com.kms.katalon.core.webui.keyword.builtin.VerifyElementClickableKeyword.verifyElementClickable(VerifyElementClickableKeyword.groovy:96)&#xD;
	at com.kms.katalon.core.webui.keyword.builtin.VerifyElementClickableKeyword.execute(VerifyElementClickableKeyword.groovy:67)&#xD;
	at com.kms.katalon.core.keyword.internal.KeywordExecutor.executeKeywordForPlatform(KeywordExecutor.groovy:56)&#xD;
	at com.kms.katalon.core.webui.keyword.WebUiBuiltInKeywords.verifyElementClickable(WebUiBuiltInKeywords.groovy:548)&#xD;
	at com.kms.katalon.core.webui.keyword.WebUiBuiltInKeywords$verifyElementClickable$4.call(Unknown Source)&#xD;
	at ARMORDashboard.smartWaitClickableAndClick(ARMORDashboard:356)&#xD;
	at Script1562915977383$smartWaitClickableAndClick.callCurrent(Unknown Source)&#xD;
	at ARMORDashboard.run(ARMORDashboard:246)&#xD;
	at com.kms.katalon.core.main.ScriptEngine.run(ScriptEngine.java:194)&#xD;
	at com.kms.katalon.core.main.ScriptEngine.runScriptAsRawText(ScriptEngine.java:119)&#xD;
	at com.kms.katalon.core.main.TestCaseExecutor.runScript(TestCaseExecutor.java:337)&#xD;
	at com.kms.katalon.core.main.TestCaseExecutor.doExecute(TestCaseExecutor.java:328)&#xD;
	at com.kms.katalon.core.main.TestCaseExecutor.processExecutionPhase(TestCaseExecutor.java:307)&#xD;
	at com.kms.katalon.core.main.TestCaseExecutor.accessMainPhase(TestCaseExecutor.java:299)&#xD;
	at com.kms.katalon.core.main.TestCaseExecutor.execute(TestCaseExecutor.java:233)&#xD;
	at com.kms.katalon.core.main.TestSuiteExecutor.accessTestCaseMainPhase(TestSuiteExecutor.java:133)&#xD;
	at com.kms.katalon.core.main.TestSuiteExecutor.accessTestSuiteMainPhase(TestSuiteExecutor.java:116)&#xD;
	at com.kms.katalon.core.main.TestSuiteExecutor.execute(TestSuiteExecutor.java:83)&#xD;
	at com.kms.katalon.core.main.TestCaseMain.startTestSuite(TestCaseMain.java:157)&#xD;
	at com.kms.katalon.core.main.TestCaseMain$startTestSuite$0.call(Unknown Source)&#xD;
	at TempTestSuite1563512592090.run(TempTestSuite1563512592090.groovy:35)&#xD;
)&#xD;
[[ATTACHMENT|C:\\final_merge\\Reports\\list_dashboard\\20190719_130311\\1563513160399.png]]&#xD;
&#xD;
2019-07-19 13:12:40 - [TEST_STEP][FAILED] - scrollToElement(testObject, 5): Unable to scroll to object 'Object Repository/ARMORDashboard/DashboardLabel/RackDetail/button_Sensor_Refresh' (Root cause: com.kms.katalon.core.exception.StepFailedException: Unable to scroll to object 'Object Repository/ARMORDashboard/DashboardLabel/RackDetail/button_Sensor_Refresh'&#xD;
	at com.kms.katalon.core.webui.keyword.internal.WebUIKeywordMain.stepFailed(WebUIKeywordMain.groovy:64)&#xD;
	at com.kms.katalon.core.webui.keyword.internal.WebUIKeywordMain.runKeyword(WebUIKeywordMain.groovy:26)&#xD;
	at com.kms.katalon.core.webui.keyword.builtin.ScrollToElementKeyword.scrollToElement(ScrollToElementKeyword.groovy:88)&#xD;
	at com.kms.katalon.core.webui.keyword.builtin.ScrollToElementKeyword.execute(ScrollToElementKeyword.groovy:68)&#xD;
	at com.kms.katalon.core.keyword.internal.KeywordExecutor.executeKeywordForPlatform(KeywordExecutor.groovy:56)&#xD;
	at com.kms.katalon.core.webui.keyword.WebUiBuiltInKeywords.scrollToElement(WebUiBuiltInKeywords.groovy:2975)&#xD;
	at com.kms.katalon.core.webui.keyword.WebUiBuiltInKeywords$scrollToElement$16.call(Unknown Source)&#xD;
	at ARMORDashboard.smartWaitClickableAndClick(ARMORDashboard:358)&#xD;
	at Script1562915977383$smartWaitClickableAndClick.callCurrent(Unknown Source)&#xD;
	at ARMORDashboard.run(ARMORDashboard:246)&#xD;
	at com.kms.katalon.core.main.ScriptEngine.run(ScriptEngine.java:194)&#xD;
	at com.kms.katalon.core.main.ScriptEngine.runScriptAsRawText(ScriptEngine.java:119)&#xD;
	at com.kms.katalon.core.main.TestCaseExecutor.runScript(TestCaseExecutor.java:337)&#xD;
	at com.kms.katalon.core.main.TestCaseExecutor.doExecute(TestCaseExecutor.java:328)&#xD;
	at com.kms.katalon.core.main.TestCaseExecutor.processExecutionPhase(TestCaseExecutor.java:307)&#xD;
	at com.kms.katalon.core.main.TestCaseExecutor.accessMainPhase(TestCaseExecutor.java:299)&#xD;
	at com.kms.katalon.core.main.TestCaseExecutor.execute(TestCaseExecutor.java:233)&#xD;
	at com.kms.katalon.core.main.TestSuiteExecutor.accessTestCaseMainPhase(TestSuiteExecutor.java:133)&#xD;
	at com.kms.katalon.core.main.TestSuiteExecutor.accessTestSuiteMainPhase(TestSuiteExecutor.java:116)&#xD;
	at com.kms.katalon.core.main.TestSuiteExecutor.execute(TestSuiteExecutor.java:83)&#xD;
	at com.kms.katalon.core.main.TestCaseMain.startTestSuite(TestCaseMain.java:157)&#xD;
	at com.kms.katalon.core.main.TestCaseMain$startTestSuite$0.call(Unknown Source)&#xD;
	at TempTestSuite1563512592090.run(TempTestSuite1563512592090.groovy:35)&#xD;
Caused by: com.kms.katalon.core.webui.exception.WebElementNotFoundException: Web element with id: 'Object Repository/ARMORDashboard/DashboardLabel/RackDetail/button_Sensor_Refresh' located by 'By.xpath: //div[@id='mon-ov-node-sdr']/div/div/div/div/button' not found&#xD;
	at com.kms.katalon.core.webui.common.WebUiCommonHelper.findWebElement(WebUiCommonHelper.java:1097)&#xD;
	at com.kms.katalon.core.webui.keyword.internal.WebUIAbstractKeyword.findWebElement(WebUIAbstractKeyword.groovy:27)&#xD;
	at com.kms.katalon.core.webui.keyword.internal.WebUIAbstractKeyword.findWebElement(WebUIAbstractKeyword.groovy:26)&#xD;
	at com.kms.katalon.core.webui.keyword.builtin.ScrollToElementKeyword$_scrollToElement_closure1.doCall(ScrollToElementKeyword.groovy:79)&#xD;
	at com.kms.katalon.core.webui.keyword.builtin.ScrollToElementKeyword$_scrollToElement_closure1.call(ScrollToElementKeyword.groovy)&#xD;
	at com.kms.katalon.core.webui.keyword.internal.WebUIKeywordMain.runKeyword(WebUIKeywordMain.groovy:20)&#xD;
	at com.kms.katalon.core.webui.keyword.builtin.ScrollToElementKeyword.scrollToElement(ScrollToElementKeyword.groovy:88)&#xD;
	at com.kms.katalon.core.webui.keyword.builtin.ScrollToElementKeyword.execute(ScrollToElementKeyword.groovy:68)&#xD;
	at com.kms.katalon.core.keyword.internal.KeywordExecutor.executeKeywordForPlatform(KeywordExecutor.groovy:56)&#xD;
	at com.kms.katalon.core.webui.keyword.WebUiBuiltInKeywords.scrollToElement(WebUiBuiltInKeywords.groovy:2975)&#xD;
	at com.kms.katalon.core.webui.keyword.WebUiBuiltInKeywords$scrollToElement$16.call(Unknown Source)&#xD;
	at Script1562915977383.smartWaitClickableAndClick(Script1562915977383.groovy:358)&#xD;
	at Script1562915977383$smartWaitClickableAndClick.callCurrent(Unknown Source)&#xD;
	at Script1562915977383.run(Script1562915977383.groovy:246)&#xD;
	... 13 more&#xD;
)&#xD;
&#xD;
2019-07-19 13:13:10 - [MESSAGE][INFO] - Unable to find the element located by 'By.xpath: //div[@id='mon-ov-node-sdr']/div/div/div/div/button'. Please recheck the objects properties to make sure the desired element is located. &#xD;
&#xD;
2019-07-19 13:13:10 - [MESSAGE][FAILED] - Unable to scroll to object 'Object Repository/ARMORDashboard/DashboardLabel/RackDetail/button_Sensor_Refresh' (Root cause: com.kms.katalon.core.exception.StepFailedException: Unable to scroll to object 'Object Repository/ARMORDashboard/DashboardLabel/RackDetail/button_Sensor_Refresh'&#xD;
	at com.kms.katalon.core.webui.keyword.internal.WebUIKeywordMain.stepFailed(WebUIKeywordMain.groovy:64)&#xD;
	at com.kms.katalon.core.webui.keyword.internal.WebUIKeywordMain.runKeyword(WebUIKeywordMain.groovy:26)&#xD;
	at com.kms.katalon.core.webui.keyword.builtin.ScrollToElementKeyword.scrollToElement(ScrollToElementKeyword.groovy:88)&#xD;
	at com.kms.katalon.core.webui.keyword.builtin.ScrollToElementKeyword.execute(ScrollToElementKeyword.groovy:68)&#xD;
	at com.kms.katalon.core.keyword.internal.KeywordExecutor.executeKeywordForPlatform(KeywordExecutor.groovy:56)&#xD;
	at com.kms.katalon.core.webui.keyword.WebUiBuiltInKeywords.scrollToElement(WebUiBuiltInKeywords.groovy:2975)&#xD;
	at com.kms.katalon.core.webui.keyword.WebUiBuiltInKeywords$scrollToElement$16.call(Unknown Source)&#xD;
	at ARMORDashboard.smartWaitClickableAndClick(ARMORDashboard:358)&#xD;
	at Script1562915977383$smartWaitClickableAndClick.callCurrent(Unknown Source)&#xD;
	at ARMORDashboard.run(ARMORDashboard:246)&#xD;
	at com.kms.katalon.core.main.ScriptEngine.run(ScriptEngine.java:194)&#xD;
	at com.kms.katalon.core.main.ScriptEngine.runScriptAsRawText(ScriptEngine.java:119)&#xD;
	at com.kms.katalon.core.main.TestCaseExecutor.runScript(TestCaseExecutor.java:337)&#xD;
	at com.kms.katalon.core.main.TestCaseExecutor.doExecute(TestCaseExecutor.java:328)&#xD;
	at com.kms.katalon.core.main.TestCaseExecutor.processExecutionPhase(TestCaseExecutor.java:307)&#xD;
	at com.kms.katalon.core.main.TestCaseExecutor.accessMainPhase(TestCaseExecutor.java:299)&#xD;
	at com.kms.katalon.core.main.TestCaseExecutor.execute(TestCaseExecutor.java:233)&#xD;
	at com.kms.katalon.core.main.TestSuiteExecutor.accessTestCaseMainPhase(TestSuiteExecutor.java:133)&#xD;
	at com.kms.katalon.core.main.TestSuiteExecutor.accessTestSuiteMainPhase(TestSuiteExecutor.java:116)&#xD;
	at com.kms.katalon.core.main.TestSuiteExecutor.execute(TestSuiteExecutor.java:83)&#xD;
	at com.kms.katalon.core.main.TestCaseMain.startTestSuite(TestCaseMain.java:157)&#xD;
	at com.kms.katalon.core.main.TestCaseMain$startTestSuite$0.call(Unknown Source)&#xD;
	at TempTestSuite1563512592090.run(TempTestSuite1563512592090.groovy:35)&#xD;
Caused by: com.kms.katalon.core.webui.exception.WebElementNotFoundException: Web element with id: 'Object Repository/ARMORDashboard/DashboardLabel/RackDetail/button_Sensor_Refresh' located by 'By.xpath: //div[@id='mon-ov-node-sdr']/div/div/div/div/button' not found&#xD;
	at com.kms.katalon.core.webui.common.WebUiCommonHelper.findWebElement(WebUiCommonHelper.java:1097)&#xD;
	at com.kms.katalon.core.webui.keyword.internal.WebUIAbstractKeyword.findWebElement(WebUIAbstractKeyword.groovy:27)&#xD;
	at com.kms.katalon.core.webui.keyword.internal.WebUIAbstractKeyword.findWebElement(WebUIAbstractKeyword.groovy:26)&#xD;
	at com.kms.katalon.core.webui.keyword.builtin.ScrollToElementKeyword$_scrollToElement_closure1.doCall(ScrollToElementKeyword.groovy:79)&#xD;
	at com.kms.katalon.core.webui.keyword.builtin.ScrollToElementKeyword$_scrollToElement_closure1.call(ScrollToElementKeyword.groovy)&#xD;
	at com.kms.katalon.core.webui.keyword.internal.WebUIKeywordMain.runKeyword(WebUIKeywordMain.groovy:20)&#xD;
	at com.kms.katalon.core.webui.keyword.builtin.ScrollToElementKeyword.scrollToElement(ScrollToElementKeyword.groovy:88)&#xD;
	at com.kms.katalon.core.webui.keyword.builtin.ScrollToElementKeyword.execute(ScrollToElementKeyword.groovy:68)&#xD;
	at com.kms.katalon.core.keyword.internal.KeywordExecutor.executeKeywordForPlatform(KeywordExecutor.groovy:56)&#xD;
	at com.kms.katalon.core.webui.keyword.WebUiBuiltInKeywords.scrollToElement(WebUiBuiltInKeywords.groovy:2975)&#xD;
	at com.kms.katalon.core.webui.keyword.WebUiBuiltInKeywords$scrollToElement$16.call(Unknown Source)&#xD;
	at Script1562915977383.smartWaitClickableAndClick(Script1562915977383.groovy:358)&#xD;
	at Script1562915977383$smartWaitClickableAndClick.callCurrent(Unknown Source)&#xD;
	at Script1562915977383.run(Script1562915977383.groovy:246)&#xD;
	... 13 more&#xD;
)&#xD;
[[ATTACHMENT|C:\\final_merge\\Reports\\list_dashboard\\20190719_130311\\1563513190051.png]]</system-out>
            <system-err>2019-07-19 13:04:20 - [TEST_CASE][FAILED] - Test Cases/ARMORDashboard: Test Cases/ARMORDashboard FAILED.
Reason:
com.kms.katalon.core.exception.StepFailedException: Element  was never found&#xD;
	at com.kms.katalon.core.util.KeywordUtil.markFailed(KeywordUtil.java:19)&#xD;
	at com.kms.katalon.core.util.KeywordUtil$markFailed.call(Unknown Source)&#xD;
	at ARMORDashboard.smartWaitClickableAndClick(ARMORDashboard:379)&#xD;
	at Script1562915977383$smartWaitClickableAndClick.callCurrent(Unknown Source)&#xD;
	at ARMORDashboard.run(ARMORDashboard:245)&#xD;
	at com.kms.katalon.core.main.ScriptEngine.run(ScriptEngine.java:194)&#xD;
	at com.kms.katalon.core.main.ScriptEngine.runScriptAsRawText(ScriptEngine.java:119)&#xD;
	at com.kms.katalon.core.main.TestCaseExecutor.runScript(TestCaseExecutor.java:337)&#xD;
	at com.kms.katalon.core.main.TestCaseExecutor.doExecute(TestCaseExecutor.java:328)&#xD;
	at com.kms.katalon.core.main.TestCaseExecutor.processExecutionPhase(TestCaseExecutor.java:307)&#xD;
	at com.kms.katalon.core.main.TestCaseExecutor.accessMainPhase(TestCaseExecutor.java:299)&#xD;
	at com.kms.katalon.core.main.TestCaseExecutor.execute(TestCaseExecutor.java:233)&#xD;
	at com.kms.katalon.core.main.TestSuiteExecutor.accessTestCaseMainPhase(TestSuiteExecutor.java:133)&#xD;
	at com.kms.katalon.core.main.TestSuiteExecutor.accessTestSuiteMainPhase(TestSuiteExecutor.java:116)&#xD;
	at com.kms.katalon.core.main.TestSuiteExecutor.execute(TestSuiteExecutor.java:83)&#xD;
	at com.kms.katalon.core.main.TestCaseMain.startTestSuite(TestCaseMain.java:157)&#xD;
	at com.kms.katalon.core.main.TestCaseMain$startTestSuite$0.call(Unknown Source)&#xD;
	at TempTestSuite1563512592090.run(TempTestSuite1563512592090.groovy:35)</system-err>
        </testcase>
        <system-out>2019-07-19 13:03:23 - [TEST_SUITE][INCOMPLETE] - list_dashboard: null</system-out>
        <system-err>2019-07-19 13:03:23 - [TEST_SUITE][INCOMPLETE] - list_dashboard: null</system-err>
    </testsuite>
</testsuites>
